#
# There is insufficient memory for the Java Runtime Environment to continue.
# Native memory allocation (mmap) failed to map 70778880 bytes for committing reserved memory.
# Possible reasons:
#   The system is out of physical RAM or swap space
#   In 32 bit mode, the process size limit was hit
# Possible solutions:
#   Reduce memory load on the system
#   Increase physical memory or swap space
#   Check if swap backing store is full
#   Use 64 bit Java on a 64 bit OS
#   Decrease Java heap size (-Xmx/-Xms)
#   Decrease number of Java threads
#   Decrease Java thread stack sizes (-Xss)
#   Set larger code cache with -XX:ReservedCodeCacheSize=
# This output file may be truncated or incomplete.
#
#  Out of Memory Error (os_linux.cpp:2627), pid=8244, tid=140598820308736
#
# JRE version: Java(TM) SE Runtime Environment (8.0_91-b14) (build 1.8.0_91-b14)
# Java VM: Java HotSpot(TM) 64-Bit Server VM (25.91-b14 mixed mode linux-amd64 compressed oops)
# Failed to write core dump. Core dumps have been disabled. To enable core dumping, try "ulimit -c unlimited" before starting Java again
#

---------------  T H R E A D  ---------------

Current thread (0x00007fdfc807a000):  VMThread [stack: 0x00007fdfb6ad8000,0x00007fdfb6bd9000] [id=8257]

Stack: [0x00007fdfb6ad8000,0x00007fdfb6bd9000],  sp=0x00007fdfb6bd7320,  free space=1020k
Native frames: (J=compiled Java code, j=interpreted, Vv=VM code, C=native code)
V  [libjvm.so+0xabc18a]  VMError::report_and_die()+0x2ba
V  [libjvm.so+0x4fafeb]  report_vm_out_of_memory(char const*, int, unsigned long, VMErrorType, char const*)+0x8b
V  [libjvm.so+0x91cbb3]  os::Linux::commit_memory_impl(char*, unsigned long, bool)+0x103
V  [libjvm.so+0x91d109]  os::pd_commit_memory(char*, unsigned long, unsigned long, bool)+0x29
V  [libjvm.so+0x91740a]  os::commit_memory(char*, unsigned long, unsigned long, bool)+0x2a
V  [libjvm.so+0x98b033]  PSVirtualSpace::expand_by(unsigned long)+0x53
V  [libjvm.so+0x98c438]  PSYoungGen::resize_generation(unsigned long, unsigned long)+0xf8
V  [libjvm.so+0x98b592]  PSYoungGen::resize(unsigned long, unsigned long)+0x22
V  [libjvm.so+0x98886b]  PSScavenge::invoke_no_policy()+0xf3b
V  [libjvm.so+0x988ff1]  PSScavenge::invoke()+0x41
V  [libjvm.so+0x9408b0]  ParallelScavengeHeap::failed_mem_allocate(unsigned long)+0x70
V  [libjvm.so+0xabdba7]  VM_ParallelGCFailedAllocation::doit()+0x97
V  [libjvm.so+0xac55d5]  VM_Operation::evaluate()+0x55
V  [libjvm.so+0xac39aa]  VMThread::evaluate_operation(VM_Operation*)+0xba
V  [libjvm.so+0xac3d2e]  VMThread::loop()+0x1ce
V  [libjvm.so+0xac41a0]  VMThread::run()+0x70
V  [libjvm.so+0x91ef78]  java_start(Thread*)+0x108

VM_Operation (0x00007fdfb4114b30): ParallelGCFailedAllocation, mode: safepoint, requested by thread 0x00007fdf74001800


---------------  P R O C E S S  ---------------

Java Threads: ( => current thread )
  0x00007fdf74001800 JavaThread "localhost-startStop-1" daemon [_thread_blocked, id=8318, stack(0x00007fdfb4016000,0x00007fdfb4117000)]
  0x00007fdfc90cb800 JavaThread "Tomcat-startStop-1" daemon [_thread_blocked, id=8317, stack(0x00007fdfb4117000,0x00007fdfb4218000)]
  0x00007fdfc80d2000 JavaThread "Service Thread" daemon [_thread_blocked, id=8271, stack(0x00007fdfb5eca000,0x00007fdfb5fcb000)]
  0x00007fdfc80cf000 JavaThread "C1 CompilerThread2" daemon [_thread_blocked, id=8270, stack(0x00007fdfb5fcb000,0x00007fdfb60cc000)]
  0x00007fdfc80cd000 JavaThread "C2 CompilerThread1" daemon [_thread_blocked, id=8269, stack(0x00007fdfb60cc000,0x00007fdfb61cd000)]
  0x00007fdfc80ca800 JavaThread "C2 CompilerThread0" daemon [_thread_blocked, id=8268, stack(0x00007fdfb61cd000,0x00007fdfb62ce000)]
  0x00007fdf90001000 JavaThread "JDWP Command Reader" daemon [_thread_in_native, id=8266, stack(0x00007fdfb62ce000,0x00007fdfb63cf000)]
  0x00007fdfc80c8000 JavaThread "JDWP Event Helper Thread" daemon [_thread_blocked, id=8264, stack(0x00007fdfb63cf000,0x00007fdfb64d0000)]
  0x00007fdfc80c4800 JavaThread "JDWP Transport Listener: dt_socket" daemon [_thread_blocked, id=8262, stack(0x00007fdfb64d0000,0x00007fdfb65d1000)]
  0x00007fdfc80b8000 JavaThread "Signal Dispatcher" daemon [_thread_blocked, id=8260, stack(0x00007fdfb67d5000,0x00007fdfb68d6000)]
  0x00007fdfc8086800 JavaThread "Finalizer" daemon [_thread_blocked, id=8259, stack(0x00007fdfb68d6000,0x00007fdfb69d7000)]
  0x00007fdfc8082000 JavaThread "Reference Handler" daemon [_thread_blocked, id=8258, stack(0x00007fdfb69d7000,0x00007fdfb6ad8000)]
  0x00007fdfc800c800 JavaThread "main" [_thread_blocked, id=8246, stack(0x00007fdfd1d47000,0x00007fdfd1e48000)]

Other Threads:
=>0x00007fdfc807a000 VMThread [stack: 0x00007fdfb6ad8000,0x00007fdfb6bd9000] [id=8257]
  0x00007fdfc80d5800 WatcherThread [stack: 0x00007fdfb5dc9000,0x00007fdfb5eca000] [id=8272]

VM state:at safepoint (normal execution)

VM Mutex/Monitor currently owned by a thread:  ([mutex/lock_event])
[0x00007fdfc8008990] Threads_lock - owner thread: 0x00007fdfc807a000
[0x00007fdfc8008e90] Heap_lock - owner thread: 0x00007fdf74001800

Heap:
 PSYoungGen      total 188928K, used 23033K [0x00000000ec000000, 0x00000000f9d80000, 0x0000000100000000)
  eden space 165888K, 0% used [0x00000000ec000000,0x00000000ec000000,0x00000000f6200000)
  from space 23040K, 99% used [0x00000000f6200000,0x00000000f787e488,0x00000000f7880000)
  to   space 16896K, 0% used [0x00000000f7880000,0x00000000f7880000,0x00000000f8900000)
 ParOldGen       total 75776K, used 44888K [0x00000000c4000000, 0x00000000c8a00000, 0x00000000ec000000)
  object space 75776K, 59% used [0x00000000c4000000,0x00000000c6bd6388,0x00000000c8a00000)
 Metaspace       used 28441K, capacity 29040K, committed 29184K, reserved 1075200K
  class space    used 3355K, capacity 3522K, committed 3584K, reserved 1048576K

Card table byte_map: [0x00007fdfcdb1e000,0x00007fdfcdcff000] byte_map_base: 0x00007fdfcd4fe000

Marking Bits: (ParMarkBitMap*) 0x00007fdfd1218d60
 Begin Bits: [0x00007fdfb7200000, 0x00007fdfb8100000)
 End Bits:   [0x00007fdfb8100000, 0x00007fdfb9000000)

Polling page: 0x00007fdfd1e67000

CodeCache: size=245760Kb used=13738Kb max_used=14905Kb free=232021Kb
 bounds [0x00007fdfb9000000, 0x00007fdfb9ec0000, 0x00007fdfc8000000]
 total_blobs=4358 nmethods=3958 adapters=321
 compilation: enabled

Compilation events (10 events):
Event: 36.540 Thread 0x00007fdfc80cf000 4670       3       java.nio.charset.CharsetDecoder::replaceWith (68 bytes)
Event: 36.541 Thread 0x00007fdfc80cf000 nmethod 4670 0x00007fdfb92128d0 code [0x00007fdfb9212aa0, 0x00007fdfb9213108]
Event: 36.541 Thread 0x00007fdfc80cf000 4671       3       java.nio.charset.CharsetDecoder::implReplaceWith (1 bytes)
Event: 36.541 Thread 0x00007fdfc80cf000 nmethod 4671 0x00007fdfb9a34690 code [0x00007fdfb9a347e0, 0x00007fdfb9a34930]
Event: 36.799 Thread 0x00007fdfc80cf000 4674       3       java.nio.charset.CharsetDecoder::<init> (10 bytes)
Event: 36.800 Thread 0x00007fdfc80cf000 nmethod 4674 0x00007fdfb9c40810 code [0x00007fdfb9c40980, 0x00007fdfb9c40b48]
Event: 36.800 Thread 0x00007fdfc80cf000 4675       3       java.nio.charset.CharsetDecoder::<init> (108 bytes)
Event: 36.801 Thread 0x00007fdfc80cf000 nmethod 4675 0x00007fdfb93a53d0 code [0x00007fdfb93a55c0, 0x00007fdfb93a5cc8]
Event: 36.841 Thread 0x00007fdfc80cd000 nmethod 4644 0x00007fdfb9133690 code [0x00007fdfb91339a0, 0x00007fdfb9137338]
Event: 36.841 Thread 0x00007fdfc80cd000 4643       4       org.apache.tomcat.util.bcel.classfile.ClassParser::readInterfaces (42 bytes)

GC Heap History (10 events):
Event: 20.253 GC heap after
Heap after GC invocations=8 (full 0):
 PSYoungGen      total 132608K, used 9740K [0x00000000ec000000, 0x00000000f4f00000, 0x0000000100000000)
  eden space 121856K, 0% used [0x00000000ec000000,0x00000000ec000000,0x00000000f3700000)
  from space 10752K, 90% used [0x00000000f4280000,0x00000000f4c032c8,0x00000000f4d00000)
  to   space 11776K, 0% used [0x00000000f3700000,0x00000000f3700000,0x00000000f4280000)
 ParOldGen       total 40960K, used 14078K [0x00000000c4000000, 0x00000000c6800000, 0x00000000ec000000)
  object space 40960K, 34% used [0x00000000c4000000,0x00000000c4dbfb40,0x00000000c6800000)
 Metaspace       used 20753K, capacity 21134K, committed 21296K, reserved 1069056K
  class space    used 2490K, capacity 2615K, committed 2688K, reserved 1048576K
}
Event: 20.253 GC heap before
{Heap before GC invocations=9 (full 1):
 PSYoungGen      total 132608K, used 9740K [0x00000000ec000000, 0x00000000f4f00000, 0x0000000100000000)
  eden space 121856K, 0% used [0x00000000ec000000,0x00000000ec000000,0x00000000f3700000)
  from space 10752K, 90% used [0x00000000f4280000,0x00000000f4c032c8,0x00000000f4d00000)
  to   space 11776K, 0% used [0x00000000f3700000,0x00000000f3700000,0x00000000f4280000)
 ParOldGen       total 40960K, used 14078K [0x00000000c4000000, 0x00000000c6800000, 0x00000000ec000000)
  object space 40960K, 34% used [0x00000000c4000000,0x00000000c4dbfb40,0x00000000c6800000)
 Metaspace       used 20753K, capacity 21134K, committed 21296K, reserved 1069056K
  class space    used 2490K, capacity 2615K, committed 2688K, reserved 1048576K
Event: 20.500 GC heap after
Heap after GC invocations=9 (full 1):
 PSYoungGen      total 132608K, used 0K [0x00000000ec000000, 0x00000000f4f00000, 0x0000000100000000)
  eden space 121856K, 0% used [0x00000000ec000000,0x00000000ec000000,0x00000000f3700000)
  from space 10752K, 0% used [0x00000000f4280000,0x00000000f4280000,0x00000000f4d00000)
  to   space 11776K, 0% used [0x00000000f3700000,0x00000000f3700000,0x00000000f4280000)
 ParOldGen       total 42496K, used 15963K [0x00000000c4000000, 0x00000000c6980000, 0x00000000ec000000)
  object space 42496K, 37% used [0x00000000c4000000,0x00000000c4f96cb0,0x00000000c6980000)
 Metaspace       used 20753K, capacity 21134K, committed 21296K, reserved 1069056K
  class space    used 2490K, capacity 2615K, committed 2688K, reserved 1048576K
}
Event: 30.972 GC heap before
{Heap before GC invocations=10 (full 1):
 PSYoungGen      total 132608K, used 121856K [0x00000000ec000000, 0x00000000f4f00000, 0x0000000100000000)
  eden space 121856K, 100% used [0x00000000ec000000,0x00000000f3700000,0x00000000f3700000)
  from space 10752K, 0% used [0x00000000f4280000,0x00000000f4280000,0x00000000f4d00000)
  to   space 11776K, 0% used [0x00000000f3700000,0x00000000f3700000,0x00000000f4280000)
 ParOldGen       total 42496K, used 15963K [0x00000000c4000000, 0x00000000c6980000, 0x00000000ec000000)
  object space 42496K, 37% used [0x00000000c4000000,0x00000000c4f96cb0,0x00000000c6980000)
 Metaspace       used 28396K, capacity 28962K, committed 29184K, reserved 1075200K
  class space    used 3350K, capacity 3520K, committed 3584K, reserved 1048576K
Event: 31.208 GC heap after
Heap after GC invocations=10 (full 1):
 PSYoungGen      total 133632K, used 11761K [0x00000000ec000000, 0x00000000f8900000, 0x0000000100000000)
  eden space 121856K, 0% used [0x00000000ec000000,0x00000000ec000000,0x00000000f3700000)
  from space 11776K, 99% used [0x00000000f3700000,0x00000000f427c7f0,0x00000000f4280000)
  to   space 16896K, 0% used [0x00000000f7880000,0x00000000f7880000,0x00000000f8900000)
 ParOldGen       total 42496K, used 23939K [0x00000000c4000000, 0x00000000c6980000, 0x00000000ec000000)
  object space 42496K, 56% used [0x00000000c4000000,0x00000000c5760ee0,0x00000000c6980000)
 Metaspace       used 28396K, capacity 28962K, committed 29184K, reserved 1075200K
  class space    used 3350K, capacity 3520K, committed 3584K, reserved 1048576K
}
Event: 33.497 GC heap before
{Heap before GC invocations=11 (full 1):
 PSYoungGen      total 133632K, used 133617K [0x00000000ec000000, 0x00000000f8900000, 0x0000000100000000)
  eden space 121856K, 100% used [0x00000000ec000000,0x00000000f3700000,0x00000000f3700000)
  from space 11776K, 99% used [0x00000000f3700000,0x00000000f427c7f0,0x00000000f4280000)
  to   space 16896K, 0% used [0x00000000f7880000,0x00000000f7880000,0x00000000f8900000)
 ParOldGen       total 42496K, used 23939K [0x00000000c4000000, 0x00000000c6980000, 0x00000000ec000000)
  object space 42496K, 56% used [0x00000000c4000000,0x00000000c5760ee0,0x00000000c6980000)
 Metaspace       used 28418K, capacity 28966K, committed 29184K, reserved 1075200K
  class space    used 3351K, capacity 3520K, committed 3584K, reserved 1048576K
Event: 33.792 GC heap after
Heap after GC invocations=11 (full 1):
 PSYoungGen      total 182784K, used 16895K [0x00000000ec000000, 0x00000000f9d80000, 0x0000000100000000)
  eden space 165888K, 0% used [0x00000000ec000000,0x00000000ec000000,0x00000000f6200000)
  from space 16896K, 99% used [0x00000000f7880000,0x00000000f88ffd30,0x00000000f8900000)
  to   space 23040K, 0% used [0x00000000f6200000,0x00000000f6200000,0x00000000f7880000)
 ParOldGen       total 42496K, used 33632K [0x00000000c4000000, 0x00000000c6980000, 0x00000000ec000000)
  object space 42496K, 79% used [0x00000000c4000000,0x00000000c60d8030,0x00000000c6980000)
 Metaspace       used 28418K, capacity 28966K, committed 29184K, reserved 1075200K
  class space    used 3351K, capacity 3520K, committed 3584K, reserved 1048576K
}
Event: 33.792 GC heap before
{Heap before GC invocations=12 (full 2):
 PSYoungGen      total 182784K, used 16895K [0x00000000ec000000, 0x00000000f9d80000, 0x0000000100000000)
  eden space 165888K, 0% used [0x00000000ec000000,0x00000000ec000000,0x00000000f6200000)
  from space 16896K, 99% used [0x00000000f7880000,0x00000000f88ffd30,0x00000000f8900000)
  to   space 23040K, 0% used [0x00000000f6200000,0x00000000f6200000,0x00000000f7880000)
 ParOldGen       total 42496K, used 33632K [0x00000000c4000000, 0x00000000c6980000, 0x00000000ec000000)
  object space 42496K, 79% used [0x00000000c4000000,0x00000000c60d8030,0x00000000c6980000)
 Metaspace       used 28418K, capacity 28966K, committed 29184K, reserved 1075200K
  class space    used 3351K, capacity 3520K, committed 3584K, reserved 1048576K
Event: 34.061 GC heap after
Heap after GC invocations=12 (full 2):
 PSYoungGen      total 182784K, used 0K [0x00000000ec000000, 0x00000000f9d80000, 0x0000000100000000)
  eden space 165888K, 0% used [0x00000000ec000000,0x00000000ec000000,0x00000000f6200000)
  from space 16896K, 0% used [0x00000000f7880000,0x00000000f7880000,0x00000000f8900000)
  to   space 23040K, 0% used [0x00000000f6200000,0x00000000f6200000,0x00000000f7880000)
 ParOldGen       total 75776K, used 40145K [0x00000000c4000000, 0x00000000c8a00000, 0x00000000ec000000)
  object space 75776K, 52% used [0x00000000c4000000,0x00000000c6734540,0x00000000c8a00000)
 Metaspace       used 28418K, capacity 28966K, committed 29184K, reserved 1075200K
  class space    used 3351K, capacity 3520K, committed 3584K, reserved 1048576K
}
Event: 36.867 GC heap before
{Heap before GC invocations=13 (full 2):
 PSYoungGen      total 182784K, used 165888K [0x00000000ec000000, 0x00000000f9d80000, 0x0000000100000000)
  eden space 165888K, 100% used [0x00000000ec000000,0x00000000f6200000,0x00000000f6200000)
  from space 16896K, 0% used [0x00000000f7880000,0x00000000f7880000,0x00000000f8900000)
  to   space 23040K, 0% used [0x00000000f6200000,0x00000000f6200000,0x00000000f7880000)
 ParOldGen       total 75776K, used 40145K [0x00000000c4000000, 0x00000000c8a00000, 0x00000000ec000000)
  object space 75776K, 52% used [0x00000000c4000000,0x00000000c6734540,0x00000000c8a00000)
 Metaspace       used 28441K, capacity 29040K, committed 29184K, reserved 1075200K
  class space    used 3355K, capacity 3522K, committed 3584K, reserved 1048576K

Deoptimization events (10 events):
Event: 36.418 Thread 0x00007fdf74001800 Uncommon trap: reason=unhandled action=none pc=0x00007fdfb99c0310 method=java.net.URLClassLoader.findClass(Ljava/lang/String;)Ljava/lang/Class; @ 44
Event: 36.418 Thread 0x00007fdf74001800 Uncommon trap: reason=unhandled action=none pc=0x00007fdfb99c0310 method=java.net.URLClassLoader.findClass(Ljava/lang/String;)Ljava/lang/Class; @ 44
Event: 36.419 Thread 0x00007fdf74001800 Uncommon trap: reason=unhandled action=none pc=0x00007fdfb99c0310 method=java.net.URLClassLoader.findClass(Ljava/lang/String;)Ljava/lang/Class; @ 44
Event: 36.419 Thread 0x00007fdf74001800 Uncommon trap: reason=unhandled action=none pc=0x00007fdfb99c0310 method=java.net.URLClassLoader.findClass(Ljava/lang/String;)Ljava/lang/Class; @ 44
Event: 36.420 Thread 0x00007fdf74001800 Uncommon trap: reason=unhandled action=none pc=0x00007fdfb99c0310 method=java.net.URLClassLoader.findClass(Ljava/lang/String;)Ljava/lang/Class; @ 44
Event: 36.420 Thread 0x00007fdf74001800 Uncommon trap: reason=unhandled action=none pc=0x00007fdfb99c0310 method=java.net.URLClassLoader.findClass(Ljava/lang/String;)Ljava/lang/Class; @ 44
Event: 36.421 Thread 0x00007fdf74001800 Uncommon trap: reason=unhandled action=none pc=0x00007fdfb99c0310 method=java.net.URLClassLoader.findClass(Ljava/lang/String;)Ljava/lang/Class; @ 44
Event: 36.421 Thread 0x00007fdf74001800 Uncommon trap: reason=unhandled action=none pc=0x00007fdfb99c0310 method=java.net.URLClassLoader.findClass(Ljava/lang/String;)Ljava/lang/Class; @ 44
Event: 36.421 Thread 0x00007fdf74001800 Uncommon trap: reason=unhandled action=none pc=0x00007fdfb99c0310 method=java.net.URLClassLoader.findClass(Ljava/lang/String;)Ljava/lang/Class; @ 44
Event: 36.421 Thread 0x00007fdf74001800 Uncommon trap: reason=unhandled action=none pc=0x00007fdfb99c0310 method=java.net.URLClassLoader.findClass(Ljava/lang/String;)Ljava/lang/Class; @ 44

Internal exceptions (10 events):
Event: 26.122 Thread 0x00007fdfc800c800 Exception <a 'java/lang/ArrayIndexOutOfBoundsException': 71> (0x00000000ef0446e0) thrown at [/HUDSON/workspace/8-2-build-linux-amd64/jdk8u91/6644/hotspot/src/share/vm/interpreter/interpreterRuntime.cpp, line 366]
Event: 26.195 Thread 0x00007fdfc800c800 Exception <a 'java/lang/ArrayIndexOutOfBoundsException': 38> (0x00000000ef06bdf8) thrown at [/HUDSON/workspace/8-2-build-linux-amd64/jdk8u91/6644/hotspot/src/share/vm/interpreter/interpreterRuntime.cpp, line 366]
Event: 26.195 Thread 0x00007fdfc800c800 Exception <a 'java/lang/ArrayIndexOutOfBoundsException': 55> (0x00000000ef06dae0) thrown at [/HUDSON/workspace/8-2-build-linux-amd64/jdk8u91/6644/hotspot/src/share/vm/interpreter/interpreterRuntime.cpp, line 366]
Event: 26.231 Thread 0x00007fdfc800c800 Exception <a 'java/lang/ArrayIndexOutOfBoundsException': 38> (0x00000000ef0934f0) thrown at [/HUDSON/workspace/8-2-build-linux-amd64/jdk8u91/6644/hotspot/src/share/vm/interpreter/interpreterRuntime.cpp, line 366]
Event: 26.247 Thread 0x00007fdfc800c800 Exception <a 'java/lang/ArrayIndexOutOfBoundsException': 49> (0x00000000ef0a16f8) thrown at [/HUDSON/workspace/8-2-build-linux-amd64/jdk8u91/6644/hotspot/src/share/vm/interpreter/interpreterRuntime.cpp, line 366]
Event: 27.658 Thread 0x00007fdf74001800 Implicit null exception at 0x00007fdfb99c99ab to 0x00007fdfb99ca12d
Event: 27.661 Thread 0x00007fdf74001800 Implicit null exception at 0x00007fdfb9a3c24b to 0x00007fdfb9a3cb55
Event: 28.021 Thread 0x00007fdf74001800 Implicit null exception at 0x00007fdfb92623f6 to 0x00007fdfb92628a1
Event: 28.021 Thread 0x00007fdf74001800 Implicit null exception at 0x00007fdfb921c8f6 to 0x00007fdfb921cd61
Event: 35.924 Thread 0x00007fdf74001800 Implicit null exception at 0x00007fdfb9dea058 to 0x00007fdfb9dea795

Events (10 events):
Event: 36.506 Thread 0x00007fdfc80cf000 flushing nmethod 0x00007fdfb9c40910
Event: 36.506 Thread 0x00007fdfc80cf000 flushing nmethod 0x00007fdfb9c42910
Event: 36.506 Thread 0x00007fdfc80cf000 flushing nmethod 0x00007fdfb9c44f90
Event: 36.506 Thread 0x00007fdfc80cf000 flushing nmethod 0x00007fdfb9c469d0
Event: 36.506 Thread 0x00007fdfc80cf000 flushing nmethod 0x00007fdfb9c48dd0
Event: 36.506 Thread 0x00007fdfc80cf000 flushing nmethod 0x00007fdfb9c4ca90
Event: 36.507 Thread 0x00007fdfc80cf000 flushing nmethod 0x00007fdfb9c7f150
Event: 36.507 Thread 0x00007fdfc80cf000 flushing nmethod 0x00007fdfb9c81f10
Event: 36.507 Thread 0x00007fdfc80cf000 flushing nmethod 0x00007fdfb9c8a490
Event: 36.865 Executing VM operation: ParallelGCFailedAllocation


Dynamic libraries:
00400000-00401000 r-xp 00000000 08:16 137737                             /usr/lib/jvm/jdk1.8.0_91/bin/java
00600000-00601000 rw-p 00000000 08:16 137737                             /usr/lib/jvm/jdk1.8.0_91/bin/java
01f21000-01f42000 rw-p 00000000 00:00 0                                  [heap]
c4000000-c8a00000 rw-p 00000000 00:00 0 
c8a00000-ec000000 ---p 00000000 00:00 0 
ec000000-f9d80000 rw-p 00000000 00:00 0 
fe100000-100000000 ---p 00000000 00:00 0 
100000000-100380000 rw-p 00000000 00:00 0 
100380000-140000000 ---p 00000000 00:00 0 
7fdf68000000-7fdf6a10d000 rw-p 00000000 00:00 0 
7fdf6a10d000-7fdf6c000000 ---p 00000000 00:00 0 
7fdf6fd1d000-7fdf6fd30000 r--s 00344000 08:16 139604                     /usr/lib/jvm/jdk1.8.0_91/jre/lib/resources.jar
7fdf6fd30000-7fdf6fd3a000 r--s 0005c000 08:17 1442598                    /home/mbc1996/.m2/repository/jstl/jstl/1.2/jstl-1.2.jar
7fdf6fd3a000-7fdf6fd53000 r--s 001ae000 08:17 1442548                    /home/mbc1996/.m2/repository/org/aspectj/aspectjweaver/1.8.4/aspectjweaver-1.8.4.jar
7fdf6fd53000-7fdf6fd55000 r--s 0000c000 08:17 1442788                    /home/mbc1996/.m2/repository/org/springframework/spring-aspects/4.1.3.RELEASE/spring-aspects-4.1.3.RELEASE.jar
7fdf6fd55000-7fdf6fd5c000 r--s 00037000 08:17 1442799                    /home/mbc1996/.m2/repository/org/springframework/spring-tx/4.1.3.RELEASE/spring-tx-4.1.3.RELEASE.jar
7fdf6fd5c000-7fdf6fd66000 r--s 0005f000 08:17 1442795                    /home/mbc1996/.m2/repository/org/springframework/spring-jdbc/4.1.3.RELEASE/spring-jdbc-4.1.3.RELEASE.jar
7fdf6fd66000-7fdf6fd76000 r--s 0009f000 08:17 1442801                    /home/mbc1996/.m2/repository/org/springframework/spring-web/4.1.3.RELEASE/spring-web-4.1.3.RELEASE.jar
7fdf6fd76000-7fdf6fd85000 r--s 000b0000 08:17 1442803                    /home/mbc1996/.m2/repository/org/springframework/spring-webmvc/4.1.3.RELEASE/spring-webmvc-4.1.3.RELEASE.jar
7fdf6fd85000-7fdf6fd92000 r--s 000a0000 08:17 1442790                    /home/mbc1996/.m2/repository/org/springframework/spring-beans/4.1.3.RELEASE/spring-beans-4.1.3.RELEASE.jar
7fdf6fd92000-7fdf6fd97000 r--s 0003b000 08:17 1442794                    /home/mbc1996/.m2/repository/org/springframework/spring-expression/4.1.3.RELEASE/spring-expression-4.1.3.RELEASE.jar
7fdf6fd97000-7fdf6fdab000 r--s 000e2000 08:17 1442793                    /home/mbc1996/.m2/repository/org/springframework/spring-core/4.1.3.RELEASE/spring-core-4.1.3.RELEASE.jar
7fdf6fdab000-7fdf6fdad000 r--s 00000000 08:17 1313113                    /home/mbc1996/.m2/repository/aopalliance/aopalliance/1.0/aopalliance-1.0.jar
7fdf6fdad000-7fdf6fdb6000 r--s 0004f000 08:17 1442787                    /home/mbc1996/.m2/repository/org/springframework/spring-aop/4.1.3.RELEASE/spring-aop-4.1.3.RELEASE.jar
7fdf6fdb6000-7fdf6fdce000 r--s 000e3000 08:17 1442791                    /home/mbc1996/.m2/repository/org/springframework/spring-context/4.1.3.RELEASE/spring-context-4.1.3.RELEASE.jar
7fdf6fdce000-7fdf6fdd0000 r--s 00019000 08:17 1450263                    /home/mbc1996/.m2/repository/com/taotao/taotao-manager-pojo/0.0.1-SNAPSHOT/taotao-manager-pojo-0.0.1-SNAPSHOT.jar
7fdf6fdd0000-7fdf6fdd9000 r--s 0006d000 08:17 1442607                    /home/mbc1996/.m2/repository/log4j/log4j/1.2.16/log4j-1.2.16.jar
7fdf6fdd9000-7fdf6fddf000 r--s 0003f000 08:17 1442581                    /home/mbc1996/.m2/repository/org/apache/httpcomponents/httpcore/4.3.2/httpcore-4.3.2.jar
7fdf6fddf000-7fdf6fdeb000 r--s 00085000 08:17 1442579                    /home/mbc1996/.m2/repository/org/apache/httpcomponents/httpclient/4.3.5/httpclient-4.3.5.jar
7fdf6fdeb000-7fdf6fdef000 r--s 00034000 08:17 1313145                    /home/mbc1996/.m2/repository/com/fasterxml/jackson/core/jackson-core/2.4.2/jackson-core-2.4.2.jar
7fdf6fdef000-7fdf6fe00000 r--s 000f6000 08:17 1313146                    /home/mbc1996/.m2/repository/com/fasterxml/jackson/core/jackson-databind/2.4.2/jackson-databind-2.4.2.jar
7fdf6fe00000-7fdf6ff00000 rw-p 00000000 00:00 0 
7fdf6ff00000-7fdf70000000 ---p 00000000 00:00 0 
7fdf70000000-7fdf70021000 rw-p 00000000 00:00 0 
7fdf70021000-7fdf74000000 ---p 00000000 00:00 0 
7fdf74000000-7fdf74021000 rw-p 00000000 00:00 0 
7fdf74021000-7fdf78000000 ---p 00000000 00:00 0 
7fdf78000000-7fdf79291000 rw-p 00000000 00:00 0 
7fdf79291000-7fdf7c000000 ---p 00000000 00:00 0 
7fdf7c000000-7fdf7c021000 rw-p 00000000 00:00 0 
7fdf7c021000-7fdf80000000 ---p 00000000 00:00 0 
7fdf80000000-7fdf8221d000 rw-p 00000000 00:00 0 
7fdf8221d000-7fdf84000000 ---p 00000000 00:00 0 
7fdf84000000-7fdf87663000 rw-p 00000000 00:00 0 
7fdf87663000-7fdf88000000 ---p 00000000 00:00 0 
7fdf88000000-7fdf88021000 rw-p 00000000 00:00 0 
7fdf88021000-7fdf8c000000 ---p 00000000 00:00 0 
7fdf8c000000-7fdf8c021000 rw-p 00000000 00:00 0 
7fdf8c021000-7fdf90000000 ---p 00000000 00:00 0 
7fdf90000000-7fdf90021000 rw-p 00000000 00:00 0 
7fdf90021000-7fdf94000000 ---p 00000000 00:00 0 
7fdf94000000-7fdf94021000 rw-p 00000000 00:00 0 
7fdf94021000-7fdf98000000 ---p 00000000 00:00 0 
7fdf98000000-7fdf98021000 rw-p 00000000 00:00 0 
7fdf98021000-7fdf9c000000 ---p 00000000 00:00 0 
7fdf9c000000-7fdf9c021000 rw-p 00000000 00:00 0 
7fdf9c021000-7fdfa0000000 ---p 00000000 00:00 0 
7fdfa0000000-7fdfa0021000 rw-p 00000000 00:00 0 
7fdfa0021000-7fdfa4000000 ---p 00000000 00:00 0 
7fdfa4000000-7fdfa433d000 rw-p 00000000 00:00 0 
7fdfa433d000-7fdfa8000000 ---p 00000000 00:00 0 
7fdfa8000000-7fdfa8021000 rw-p 00000000 00:00 0 
7fdfa8021000-7fdfac000000 ---p 00000000 00:00 0 
7fdfac000000-7fdfac021000 rw-p 00000000 00:00 0 
7fdfac021000-7fdfb0000000 ---p 00000000 00:00 0 
7fdfb0000000-7fdfb0021000 rw-p 00000000 00:00 0 
7fdfb0021000-7fdfb4000000 ---p 00000000 00:00 0 
7fdfb4000000-7fdfb4002000 r--s 00005000 08:17 1442774                    /home/mbc1996/.m2/repository/org/slf4j/slf4j-api/1.6.4/slf4j-api-1.6.4.jar
7fdfb4002000-7fdfb4003000 r--s 00002000 08:17 1442781                    /home/mbc1996/.m2/repository/org/slf4j/slf4j-log4j12/1.6.4/slf4j-log4j12-1.6.4.jar
7fdfb4003000-7fdfb4006000 r--s 00007000 08:17 1313144                    /home/mbc1996/.m2/repository/com/fasterxml/jackson/core/jackson-annotations/2.4.0/jackson-annotations-2.4.0.jar
7fdfb4006000-7fdfb400c000 r--s 0003f000 08:17 1313135                    /home/mbc1996/.m2/repository/commons-net/commons-net/3.3/commons-net-3.3.jar
7fdfb400c000-7fdfb400f000 r--s 00013000 08:17 1313124                    /home/mbc1996/.m2/repository/commons-io/commons-io/1.3.2/commons-io-1.3.2.jar
7fdfb400f000-7fdfb4016000 r--s 0005e000 08:17 1442558                    /home/mbc1996/.m2/repository/org/apache/commons/commons-lang3/3.3.2/commons-lang3-3.3.2.jar
7fdfb4016000-7fdfb4019000 ---p 00000000 00:00 0 
7fdfb4019000-7fdfb4117000 rw-p 00000000 00:00 0 
7fdfb4117000-7fdfb411a000 ---p 00000000 00:00 0 
7fdfb411a000-7fdfb4218000 rw-p 00000000 00:00 0 
7fdfb4218000-7fdfb4234000 r--s 00393000 08:16 139781                     /usr/lib/jvm/jdk1.8.0_91/jre/lib/ext/cldrdata.jar
7fdfb4234000-7fdfb4434000 rw-p 00000000 00:00 0 
7fdfb4434000-7fdfb443d000 r-xp 00000000 08:16 139663                     /usr/lib/jvm/jdk1.8.0_91/jre/lib/amd64/libmanagement.so
7fdfb443d000-7fdfb463c000 ---p 00009000 08:16 139663                     /usr/lib/jvm/jdk1.8.0_91/jre/lib/amd64/libmanagement.so
7fdfb463c000-7fdfb463d000 rw-p 00008000 08:16 139663                     /usr/lib/jvm/jdk1.8.0_91/jre/lib/amd64/libmanagement.so
7fdfb463d000-7fdfb483d000 rw-p 00000000 00:00 0 
7fdfb483d000-7fdfb4a3d000 rw-p 00000000 00:00 0 
7fdfb4a3d000-7fdfb4a4c000 r--s 00081000 08:17 1442595                    /home/mbc1996/.m2/repository/joda-time/joda-time/2.5/joda-time-2.5.jar
7fdfb4a4c000-7fdfb4a4e000 r--s 00002000 08:17 1311153                    /home/mbc1996/.m2/repository/com/taotao/taotao-common/0.0.1-SNAPSHOT/taotao-common-0.0.1-SNAPSHOT.jar
7fdfb4a4e000-7fdfb4a58000 r--s 00116000 08:16 139788                     /usr/lib/jvm/jdk1.8.0_91/jre/lib/ext/localedata.jar
7fdfb4a58000-7fdfb4a5a000 r--s 00003000 08:17 1442589                    /home/mbc1996/.m2/repository/org/slf4j/jcl-over-slf4j/1.7.5/jcl-over-slf4j-1.7.5.jar
7fdfb4a5a000-7fdfb4a5c000 r--s 00009000 08:17 1442647                    /home/mbc1996/.m2/repository/org/apache/maven/shared/maven-filtering/1.0/maven-filtering-1.0.jar
7fdfb4a5c000-7fdfb4a5f000 r--s 0000c000 08:17 1442758                    /home/mbc1996/.m2/repository/org/codehaus/plexus/plexus-io/2.0.3/plexus-io-2.0.3.jar
7fdfb4a5f000-7fdfb4a61000 r--s 00011000 08:17 1442572                    /home/mbc1996/.m2/repository/org/hamcrest/hamcrest-core/1.1/hamcrest-core-1.1.jar
7fdfb4a61000-7fdfb4a68000 r--s 00037000 08:17 1442602                    /home/mbc1996/.m2/repository/junit/junit/4.10/junit-4.10.jar
7fdfb4a68000-7fdfb4a6d000 r--s 00029000 08:17 1442733                    /home/mbc1996/.m2/repository/org/codehaus/plexus/plexus-archiver/2.1.1/plexus-archiver-2.1.1.jar
7fdfb4a6d000-7fdfb4a71000 r--s 00014000 08:17 1442841                    /home/mbc1996/.m2/repository/org/tukaani/xz/1.0/xz-1.0.jar
7fdfb4a71000-7fdfb4a76000 r--s 00036000 08:17 1442555                    /home/mbc1996/.m2/repository/org/apache/commons/commons-compress/1.4.1/commons-compress-1.4.1.jar
7fdfb4a76000-7fdfb4a7b000 r--s 00041000 08:17 1313129                    /home/mbc1996/.m2/repository/commons-lang/commons-lang/2.6/commons-lang-2.6.jar
7fdfb4a7b000-7fdfb4a7f000 r--s 00027000 08:17 1313125                    /home/mbc1996/.m2/repository/commons-io/commons-io/2.2/commons-io-2.2.jar
7fdfb4a7f000-7fdfb4a81000 r--s 0000d000 08:17 1442753                    /home/mbc1996/.m2/repository/org/codehaus/plexus/plexus-interpolation/1.13/plexus-interpolation-1.13.jar
7fdfb4a81000-7fdfb4a82000 r--s 00004000 08:17 1442614                    /home/mbc1996/.m2/repository/org/apache/maven/maven-archiver/2.4.2/maven-archiver-2.4.2.jar
7fdfb4a82000-7fdfb4a84000 r--s 00005000 08:17 1442832                    /home/mbc1996/.m2/repository/org/apache/tomcat/maven/tomcat7-war-runner/2.2/tomcat7-war-runner-2.2.jar
7fdfb4a84000-7fdfb4a8a000 r--s 00033000 08:17 1313122                    /home/mbc1996/.m2/repository/commons-codec/commons-codec/1.6/commons-codec-1.6.jar
7fdfb4a8a000-7fdfb4a8c000 r--s 0000e000 08:17 1313130                    /home/mbc1996/.m2/repository/commons-logging/commons-logging/1.1.3/commons-logging-1.1.3.jar
7fdfb4a8c000-7fdfb4a92000 r--s 0003f000 08:17 1442582                    /home/mbc1996/.m2/repository/org/apache/httpcomponents/httpcore/4.3/httpcore-4.3.jar
7fdfb4a92000-7fdfb4a9d000 r--s 00084000 08:17 1442577                    /home/mbc1996/.m2/repository/org/apache/httpcomponents/httpclient/4.3.1/httpclient-4.3.1.jar
7fdfb4a9d000-7fdfb4aa0000 r--s 00006000 08:17 1313148                    /home/mbc1996/.m2/repository/com/google/code/findbugs/jsr305/1.3.9/jsr305-1.3.9.jar
7fdfb4aa0000-7fdfb4abe000 r--s 00151000 08:17 1313141                    /home/mbc1996/.m2/repository/com/google/guava/guava/10.0.1/guava-10.0.1.jar
7fdfb4abe000-7fdfb4ac0000 r--s 00008000 08:17 1442554                    /home/mbc1996/.m2/repository/org/apache/tomcat/maven/common-tomcat-maven-plugin/2.2/common-tomcat-maven-plugin-2.2.jar
7fdfb4ac0000-7fdfb4acf000 r--s 001a9000 08:17 1442568                    /home/mbc1996/.m2/repository/org/eclipse/jdt/core/compiler/ecj/4.2.2/ecj-4.2.2.jar
7fdfb4acf000-7fdfb4ad1000 r--s 00013000 08:17 1442821                    /home/mbc1996/.m2/repository/org/apache/tomcat/embed/tomcat-embed-logging-log4j/7.0.47/tomcat-embed-logging-log4j-7.0.47.jar
7fdfb4ad1000-7fdfb4ad3000 r--s 00008000 08:17 1442820                    /home/mbc1996/.m2/repository/org/apache/tomcat/embed/tomcat-embed-logging-juli/7.0.47/tomcat-embed-logging-juli-7.0.47.jar
7fdfb4ad3000-7fdfb4ad5000 r--s 00008000 08:17 1442826                    /home/mbc1996/.m2/repository/org/apache/tomcat/tomcat-juli/7.0.47/tomcat-juli-7.0.47.jar
7fdfb4ad5000-7fdfb4ad6000 r--s 00003000 08:17 1442812                    /home/mbc1996/.m2/repository/org/apache/tomcat/tomcat-annotations-api/7.0.47/tomcat-annotations-api-7.0.47.jar
7fdfb4ad6000-7fdfb4ad8000 r--s 0001f000 08:17 1442815                    /home/mbc1996/.m2/repository/org/apache/tomcat/tomcat-catalina-ha/7.0.47/tomcat-catalina-ha-7.0.47.jar
7fdfb4ad8000-7fdfb4adc000 r--s 0003b000 08:17 1442829                    /home/mbc1996/.m2/repository/org/apache/tomcat/tomcat-tribes/7.0.47/tomcat-tribes-7.0.47.jar
7fdfb4adc000-7fdfb4aee000 r--s 00171000 08:17 1442814                    /home/mbc1996/.m2/repository/org/apache/tomcat/tomcat-catalina/7.0.47/tomcat-catalina-7.0.47.jar
7fdfb4aee000-7fdfb4af0000 r--s 0000a000 08:17 1442818                    /home/mbc1996/.m2/repository/org/apache/tomcat/tomcat-el-api/7.0.47/tomcat-el-api-7.0.47.jar
7fdfb4af0000-7fdfb4af3000 r--s 0001c000 08:17 1442823                    /home/mbc1996/.m2/repository/org/apache/tomcat/tomcat-jasper-el/7.0.47/tomcat-jasper-el-7.0.47.jar
7fdfb4af3000-7fdfb4afb000 r--s 0008b000 08:17 1442822                    /home/mbc1996/.m2/repository/org/apache/tomcat/tomcat-jasper/7.0.47/tomcat-jasper-7.0.47.jar
7fdfb4afb000-7fdfb4afe000 r--s 00013000 08:17 1442825                    /home/mbc1996/.m2/repository/org/apache/tomcat/tomcat-jsp-api/7.0.47/tomcat-jsp-api-7.0.47.jar
7fdfb4afe000-7fdfb4b01000 r--s 00029000 08:17 1442828                    /home/mbc1996/.m2/repository/org/apache/tomcat/tomcat-servlet-api/7.0.47/tomcat-servlet-api-7.0.47.jar
7fdfb4b01000-7fdfb4b05000 r--s 00036000 08:17 1442817                    /home/mbc1996/.m2/repository/org/apache/tomcat/tomcat-dbcp/7.0.47/tomcat-dbcp-7.0.47.jar
7fdfb4b05000-7fdfb4b07000 r--s 0001d000 08:17 1442824                    /home/mbc1996/.m2/repository/org/apache/tomcat/tomcat-jdbc/7.0.47/tomcat-jdbc-7.0.47.jar
7fdfb4b07000-7fdfb4b08000 r--s 00001000 08:17 1442813                    /home/mbc1996/.m2/repository/org/apache/tomcat/tomcat-api/7.0.47/tomcat-api-7.0.47.jar
7fdfb4b08000-7fdfb4b16000 r--s 000be000 08:17 1442816                    /home/mbc1996/.m2/repository/org/apache/tomcat/tomcat-coyote/7.0.47/tomcat-coyote-7.0.47.jar
7fdfb4b16000-7fdfb4b17000 r--s 00005000 08:17 1442830                    /home/mbc1996/.m2/repository/org/apache/tomcat/tomcat-util/7.0.47/tomcat-util-7.0.47.jar
7fdfb4b17000-7fdfb4b3e000 r--s 00290000 08:17 1442819                    /home/mbc1996/.m2/repository/org/apache/tomcat/embed/tomcat-embed-core/7.0.47/tomcat-embed-core-7.0.47.jar
7fdfb4b3e000-7fdfb4b40000 r--s 0001a000 08:17 1442831                    /home/mbc1996/.m2/repository/org/apache/tomcat/maven/tomcat7-maven-plugin/2.2/tomcat7-maven-plugin-2.2.jar
7fdfb4b40000-7fdfb4d40000 rw-p 00000000 00:00 0 
7fdfb4d40000-7fdfb4db9000 r--s 010e3000 08:16 137866                     /usr/lib/jvm/jdk1.8.0_91/lib/tools.jar
7fdfb4db9000-7fdfb4dbc000 r--s 0001b000 08:17 1442601                    /home/mbc1996/.m2/repository/junit/junit/3.8.2/junit-3.8.2.jar
7fdfb4dbc000-7fdfb4dca000 r--s 0008f000 08:17 1313138                    /home/mbc1996/.m2/repository/com/google/collections/google-collections/1.0/google-collections-1.0.jar
7fdfb4dca000-7fdfb4dcb000 r--s 0000a000 08:17 1313132                    /home/mbc1996/.m2/repository/commons-logging/commons-logging-api/1.1/commons-logging-api-1.1.jar
7fdfb4dcb000-7fdfb4dd2000 r--s 00051000 08:17 1442606                    /home/mbc1996/.m2/repository/log4j/log4j/1.2.12/log4j-1.2.12.jar
7fdfb4dd2000-7fdfb4dd6000 r--s 0001d000 08:17 1442838                    /home/mbc1996/.m2/repository/org/apache/xbean/xbean-reflect/3.4/xbean-reflect-3.4.jar
7fdfb4dd6000-7fdfb4dd7000 r--s 00004000 08:17 1442743                    /home/mbc1996/.m2/repository/org/codehaus/plexus/plexus-compiler-javac/2.4/plexus-compiler-javac-2.4.jar
7fdfb4dd7000-7fdfb4dd9000 r--s 00000000 08:17 1442745                    /home/mbc1996/.m2/repository/org/codehaus/plexus/plexus-compiler-manager/2.4/plexus-compiler-manager-2.4.jar
7fdfb4dd9000-7fdfb4ddb000 r--s 00005000 08:17 1442741                    /home/mbc1996/.m2/repository/org/codehaus/plexus/plexus-compiler-api/2.4/plexus-compiler-api-2.4.jar
7fdfb4ddb000-7fdfb4ddd000 r--s 00000000 08:17 1442747                    /home/mbc1996/.m2/repository/org/codehaus/plexus/plexus-component-annotations/1.5.5/plexus-component-annotations-1.5.5.jar
7fdfb4ddd000-7fdfb4ddf000 r--s 00002000 08:17 1442713                    /home/mbc1996/.m2/repository/org/apache/maven/shared/maven-shared-incremental/1.1/maven-shared-incremental-1.1.jar
7fdfb4ddf000-7fdfb4de2000 r--s 00023000 08:17 1442714                    /home/mbc1996/.m2/repository/org/apache/maven/shared/maven-shared-utils/0.1/maven-shared-utils-0.1.jar
7fdfb4de2000-7fdfb4de6000 r--s 00030000 08:17 1442763                    /home/mbc1996/.m2/repository/org/codehaus/plexus/plexus-utils/1.5.1/plexus-utils-1.5.1.jar
7fdfb4de6000-7fdfb4de8000 r--s 0000a000 08:17 1442633                    /home/mbc1996/.m2/repository/org/apache/maven/plugins/maven-compiler-plugin/3.2/maven-compiler-plugin-3.2.jar
7fdfb4de8000-7fdfb4fe8000 rw-p 00000000 00:00 0 
7fdfb4fe8000-7fdfb4feb000 r--s 0000d000 08:17 1442755                    /home/mbc1996/.m2/repository/org/codehaus/plexus/plexus-interpolation/1.19/plexus-interpolation-1.19.jar
7fdfb4feb000-7fdfb4fec000 r--s 00001000 08:17 1442735                    /home/mbc1996/.m2/repository/org/sonatype/plexus/plexus-build-api/0.0.4/plexus-build-api-0.0.4.jar
7fdfb4fec000-7fdfb4fee000 r--s 00006000 08:17 1313149                    /home/mbc1996/.m2/repository/com/google/code/findbugs/jsr305/2.0.1/jsr305-2.0.1.jar
7fdfb4fee000-7fdfb4ff1000 r--s 00023000 08:17 1442715                    /home/mbc1996/.m2/repository/org/apache/maven/shared/maven-shared-utils/0.3/maven-shared-utils-0.3.jar
7fdfb4ff1000-7fdfb4ff3000 r--s 00009000 08:17 1442649                    /home/mbc1996/.m2/repository/org/apache/maven/shared/maven-filtering/1.2/maven-filtering-1.2.jar
7fdfb4ff3000-7fdfb4ff7000 r--s 00037000 08:17 1442765                    /home/mbc1996/.m2/repository/org/codehaus/plexus/plexus-utils/3.0.15/plexus-utils-3.0.15.jar
7fdfb4ff7000-7fdfb4ff9000 r--s 00002000 08:17 1442736                    /home/mbc1996/.m2/repository/org/sonatype/plexus/plexus-cipher/1.4/plexus-cipher-1.4.jar
7fdfb4ff9000-7fdfb4ffa000 r--s 00006000 08:17 1442760                    /home/mbc1996/.m2/repository/org/sonatype/plexus/plexus-sec-dispatcher/1.3/plexus-sec-dispatcher-1.3.jar
7fdfb4ffa000-7fdfb4ffc000 r--s 00002000 08:17 1442752                    /home/mbc1996/.m2/repository/org/codehaus/plexus/plexus-interactivity-api/1.0-alpha-4/plexus-interactivity-api-1.0-alpha-4.jar
7fdfb4ffc000-7fdfb4ffe000 r--s 00009000 08:17 1313119                    /home/mbc1996/.m2/repository/commons-cli/commons-cli/1.2/commons-cli-1.2.jar
7fdfb4ffe000-7fdfb4fff000 r--s 00002000 08:17 1442564                    /home/mbc1996/.m2/repository/org/apache/maven/doxia/doxia-logging-api/1.1/doxia-logging-api-1.1.jar
7fdfb4fff000-7fdfb5001000 r--s 00002000 08:17 1442567                    /home/mbc1996/.m2/repository/org/apache/maven/doxia/doxia-sink-api/1.1/doxia-sink-api-1.1.jar
7fdfb5001000-7fdfb5002000 r--s 00002000 08:17 1442697                    /home/mbc1996/.m2/repository/org/apache/maven/reporting/maven-reporting-api/2.2.1/maven-reporting-api-2.2.1.jar
7fdfb5002000-7fdfb5004000 r--s 00003000 08:17 1442588                    /home/mbc1996/.m2/repository/org/slf4j/jcl-over-slf4j/1.5.6/jcl-over-slf4j-1.5.6.jar
7fdfb5004000-7fdfb5006000 r--s 00001000 08:17 1442780                    /home/mbc1996/.m2/repository/org/slf4j/slf4j-jdk14/1.5.6/slf4j-jdk14-1.5.6.jar
7fdfb5006000-7fdfb5009000 r--s 0001b000 08:17 1442600                    /home/mbc1996/.m2/repository/junit/junit/3.8.1/junit-3.8.1.jar
7fdfb5009000-7fdfb5011000 r--s 00049000 08:17 1313114                    /home/mbc1996/.m2/repository/backport-util-concurrent/backport-util-concurrent/3.1/backport-util-concurrent-3.1.jar
7fdfb5011000-7fdfb5012000 r--s 00007000 08:17 1442705                    /home/mbc1996/.m2/repository/org/apache/maven/plugins/maven-resources-plugin/2.7/maven-resources-plugin-2.7.jar
7fdfb5012000-7fdfb5016000 r--s 00034000 08:17 1442769                    /home/mbc1996/.m2/repository/org/codehaus/plexus/plexus-utils/3.0/plexus-utils-3.0.jar
7fdfb5016000-7fdfb5018000 r--s 00005000 08:17 1442629                    /home/mbc1996/.m2/repository/org/apache/maven/plugins/maven-clean-plugin/2.5/maven-clean-plugin-2.5.jar
7fdfb5018000-7fdfb5029000 r-xp 00000000 08:16 139658                     /usr/lib/jvm/jdk1.8.0_91/jre/lib/amd64/libnio.so
7fdfb5029000-7fdfb5228000 ---p 00011000 08:16 139658                     /usr/lib/jvm/jdk1.8.0_91/jre/lib/amd64/libnio.so
7fdfb5228000-7fdfb5229000 rw-p 00010000 08:16 139658                     /usr/lib/jvm/jdk1.8.0_91/jre/lib/amd64/libnio.so
7fdfb5229000-7fdfb552a000 rw-p 00000000 00:00 0 
7fdfb552a000-7fdfb5540000 r-xp 00000000 08:16 139655                     /usr/lib/jvm/jdk1.8.0_91/jre/lib/amd64/libnet.so
7fdfb5540000-7fdfb5740000 ---p 00016000 08:16 139655                     /usr/lib/jvm/jdk1.8.0_91/jre/lib/amd64/libnet.so
7fdfb5740000-7fdfb5741000 rw-p 00016000 08:16 139655                     /usr/lib/jvm/jdk1.8.0_91/jre/lib/amd64/libnet.so
7fdfb5741000-7fdfb5941000 rw-p 00000000 00:00 0 
7fdfb5941000-7fdfb5945000 r--s 00097000 08:16 139605                     /usr/lib/jvm/jdk1.8.0_91/jre/lib/jsse.jar
7fdfb5945000-7fdfb5b45000 rw-p 00000000 00:00 0 
7fdfb5b45000-7fdfb5d45000 rw-p 00000000 00:00 0 
7fdfb5d45000-7fdfb5d46000 r--s 00002000 08:17 1053061                    /home/mbc1996/eclipse/plugins/org.eclipse.m2e.maven.runtime.slf4j.simple_1.7.0.20160603-1931/jars/slf4j-simple-1.7.5.jar
7fdfb5d46000-7fdfb5d4b000 r--s 00041000 08:17 1052573                    /home/mbc1996/eclipse/plugins/org.eclipse.m2e.maven.runtime_1.7.0.20160603-1931/jars/commons-lang-2.6.jar
7fdfb5d4b000-7fdfb5d4c000 r--s 00002000 08:17 1052585                    /home/mbc1996/eclipse/plugins/org.eclipse.m2e.maven.runtime_1.7.0.20160603-1931/jars/wagon-file-2.10.jar
7fdfb5d4c000-7fdfb5d4e000 r--s 00005000 08:17 1052572                    /home/mbc1996/eclipse/plugins/org.eclipse.m2e.maven.runtime_1.7.0.20160603-1931/jars/aether-transport-wagon-1.0.2.v20150114.jar
7fdfb5d4e000-7fdfb5d4f000 r--s 00008000 08:17 1052587                    /home/mbc1996/eclipse/plugins/org.eclipse.m2e.maven.runtime_1.7.0.20160603-1931/jars/aether-connector-basic-1.0.2.v20150114.jar
7fdfb5d4f000-7fdfb5d51000 r--s 0000f000 08:17 1052592                    /home/mbc1996/eclipse/plugins/org.eclipse.m2e.maven.runtime_1.7.0.20160603-1931/jars/okio-1.6.0.jar
7fdfb5d51000-7fdfb5d56000 r--s 00049000 08:17 1052602                    /home/mbc1996/eclipse/plugins/org.eclipse.m2e.maven.runtime_1.7.0.20160603-1931/jars/okhttp-2.5.0.jar
7fdfb5d56000-7fdfb5d58000 r--s 0000b000 08:17 1052583                    /home/mbc1996/eclipse/plugins/org.eclipse.m2e.maven.runtime_1.7.0.20160603-1931/jars/aether-connector-okhttp-0.16.0.jar
7fdfb5d58000-7fdfb5d5a000 r--s 00006000 08:17 1052595                    /home/mbc1996/eclipse/plugins/org.eclipse.m2e.maven.runtime_1.7.0.20160603-1931/jars/aether-spi-1.0.2.v20150114.jar
7fdfb5d5a000-7fdfb5d5e000 r--s 00027000 08:17 1052599                    /home/mbc1996/eclipse/plugins/org.eclipse.m2e.maven.runtime_1.7.0.20160603-1931/jars/aether-impl-1.0.2.v20150114.jar
7fdfb5d5e000-7fdfb5d89000 r--s 001fc000 08:17 1052570                    /home/mbc1996/eclipse/plugins/org.eclipse.m2e.maven.runtime_1.7.0.20160603-1931/jars/guava-18.0.jar
7fdfb5d89000-7fdfb5d91000 r--s 00055000 08:17 1052600                    /home/mbc1996/eclipse/plugins/org.eclipse.m2e.maven.runtime_1.7.0.20160603-1931/jars/org.eclipse.sisu.inject-0.3.2.jar
7fdfb5d91000-7fdfb5d92000 r--s 00001000 08:17 1052604                    /home/mbc1996/eclipse/plugins/org.eclipse.m2e.maven.runtime_1.7.0.20160603-1931/jars/jsr250-api-1.0.jar
7fdfb5d92000-7fdfb5d95000 r--s 00008000 08:17 1052571                    /home/mbc1996/eclipse/plugins/org.eclipse.m2e.maven.runtime_1.7.0.20160603-1931/jars/cdi-api-1.0.jar
7fdfb5d95000-7fdfb5d9b000 r--s 0002d000 08:17 1052582                    /home/mbc1996/eclipse/plugins/org.eclipse.m2e.maven.runtime_1.7.0.20160603-1931/jars/org.eclipse.sisu.plexus-0.3.2.jar
7fdfb5d9b000-7fdfb5d9e000 r--s 0000b000 08:17 1052591                    /home/mbc1996/eclipse/plugins/org.eclipse.m2e.maven.runtime_1.7.0.20160603-1931/jars/wagon-provider-api-2.10.jar
7fdfb5d9e000-7fdfb5da4000 r--s 00041000 08:17 1052605                    /home/mbc1996/eclipse/plugins/org.eclipse.m2e.maven.runtime_1.7.0.20160603-1931/jars/maven-compat-3.3.9.jar
7fdfb5da4000-7fdfb5da6000 r--s 00009000 08:17 1052598                    /home/mbc1996/eclipse/plugins/org.eclipse.m2e.maven.runtime_1.7.0.20160603-1931/jars/commons-cli-1.2.jar
7fdfb5da6000-7fdfb5da8000 r--s 00002000 08:17 1052581                    /home/mbc1996/eclipse/plugins/org.eclipse.m2e.maven.runtime_1.7.0.20160603-1931/jars/plexus-cipher-1.7.jar
7fdfb5da8000-7fdfb5dab000 r--s 00013000 08:17 1052577                    /home/mbc1996/eclipse/plugins/org.eclipse.m2e.maven.runtime_1.7.0.20160603-1931/jars/maven-embedder-3.3.9.jar
7fdfb5dab000-7fdfb5db2000 r--s 00064000 08:17 1052584                    /home/mbc1996/eclipse/plugins/org.eclipse.m2e.maven.runtime_1.7.0.20160603-1931/jars/commons-lang3-3.4.jar
7fdfb5db2000-7fdfb5db3000 r--s 00006000 08:17 1052589                    /home/mbc1996/eclipse/plugins/org.eclipse.m2e.maven.runtime_1.7.0.20160603-1931/jars/plexus-sec-dispatcher-1.3.jar
7fdfb5db3000-7fdfb5db5000 r--s 00000000 08:17 1052606                    /home/mbc1996/eclipse/plugins/org.eclipse.m2e.maven.runtime_1.7.0.20160603-1931/jars/plexus-component-annotations-1.6.jar
7fdfb5db5000-7fdfb5db9000 r--s 00038000 08:17 1052594                    /home/mbc1996/eclipse/plugins/org.eclipse.m2e.maven.runtime_1.7.0.20160603-1931/jars/plexus-utils-3.0.22.jar
7fdfb5db9000-7fdfb5dbc000 r--s 0000d000 08:17 1052588                    /home/mbc1996/eclipse/plugins/org.eclipse.m2e.maven.runtime_1.7.0.20160603-1931/jars/plexus-interpolation-1.21.jar
7fdfb5dbc000-7fdfb5dc5000 r--s 0005f000 08:17 1052574                    /home/mbc1996/eclipse/plugins/org.eclipse.m2e.maven.runtime_1.7.0.20160603-1931/jars/guice-4.0-no_aop.jar
7fdfb5dc5000-7fdfb5dc9000 r--s 00020000 08:17 1052580                    /home/mbc1996/eclipse/plugins/org.eclipse.m2e.maven.runtime_1.7.0.20160603-1931/jars/aether-util-1.0.2.v20150114.jar
7fdfb5dc9000-7fdfb5dca000 ---p 00000000 00:00 0 
7fdfb5dca000-7fdfb5eca000 rw-p 00000000 00:00 0 
7fdfb5eca000-7fdfb5ecd000 ---p 00000000 00:00 0 
7fdfb5ecd000-7fdfb5fcb000 rw-p 00000000 00:00 0 
7fdfb5fcb000-7fdfb5fce000 ---p 00000000 00:00 0 
7fdfb5fce000-7fdfb60cc000 rw-p 00000000 00:00 0 
7fdfb60cc000-7fdfb60cf000 ---p 00000000 00:00 0 
7fdfb60cf000-7fdfb61cd000 rw-p 00000000 00:00 0 
7fdfb61cd000-7fdfb61d0000 ---p 00000000 00:00 0 
7fdfb61d0000-7fdfb62ce000 rw-p 00000000 00:00 0 
7fdfb62ce000-7fdfb62d1000 ---p 00000000 00:00 0 
7fdfb62d1000-7fdfb63cf000 rw-p 00000000 00:00 0 
7fdfb63cf000-7fdfb63d2000 ---p 00000000 00:00 0 
7fdfb63d2000-7fdfb64d0000 rw-p 00000000 00:00 0 
7fdfb64d0000-7fdfb64d3000 ---p 00000000 00:00 0 
7fdfb64d3000-7fdfb65d1000 rw-p 00000000 00:00 0 
7fdfb65d1000-7fdfb65d5000 r-xp 00000000 08:16 139627                     /usr/lib/jvm/jdk1.8.0_91/jre/lib/amd64/libdt_socket.so
7fdfb65d5000-7fdfb67d4000 ---p 00004000 08:16 139627                     /usr/lib/jvm/jdk1.8.0_91/jre/lib/amd64/libdt_socket.so
7fdfb67d4000-7fdfb67d5000 rw-p 00003000 08:16 139627                     /usr/lib/jvm/jdk1.8.0_91/jre/lib/amd64/libdt_socket.so
7fdfb67d5000-7fdfb67d8000 ---p 00000000 00:00 0 
7fdfb67d8000-7fdfb68d6000 rw-p 00000000 00:00 0 
7fdfb68d6000-7fdfb68d9000 ---p 00000000 00:00 0 
7fdfb68d9000-7fdfb69d7000 rw-p 00000000 00:00 0 
7fdfb69d7000-7fdfb69da000 ---p 00000000 00:00 0 
7fdfb69da000-7fdfb6ad8000 rw-p 00000000 00:00 0 
7fdfb6ad8000-7fdfb6ad9000 ---p 00000000 00:00 0 
7fdfb6ad9000-7fdfb9000000 rw-p 00000000 00:00 0 
7fdfb9000000-7fdfb9ec0000 rwxp 00000000 00:00 0 
7fdfb9ec0000-7fdfc8000000 ---p 00000000 00:00 0 
7fdfc8000000-7fdfc90d2000 rw-p 00000000 00:00 0 
7fdfc90d2000-7fdfcc000000 ---p 00000000 00:00 0 
7fdfcc000000-7fdfcc005000 r--s 0001d000 08:17 1052578                    /home/mbc1996/eclipse/plugins/org.eclipse.m2e.maven.runtime_1.7.0.20160603-1931/jars/aether-api-1.0.2.v20150114.jar
7fdfcc005000-7fdfcc007000 r--s 0000f000 08:17 1052593                    /home/mbc1996/eclipse/plugins/org.eclipse.m2e.maven.runtime_1.7.0.20160603-1931/jars/maven-aether-provider-3.3.9.jar
7fdfcc007000-7fdfcc00c000 r--s 00027000 08:17 1052575                    /home/mbc1996/eclipse/plugins/org.eclipse.m2e.maven.runtime_1.7.0.20160603-1931/jars/maven-model-builder-3.3.9.jar
7fdfcc00c000-7fdfcc00e000 r--s 0000a000 08:17 1052596                    /home/mbc1996/eclipse/plugins/org.eclipse.m2e.maven.runtime_1.7.0.20160603-1931/jars/maven-plugin-api-3.3.9.jar
7fdfcc00e000-7fdfcc010000 r--s 0000c000 08:17 1052597                    /home/mbc1996/eclipse/plugins/org.eclipse.m2e.maven.runtime_1.7.0.20160603-1931/jars/maven-artifact-3.3.9.jar
7fdfcc010000-7fdfcc011000 r--s 00006000 08:17 1052607                    /home/mbc1996/eclipse/plugins/org.eclipse.m2e.maven.runtime_1.7.0.20160603-1931/jars/maven-repository-metadata-3.3.9.jar
7fdfcc011000-7fdfcc9ab000 rw-p 00000000 00:00 0 
7fdfcc9ab000-7fdfccb84000 r--s 03d1f000 08:16 139595                     /usr/lib/jvm/jdk1.8.0_91/jre/lib/rt.jar
7fdfccb84000-7fdfcd5da000 rw-p 00000000 00:00 0 
7fdfcd5da000-7fdfcd5db000 ---p 00000000 00:00 0 
7fdfcd5db000-7fdfcd6db000 rw-p 00000000 00:00 0 
7fdfcd6db000-7fdfcd6dc000 ---p 00000000 00:00 0 
7fdfcd6dc000-7fdfcd7dc000 rw-p 00000000 00:00 0 
7fdfcd7dc000-7fdfcd7dd000 ---p 00000000 00:00 0 
7fdfcd7dd000-7fdfcd8dd000 rw-p 00000000 00:00 0 
7fdfcd8dd000-7fdfcd8de000 ---p 00000000 00:00 0 
7fdfcd8de000-7fdfcda03000 rw-p 00000000 00:00 0 
7fdfcda03000-7fdfcdb1e000 ---p 00000000 00:00 0 
7fdfcdb1e000-7fdfcdb43000 rw-p 00000000 00:00 0 
7fdfcdb43000-7fdfcdc5e000 ---p 00000000 00:00 0 
7fdfcdc5e000-7fdfcdccd000 rw-p 00000000 00:00 0 
7fdfcdccd000-7fdfcdcfe000 ---p 00000000 00:00 0 
7fdfcdcfe000-7fdfcdd3a000 rw-p 00000000 00:00 0 
7fdfcdd3a000-7fdfce0bf000 ---p 00000000 00:00 0 
7fdfce0bf000-7fdfce0d9000 r-xp 00000000 08:16 139651                     /usr/lib/jvm/jdk1.8.0_91/jre/lib/amd64/libzip.so
7fdfce0d9000-7fdfce2d9000 ---p 0001a000 08:16 139651                     /usr/lib/jvm/jdk1.8.0_91/jre/lib/amd64/libzip.so
7fdfce2d9000-7fdfce2da000 rw-p 0001a000 08:16 139651                     /usr/lib/jvm/jdk1.8.0_91/jre/lib/amd64/libzip.so
7fdfce2da000-7fdfce2e5000 r-xp 00000000 08:16 399402                     /lib/x86_64-linux-gnu/libnss_files-2.23.so
7fdfce2e5000-7fdfce4e4000 ---p 0000b000 08:16 399402                     /lib/x86_64-linux-gnu/libnss_files-2.23.so
7fdfce4e4000-7fdfce4e5000 r--p 0000a000 08:16 399402                     /lib/x86_64-linux-gnu/libnss_files-2.23.so
7fdfce4e5000-7fdfce4e6000 rw-p 0000b000 08:16 399402                     /lib/x86_64-linux-gnu/libnss_files-2.23.so
7fdfce4e6000-7fdfce4ec000 rw-p 00000000 00:00 0 
7fdfce4ec000-7fdfce4f7000 r-xp 00000000 08:16 399412                     /lib/x86_64-linux-gnu/libnss_nis-2.23.so
7fdfce4f7000-7fdfce6f6000 ---p 0000b000 08:16 399412                     /lib/x86_64-linux-gnu/libnss_nis-2.23.so
7fdfce6f6000-7fdfce6f7000 r--p 0000a000 08:16 399412                     /lib/x86_64-linux-gnu/libnss_nis-2.23.so
7fdfce6f7000-7fdfce6f8000 rw-p 0000b000 08:16 399412                     /lib/x86_64-linux-gnu/libnss_nis-2.23.so
7fdfce6f8000-7fdfce70e000 r-xp 00000000 08:16 399396                     /lib/x86_64-linux-gnu/libnsl-2.23.so
7fdfce70e000-7fdfce90d000 ---p 00016000 08:16 399396                     /lib/x86_64-linux-gnu/libnsl-2.23.so
7fdfce90d000-7fdfce90e000 r--p 00015000 08:16 399396                     /lib/x86_64-linux-gnu/libnsl-2.23.so
7fdfce90e000-7fdfce90f000 rw-p 00016000 08:16 399396                     /lib/x86_64-linux-gnu/libnsl-2.23.so
7fdfce90f000-7fdfce911000 rw-p 00000000 00:00 0 
7fdfce911000-7fdfce919000 r-xp 00000000 08:16 399398                     /lib/x86_64-linux-gnu/libnss_compat-2.23.so
7fdfce919000-7fdfceb18000 ---p 00008000 08:16 399398                     /lib/x86_64-linux-gnu/libnss_compat-2.23.so
7fdfceb18000-7fdfceb19000 r--p 00007000 08:16 399398                     /lib/x86_64-linux-gnu/libnss_compat-2.23.so
7fdfceb19000-7fdfceb1a000 rw-p 00008000 08:16 399398                     /lib/x86_64-linux-gnu/libnss_compat-2.23.so
7fdfceb1a000-7fdfcf4d9000 r--p 00000000 08:16 140665                     /usr/lib/locale/locale-archive
7fdfcf4d9000-7fdfcf4db000 r-xp 00000000 08:16 139628                     /usr/lib/jvm/jdk1.8.0_91/jre/lib/amd64/libnpt.so
7fdfcf4db000-7fdfcf6db000 ---p 00002000 08:16 139628                     /usr/lib/jvm/jdk1.8.0_91/jre/lib/amd64/libnpt.so
7fdfcf6db000-7fdfcf6dc000 rw-p 00002000 08:16 139628                     /usr/lib/jvm/jdk1.8.0_91/jre/lib/amd64/libnpt.so
7fdfcf6dc000-7fdfcf715000 r-xp 00000000 08:16 139640                     /usr/lib/jvm/jdk1.8.0_91/jre/lib/amd64/libjdwp.so
7fdfcf715000-7fdfcf914000 ---p 00039000 08:16 139640                     /usr/lib/jvm/jdk1.8.0_91/jre/lib/amd64/libjdwp.so
7fdfcf914000-7fdfcf916000 rw-p 00038000 08:16 139640                     /usr/lib/jvm/jdk1.8.0_91/jre/lib/amd64/libjdwp.so
7fdfcf916000-7fdfcf940000 r-xp 00000000 08:16 139646                     /usr/lib/jvm/jdk1.8.0_91/jre/lib/amd64/libjava.so
7fdfcf940000-7fdfcfb40000 ---p 0002a000 08:16 139646                     /usr/lib/jvm/jdk1.8.0_91/jre/lib/amd64/libjava.so
7fdfcfb40000-7fdfcfb42000 rw-p 0002a000 08:16 139646                     /usr/lib/jvm/jdk1.8.0_91/jre/lib/amd64/libjava.so
7fdfcfb42000-7fdfcfb4f000 r-xp 00000000 08:16 139650                     /usr/lib/jvm/jdk1.8.0_91/jre/lib/amd64/libverify.so
7fdfcfb4f000-7fdfcfd4f000 ---p 0000d000 08:16 139650                     /usr/lib/jvm/jdk1.8.0_91/jre/lib/amd64/libverify.so
7fdfcfd4f000-7fdfcfd51000 rw-p 0000d000 08:16 139650                     /usr/lib/jvm/jdk1.8.0_91/jre/lib/amd64/libverify.so
7fdfcfd51000-7fdfcfd58000 r-xp 00000000 08:16 399457                     /lib/x86_64-linux-gnu/librt-2.23.so
7fdfcfd58000-7fdfcff57000 ---p 00007000 08:16 399457                     /lib/x86_64-linux-gnu/librt-2.23.so
7fdfcff57000-7fdfcff58000 r--p 00006000 08:16 399457                     /lib/x86_64-linux-gnu/librt-2.23.so
7fdfcff58000-7fdfcff59000 rw-p 00007000 08:16 399457                     /lib/x86_64-linux-gnu/librt-2.23.so
7fdfcff59000-7fdfd0061000 r-xp 00000000 08:16 399373                     /lib/x86_64-linux-gnu/libm-2.23.so
7fdfd0061000-7fdfd0260000 ---p 00108000 08:16 399373                     /lib/x86_64-linux-gnu/libm-2.23.so
7fdfd0260000-7fdfd0261000 r--p 00107000 08:16 399373                     /lib/x86_64-linux-gnu/libm-2.23.so
7fdfd0261000-7fdfd0262000 rw-p 00108000 08:16 399373                     /lib/x86_64-linux-gnu/libm-2.23.so
7fdfd0262000-7fdfd0f22000 r-xp 00000000 08:16 139673                     /usr/lib/jvm/jdk1.8.0_91/jre/lib/amd64/server/libjvm.so
7fdfd0f22000-7fdfd1122000 ---p 00cc0000 08:16 139673                     /usr/lib/jvm/jdk1.8.0_91/jre/lib/amd64/server/libjvm.so
7fdfd1122000-7fdfd11fa000 rw-p 00cc0000 08:16 139673                     /usr/lib/jvm/jdk1.8.0_91/jre/lib/amd64/server/libjvm.so
7fdfd11fa000-7fdfd1245000 rw-p 00000000 00:00 0 
7fdfd1245000-7fdfd1405000 r-xp 00000000 08:16 399303                     /lib/x86_64-linux-gnu/libc-2.23.so
7fdfd1405000-7fdfd1604000 ---p 001c0000 08:16 399303                     /lib/x86_64-linux-gnu/libc-2.23.so
7fdfd1604000-7fdfd1608000 r--p 001bf000 08:16 399303                     /lib/x86_64-linux-gnu/libc-2.23.so
7fdfd1608000-7fdfd160a000 rw-p 001c3000 08:16 399303                     /lib/x86_64-linux-gnu/libc-2.23.so
7fdfd160a000-7fdfd160e000 rw-p 00000000 00:00 0 
7fdfd160e000-7fdfd1611000 r-xp 00000000 08:16 399327                     /lib/x86_64-linux-gnu/libdl-2.23.so
7fdfd1611000-7fdfd1810000 ---p 00003000 08:16 399327                     /lib/x86_64-linux-gnu/libdl-2.23.so
7fdfd1810000-7fdfd1811000 r--p 00002000 08:16 399327                     /lib/x86_64-linux-gnu/libdl-2.23.so
7fdfd1811000-7fdfd1812000 rw-p 00003000 08:16 399327                     /lib/x86_64-linux-gnu/libdl-2.23.so
7fdfd1812000-7fdfd1827000 r-xp 00000000 08:16 139446                     /usr/lib/jvm/jdk1.8.0_91/lib/amd64/jli/libjli.so
7fdfd1827000-7fdfd1a27000 ---p 00015000 08:16 139446                     /usr/lib/jvm/jdk1.8.0_91/lib/amd64/jli/libjli.so
7fdfd1a27000-7fdfd1a28000 rw-p 00015000 08:16 139446                     /usr/lib/jvm/jdk1.8.0_91/lib/amd64/jli/libjli.so
7fdfd1a28000-7fdfd1a40000 r-xp 00000000 08:16 399449                     /lib/x86_64-linux-gnu/libpthread-2.23.so
7fdfd1a40000-7fdfd1c3f000 ---p 00018000 08:16 399449                     /lib/x86_64-linux-gnu/libpthread-2.23.so
7fdfd1c3f000-7fdfd1c40000 r--p 00017000 08:16 399449                     /lib/x86_64-linux-gnu/libpthread-2.23.so
7fdfd1c40000-7fdfd1c41000 rw-p 00018000 08:16 399449                     /lib/x86_64-linux-gnu/libpthread-2.23.so
7fdfd1c41000-7fdfd1c45000 rw-p 00000000 00:00 0 
7fdfd1c45000-7fdfd1c6b000 r-xp 00000000 08:16 399275                     /lib/x86_64-linux-gnu/ld-2.23.so
7fdfd1c6b000-7fdfd1c6c000 r--s 00003000 08:17 1052601                    /home/mbc1996/eclipse/plugins/org.eclipse.m2e.maven.runtime_1.7.0.20160603-1931/jars/maven-builder-support-3.3.9.jar
7fdfd1c6c000-7fdfd1c6e000 r--s 00009000 08:17 1052603                    /home/mbc1996/eclipse/plugins/org.eclipse.m2e.maven.runtime_1.7.0.20160603-1931/jars/maven-settings-builder-3.3.9.jar
7fdfd1c6e000-7fdfd1c6f000 r--s 0000a000 08:17 1052579                    /home/mbc1996/eclipse/plugins/org.eclipse.m2e.maven.runtime_1.7.0.20160603-1931/jars/maven-settings-3.3.9.jar
7fdfd1c6f000-7fdfd1d47000 rw-p 00000000 00:00 0 
7fdfd1d47000-7fdfd1d4a000 ---p 00000000 00:00 0 
7fdfd1d4a000-7fdfd1e4c000 rw-p 00000000 00:00 0 
7fdfd1e4c000-7fdfd1e4f000 r--s 00026000 08:17 1052586                    /home/mbc1996/eclipse/plugins/org.eclipse.m2e.maven.runtime_1.7.0.20160603-1931/jars/maven-model-3.3.9.jar
7fdfd1e4f000-7fdfd1e5c000 r--s 0008f000 08:17 1052608                    /home/mbc1996/eclipse/plugins/org.eclipse.m2e.maven.runtime_1.7.0.20160603-1931/jars/maven-core-3.3.9.jar
7fdfd1e5c000-7fdfd1e5e000 r--s 0000b000 08:17 1052576                    /home/mbc1996/eclipse/plugins/org.eclipse.m2e.maven.runtime_1.7.0.20160603-1931/jars/plexus-classworlds-2.5.2.jar
7fdfd1e5e000-7fdfd1e66000 rw-s 00000000 08:16 975068                     /tmp/hsperfdata_mbc1996/8244
7fdfd1e66000-7fdfd1e67000 rw-p 00000000 00:00 0 
7fdfd1e67000-7fdfd1e68000 ---p 00000000 00:00 0 
7fdfd1e68000-7fdfd1e6a000 rw-p 00000000 00:00 0 
7fdfd1e6a000-7fdfd1e6b000 r--p 00025000 08:16 399275                     /lib/x86_64-linux-gnu/ld-2.23.so
7fdfd1e6b000-7fdfd1e6c000 rw-p 00026000 08:16 399275                     /lib/x86_64-linux-gnu/ld-2.23.so
7fdfd1e6c000-7fdfd1e6d000 rw-p 00000000 00:00 0 
7fff197ae000-7fff197cf000 rw-p 00000000 00:00 0                          [stack]
7fff197e6000-7fff197e8000 r--p 00000000 00:00 0                          [vvar]
7fff197e8000-7fff197ea000 r-xp 00000000 00:00 0                          [vdso]
ffffffffff600000-ffffffffff601000 r-xp 00000000 00:00 0                  [vsyscall]

VM Arguments:
jvm_args: -agentlib:jdwp=transport=dt_socket,suspend=y,address=localhost:33866 -Dmaven.home=EMBEDDED -Dclassworlds.conf=/home/mbc1996/eclipse_workspace/.metadata/.plugins/org.eclipse.m2e.launching/launches/m2conf447555588212798397.tmp -Dmaven.multiModuleProjectDirectory=/home/mbc1996/eclipse_workspace/taotao-portal -Dfile.encoding=UTF-8 
java_command: org.codehaus.plexus.classworlds.launcher.Launcher -B clean tomcat7:run
java_class_path (initial): /home/mbc1996/eclipse/plugins/org.eclipse.m2e.maven.runtime_1.7.0.20160603-1931/jars/plexus-classworlds-2.5.2.jar
Launcher Type: SUN_STANDARD

Environment Variables:
JAVA_HOME=/usr/lib/jvm/jdk1.8.0_91
JRE_HOME=/usr/lib/jvm/jdk1.8.0_91/jre
CLASSPATH=.:/usr/lib/jvm/jdk1.8.0_91/lib:/usr/lib/jvm/jdk1.8.0_91/jre/lib
PATH=/opt/apache-maven-3.3.9/bin:/usr/lib/jvm/jdk1.8.0_91/bin:/usr/local/sbin:/usr/local/bin:/usr/sbin:/usr/bin:/sbin:/bin:/usr/games:/usr/local/games:/snap/bin
SHELL=/bin/bash
DISPLAY=:0

Signal Handlers:
SIGSEGV: [libjvm.so+0xabca10], sa_mask[0]=11111111011111111101111111111110, sa_flags=SA_RESTART|SA_SIGINFO
SIGBUS: [libjvm.so+0xabca10], sa_mask[0]=11111111011111111101111111111110, sa_flags=SA_RESTART|SA_SIGINFO
SIGFPE: [libjvm.so+0x919a20], sa_mask[0]=11111111011111111101111111111110, sa_flags=SA_RESTART|SA_SIGINFO
SIGPIPE: [libjvm.so+0x919a20], sa_mask[0]=11111111011111111101111111111110, sa_flags=SA_RESTART|SA_SIGINFO
SIGXFSZ: [libjvm.so+0x919a20], sa_mask[0]=11111111011111111101111111111110, sa_flags=SA_RESTART|SA_SIGINFO
SIGILL: [libjvm.so+0x919a20], sa_mask[0]=11111111011111111101111111111110, sa_flags=SA_RESTART|SA_SIGINFO
SIGUSR1: SIG_DFL, sa_mask[0]=00000000000000000000000000000000, sa_flags=none
SIGUSR2: [libjvm.so+0x91b050], sa_mask[0]=00100000000000000000000000000000, sa_flags=SA_RESTART|SA_SIGINFO
SIGHUP: [libjvm.so+0x91c450], sa_mask[0]=11111111011111111101111111111110, sa_flags=SA_RESTART|SA_SIGINFO
SIGINT: [libjvm.so+0x91c450], sa_mask[0]=11111111011111111101111111111110, sa_flags=SA_RESTART|SA_SIGINFO
SIGTERM: [libjvm.so+0x91c450], sa_mask[0]=11111111011111111101111111111110, sa_flags=SA_RESTART|SA_SIGINFO
SIGQUIT: [libjvm.so+0x91c450], sa_mask[0]=11111111011111111101111111111110, sa_flags=SA_RESTART|SA_SIGINFO


---------------  S Y S T E M  ---------------

OS:DISTRIB_ID=Ubuntu
DISTRIB_RELEASE=16.04
DISTRIB_CODENAME=xenial
DISTRIB_DESCRIPTION="Ubuntu 16.04 LTS"

uname:Linux 4.4.0-47-generic #68-Ubuntu SMP Wed Oct 26 19:39:52 UTC 2016 x86_64
libc:glibc 2.23 NPTL 2.23 
rlimit: STACK 8192k, CORE 0k, NPROC 14498, NOFILE 65536, AS infinity
load average:5.44 2.09 1.27

/proc/meminfo:
MemTotal:        3929788 kB
MemFree:          103344 kB
MemAvailable:      14876 kB
Buffers:             588 kB
Cached:           284760 kB
SwapCached:        10868 kB
Active:          2691284 kB
Inactive:         918272 kB
Active(anon):    2681240 kB
Inactive(anon):   906908 kB
Active(file):      10044 kB
Inactive(file):    11364 kB
Unevictable:         116 kB
Mlocked:             116 kB
SwapTotal:       2097148 kB
SwapFree:              0 kB
Dirty:               156 kB
Writeback:             0 kB
AnonPages:       3315516 kB
Mapped:           103556 kB
Shmem:            262360 kB
Slab:              84072 kB
SReclaimable:      40168 kB
SUnreclaim:        43904 kB
KernelStack:       14240 kB
PageTables:        55820 kB
NFS_Unstable:          0 kB
Bounce:                0 kB
WritebackTmp:          0 kB
CommitLimit:     4062040 kB
Committed_AS:    9773656 kB
VmallocTotal:   34359738367 kB
VmallocUsed:           0 kB
VmallocChunk:          0 kB
HardwareCorrupted:     0 kB
AnonHugePages:   1001472 kB
CmaTotal:              0 kB
CmaFree:               0 kB
HugePages_Total:       0
HugePages_Free:        0
HugePages_Rsvd:        0
HugePages_Surp:        0
Hugepagesize:       2048 kB
DirectMap4k:      178324 kB
DirectMap2M:     3899392 kB


CPU:total 4 (2 cores per cpu, 2 threads per core) family 6 model 58 stepping 9, cmov, cx8, fxsr, mmx, sse, sse2, sse3, ssse3, sse4.1, sse4.2, popcnt, avx, aes, clmul, erms, ht, tsc, tscinvbit, tscinv

/proc/cpuinfo:
processor	: 0
vendor_id	: GenuineIntel
cpu family	: 6
model		: 58
model name	: Intel(R) Core(TM) i5-3337U CPU @ 1.80GHz
stepping	: 9
microcode	: 0x15
cpu MHz		: 2471.765
cache size	: 3072 KB
physical id	: 0
siblings	: 4
core id		: 0
cpu cores	: 2
apicid		: 0
initial apicid	: 0
fpu		: yes
fpu_exception	: yes
cpuid level	: 13
wp		: yes
flags		: fpu vme de pse tsc msr pae mce cx8 apic sep mtrr pge mca cmov pat pse36 clflush dts acpi mmx fxsr sse sse2 ss ht tm pbe syscall nx rdtscp lm constant_tsc arch_perfmon pebs bts rep_good nopl xtopology nonstop_tsc aperfmperf eagerfpu pni pclmulqdq dtes64 monitor ds_cpl vmx est tm2 ssse3 cx16 xtpr pdcm pcid sse4_1 sse4_2 x2apic popcnt tsc_deadline_timer aes xsave avx f16c rdrand lahf_lm epb tpr_shadow vnmi flexpriority ept vpid fsgsbase smep erms xsaveopt dtherm ida arat pln pts
bugs		:
bogomips	: 3591.77
clflush size	: 64
cache_alignment	: 64
address sizes	: 36 bits physical, 48 bits virtual
power management:

processor	: 1
vendor_id	: GenuineIntel
cpu family	: 6
model		: 58
model name	: Intel(R) Core(TM) i5-3337U CPU @ 1.80GHz
stepping	: 9
microcode	: 0x15
cpu MHz		: 2499.960
cache size	: 3072 KB
physical id	: 0
siblings	: 4
core id		: 1
cpu cores	: 2
apicid		: 2
initial apicid	: 2
fpu		: yes
fpu_exception	: yes
cpuid level	: 13
wp		: yes
flags		: fpu vme de pse tsc msr pae mce cx8 apic sep mtrr pge mca cmov pat pse36 clflush dts acpi mmx fxsr sse sse2 ss ht tm pbe syscall nx rdtscp lm constant_tsc arch_perfmon pebs bts rep_good nopl xtopology nonstop_tsc aperfmperf eagerfpu pni pclmulqdq dtes64 monitor ds_cpl vmx est tm2 ssse3 cx16 xtpr pdcm pcid sse4_1 sse4_2 x2apic popcnt tsc_deadline_timer aes xsave avx f16c rdrand lahf_lm epb tpr_shadow vnmi flexpriority ept vpid fsgsbase smep erms xsaveopt dtherm ida arat pln pts
bugs		:
bogomips	: 3591.77
clflush size	: 64
cache_alignment	: 64
address sizes	: 36 bits physical, 48 bits virtual
power management:

processor	: 2
vendor_id	: GenuineIntel
cpu family	: 6
model		: 58
model name	: Intel(R) Core(TM) i5-3337U CPU @ 1.80GHz
stepping	: 9
microcode	: 0x15
cpu MHz		: 1804.289
cache size	: 3072 KB
physical id	: 0
siblings	: 4
core id		: 0
cpu cores	: 2
apicid		: 1
initial apicid	: 1
fpu		: yes
fpu_exception	: yes
cpuid level	: 13
wp		: yes
flags		: fpu vme de pse tsc msr pae mce cx8 apic sep mtrr pge mca cmov pat pse36 clflush dts acpi mmx fxsr sse sse2 ss ht tm pbe syscall nx rdtscp lm constant_tsc arch_perfmon pebs bts rep_good nopl xtopology nonstop_tsc aperfmperf eagerfpu pni pclmulqdq dtes64 monitor ds_cpl vmx est tm2 ssse3 cx16 xtpr pdcm pcid sse4_1 sse4_2 x2apic popcnt tsc_deadline_timer aes xsave avx f16c rdrand lahf_lm epb tpr_shadow vnmi flexpriority ept vpid fsgsbase smep erms xsaveopt dtherm ida arat pln pts
bugs		:
bogomips	: 3591.77
clflush size	: 64
cache_alignment	: 64
address sizes	: 36 bits physical, 48 bits virtual
power management:

processor	: 3
vendor_id	: GenuineIntel
cpu family	: 6
model		: 58
model name	: Intel(R) Core(TM) i5-3337U CPU @ 1.80GHz
stepping	: 9
microcode	: 0x15
cpu MHz		: 1450.125
cache size	: 3072 KB
physical id	: 0
siblings	: 4
core id		: 1
cpu cores	: 2
apicid		: 3
initial apicid	: 3
fpu		: yes
fpu_exception	: yes
cpuid level	: 13
wp		: yes
flags		: fpu vme de pse tsc msr pae mce cx8 apic sep mtrr pge mca cmov pat pse36 clflush dts acpi mmx fxsr sse sse2 ss ht tm pbe syscall nx rdtscp lm constant_tsc arch_perfmon pebs bts rep_good nopl xtopology nonstop_tsc aperfmperf eagerfpu pni pclmulqdq dtes64 monitor ds_cpl vmx est tm2 ssse3 cx16 xtpr pdcm pcid sse4_1 sse4_2 x2apic popcnt tsc_deadline_timer aes xsave avx f16c rdrand lahf_lm epb tpr_shadow vnmi flexpriority ept vpid fsgsbase smep erms xsaveopt dtherm ida arat pln pts
bugs		:
bogomips	: 3591.77
clflush size	: 64
cache_alignment	: 64
address sizes	: 36 bits physical, 48 bits virtual
power management:



Memory: 4k page, physical 3929788k(103244k free), swap 2097148k(0k free)

vm_info: Java HotSpot(TM) 64-Bit Server VM (25.91-b14) for linux-amd64 JRE (1.8.0_91-b14), built on Apr  1 2016 00:57:21 by "java_re" with gcc 4.3.0 20080428 (Red Hat 4.3.0-8)

time: Wed Feb  8 11:12:21 2017
elapsed time: 37 seconds (0d 0h 0m 37s)

