#
# There is insufficient memory for the Java Runtime Environment to continue.
# Native memory allocation (mmap) failed to map 101711872 bytes for committing reserved memory.
# Possible reasons:
#   The system is out of physical RAM or swap space
#   In 32 bit mode, the process size limit was hit
# Possible solutions:
#   Reduce memory load on the system
#   Increase physical memory or swap space
#   Check if swap backing store is full
#   Use 64 bit Java on a 64 bit OS
#   Decrease Java heap size (-Xmx/-Xms)
#   Decrease number of Java threads
#   Decrease Java thread stack sizes (-Xss)
#   Set larger code cache with -XX:ReservedCodeCacheSize=
# This output file may be truncated or incomplete.
#
#  Out of Memory Error (os_linux.cpp:2627), pid=9227, tid=139933479618304
#
# JRE version: Java(TM) SE Runtime Environment (8.0_91-b14) (build 1.8.0_91-b14)
# Java VM: Java HotSpot(TM) 64-Bit Server VM (25.91-b14 mixed mode linux-amd64 compressed oops)
# Failed to write core dump. Core dumps have been disabled. To enable core dumping, try "ulimit -c unlimited" before starting Java again
#

---------------  T H R E A D  ---------------

Current thread (0x00007f44e007a000):  VMThread [stack: 0x00007f44cd484000,0x00007f44cd585000] [id=9240]

Stack: [0x00007f44cd484000,0x00007f44cd585000],  sp=0x00007f44cd582fa0,  free space=1019k
Native frames: (J=compiled Java code, j=interpreted, Vv=VM code, C=native code)
V  [libjvm.so+0xabc18a]  VMError::report_and_die()+0x2ba
V  [libjvm.so+0x4fafeb]  report_vm_out_of_memory(char const*, int, unsigned long, VMErrorType, char const*)+0x8b
V  [libjvm.so+0x91cbb3]  os::Linux::commit_memory_impl(char*, unsigned long, bool)+0x103
V  [libjvm.so+0x91d109]  os::pd_commit_memory(char*, unsigned long, unsigned long, bool)+0x29
V  [libjvm.so+0x91740a]  os::commit_memory(char*, unsigned long, unsigned long, bool)+0x2a
V  [libjvm.so+0x98b033]  PSVirtualSpace::expand_by(unsigned long)+0x53
V  [libjvm.so+0x98c438]  PSYoungGen::resize_generation(unsigned long, unsigned long)+0xf8
V  [libjvm.so+0x98b592]  PSYoungGen::resize(unsigned long, unsigned long)+0x22
V  [libjvm.so+0x98886b]  PSScavenge::invoke_no_policy()+0xf3b
V  [libjvm.so+0x988ff1]  PSScavenge::invoke()+0x41
V  [libjvm.so+0x9408b0]  ParallelScavengeHeap::failed_mem_allocate(unsigned long)+0x70
V  [libjvm.so+0xabdba7]  VM_ParallelGCFailedAllocation::doit()+0x97
V  [libjvm.so+0xac55d5]  VM_Operation::evaluate()+0x55
V  [libjvm.so+0xac39aa]  VMThread::evaluate_operation(VM_Operation*)+0xba
V  [libjvm.so+0xac3d2e]  VMThread::loop()+0x1ce
V  [libjvm.so+0xac41a0]  VMThread::run()+0x70
V  [libjvm.so+0x91ef78]  java_start(Thread*)+0x108

VM_Operation (0x00007f44c68b3bd0): ParallelGCFailedAllocation, mode: safepoint, requested by thread 0x00007f4480001800


---------------  P R O C E S S  ---------------

Java Threads: ( => current thread )
  0x00007f4480001800 JavaThread "localhost-startStop-1" daemon [_thread_blocked, id=9265, stack(0x00007f44c67b5000,0x00007f44c68b6000)]
  0x00007f44e1696000 JavaThread "Tomcat-startStop-1" daemon [_thread_blocked, id=9264, stack(0x00007f44c68b6000,0x00007f44c69b7000)]
  0x00007f44e00d2000 JavaThread "Service Thread" daemon [_thread_blocked, id=9254, stack(0x00007f44cc876000,0x00007f44cc977000)]
  0x00007f44e00cf000 JavaThread "C1 CompilerThread2" daemon [_thread_blocked, id=9253, stack(0x00007f44cc977000,0x00007f44cca78000)]
  0x00007f44e00cd000 JavaThread "C2 CompilerThread1" daemon [_thread_blocked, id=9252, stack(0x00007f44cca78000,0x00007f44ccb79000)]
  0x00007f44e00ca800 JavaThread "C2 CompilerThread0" daemon [_thread_blocked, id=9251, stack(0x00007f44ccb79000,0x00007f44ccc7a000)]
  0x00007f44a0001000 JavaThread "JDWP Command Reader" daemon [_thread_in_native, id=9249, stack(0x00007f44ccc7a000,0x00007f44ccd7b000)]
  0x00007f44e00c8000 JavaThread "JDWP Event Helper Thread" daemon [_thread_blocked, id=9247, stack(0x00007f44ccd7b000,0x00007f44cce7c000)]
  0x00007f44e00c4800 JavaThread "JDWP Transport Listener: dt_socket" daemon [_thread_blocked, id=9245, stack(0x00007f44cce7c000,0x00007f44ccf7d000)]
  0x00007f44e00b8000 JavaThread "Signal Dispatcher" daemon [_thread_blocked, id=9243, stack(0x00007f44cd181000,0x00007f44cd282000)]
  0x00007f44e0086800 JavaThread "Finalizer" daemon [_thread_blocked, id=9242, stack(0x00007f44cd282000,0x00007f44cd383000)]
  0x00007f44e0082000 JavaThread "Reference Handler" daemon [_thread_blocked, id=9241, stack(0x00007f44cd383000,0x00007f44cd484000)]
  0x00007f44e000c800 JavaThread "main" [_thread_blocked, id=9231, stack(0x00007f44e86e5000,0x00007f44e87e6000)]

Other Threads:
=>0x00007f44e007a000 VMThread [stack: 0x00007f44cd484000,0x00007f44cd585000] [id=9240]
  0x00007f44e00d5800 WatcherThread [stack: 0x00007f44cc775000,0x00007f44cc876000] [id=9255]

VM state:at safepoint (normal execution)

VM Mutex/Monitor currently owned by a thread:  ([mutex/lock_event])
[0x00007f44e0008990] Threads_lock - owner thread: 0x00007f44e007a000
[0x00007f44e0008e90] Heap_lock - owner thread: 0x00007f4480001800

Heap:
 PSYoungGen      total 132096K, used 9187K [0x00000000ec000000, 0x00000000f4a00000, 0x0000000100000000)
  eden space 122880K, 0% used [0x00000000ec000000,0x00000000ec000000,0x00000000f3800000)
  from space 9216K, 99% used [0x00000000f3800000,0x00000000f40f8de8,0x00000000f4100000)
  to   space 8704K, 0% used [0x00000000f4180000,0x00000000f4180000,0x00000000f4a00000)
 ParOldGen       total 44544K, used 30972K [0x00000000c4000000, 0x00000000c6b80000, 0x00000000ec000000)
  object space 44544K, 69% used [0x00000000c4000000,0x00000000c5e3f0c8,0x00000000c6b80000)
 Metaspace       used 28569K, capacity 29154K, committed 29440K, reserved 1075200K
  class space    used 3348K, capacity 3520K, committed 3584K, reserved 1048576K

Card table byte_map: [0x00007f44e44bc000,0x00007f44e469d000] byte_map_base: 0x00007f44e3e9c000

Marking Bits: (ParMarkBitMap*) 0x00007f44e7bb6d60
 Begin Bits: [0x00007f44cf0ff000, 0x00007f44cffff000)
 End Bits:   [0x00007f44cffff000, 0x00007f44d0eff000)

Polling page: 0x00007f44e8805000

CodeCache: size=245760Kb used=14383Kb max_used=15001Kb free=231376Kb
 bounds [0x00007f44d1000000, 0x00007f44d1ee0000, 0x00007f44e0000000]
 total_blobs=4538 nmethods=4138 adapters=321
 compilation: enabled

Compilation events (10 events):
Event: 36.888 Thread 0x00007f44e00cf000 4679       3       org.apache.tomcat.util.bcel.classfile.InnerClasses::<init> (16 bytes)
Event: 36.889 Thread 0x00007f44e00cf000 nmethod 4679 0x00007f44d1532010 code [0x00007f44d1532180, 0x00007f44d1532510]
Event: 36.896 Thread 0x00007f44e00cd000 nmethod 4582 0x00007f44d1293790 code [0x00007f44d1293b60, 0x00007f44d12949e0]
Event: 36.896 Thread 0x00007f44e00cd000 4676 %     4       org.apache.tomcat.util.bcel.classfile.ConstantPool::<init> @ 25 (74 bytes)
Event: 36.907 Thread 0x00007f44e00cd000 nmethod 4676% 0x00007f44d1763d90 code [0x00007f44d1763f20, 0x00007f44d1764268]
Event: 36.907 Thread 0x00007f44e00cd000 4674       4       org.apache.tomcat.util.bcel.classfile.FieldOrMethod::<init> (65 bytes)
Event: 36.921 Thread 0x00007f44e00cd000 nmethod 4674 0x00007f44d1a6e5d0 code [0x00007f44d1a6e780, 0x00007f44d1a6eb00]
Event: 36.921 Thread 0x00007f44e00cd000 4681       4       org.apache.tomcat.util.bcel.classfile.LineNumberTable::<init> (65 bytes)
Event: 36.942 Thread 0x00007f44e00cd000 nmethod 4681 0x00007f44d1194410 code [0x00007f44d11945a0, 0x00007f44d1194928]
Event: 36.942 Thread 0x00007f44e00cd000 4680       4       org.apache.tomcat.util.bcel.classfile.Code::<init> (162 bytes)

GC Heap History (10 events):
Event: 9.110 GC heap after
Heap after GC invocations=3 (full 0):
 PSYoungGen      total 33280K, used 2544K [0x00000000ec000000, 0x00000000f0100000, 0x0000000100000000)
  eden space 30720K, 0% used [0x00000000ec000000,0x00000000ec000000,0x00000000ede00000)
  from space 2560K, 99% used [0x00000000ede00000,0x00000000ee07c010,0x00000000ee080000)
  to   space 2560K, 0% used [0x00000000efe80000,0x00000000efe80000,0x00000000f0100000)
 ParOldGen       total 40960K, used 4773K [0x00000000c4000000, 0x00000000c6800000, 0x00000000ec000000)
  object space 40960K, 11% used [0x00000000c4000000,0x00000000c44a9478,0x00000000c6800000)
 Metaspace       used 11442K, capacity 11624K, committed 11776K, reserved 1058816K
  class space    used 1421K, capacity 1508K, committed 1536K, reserved 1048576K
}
Event: 14.130 GC heap before
{Heap before GC invocations=4 (full 0):
 PSYoungGen      total 33280K, used 33264K [0x00000000ec000000, 0x00000000f0100000, 0x0000000100000000)
  eden space 30720K, 100% used [0x00000000ec000000,0x00000000ede00000,0x00000000ede00000)
  from space 2560K, 99% used [0x00000000ede00000,0x00000000ee07c010,0x00000000ee080000)
  to   space 2560K, 0% used [0x00000000efe80000,0x00000000efe80000,0x00000000f0100000)
 ParOldGen       total 40960K, used 4773K [0x00000000c4000000, 0x00000000c6800000, 0x00000000ec000000)
  object space 40960K, 11% used [0x00000000c4000000,0x00000000c44a9478,0x00000000c6800000)
 Metaspace       used 14831K, capacity 15100K, committed 15232K, reserved 1062912K
  class space    used 1803K, capacity 1906K, committed 1920K, reserved 1048576K
Event: 14.332 GC heap after
Heap after GC invocations=4 (full 0):
 PSYoungGen      total 64000K, used 2544K [0x00000000ec000000, 0x00000000f0100000, 0x0000000100000000)
  eden space 61440K, 0% used [0x00000000ec000000,0x00000000ec000000,0x00000000efc00000)
  from space 2560K, 99% used [0x00000000efe80000,0x00000000f00fc010,0x00000000f0100000)
  to   space 2560K, 0% used [0x00000000efc00000,0x00000000efc00000,0x00000000efe80000)
 ParOldGen       total 40960K, used 9554K [0x00000000c4000000, 0x00000000c6800000, 0x00000000ec000000)
  object space 40960K, 23% used [0x00000000c4000000,0x00000000c4954998,0x00000000c6800000)
 Metaspace       used 14831K, capacity 15100K, committed 15232K, reserved 1062912K
  class space    used 1803K, capacity 1906K, committed 1920K, reserved 1048576K
}
Event: 21.303 GC heap before
{Heap before GC invocations=5 (full 0):
 PSYoungGen      total 64000K, used 63984K [0x00000000ec000000, 0x00000000f0100000, 0x0000000100000000)
  eden space 61440K, 100% used [0x00000000ec000000,0x00000000efc00000,0x00000000efc00000)
  from space 2560K, 99% used [0x00000000efe80000,0x00000000f00fc010,0x00000000f0100000)
  to   space 2560K, 0% used [0x00000000efc00000,0x00000000efc00000,0x00000000efe80000)
 ParOldGen       total 40960K, used 9554K [0x00000000c4000000, 0x00000000c6800000, 0x00000000ec000000)
  object space 40960K, 23% used [0x00000000c4000000,0x00000000c4954998,0x00000000c6800000)
 Metaspace       used 16288K, capacity 16676K, committed 16896K, reserved 1064960K
  class space    used 1922K, capacity 2022K, committed 2048K, reserved 1048576K
Event: 21.592 GC heap after
Heap after GC invocations=5 (full 0):
 PSYoungGen      total 64000K, used 2528K [0x00000000ec000000, 0x00000000f4b00000, 0x0000000100000000)
  eden space 61440K, 0% used [0x00000000ec000000,0x00000000ec000000,0x00000000efc00000)
  from space 2560K, 98% used [0x00000000efc00000,0x00000000efe78020,0x00000000efe80000)
  to   space 9728K, 0% used [0x00000000f4180000,0x00000000f4180000,0x00000000f4b00000)
 ParOldGen       total 40960K, used 13820K [0x00000000c4000000, 0x00000000c6800000, 0x00000000ec000000)
  object space 40960K, 33% used [0x00000000c4000000,0x00000000c4d7f398,0x00000000c6800000)
 Metaspace       used 16288K, capacity 16676K, committed 16896K, reserved 1064960K
  class space    used 1922K, capacity 2022K, committed 2048K, reserved 1048576K
}
Event: 25.520 GC heap before
{Heap before GC invocations=6 (full 0):
 PSYoungGen      total 64000K, used 30835K [0x00000000ec000000, 0x00000000f4b00000, 0x0000000100000000)
  eden space 61440K, 46% used [0x00000000ec000000,0x00000000edba4f18,0x00000000efc00000)
  from space 2560K, 98% used [0x00000000efc00000,0x00000000efe78020,0x00000000efe80000)
  to   space 9728K, 0% used [0x00000000f4180000,0x00000000f4180000,0x00000000f4b00000)
 ParOldGen       total 40960K, used 13820K [0x00000000c4000000, 0x00000000c6800000, 0x00000000ec000000)
  object space 40960K, 33% used [0x00000000c4000000,0x00000000c4d7f398,0x00000000c6800000)
 Metaspace       used 20735K, capacity 21134K, committed 21296K, reserved 1069056K
  class space    used 2481K, capacity 2615K, committed 2688K, reserved 1048576K
Event: 25.571 GC heap after
Heap after GC invocations=6 (full 0):
 PSYoungGen      total 131584K, used 5818K [0x00000000ec000000, 0x00000000f4a00000, 0x0000000100000000)
  eden space 122880K, 0% used [0x00000000ec000000,0x00000000ec000000,0x00000000f3800000)
  from space 8704K, 66% used [0x00000000f4180000,0x00000000f472ebb0,0x00000000f4a00000)
  to   space 9216K, 0% used [0x00000000f3800000,0x00000000f3800000,0x00000000f4100000)
 ParOldGen       total 40960K, used 13828K [0x00000000c4000000, 0x00000000c6800000, 0x00000000ec000000)
  object space 40960K, 33% used [0x00000000c4000000,0x00000000c4d81398,0x00000000c6800000)
 Metaspace       used 20735K, capacity 21134K, committed 21296K, reserved 1069056K
  class space    used 2481K, capacity 2615K, committed 2688K, reserved 1048576K
}
Event: 25.572 GC heap before
{Heap before GC invocations=7 (full 1):
 PSYoungGen      total 131584K, used 5818K [0x00000000ec000000, 0x00000000f4a00000, 0x0000000100000000)
  eden space 122880K, 0% used [0x00000000ec000000,0x00000000ec000000,0x00000000f3800000)
  from space 8704K, 66% used [0x00000000f4180000,0x00000000f472ebb0,0x00000000f4a00000)
  to   space 9216K, 0% used [0x00000000f3800000,0x00000000f3800000,0x00000000f4100000)
 ParOldGen       total 40960K, used 13828K [0x00000000c4000000, 0x00000000c6800000, 0x00000000ec000000)
  object space 40960K, 33% used [0x00000000c4000000,0x00000000c4d81398,0x00000000c6800000)
 Metaspace       used 20735K, capacity 21134K, committed 21296K, reserved 1069056K
  class space    used 2481K, capacity 2615K, committed 2688K, reserved 1048576K
Event: 25.994 GC heap after
Heap after GC invocations=7 (full 1):
 PSYoungGen      total 131584K, used 0K [0x00000000ec000000, 0x00000000f4a00000, 0x0000000100000000)
  eden space 122880K, 0% used [0x00000000ec000000,0x00000000ec000000,0x00000000f3800000)
  from space 8704K, 0% used [0x00000000f4180000,0x00000000f4180000,0x00000000f4a00000)
  to   space 9216K, 0% used [0x00000000f3800000,0x00000000f3800000,0x00000000f4100000)
 ParOldGen       total 44544K, used 17664K [0x00000000c4000000, 0x00000000c6b80000, 0x00000000ec000000)
  object space 44544K, 39% used [0x00000000c4000000,0x00000000c51400a0,0x00000000c6b80000)
 Metaspace       used 20735K, capacity 21134K, committed 21296K, reserved 1069056K
  class space    used 2481K, capacity 2615K, committed 2688K, reserved 1048576K
}
Event: 37.031 GC heap before
{Heap before GC invocations=8 (full 1):
 PSYoungGen      total 131584K, used 122880K [0x00000000ec000000, 0x00000000f4a00000, 0x0000000100000000)
  eden space 122880K, 100% used [0x00000000ec000000,0x00000000f3800000,0x00000000f3800000)
  from space 8704K, 0% used [0x00000000f4180000,0x00000000f4180000,0x00000000f4a00000)
  to   space 9216K, 0% used [0x00000000f3800000,0x00000000f3800000,0x00000000f4100000)
 ParOldGen       total 44544K, used 17664K [0x00000000c4000000, 0x00000000c6b80000, 0x00000000ec000000)
  object space 44544K, 39% used [0x00000000c4000000,0x00000000c51400a0,0x00000000c6b80000)
 Metaspace       used 28569K, capacity 29154K, committed 29440K, reserved 1075200K
  class space    used 3348K, capacity 3520K, committed 3584K, reserved 1048576K

Deoptimization events (10 events):
Event: 35.780 Thread 0x00007f4480001800 Uncommon trap: reason=unhandled action=none pc=0x00007f44d19d33d0 method=java.net.URLClassLoader.findClass(Ljava/lang/String;)Ljava/lang/Class; @ 44
Event: 35.781 Thread 0x00007f4480001800 Uncommon trap: reason=unhandled action=none pc=0x00007f44d19d33d0 method=java.net.URLClassLoader.findClass(Ljava/lang/String;)Ljava/lang/Class; @ 44
Event: 35.782 Thread 0x00007f4480001800 Uncommon trap: reason=unhandled action=none pc=0x00007f44d19d33d0 method=java.net.URLClassLoader.findClass(Ljava/lang/String;)Ljava/lang/Class; @ 44
Event: 35.783 Thread 0x00007f4480001800 Uncommon trap: reason=unhandled action=none pc=0x00007f44d19d33d0 method=java.net.URLClassLoader.findClass(Ljava/lang/String;)Ljava/lang/Class; @ 44
Event: 35.788 Thread 0x00007f4480001800 Uncommon trap: reason=unhandled action=none pc=0x00007f44d19d33d0 method=java.net.URLClassLoader.findClass(Ljava/lang/String;)Ljava/lang/Class; @ 44
Event: 35.789 Thread 0x00007f4480001800 Uncommon trap: reason=unhandled action=none pc=0x00007f44d19d33d0 method=java.net.URLClassLoader.findClass(Ljava/lang/String;)Ljava/lang/Class; @ 44
Event: 35.790 Thread 0x00007f4480001800 Uncommon trap: reason=unhandled action=none pc=0x00007f44d19d33d0 method=java.net.URLClassLoader.findClass(Ljava/lang/String;)Ljava/lang/Class; @ 44
Event: 35.791 Thread 0x00007f4480001800 Uncommon trap: reason=unhandled action=none pc=0x00007f44d19d33d0 method=java.net.URLClassLoader.findClass(Ljava/lang/String;)Ljava/lang/Class; @ 44
Event: 35.804 Thread 0x00007f4480001800 Uncommon trap: reason=unhandled action=none pc=0x00007f44d19d33d0 method=java.net.URLClassLoader.findClass(Ljava/lang/String;)Ljava/lang/Class; @ 44
Event: 35.844 Thread 0x00007f4480001800 Uncommon trap: reason=unhandled action=none pc=0x00007f44d19d33d0 method=java.net.URLClassLoader.findClass(Ljava/lang/String;)Ljava/lang/Class; @ 44

Internal exceptions (10 events):
Event: 32.424 Thread 0x00007f44e000c800 Exception <a 'java/lang/ArrayIndexOutOfBoundsException': 71> (0x00000000effec6a0) thrown at [/HUDSON/workspace/8-2-build-linux-amd64/jdk8u91/6644/hotspot/src/share/vm/interpreter/interpreterRuntime.cpp, line 366]
Event: 32.426 Thread 0x00007f44e000c800 Exception <a 'java/lang/ArrayIndexOutOfBoundsException': 71> (0x00000000effee0c0) thrown at [/HUDSON/workspace/8-2-build-linux-amd64/jdk8u91/6644/hotspot/src/share/vm/interpreter/interpreterRuntime.cpp, line 366]
Event: 32.448 Thread 0x00007f44e000c800 Exception <a 'java/lang/ArrayIndexOutOfBoundsException': 55> (0x00000000f0015cd0) thrown at [/HUDSON/workspace/8-2-build-linux-amd64/jdk8u91/6644/hotspot/src/share/vm/interpreter/interpreterRuntime.cpp, line 366]
Event: 32.448 Thread 0x00007f44e000c800 Exception <a 'java/lang/ArrayIndexOutOfBoundsException': 38> (0x00000000f0017478) thrown at [/HUDSON/workspace/8-2-build-linux-amd64/jdk8u91/6644/hotspot/src/share/vm/interpreter/interpreterRuntime.cpp, line 366]
Event: 32.493 Thread 0x00007f44e000c800 Exception <a 'java/lang/ArrayIndexOutOfBoundsException': 38> (0x00000000f003cee0) thrown at [/HUDSON/workspace/8-2-build-linux-amd64/jdk8u91/6644/hotspot/src/share/vm/interpreter/interpreterRuntime.cpp, line 366]
Event: 32.513 Thread 0x00007f44e000c800 Exception <a 'java/lang/ArrayIndexOutOfBoundsException': 49> (0x00000000f004b0e8) thrown at [/HUDSON/workspace/8-2-build-linux-amd64/jdk8u91/6644/hotspot/src/share/vm/interpreter/interpreterRuntime.cpp, line 366]
Event: 34.340 Thread 0x00007f4480001800 Implicit null exception at 0x00007f44d19d8a29 to 0x00007f44d19d92b1
Event: 34.340 Thread 0x00007f4480001800 Implicit null exception at 0x00007f44d1a7b06b to 0x00007f44d1a7b941
Event: 34.890 Thread 0x00007f4480001800 Implicit null exception at 0x00007f44d1328936 to 0x00007f44d1328de1
Event: 34.890 Thread 0x00007f4480001800 Implicit null exception at 0x00007f44d11fa836 to 0x00007f44d11faca1

Events (10 events):
Event: 35.844 Thread 0x00007f4480001800 DEOPT UNPACKING pc=0x00007f44d1047633 sp=0x00007f44c68b22c8 mode 1
Event: 36.531 Executing VM operation: RevokeBias
Event: 36.531 Executing VM operation: RevokeBias done
Event: 36.531 Executing VM operation: RevokeBias
Event: 36.531 Executing VM operation: RevokeBias done
Event: 36.531 Executing VM operation: RevokeBias
Event: 36.531 Executing VM operation: RevokeBias done
Event: 36.987 Thread 0x00007f4480001800 DEOPT PACKING pc=0x00007f44d11a75e5 sp=0x00007f44c68b3e70
Event: 36.987 Thread 0x00007f4480001800 DEOPT UNPACKING pc=0x00007f44d1047633 sp=0x00007f44c68b3bd0 mode 0
Event: 37.015 Executing VM operation: ParallelGCFailedAllocation


Dynamic libraries:
00400000-00401000 r-xp 00000000 08:16 137737                             /usr/lib/jvm/jdk1.8.0_91/bin/java
00600000-00601000 rw-p 00000000 08:16 137737                             /usr/lib/jvm/jdk1.8.0_91/bin/java
00aa1000-00ac2000 rw-p 00000000 00:00 0                                  [heap]
c4000000-c6b80000 rw-p 00000000 00:00 0 
c6b80000-ec000000 ---p 00000000 00:00 0 
ec000000-f4a00000 rw-p 00000000 00:00 0 
fab00000-100000000 ---p 00000000 00:00 0 
100000000-100380000 rw-p 00000000 00:00 0 
100380000-140000000 ---p 00000000 00:00 0 
7f4480000000-7f4480021000 rw-p 00000000 00:00 0 
7f4480021000-7f4484000000 ---p 00000000 00:00 0 
7f4484000000-7f44848f6000 rw-p 00000000 00:00 0 
7f44848f6000-7f4488000000 ---p 00000000 00:00 0 
7f4488000000-7f4488021000 rw-p 00000000 00:00 0 
7f4488021000-7f448c000000 ---p 00000000 00:00 0 
7f448c000000-7f448c021000 rw-p 00000000 00:00 0 
7f448c021000-7f4490000000 ---p 00000000 00:00 0 
7f4490000000-7f44928d2000 rw-p 00000000 00:00 0 
7f44928d2000-7f4494000000 ---p 00000000 00:00 0 
7f4494000000-7f4494ecc000 rw-p 00000000 00:00 0 
7f4494ecc000-7f4498000000 ---p 00000000 00:00 0 
7f4498000000-7f4498021000 rw-p 00000000 00:00 0 
7f4498021000-7f449c000000 ---p 00000000 00:00 0 
7f449c000000-7f449ef04000 rw-p 00000000 00:00 0 
7f449ef04000-7f44a0000000 ---p 00000000 00:00 0 
7f44a0000000-7f44a0021000 rw-p 00000000 00:00 0 
7f44a0021000-7f44a4000000 ---p 00000000 00:00 0 
7f44a4000000-7f44a4021000 rw-p 00000000 00:00 0 
7f44a4021000-7f44a8000000 ---p 00000000 00:00 0 
7f44a8000000-7f44a8021000 rw-p 00000000 00:00 0 
7f44a8021000-7f44ac000000 ---p 00000000 00:00 0 
7f44ac000000-7f44ac021000 rw-p 00000000 00:00 0 
7f44ac021000-7f44b0000000 ---p 00000000 00:00 0 
7f44b0000000-7f44b028c000 rw-p 00000000 00:00 0 
7f44b028c000-7f44b4000000 ---p 00000000 00:00 0 
7f44b4000000-7f44b4021000 rw-p 00000000 00:00 0 
7f44b4021000-7f44b8000000 ---p 00000000 00:00 0 
7f44b8000000-7f44b8021000 rw-p 00000000 00:00 0 
7f44b8021000-7f44bc000000 ---p 00000000 00:00 0 
7f44bc000000-7f44bc021000 rw-p 00000000 00:00 0 
7f44bc021000-7f44c0000000 ---p 00000000 00:00 0 
7f44c0000000-7f44c0021000 rw-p 00000000 00:00 0 
7f44c0021000-7f44c4000000 ---p 00000000 00:00 0 
7f44c66bc000-7f44c66cf000 r--s 00344000 08:16 139604                     /usr/lib/jvm/jdk1.8.0_91/jre/lib/resources.jar
7f44c66cf000-7f44c66d9000 r--s 0005c000 08:17 1442598                    /home/mbc1996/.m2/repository/jstl/jstl/1.2/jstl-1.2.jar
7f44c66d9000-7f44c66f2000 r--s 001ae000 08:17 1442548                    /home/mbc1996/.m2/repository/org/aspectj/aspectjweaver/1.8.4/aspectjweaver-1.8.4.jar
7f44c66f2000-7f44c66f4000 r--s 0000c000 08:17 1442788                    /home/mbc1996/.m2/repository/org/springframework/spring-aspects/4.1.3.RELEASE/spring-aspects-4.1.3.RELEASE.jar
7f44c66f4000-7f44c66fb000 r--s 00037000 08:17 1442799                    /home/mbc1996/.m2/repository/org/springframework/spring-tx/4.1.3.RELEASE/spring-tx-4.1.3.RELEASE.jar
7f44c66fb000-7f44c6705000 r--s 0005f000 08:17 1442795                    /home/mbc1996/.m2/repository/org/springframework/spring-jdbc/4.1.3.RELEASE/spring-jdbc-4.1.3.RELEASE.jar
7f44c6705000-7f44c6715000 r--s 0009f000 08:17 1442801                    /home/mbc1996/.m2/repository/org/springframework/spring-web/4.1.3.RELEASE/spring-web-4.1.3.RELEASE.jar
7f44c6715000-7f44c6724000 r--s 000b0000 08:17 1442803                    /home/mbc1996/.m2/repository/org/springframework/spring-webmvc/4.1.3.RELEASE/spring-webmvc-4.1.3.RELEASE.jar
7f44c6724000-7f44c6731000 r--s 000a0000 08:17 1442790                    /home/mbc1996/.m2/repository/org/springframework/spring-beans/4.1.3.RELEASE/spring-beans-4.1.3.RELEASE.jar
7f44c6731000-7f44c6736000 r--s 0003b000 08:17 1442794                    /home/mbc1996/.m2/repository/org/springframework/spring-expression/4.1.3.RELEASE/spring-expression-4.1.3.RELEASE.jar
7f44c6736000-7f44c674a000 r--s 000e2000 08:17 1442793                    /home/mbc1996/.m2/repository/org/springframework/spring-core/4.1.3.RELEASE/spring-core-4.1.3.RELEASE.jar
7f44c674a000-7f44c674c000 r--s 00000000 08:17 1313113                    /home/mbc1996/.m2/repository/aopalliance/aopalliance/1.0/aopalliance-1.0.jar
7f44c674c000-7f44c6755000 r--s 0004f000 08:17 1442787                    /home/mbc1996/.m2/repository/org/springframework/spring-aop/4.1.3.RELEASE/spring-aop-4.1.3.RELEASE.jar
7f44c6755000-7f44c676d000 r--s 000e3000 08:17 1442791                    /home/mbc1996/.m2/repository/org/springframework/spring-context/4.1.3.RELEASE/spring-context-4.1.3.RELEASE.jar
7f44c676d000-7f44c676f000 r--s 00019000 08:17 1450263                    /home/mbc1996/.m2/repository/com/taotao/taotao-manager-pojo/0.0.1-SNAPSHOT/taotao-manager-pojo-0.0.1-SNAPSHOT.jar
7f44c676f000-7f44c6778000 r--s 0006d000 08:17 1442607                    /home/mbc1996/.m2/repository/log4j/log4j/1.2.16/log4j-1.2.16.jar
7f44c6778000-7f44c677a000 r--s 00005000 08:17 1442774                    /home/mbc1996/.m2/repository/org/slf4j/slf4j-api/1.6.4/slf4j-api-1.6.4.jar
7f44c677a000-7f44c677b000 r--s 00002000 08:17 1442781                    /home/mbc1996/.m2/repository/org/slf4j/slf4j-log4j12/1.6.4/slf4j-log4j12-1.6.4.jar
7f44c677b000-7f44c6781000 r--s 0003f000 08:17 1442581                    /home/mbc1996/.m2/repository/org/apache/httpcomponents/httpcore/4.3.2/httpcore-4.3.2.jar
7f44c6781000-7f44c678d000 r--s 00085000 08:17 1442579                    /home/mbc1996/.m2/repository/org/apache/httpcomponents/httpclient/4.3.5/httpclient-4.3.5.jar
7f44c678d000-7f44c6791000 r--s 00034000 08:17 1313145                    /home/mbc1996/.m2/repository/com/fasterxml/jackson/core/jackson-core/2.4.2/jackson-core-2.4.2.jar
7f44c6791000-7f44c6794000 r--s 00007000 08:17 1313144                    /home/mbc1996/.m2/repository/com/fasterxml/jackson/core/jackson-annotations/2.4.0/jackson-annotations-2.4.0.jar
7f44c6794000-7f44c67a5000 r--s 000f6000 08:17 1313146                    /home/mbc1996/.m2/repository/com/fasterxml/jackson/core/jackson-databind/2.4.2/jackson-databind-2.4.2.jar
7f44c67a5000-7f44c67ab000 r--s 0003f000 08:17 1313135                    /home/mbc1996/.m2/repository/commons-net/commons-net/3.3/commons-net-3.3.jar
7f44c67ab000-7f44c67ae000 r--s 00013000 08:17 1313124                    /home/mbc1996/.m2/repository/commons-io/commons-io/1.3.2/commons-io-1.3.2.jar
7f44c67ae000-7f44c67b5000 r--s 0005e000 08:17 1442558                    /home/mbc1996/.m2/repository/org/apache/commons/commons-lang3/3.3.2/commons-lang3-3.3.2.jar
7f44c67b5000-7f44c67b8000 ---p 00000000 00:00 0 
7f44c67b8000-7f44c68b6000 rw-p 00000000 00:00 0 
7f44c68b6000-7f44c68b9000 ---p 00000000 00:00 0 
7f44c68b9000-7f44c6af7000 rw-p 00000000 00:00 0 
7f44c6af7000-7f44c6bb7000 ---p 00000000 00:00 0 
7f44c6bb7000-7f44c6bd3000 r--s 00393000 08:16 139781                     /usr/lib/jvm/jdk1.8.0_91/jre/lib/ext/cldrdata.jar
7f44c6bd3000-7f44c6dd3000 rw-p 00000000 00:00 0 
7f44c6dd3000-7f44c6ddc000 r-xp 00000000 08:16 139663                     /usr/lib/jvm/jdk1.8.0_91/jre/lib/amd64/libmanagement.so
7f44c6ddc000-7f44c6fdb000 ---p 00009000 08:16 139663                     /usr/lib/jvm/jdk1.8.0_91/jre/lib/amd64/libmanagement.so
7f44c6fdb000-7f44c6fdc000 rw-p 00008000 08:16 139663                     /usr/lib/jvm/jdk1.8.0_91/jre/lib/amd64/libmanagement.so
7f44c6fdc000-7f44c71dc000 rw-p 00000000 00:00 0 
7f44c71dc000-7f44c73dc000 rw-p 00000000 00:00 0 
7f44c73dc000-7f44c73eb000 r--s 00081000 08:17 1442595                    /home/mbc1996/.m2/repository/joda-time/joda-time/2.5/joda-time-2.5.jar
7f44c73eb000-7f44c73ec000 r--s 00003000 08:17 1311153                    /home/mbc1996/.m2/repository/com/taotao/taotao-common/0.0.1-SNAPSHOT/taotao-common-0.0.1-SNAPSHOT.jar
7f44c73ec000-7f44c73f6000 r--s 00116000 08:16 139788                     /usr/lib/jvm/jdk1.8.0_91/jre/lib/ext/localedata.jar
7f44c73f6000-7f44c73f8000 r--s 00003000 08:17 1442589                    /home/mbc1996/.m2/repository/org/slf4j/jcl-over-slf4j/1.7.5/jcl-over-slf4j-1.7.5.jar
7f44c73f8000-7f44c73fa000 r--s 00009000 08:17 1442647                    /home/mbc1996/.m2/repository/org/apache/maven/shared/maven-filtering/1.0/maven-filtering-1.0.jar
7f44c73fa000-7f44c73fd000 r--s 0000c000 08:17 1442758                    /home/mbc1996/.m2/repository/org/codehaus/plexus/plexus-io/2.0.3/plexus-io-2.0.3.jar
7f44c73fd000-7f44c73ff000 r--s 00011000 08:17 1442572                    /home/mbc1996/.m2/repository/org/hamcrest/hamcrest-core/1.1/hamcrest-core-1.1.jar
7f44c73ff000-7f44c7406000 r--s 00037000 08:17 1442602                    /home/mbc1996/.m2/repository/junit/junit/4.10/junit-4.10.jar
7f44c7406000-7f44c740b000 r--s 00029000 08:17 1442733                    /home/mbc1996/.m2/repository/org/codehaus/plexus/plexus-archiver/2.1.1/plexus-archiver-2.1.1.jar
7f44c740b000-7f44c740f000 r--s 00014000 08:17 1442841                    /home/mbc1996/.m2/repository/org/tukaani/xz/1.0/xz-1.0.jar
7f44c740f000-7f44c7414000 r--s 00036000 08:17 1442555                    /home/mbc1996/.m2/repository/org/apache/commons/commons-compress/1.4.1/commons-compress-1.4.1.jar
7f44c7414000-7f44c7419000 r--s 00041000 08:17 1313129                    /home/mbc1996/.m2/repository/commons-lang/commons-lang/2.6/commons-lang-2.6.jar
7f44c7419000-7f44c741d000 r--s 00027000 08:17 1313125                    /home/mbc1996/.m2/repository/commons-io/commons-io/2.2/commons-io-2.2.jar
7f44c741d000-7f44c741f000 r--s 0000d000 08:17 1442753                    /home/mbc1996/.m2/repository/org/codehaus/plexus/plexus-interpolation/1.13/plexus-interpolation-1.13.jar
7f44c741f000-7f44c7420000 r--s 00004000 08:17 1442614                    /home/mbc1996/.m2/repository/org/apache/maven/maven-archiver/2.4.2/maven-archiver-2.4.2.jar
7f44c7420000-7f44c7422000 r--s 00005000 08:17 1442832                    /home/mbc1996/.m2/repository/org/apache/tomcat/maven/tomcat7-war-runner/2.2/tomcat7-war-runner-2.2.jar
7f44c7422000-7f44c7428000 r--s 00033000 08:17 1313122                    /home/mbc1996/.m2/repository/commons-codec/commons-codec/1.6/commons-codec-1.6.jar
7f44c7428000-7f44c742a000 r--s 0000e000 08:17 1313130                    /home/mbc1996/.m2/repository/commons-logging/commons-logging/1.1.3/commons-logging-1.1.3.jar
7f44c742a000-7f44c7430000 r--s 0003f000 08:17 1442582                    /home/mbc1996/.m2/repository/org/apache/httpcomponents/httpcore/4.3/httpcore-4.3.jar
7f44c7430000-7f44c743b000 r--s 00084000 08:17 1442577                    /home/mbc1996/.m2/repository/org/apache/httpcomponents/httpclient/4.3.1/httpclient-4.3.1.jar
7f44c743b000-7f44c743e000 r--s 00006000 08:17 1313148                    /home/mbc1996/.m2/repository/com/google/code/findbugs/jsr305/1.3.9/jsr305-1.3.9.jar
7f44c743e000-7f44c745c000 r--s 00151000 08:17 1313141                    /home/mbc1996/.m2/repository/com/google/guava/guava/10.0.1/guava-10.0.1.jar
7f44c745c000-7f44c745e000 r--s 00008000 08:17 1442554                    /home/mbc1996/.m2/repository/org/apache/tomcat/maven/common-tomcat-maven-plugin/2.2/common-tomcat-maven-plugin-2.2.jar
7f44c745e000-7f44c746d000 r--s 001a9000 08:17 1442568                    /home/mbc1996/.m2/repository/org/eclipse/jdt/core/compiler/ecj/4.2.2/ecj-4.2.2.jar
7f44c746d000-7f44c746f000 r--s 00013000 08:17 1442821                    /home/mbc1996/.m2/repository/org/apache/tomcat/embed/tomcat-embed-logging-log4j/7.0.47/tomcat-embed-logging-log4j-7.0.47.jar
7f44c746f000-7f44c7471000 r--s 00008000 08:17 1442820                    /home/mbc1996/.m2/repository/org/apache/tomcat/embed/tomcat-embed-logging-juli/7.0.47/tomcat-embed-logging-juli-7.0.47.jar
7f44c7471000-7f44c7473000 r--s 00008000 08:17 1442826                    /home/mbc1996/.m2/repository/org/apache/tomcat/tomcat-juli/7.0.47/tomcat-juli-7.0.47.jar
7f44c7473000-7f44c7475000 r--s 0001f000 08:17 1442815                    /home/mbc1996/.m2/repository/org/apache/tomcat/tomcat-catalina-ha/7.0.47/tomcat-catalina-ha-7.0.47.jar
7f44c7475000-7f44c7479000 r--s 0003b000 08:17 1442829                    /home/mbc1996/.m2/repository/org/apache/tomcat/tomcat-tribes/7.0.47/tomcat-tribes-7.0.47.jar
7f44c7479000-7f44c748b000 r--s 00171000 08:17 1442814                    /home/mbc1996/.m2/repository/org/apache/tomcat/tomcat-catalina/7.0.47/tomcat-catalina-7.0.47.jar
7f44c748b000-7f44c748d000 r--s 0000a000 08:17 1442818                    /home/mbc1996/.m2/repository/org/apache/tomcat/tomcat-el-api/7.0.47/tomcat-el-api-7.0.47.jar
7f44c748d000-7f44c7490000 r--s 0001c000 08:17 1442823                    /home/mbc1996/.m2/repository/org/apache/tomcat/tomcat-jasper-el/7.0.47/tomcat-jasper-el-7.0.47.jar
7f44c7490000-7f44c7498000 r--s 0008b000 08:17 1442822                    /home/mbc1996/.m2/repository/org/apache/tomcat/tomcat-jasper/7.0.47/tomcat-jasper-7.0.47.jar
7f44c7498000-7f44c749b000 r--s 00013000 08:17 1442825                    /home/mbc1996/.m2/repository/org/apache/tomcat/tomcat-jsp-api/7.0.47/tomcat-jsp-api-7.0.47.jar
7f44c749b000-7f44c749e000 r--s 00029000 08:17 1442828                    /home/mbc1996/.m2/repository/org/apache/tomcat/tomcat-servlet-api/7.0.47/tomcat-servlet-api-7.0.47.jar
7f44c749e000-7f44c74a2000 r--s 00036000 08:17 1442817                    /home/mbc1996/.m2/repository/org/apache/tomcat/tomcat-dbcp/7.0.47/tomcat-dbcp-7.0.47.jar
7f44c74a2000-7f44c74b0000 r--s 000be000 08:17 1442816                    /home/mbc1996/.m2/repository/org/apache/tomcat/tomcat-coyote/7.0.47/tomcat-coyote-7.0.47.jar
7f44c74b0000-7f44c74d7000 r--s 00290000 08:17 1442819                    /home/mbc1996/.m2/repository/org/apache/tomcat/embed/tomcat-embed-core/7.0.47/tomcat-embed-core-7.0.47.jar
7f44c74d7000-7f44c76d7000 rw-p 00000000 00:00 0 
7f44c76d7000-7f44c78d7000 rw-p 00000000 00:00 0 
7f44c78d7000-7f44c78e8000 r-xp 00000000 08:16 139658                     /usr/lib/jvm/jdk1.8.0_91/jre/lib/amd64/libnio.so
7f44c78e8000-7f44c7ae7000 ---p 00011000 08:16 139658                     /usr/lib/jvm/jdk1.8.0_91/jre/lib/amd64/libnio.so
7f44c7ae7000-7f44c7ae8000 rw-p 00010000 08:16 139658                     /usr/lib/jvm/jdk1.8.0_91/jre/lib/amd64/libnio.so
7f44c7ae8000-7f44c7de9000 rw-p 00000000 00:00 0 
7f44c7de9000-7f44c7dff000 r-xp 00000000 08:16 139655                     /usr/lib/jvm/jdk1.8.0_91/jre/lib/amd64/libnet.so
7f44c7dff000-7f44c7fff000 ---p 00016000 08:16 139655                     /usr/lib/jvm/jdk1.8.0_91/jre/lib/amd64/libnet.so
7f44c7fff000-7f44c8000000 rw-p 00016000 08:16 139655                     /usr/lib/jvm/jdk1.8.0_91/jre/lib/amd64/libnet.so
7f44c8000000-7f44c8021000 rw-p 00000000 00:00 0 
7f44c8021000-7f44cc000000 ---p 00000000 00:00 0 
7f44cc000000-7f44cc001000 r--s 00003000 08:17 1442812                    /home/mbc1996/.m2/repository/org/apache/tomcat/tomcat-annotations-api/7.0.47/tomcat-annotations-api-7.0.47.jar
7f44cc001000-7f44cc003000 r--s 0001d000 08:17 1442824                    /home/mbc1996/.m2/repository/org/apache/tomcat/tomcat-jdbc/7.0.47/tomcat-jdbc-7.0.47.jar
7f44cc003000-7f44cc004000 r--s 00001000 08:17 1442813                    /home/mbc1996/.m2/repository/org/apache/tomcat/tomcat-api/7.0.47/tomcat-api-7.0.47.jar
7f44cc004000-7f44cc005000 r--s 00005000 08:17 1442830                    /home/mbc1996/.m2/repository/org/apache/tomcat/tomcat-util/7.0.47/tomcat-util-7.0.47.jar
7f44cc005000-7f44cc007000 r--s 0001a000 08:17 1442831                    /home/mbc1996/.m2/repository/org/apache/tomcat/maven/tomcat7-maven-plugin/2.2/tomcat7-maven-plugin-2.2.jar
7f44cc007000-7f44cc080000 r--s 010e3000 08:16 137866                     /usr/lib/jvm/jdk1.8.0_91/lib/tools.jar
7f44cc080000-7f44cc083000 r--s 0001b000 08:17 1442601                    /home/mbc1996/.m2/repository/junit/junit/3.8.2/junit-3.8.2.jar
7f44cc083000-7f44cc091000 r--s 0008f000 08:17 1313138                    /home/mbc1996/.m2/repository/com/google/collections/google-collections/1.0/google-collections-1.0.jar
7f44cc091000-7f44cc092000 r--s 0000a000 08:17 1313132                    /home/mbc1996/.m2/repository/commons-logging/commons-logging-api/1.1/commons-logging-api-1.1.jar
7f44cc092000-7f44cc099000 r--s 00051000 08:17 1442606                    /home/mbc1996/.m2/repository/log4j/log4j/1.2.12/log4j-1.2.12.jar
7f44cc099000-7f44cc09d000 r--s 0001d000 08:17 1442838                    /home/mbc1996/.m2/repository/org/apache/xbean/xbean-reflect/3.4/xbean-reflect-3.4.jar
7f44cc09d000-7f44cc09e000 r--s 00004000 08:17 1442743                    /home/mbc1996/.m2/repository/org/codehaus/plexus/plexus-compiler-javac/2.4/plexus-compiler-javac-2.4.jar
7f44cc09e000-7f44cc0a0000 r--s 00000000 08:17 1442745                    /home/mbc1996/.m2/repository/org/codehaus/plexus/plexus-compiler-manager/2.4/plexus-compiler-manager-2.4.jar
7f44cc0a0000-7f44cc0a2000 r--s 00005000 08:17 1442741                    /home/mbc1996/.m2/repository/org/codehaus/plexus/plexus-compiler-api/2.4/plexus-compiler-api-2.4.jar
7f44cc0a2000-7f44cc0a4000 r--s 00000000 08:17 1442747                    /home/mbc1996/.m2/repository/org/codehaus/plexus/plexus-component-annotations/1.5.5/plexus-component-annotations-1.5.5.jar
7f44cc0a4000-7f44cc0a6000 r--s 00002000 08:17 1442713                    /home/mbc1996/.m2/repository/org/apache/maven/shared/maven-shared-incremental/1.1/maven-shared-incremental-1.1.jar
7f44cc0a6000-7f44cc0a9000 r--s 00023000 08:17 1442714                    /home/mbc1996/.m2/repository/org/apache/maven/shared/maven-shared-utils/0.1/maven-shared-utils-0.1.jar
7f44cc0a9000-7f44cc0ad000 r--s 00030000 08:17 1442763                    /home/mbc1996/.m2/repository/org/codehaus/plexus/plexus-utils/1.5.1/plexus-utils-1.5.1.jar
7f44cc0ad000-7f44cc0af000 r--s 0000a000 08:17 1442633                    /home/mbc1996/.m2/repository/org/apache/maven/plugins/maven-compiler-plugin/3.2/maven-compiler-plugin-3.2.jar
7f44cc0af000-7f44cc0b2000 r--s 0000d000 08:17 1442755                    /home/mbc1996/.m2/repository/org/codehaus/plexus/plexus-interpolation/1.19/plexus-interpolation-1.19.jar
7f44cc0b2000-7f44cc0b3000 r--s 00001000 08:17 1442735                    /home/mbc1996/.m2/repository/org/sonatype/plexus/plexus-build-api/0.0.4/plexus-build-api-0.0.4.jar
7f44cc0b3000-7f44cc0b5000 r--s 00006000 08:17 1313149                    /home/mbc1996/.m2/repository/com/google/code/findbugs/jsr305/2.0.1/jsr305-2.0.1.jar
7f44cc0b5000-7f44cc0b8000 r--s 00023000 08:17 1442715                    /home/mbc1996/.m2/repository/org/apache/maven/shared/maven-shared-utils/0.3/maven-shared-utils-0.3.jar
7f44cc0b8000-7f44cc0ba000 r--s 00009000 08:17 1442649                    /home/mbc1996/.m2/repository/org/apache/maven/shared/maven-filtering/1.2/maven-filtering-1.2.jar
7f44cc0ba000-7f44cc0be000 r--s 00037000 08:17 1442765                    /home/mbc1996/.m2/repository/org/codehaus/plexus/plexus-utils/3.0.15/plexus-utils-3.0.15.jar
7f44cc0be000-7f44cc0c0000 r--s 00002000 08:17 1442736                    /home/mbc1996/.m2/repository/org/sonatype/plexus/plexus-cipher/1.4/plexus-cipher-1.4.jar
7f44cc0c0000-7f44cc0c1000 r--s 00006000 08:17 1442760                    /home/mbc1996/.m2/repository/org/sonatype/plexus/plexus-sec-dispatcher/1.3/plexus-sec-dispatcher-1.3.jar
7f44cc0c1000-7f44cc0c3000 r--s 00002000 08:17 1442752                    /home/mbc1996/.m2/repository/org/codehaus/plexus/plexus-interactivity-api/1.0-alpha-4/plexus-interactivity-api-1.0-alpha-4.jar
7f44cc0c3000-7f44cc0c5000 r--s 00009000 08:17 1313119                    /home/mbc1996/.m2/repository/commons-cli/commons-cli/1.2/commons-cli-1.2.jar
7f44cc0c5000-7f44cc0c6000 r--s 00002000 08:17 1442564                    /home/mbc1996/.m2/repository/org/apache/maven/doxia/doxia-logging-api/1.1/doxia-logging-api-1.1.jar
7f44cc0c6000-7f44cc0c8000 r--s 00002000 08:17 1442567                    /home/mbc1996/.m2/repository/org/apache/maven/doxia/doxia-sink-api/1.1/doxia-sink-api-1.1.jar
7f44cc0c8000-7f44cc0c9000 r--s 00002000 08:17 1442697                    /home/mbc1996/.m2/repository/org/apache/maven/reporting/maven-reporting-api/2.2.1/maven-reporting-api-2.2.1.jar
7f44cc0c9000-7f44cc0cb000 r--s 00003000 08:17 1442588                    /home/mbc1996/.m2/repository/org/slf4j/jcl-over-slf4j/1.5.6/jcl-over-slf4j-1.5.6.jar
7f44cc0cb000-7f44cc0cd000 r--s 00001000 08:17 1442780                    /home/mbc1996/.m2/repository/org/slf4j/slf4j-jdk14/1.5.6/slf4j-jdk14-1.5.6.jar
7f44cc0cd000-7f44cc0d0000 r--s 0001b000 08:17 1442600                    /home/mbc1996/.m2/repository/junit/junit/3.8.1/junit-3.8.1.jar
7f44cc0d0000-7f44cc0d8000 r--s 00049000 08:17 1313114                    /home/mbc1996/.m2/repository/backport-util-concurrent/backport-util-concurrent/3.1/backport-util-concurrent-3.1.jar
7f44cc0d8000-7f44cc0d9000 r--s 00007000 08:17 1442705                    /home/mbc1996/.m2/repository/org/apache/maven/plugins/maven-resources-plugin/2.7/maven-resources-plugin-2.7.jar
7f44cc0d9000-7f44cc0dd000 r--s 00034000 08:17 1442769                    /home/mbc1996/.m2/repository/org/codehaus/plexus/plexus-utils/3.0/plexus-utils-3.0.jar
7f44cc0dd000-7f44cc0df000 r--s 00005000 08:17 1442629                    /home/mbc1996/.m2/repository/org/apache/maven/plugins/maven-clean-plugin/2.5/maven-clean-plugin-2.5.jar
7f44cc0df000-7f44cc2df000 rw-p 00000000 00:00 0 
7f44cc2df000-7f44cc2e3000 r--s 00097000 08:16 139605                     /usr/lib/jvm/jdk1.8.0_91/jre/lib/jsse.jar
7f44cc2e3000-7f44cc4e3000 rw-p 00000000 00:00 0 
7f44cc4e3000-7f44cc6e3000 rw-p 00000000 00:00 0 
7f44cc6e3000-7f44cc6e4000 r--s 00002000 08:17 1053061                    /home/mbc1996/eclipse/plugins/org.eclipse.m2e.maven.runtime.slf4j.simple_1.7.0.20160603-1931/jars/slf4j-simple-1.7.5.jar
7f44cc6e4000-7f44cc6e9000 r--s 00041000 08:17 1052573                    /home/mbc1996/eclipse/plugins/org.eclipse.m2e.maven.runtime_1.7.0.20160603-1931/jars/commons-lang-2.6.jar
7f44cc6e9000-7f44cc6ea000 r--s 00002000 08:17 1052585                    /home/mbc1996/eclipse/plugins/org.eclipse.m2e.maven.runtime_1.7.0.20160603-1931/jars/wagon-file-2.10.jar
7f44cc6ea000-7f44cc6ec000 r--s 00005000 08:17 1052572                    /home/mbc1996/eclipse/plugins/org.eclipse.m2e.maven.runtime_1.7.0.20160603-1931/jars/aether-transport-wagon-1.0.2.v20150114.jar
7f44cc6ec000-7f44cc6ed000 r--s 00008000 08:17 1052587                    /home/mbc1996/eclipse/plugins/org.eclipse.m2e.maven.runtime_1.7.0.20160603-1931/jars/aether-connector-basic-1.0.2.v20150114.jar
7f44cc6ed000-7f44cc6ef000 r--s 0000f000 08:17 1052592                    /home/mbc1996/eclipse/plugins/org.eclipse.m2e.maven.runtime_1.7.0.20160603-1931/jars/okio-1.6.0.jar
7f44cc6ef000-7f44cc6f4000 r--s 00049000 08:17 1052602                    /home/mbc1996/eclipse/plugins/org.eclipse.m2e.maven.runtime_1.7.0.20160603-1931/jars/okhttp-2.5.0.jar
7f44cc6f4000-7f44cc6f6000 r--s 0000b000 08:17 1052583                    /home/mbc1996/eclipse/plugins/org.eclipse.m2e.maven.runtime_1.7.0.20160603-1931/jars/aether-connector-okhttp-0.16.0.jar
7f44cc6f6000-7f44cc6f8000 r--s 00006000 08:17 1052595                    /home/mbc1996/eclipse/plugins/org.eclipse.m2e.maven.runtime_1.7.0.20160603-1931/jars/aether-spi-1.0.2.v20150114.jar
7f44cc6f8000-7f44cc6fc000 r--s 00027000 08:17 1052599                    /home/mbc1996/eclipse/plugins/org.eclipse.m2e.maven.runtime_1.7.0.20160603-1931/jars/aether-impl-1.0.2.v20150114.jar
7f44cc6fc000-7f44cc727000 r--s 001fc000 08:17 1052570                    /home/mbc1996/eclipse/plugins/org.eclipse.m2e.maven.runtime_1.7.0.20160603-1931/jars/guava-18.0.jar
7f44cc727000-7f44cc72f000 r--s 00055000 08:17 1052600                    /home/mbc1996/eclipse/plugins/org.eclipse.m2e.maven.runtime_1.7.0.20160603-1931/jars/org.eclipse.sisu.inject-0.3.2.jar
7f44cc72f000-7f44cc730000 r--s 00001000 08:17 1052604                    /home/mbc1996/eclipse/plugins/org.eclipse.m2e.maven.runtime_1.7.0.20160603-1931/jars/jsr250-api-1.0.jar
7f44cc730000-7f44cc733000 r--s 00008000 08:17 1052571                    /home/mbc1996/eclipse/plugins/org.eclipse.m2e.maven.runtime_1.7.0.20160603-1931/jars/cdi-api-1.0.jar
7f44cc733000-7f44cc739000 r--s 0002d000 08:17 1052582                    /home/mbc1996/eclipse/plugins/org.eclipse.m2e.maven.runtime_1.7.0.20160603-1931/jars/org.eclipse.sisu.plexus-0.3.2.jar
7f44cc739000-7f44cc73c000 r--s 0000b000 08:17 1052591                    /home/mbc1996/eclipse/plugins/org.eclipse.m2e.maven.runtime_1.7.0.20160603-1931/jars/wagon-provider-api-2.10.jar
7f44cc73c000-7f44cc742000 r--s 00041000 08:17 1052605                    /home/mbc1996/eclipse/plugins/org.eclipse.m2e.maven.runtime_1.7.0.20160603-1931/jars/maven-compat-3.3.9.jar
7f44cc742000-7f44cc744000 r--s 00009000 08:17 1052598                    /home/mbc1996/eclipse/plugins/org.eclipse.m2e.maven.runtime_1.7.0.20160603-1931/jars/commons-cli-1.2.jar
7f44cc744000-7f44cc746000 r--s 00002000 08:17 1052581                    /home/mbc1996/eclipse/plugins/org.eclipse.m2e.maven.runtime_1.7.0.20160603-1931/jars/plexus-cipher-1.7.jar
7f44cc746000-7f44cc749000 r--s 00013000 08:17 1052577                    /home/mbc1996/eclipse/plugins/org.eclipse.m2e.maven.runtime_1.7.0.20160603-1931/jars/maven-embedder-3.3.9.jar
7f44cc749000-7f44cc750000 r--s 00064000 08:17 1052584                    /home/mbc1996/eclipse/plugins/org.eclipse.m2e.maven.runtime_1.7.0.20160603-1931/jars/commons-lang3-3.4.jar
7f44cc750000-7f44cc751000 r--s 00006000 08:17 1052589                    /home/mbc1996/eclipse/plugins/org.eclipse.m2e.maven.runtime_1.7.0.20160603-1931/jars/plexus-sec-dispatcher-1.3.jar
7f44cc751000-7f44cc753000 r--s 00000000 08:17 1052606                    /home/mbc1996/eclipse/plugins/org.eclipse.m2e.maven.runtime_1.7.0.20160603-1931/jars/plexus-component-annotations-1.6.jar
7f44cc753000-7f44cc757000 r--s 00038000 08:17 1052594                    /home/mbc1996/eclipse/plugins/org.eclipse.m2e.maven.runtime_1.7.0.20160603-1931/jars/plexus-utils-3.0.22.jar
7f44cc757000-7f44cc75a000 r--s 0000d000 08:17 1052588                    /home/mbc1996/eclipse/plugins/org.eclipse.m2e.maven.runtime_1.7.0.20160603-1931/jars/plexus-interpolation-1.21.jar
7f44cc75a000-7f44cc763000 r--s 0005f000 08:17 1052574                    /home/mbc1996/eclipse/plugins/org.eclipse.m2e.maven.runtime_1.7.0.20160603-1931/jars/guice-4.0-no_aop.jar
7f44cc763000-7f44cc767000 r--s 00020000 08:17 1052580                    /home/mbc1996/eclipse/plugins/org.eclipse.m2e.maven.runtime_1.7.0.20160603-1931/jars/aether-util-1.0.2.v20150114.jar
7f44cc767000-7f44cc76c000 r--s 0001d000 08:17 1052578                    /home/mbc1996/eclipse/plugins/org.eclipse.m2e.maven.runtime_1.7.0.20160603-1931/jars/aether-api-1.0.2.v20150114.jar
7f44cc76c000-7f44cc76e000 r--s 0000f000 08:17 1052593                    /home/mbc1996/eclipse/plugins/org.eclipse.m2e.maven.runtime_1.7.0.20160603-1931/jars/maven-aether-provider-3.3.9.jar
7f44cc76e000-7f44cc773000 r--s 00027000 08:17 1052575                    /home/mbc1996/eclipse/plugins/org.eclipse.m2e.maven.runtime_1.7.0.20160603-1931/jars/maven-model-builder-3.3.9.jar
7f44cc773000-7f44cc775000 r--s 0000a000 08:17 1052596                    /home/mbc1996/eclipse/plugins/org.eclipse.m2e.maven.runtime_1.7.0.20160603-1931/jars/maven-plugin-api-3.3.9.jar
7f44cc775000-7f44cc776000 ---p 00000000 00:00 0 
7f44cc776000-7f44cc876000 rw-p 00000000 00:00 0 
7f44cc876000-7f44cc879000 ---p 00000000 00:00 0 
7f44cc879000-7f44cc977000 rw-p 00000000 00:00 0 
7f44cc977000-7f44cc97a000 ---p 00000000 00:00 0 
7f44cc97a000-7f44cca78000 rw-p 00000000 00:00 0 
7f44cca78000-7f44cca7b000 ---p 00000000 00:00 0 
7f44cca7b000-7f44ccb79000 rw-p 00000000 00:00 0 
7f44ccb79000-7f44ccb7c000 ---p 00000000 00:00 0 
7f44ccb7c000-7f44ccc7a000 rw-p 00000000 00:00 0 
7f44ccc7a000-7f44ccc7d000 ---p 00000000 00:00 0 
7f44ccc7d000-7f44ccd7b000 rw-p 00000000 00:00 0 
7f44ccd7b000-7f44ccd7e000 ---p 00000000 00:00 0 
7f44ccd7e000-7f44cce7c000 rw-p 00000000 00:00 0 
7f44cce7c000-7f44cce7f000 ---p 00000000 00:00 0 
7f44cce7f000-7f44ccf7d000 rw-p 00000000 00:00 0 
7f44ccf7d000-7f44ccf81000 r-xp 00000000 08:16 139627                     /usr/lib/jvm/jdk1.8.0_91/jre/lib/amd64/libdt_socket.so
7f44ccf81000-7f44cd180000 ---p 00004000 08:16 139627                     /usr/lib/jvm/jdk1.8.0_91/jre/lib/amd64/libdt_socket.so
7f44cd180000-7f44cd181000 rw-p 00003000 08:16 139627                     /usr/lib/jvm/jdk1.8.0_91/jre/lib/amd64/libdt_socket.so
7f44cd181000-7f44cd184000 ---p 00000000 00:00 0 
7f44cd184000-7f44cd282000 rw-p 00000000 00:00 0 
7f44cd282000-7f44cd285000 ---p 00000000 00:00 0 
7f44cd285000-7f44cd383000 rw-p 00000000 00:00 0 
7f44cd383000-7f44cd386000 ---p 00000000 00:00 0 
7f44cd386000-7f44cd484000 rw-p 00000000 00:00 0 
7f44cd484000-7f44cd485000 ---p 00000000 00:00 0 
7f44cd485000-7f44ce546000 rw-p 00000000 00:00 0 
7f44ce546000-7f44ce71f000 r--s 03d1f000 08:16 139595                     /usr/lib/jvm/jdk1.8.0_91/jre/lib/rt.jar
7f44ce71f000-7f44d0eff000 rw-p 00000000 00:00 0 
7f44d0eff000-7f44d0f00000 ---p 00000000 00:00 0 
7f44d0f00000-7f44d1000000 rw-p 00000000 00:00 0 
7f44d1000000-7f44d1ee0000 rwxp 00000000 00:00 0 
7f44d1ee0000-7f44e0000000 ---p 00000000 00:00 0 
7f44e0000000-7f44e16ad000 rw-p 00000000 00:00 0 
7f44e16ad000-7f44e4000000 ---p 00000000 00:00 0 
7f44e4000000-7f44e4002000 r--s 0000c000 08:17 1052597                    /home/mbc1996/eclipse/plugins/org.eclipse.m2e.maven.runtime_1.7.0.20160603-1931/jars/maven-artifact-3.3.9.jar
7f44e4002000-7f44e4003000 r--s 00006000 08:17 1052607                    /home/mbc1996/eclipse/plugins/org.eclipse.m2e.maven.runtime_1.7.0.20160603-1931/jars/maven-repository-metadata-3.3.9.jar
7f44e4003000-7f44e4079000 rw-p 00000000 00:00 0 
7f44e4079000-7f44e407a000 ---p 00000000 00:00 0 
7f44e407a000-7f44e417a000 rw-p 00000000 00:00 0 
7f44e417a000-7f44e417b000 ---p 00000000 00:00 0 
7f44e417b000-7f44e427b000 rw-p 00000000 00:00 0 
7f44e427b000-7f44e427c000 ---p 00000000 00:00 0 
7f44e427c000-7f44e4392000 rw-p 00000000 00:00 0 
7f44e4392000-7f44e44bc000 ---p 00000000 00:00 0 
7f44e44bc000-7f44e44d2000 rw-p 00000000 00:00 0 
7f44e44d2000-7f44e45fc000 ---p 00000000 00:00 0 
7f44e45fc000-7f44e4641000 rw-p 00000000 00:00 0 
7f44e4641000-7f44e469c000 ---p 00000000 00:00 0 
7f44e469c000-7f44e46d9000 rw-p 00000000 00:00 0 
7f44e46d9000-7f44e4a5d000 ---p 00000000 00:00 0 
7f44e4a5d000-7f44e4a77000 r-xp 00000000 08:16 139651                     /usr/lib/jvm/jdk1.8.0_91/jre/lib/amd64/libzip.so
7f44e4a77000-7f44e4c77000 ---p 0001a000 08:16 139651                     /usr/lib/jvm/jdk1.8.0_91/jre/lib/amd64/libzip.so
7f44e4c77000-7f44e4c78000 rw-p 0001a000 08:16 139651                     /usr/lib/jvm/jdk1.8.0_91/jre/lib/amd64/libzip.so
7f44e4c78000-7f44e4c83000 r-xp 00000000 08:16 399402                     /lib/x86_64-linux-gnu/libnss_files-2.23.so
7f44e4c83000-7f44e4e82000 ---p 0000b000 08:16 399402                     /lib/x86_64-linux-gnu/libnss_files-2.23.so
7f44e4e82000-7f44e4e83000 r--p 0000a000 08:16 399402                     /lib/x86_64-linux-gnu/libnss_files-2.23.so
7f44e4e83000-7f44e4e84000 rw-p 0000b000 08:16 399402                     /lib/x86_64-linux-gnu/libnss_files-2.23.so
7f44e4e84000-7f44e4e8a000 rw-p 00000000 00:00 0 
7f44e4e8a000-7f44e4e95000 r-xp 00000000 08:16 399412                     /lib/x86_64-linux-gnu/libnss_nis-2.23.so
7f44e4e95000-7f44e5094000 ---p 0000b000 08:16 399412                     /lib/x86_64-linux-gnu/libnss_nis-2.23.so
7f44e5094000-7f44e5095000 r--p 0000a000 08:16 399412                     /lib/x86_64-linux-gnu/libnss_nis-2.23.so
7f44e5095000-7f44e5096000 rw-p 0000b000 08:16 399412                     /lib/x86_64-linux-gnu/libnss_nis-2.23.so
7f44e5096000-7f44e50ac000 r-xp 00000000 08:16 399396                     /lib/x86_64-linux-gnu/libnsl-2.23.so
7f44e50ac000-7f44e52ab000 ---p 00016000 08:16 399396                     /lib/x86_64-linux-gnu/libnsl-2.23.so
7f44e52ab000-7f44e52ac000 r--p 00015000 08:16 399396                     /lib/x86_64-linux-gnu/libnsl-2.23.so
7f44e52ac000-7f44e52ad000 rw-p 00016000 08:16 399396                     /lib/x86_64-linux-gnu/libnsl-2.23.so
7f44e52ad000-7f44e52af000 rw-p 00000000 00:00 0 
7f44e52af000-7f44e52b7000 r-xp 00000000 08:16 399398                     /lib/x86_64-linux-gnu/libnss_compat-2.23.so
7f44e52b7000-7f44e54b6000 ---p 00008000 08:16 399398                     /lib/x86_64-linux-gnu/libnss_compat-2.23.so
7f44e54b6000-7f44e54b7000 r--p 00007000 08:16 399398                     /lib/x86_64-linux-gnu/libnss_compat-2.23.so
7f44e54b7000-7f44e54b8000 rw-p 00008000 08:16 399398                     /lib/x86_64-linux-gnu/libnss_compat-2.23.so
7f44e54b8000-7f44e5e77000 r--p 00000000 08:16 140665                     /usr/lib/locale/locale-archive
7f44e5e77000-7f44e5e79000 r-xp 00000000 08:16 139628                     /usr/lib/jvm/jdk1.8.0_91/jre/lib/amd64/libnpt.so
7f44e5e79000-7f44e6079000 ---p 00002000 08:16 139628                     /usr/lib/jvm/jdk1.8.0_91/jre/lib/amd64/libnpt.so
7f44e6079000-7f44e607a000 rw-p 00002000 08:16 139628                     /usr/lib/jvm/jdk1.8.0_91/jre/lib/amd64/libnpt.so
7f44e607a000-7f44e60b3000 r-xp 00000000 08:16 139640                     /usr/lib/jvm/jdk1.8.0_91/jre/lib/amd64/libjdwp.so
7f44e60b3000-7f44e62b2000 ---p 00039000 08:16 139640                     /usr/lib/jvm/jdk1.8.0_91/jre/lib/amd64/libjdwp.so
7f44e62b2000-7f44e62b4000 rw-p 00038000 08:16 139640                     /usr/lib/jvm/jdk1.8.0_91/jre/lib/amd64/libjdwp.so
7f44e62b4000-7f44e62de000 r-xp 00000000 08:16 139646                     /usr/lib/jvm/jdk1.8.0_91/jre/lib/amd64/libjava.so
7f44e62de000-7f44e64de000 ---p 0002a000 08:16 139646                     /usr/lib/jvm/jdk1.8.0_91/jre/lib/amd64/libjava.so
7f44e64de000-7f44e64e0000 rw-p 0002a000 08:16 139646                     /usr/lib/jvm/jdk1.8.0_91/jre/lib/amd64/libjava.so
7f44e64e0000-7f44e64ed000 r-xp 00000000 08:16 139650                     /usr/lib/jvm/jdk1.8.0_91/jre/lib/amd64/libverify.so
7f44e64ed000-7f44e66ed000 ---p 0000d000 08:16 139650                     /usr/lib/jvm/jdk1.8.0_91/jre/lib/amd64/libverify.so
7f44e66ed000-7f44e66ef000 rw-p 0000d000 08:16 139650                     /usr/lib/jvm/jdk1.8.0_91/jre/lib/amd64/libverify.so
7f44e66ef000-7f44e66f6000 r-xp 00000000 08:16 399457                     /lib/x86_64-linux-gnu/librt-2.23.so
7f44e66f6000-7f44e68f5000 ---p 00007000 08:16 399457                     /lib/x86_64-linux-gnu/librt-2.23.so
7f44e68f5000-7f44e68f6000 r--p 00006000 08:16 399457                     /lib/x86_64-linux-gnu/librt-2.23.so
7f44e68f6000-7f44e68f7000 rw-p 00007000 08:16 399457                     /lib/x86_64-linux-gnu/librt-2.23.so
7f44e68f7000-7f44e69ff000 r-xp 00000000 08:16 399373                     /lib/x86_64-linux-gnu/libm-2.23.so
7f44e69ff000-7f44e6bfe000 ---p 00108000 08:16 399373                     /lib/x86_64-linux-gnu/libm-2.23.so
7f44e6bfe000-7f44e6bff000 r--p 00107000 08:16 399373                     /lib/x86_64-linux-gnu/libm-2.23.so
7f44e6bff000-7f44e6c00000 rw-p 00108000 08:16 399373                     /lib/x86_64-linux-gnu/libm-2.23.so
7f44e6c00000-7f44e78c0000 r-xp 00000000 08:16 139673                     /usr/lib/jvm/jdk1.8.0_91/jre/lib/amd64/server/libjvm.so
7f44e78c0000-7f44e7ac0000 ---p 00cc0000 08:16 139673                     /usr/lib/jvm/jdk1.8.0_91/jre/lib/amd64/server/libjvm.so
7f44e7ac0000-7f44e7b98000 rw-p 00cc0000 08:16 139673                     /usr/lib/jvm/jdk1.8.0_91/jre/lib/amd64/server/libjvm.so
7f44e7b98000-7f44e7be3000 rw-p 00000000 00:00 0 
7f44e7be3000-7f44e7da3000 r-xp 00000000 08:16 399303                     /lib/x86_64-linux-gnu/libc-2.23.so
7f44e7da3000-7f44e7fa2000 ---p 001c0000 08:16 399303                     /lib/x86_64-linux-gnu/libc-2.23.so
7f44e7fa2000-7f44e7fa6000 r--p 001bf000 08:16 399303                     /lib/x86_64-linux-gnu/libc-2.23.so
7f44e7fa6000-7f44e7fa8000 rw-p 001c3000 08:16 399303                     /lib/x86_64-linux-gnu/libc-2.23.so
7f44e7fa8000-7f44e7fac000 rw-p 00000000 00:00 0 
7f44e7fac000-7f44e7faf000 r-xp 00000000 08:16 399327                     /lib/x86_64-linux-gnu/libdl-2.23.so
7f44e7faf000-7f44e81ae000 ---p 00003000 08:16 399327                     /lib/x86_64-linux-gnu/libdl-2.23.so
7f44e81ae000-7f44e81af000 r--p 00002000 08:16 399327                     /lib/x86_64-linux-gnu/libdl-2.23.so
7f44e81af000-7f44e81b0000 rw-p 00003000 08:16 399327                     /lib/x86_64-linux-gnu/libdl-2.23.so
7f44e81b0000-7f44e81c5000 r-xp 00000000 08:16 139446                     /usr/lib/jvm/jdk1.8.0_91/lib/amd64/jli/libjli.so
7f44e81c5000-7f44e83c5000 ---p 00015000 08:16 139446                     /usr/lib/jvm/jdk1.8.0_91/lib/amd64/jli/libjli.so
7f44e83c5000-7f44e83c6000 rw-p 00015000 08:16 139446                     /usr/lib/jvm/jdk1.8.0_91/lib/amd64/jli/libjli.so
7f44e83c6000-7f44e83de000 r-xp 00000000 08:16 399449                     /lib/x86_64-linux-gnu/libpthread-2.23.so
7f44e83de000-7f44e85dd000 ---p 00018000 08:16 399449                     /lib/x86_64-linux-gnu/libpthread-2.23.so
7f44e85dd000-7f44e85de000 r--p 00017000 08:16 399449                     /lib/x86_64-linux-gnu/libpthread-2.23.so
7f44e85de000-7f44e85df000 rw-p 00018000 08:16 399449                     /lib/x86_64-linux-gnu/libpthread-2.23.so
7f44e85df000-7f44e85e3000 rw-p 00000000 00:00 0 
7f44e85e3000-7f44e8609000 r-xp 00000000 08:16 399275                     /lib/x86_64-linux-gnu/ld-2.23.so
7f44e8609000-7f44e860a000 r--s 00003000 08:17 1052601                    /home/mbc1996/eclipse/plugins/org.eclipse.m2e.maven.runtime_1.7.0.20160603-1931/jars/maven-builder-support-3.3.9.jar
7f44e860a000-7f44e860c000 r--s 00009000 08:17 1052603                    /home/mbc1996/eclipse/plugins/org.eclipse.m2e.maven.runtime_1.7.0.20160603-1931/jars/maven-settings-builder-3.3.9.jar
7f44e860c000-7f44e860d000 r--s 0000a000 08:17 1052579                    /home/mbc1996/eclipse/plugins/org.eclipse.m2e.maven.runtime_1.7.0.20160603-1931/jars/maven-settings-3.3.9.jar
7f44e860d000-7f44e86e5000 rw-p 00000000 00:00 0 
7f44e86e5000-7f44e86e8000 ---p 00000000 00:00 0 
7f44e86e8000-7f44e87ea000 rw-p 00000000 00:00 0 
7f44e87ea000-7f44e87ed000 r--s 00026000 08:17 1052586                    /home/mbc1996/eclipse/plugins/org.eclipse.m2e.maven.runtime_1.7.0.20160603-1931/jars/maven-model-3.3.9.jar
7f44e87ed000-7f44e87fa000 r--s 0008f000 08:17 1052608                    /home/mbc1996/eclipse/plugins/org.eclipse.m2e.maven.runtime_1.7.0.20160603-1931/jars/maven-core-3.3.9.jar
7f44e87fa000-7f44e87fc000 r--s 0000b000 08:17 1052576                    /home/mbc1996/eclipse/plugins/org.eclipse.m2e.maven.runtime_1.7.0.20160603-1931/jars/plexus-classworlds-2.5.2.jar
7f44e87fc000-7f44e8804000 rw-s 00000000 08:16 13403                      /tmp/hsperfdata_mbc1996/9227
7f44e8804000-7f44e8805000 rw-p 00000000 00:00 0 
7f44e8805000-7f44e8806000 ---p 00000000 00:00 0 
7f44e8806000-7f44e8808000 rw-p 00000000 00:00 0 
7f44e8808000-7f44e8809000 r--p 00025000 08:16 399275                     /lib/x86_64-linux-gnu/ld-2.23.so
7f44e8809000-7f44e880a000 rw-p 00026000 08:16 399275                     /lib/x86_64-linux-gnu/ld-2.23.so
7f44e880a000-7f44e880b000 rw-p 00000000 00:00 0 
7ffc95493000-7ffc954b4000 rw-p 00000000 00:00 0                          [stack]
7ffc9553d000-7ffc9553f000 r--p 00000000 00:00 0                          [vvar]
7ffc9553f000-7ffc95541000 r-xp 00000000 00:00 0                          [vdso]
ffffffffff600000-ffffffffff601000 r-xp 00000000 00:00 0                  [vsyscall]

VM Arguments:
jvm_args: -agentlib:jdwp=transport=dt_socket,suspend=y,address=localhost:37941 -Dmaven.home=EMBEDDED -Dclassworlds.conf=/home/mbc1996/eclipse_workspace/.metadata/.plugins/org.eclipse.m2e.launching/launches/m2conf8437762465455521014.tmp -Dmaven.multiModuleProjectDirectory=/home/mbc1996/eclipse_workspace/taotao-portal -Dfile.encoding=UTF-8 
java_command: org.codehaus.plexus.classworlds.launcher.Launcher -B clean tomcat7:run
java_class_path (initial): /home/mbc1996/eclipse/plugins/org.eclipse.m2e.maven.runtime_1.7.0.20160603-1931/jars/plexus-classworlds-2.5.2.jar
Launcher Type: SUN_STANDARD

Environment Variables:
JAVA_HOME=/usr/lib/jvm/jdk1.8.0_91
JRE_HOME=/usr/lib/jvm/jdk1.8.0_91/jre
CLASSPATH=.:/usr/lib/jvm/jdk1.8.0_91/lib:/usr/lib/jvm/jdk1.8.0_91/jre/lib
PATH=/opt/apache-maven-3.3.9/bin:/usr/lib/jvm/jdk1.8.0_91/bin:/usr/local/sbin:/usr/local/bin:/usr/sbin:/usr/bin:/sbin:/bin:/usr/games:/usr/local/games:/snap/bin
SHELL=/bin/bash
DISPLAY=:0

Signal Handlers:
SIGSEGV: [libjvm.so+0xabca10], sa_mask[0]=11111111011111111101111111111110, sa_flags=SA_RESTART|SA_SIGINFO
SIGBUS: [libjvm.so+0xabca10], sa_mask[0]=11111111011111111101111111111110, sa_flags=SA_RESTART|SA_SIGINFO
SIGFPE: [libjvm.so+0x919a20], sa_mask[0]=11111111011111111101111111111110, sa_flags=SA_RESTART|SA_SIGINFO
SIGPIPE: [libjvm.so+0x919a20], sa_mask[0]=11111111011111111101111111111110, sa_flags=SA_RESTART|SA_SIGINFO
SIGXFSZ: [libjvm.so+0x919a20], sa_mask[0]=11111111011111111101111111111110, sa_flags=SA_RESTART|SA_SIGINFO
SIGILL: [libjvm.so+0x919a20], sa_mask[0]=11111111011111111101111111111110, sa_flags=SA_RESTART|SA_SIGINFO
SIGUSR1: SIG_DFL, sa_mask[0]=00000000000000000000000000000000, sa_flags=none
SIGUSR2: [libjvm.so+0x91b050], sa_mask[0]=00100000000000000000000000000000, sa_flags=SA_RESTART|SA_SIGINFO
SIGHUP: [libjvm.so+0x91c450], sa_mask[0]=11111111011111111101111111111110, sa_flags=SA_RESTART|SA_SIGINFO
SIGINT: [libjvm.so+0x91c450], sa_mask[0]=11111111011111111101111111111110, sa_flags=SA_RESTART|SA_SIGINFO
SIGTERM: [libjvm.so+0x91c450], sa_mask[0]=11111111011111111101111111111110, sa_flags=SA_RESTART|SA_SIGINFO
SIGQUIT: [libjvm.so+0x91c450], sa_mask[0]=11111111011111111101111111111110, sa_flags=SA_RESTART|SA_SIGINFO


---------------  S Y S T E M  ---------------

OS:DISTRIB_ID=Ubuntu
DISTRIB_RELEASE=16.04
DISTRIB_CODENAME=xenial
DISTRIB_DESCRIPTION="Ubuntu 16.04 LTS"

uname:Linux 4.4.0-47-generic #68-Ubuntu SMP Wed Oct 26 19:39:52 UTC 2016 x86_64
libc:glibc 2.23 NPTL 2.23 
rlimit: STACK 8192k, CORE 0k, NPROC 14498, NOFILE 65536, AS infinity
load average:7.80 2.27 1.14

/proc/meminfo:
MemTotal:        3929788 kB
MemFree:          104368 kB
MemAvailable:      19872 kB
Buffers:             476 kB
Cached:           369936 kB
SwapCached:         6896 kB
Active:          2686228 kB
Inactive:         920104 kB
Active(anon):    2675052 kB
Inactive(anon):   903684 kB
Active(file):      11176 kB
Inactive(file):    16420 kB
Unevictable:          72 kB
Mlocked:              72 kB
SwapTotal:       2097148 kB
SwapFree:             24 kB
Dirty:                72 kB
Writeback:            32 kB
AnonPages:       3231368 kB
Mapped:           211716 kB
Shmem:            341932 kB
Slab:              84640 kB
SReclaimable:      41920 kB
SUnreclaim:        42720 kB
KernelStack:       13840 kB
PageTables:        56368 kB
NFS_Unstable:          0 kB
Bounce:                0 kB
WritebackTmp:          0 kB
CommitLimit:     4062040 kB
Committed_AS:   10302496 kB
VmallocTotal:   34359738367 kB
VmallocUsed:           0 kB
VmallocChunk:          0 kB
HardwareCorrupted:     0 kB
AnonHugePages:    614400 kB
CmaTotal:              0 kB
CmaFree:               0 kB
HugePages_Total:       0
HugePages_Free:        0
HugePages_Rsvd:        0
HugePages_Surp:        0
Hugepagesize:       2048 kB
DirectMap4k:      170132 kB
DirectMap2M:     3907584 kB


CPU:total 4 (2 cores per cpu, 2 threads per core) family 6 model 58 stepping 9, cmov, cx8, fxsr, mmx, sse, sse2, sse3, ssse3, sse4.1, sse4.2, popcnt, avx, aes, clmul, erms, ht, tsc, tscinvbit, tscinv

/proc/cpuinfo:
processor	: 0
vendor_id	: GenuineIntel
cpu family	: 6
model		: 58
model name	: Intel(R) Core(TM) i5-3337U CPU @ 1.80GHz
stepping	: 9
microcode	: 0x15
cpu MHz		: 2499.679
cache size	: 3072 KB
physical id	: 0
siblings	: 4
core id		: 0
cpu cores	: 2
apicid		: 0
initial apicid	: 0
fpu		: yes
fpu_exception	: yes
cpuid level	: 13
wp		: yes
flags		: fpu vme de pse tsc msr pae mce cx8 apic sep mtrr pge mca cmov pat pse36 clflush dts acpi mmx fxsr sse sse2 ss ht tm pbe syscall nx rdtscp lm constant_tsc arch_perfmon pebs bts rep_good nopl xtopology nonstop_tsc aperfmperf eagerfpu pni pclmulqdq dtes64 monitor ds_cpl vmx est tm2 ssse3 cx16 xtpr pdcm pcid sse4_1 sse4_2 x2apic popcnt tsc_deadline_timer aes xsave avx f16c rdrand lahf_lm epb tpr_shadow vnmi flexpriority ept vpid fsgsbase smep erms xsaveopt dtherm ida arat pln pts
bugs		:
bogomips	: 3592.00
clflush size	: 64
cache_alignment	: 64
address sizes	: 36 bits physical, 48 bits virtual
power management:

processor	: 1
vendor_id	: GenuineIntel
cpu family	: 6
model		: 58
model name	: Intel(R) Core(TM) i5-3337U CPU @ 1.80GHz
stepping	: 9
microcode	: 0x15
cpu MHz		: 2526.398
cache size	: 3072 KB
physical id	: 0
siblings	: 4
core id		: 1
cpu cores	: 2
apicid		: 2
initial apicid	: 2
fpu		: yes
fpu_exception	: yes
cpuid level	: 13
wp		: yes
flags		: fpu vme de pse tsc msr pae mce cx8 apic sep mtrr pge mca cmov pat pse36 clflush dts acpi mmx fxsr sse sse2 ss ht tm pbe syscall nx rdtscp lm constant_tsc arch_perfmon pebs bts rep_good nopl xtopology nonstop_tsc aperfmperf eagerfpu pni pclmulqdq dtes64 monitor ds_cpl vmx est tm2 ssse3 cx16 xtpr pdcm pcid sse4_1 sse4_2 x2apic popcnt tsc_deadline_timer aes xsave avx f16c rdrand lahf_lm epb tpr_shadow vnmi flexpriority ept vpid fsgsbase smep erms xsaveopt dtherm ida arat pln pts
bugs		:
bogomips	: 3592.00
clflush size	: 64
cache_alignment	: 64
address sizes	: 36 bits physical, 48 bits virtual
power management:

processor	: 2
vendor_id	: GenuineIntel
cpu family	: 6
model		: 58
model name	: Intel(R) Core(TM) i5-3337U CPU @ 1.80GHz
stepping	: 9
microcode	: 0x15
cpu MHz		: 2499.679
cache size	: 3072 KB
physical id	: 0
siblings	: 4
core id		: 0
cpu cores	: 2
apicid		: 1
initial apicid	: 1
fpu		: yes
fpu_exception	: yes
cpuid level	: 13
wp		: yes
flags		: fpu vme de pse tsc msr pae mce cx8 apic sep mtrr pge mca cmov pat pse36 clflush dts acpi mmx fxsr sse sse2 ss ht tm pbe syscall nx rdtscp lm constant_tsc arch_perfmon pebs bts rep_good nopl xtopology nonstop_tsc aperfmperf eagerfpu pni pclmulqdq dtes64 monitor ds_cpl vmx est tm2 ssse3 cx16 xtpr pdcm pcid sse4_1 sse4_2 x2apic popcnt tsc_deadline_timer aes xsave avx f16c rdrand lahf_lm epb tpr_shadow vnmi flexpriority ept vpid fsgsbase smep erms xsaveopt dtherm ida arat pln pts
bugs		:
bogomips	: 3592.00
clflush size	: 64
cache_alignment	: 64
address sizes	: 36 bits physical, 48 bits virtual
power management:

processor	: 3
vendor_id	: GenuineIntel
cpu family	: 6
model		: 58
model name	: Intel(R) Core(TM) i5-3337U CPU @ 1.80GHz
stepping	: 9
microcode	: 0x15
cpu MHz		: 2534.976
cache size	: 3072 KB
physical id	: 0
siblings	: 4
core id		: 1
cpu cores	: 2
apicid		: 3
initial apicid	: 3
fpu		: yes
fpu_exception	: yes
cpuid level	: 13
wp		: yes
flags		: fpu vme de pse tsc msr pae mce cx8 apic sep mtrr pge mca cmov pat pse36 clflush dts acpi mmx fxsr sse sse2 ss ht tm pbe syscall nx rdtscp lm constant_tsc arch_perfmon pebs bts rep_good nopl xtopology nonstop_tsc aperfmperf eagerfpu pni pclmulqdq dtes64 monitor ds_cpl vmx est tm2 ssse3 cx16 xtpr pdcm pcid sse4_1 sse4_2 x2apic popcnt tsc_deadline_timer aes xsave avx f16c rdrand lahf_lm epb tpr_shadow vnmi flexpriority ept vpid fsgsbase smep erms xsaveopt dtherm ida arat pln pts
bugs		:
bogomips	: 3592.00
clflush size	: 64
cache_alignment	: 64
address sizes	: 36 bits physical, 48 bits virtual
power management:



Memory: 4k page, physical 3929788k(104368k free), swap 2097148k(24k free)

vm_info: Java HotSpot(TM) 64-Bit Server VM (25.91-b14) for linux-amd64 JRE (1.8.0_91-b14), built on Apr  1 2016 00:57:21 by "java_re" with gcc 4.3.0 20080428 (Red Hat 4.3.0-8)

time: Thu Feb  9 15:15:15 2017
elapsed time: 42 seconds (0d 0h 0m 42s)

