#
# There is insufficient memory for the Java Runtime Environment to continue.
# Native memory allocation (mmap) failed to map 76546048 bytes for committing reserved memory.
# Possible reasons:
#   The system is out of physical RAM or swap space
#   In 32 bit mode, the process size limit was hit
# Possible solutions:
#   Reduce memory load on the system
#   Increase physical memory or swap space
#   Check if swap backing store is full
#   Use 64 bit Java on a 64 bit OS
#   Decrease Java heap size (-Xmx/-Xms)
#   Decrease number of Java threads
#   Decrease Java thread stack sizes (-Xss)
#   Set larger code cache with -XX:ReservedCodeCacheSize=
# This output file may be truncated or incomplete.
#
#  Out of Memory Error (os_linux.cpp:2627), pid=8413, tid=140014932535040
#
# JRE version: Java(TM) SE Runtime Environment (8.0_91-b14) (build 1.8.0_91-b14)
# Java VM: Java HotSpot(TM) 64-Bit Server VM (25.91-b14 mixed mode linux-amd64 compressed oops)
# Failed to write core dump. Core dumps have been disabled. To enable core dumping, try "ulimit -c unlimited" before starting Java again
#

---------------  T H R E A D  ---------------

Current thread (0x00007f57d807a000):  VMThread [stack: 0x00007f57c4412000,0x00007f57c4513000] [id=8426]

Stack: [0x00007f57c4412000,0x00007f57c4513000],  sp=0x00007f57c45112a0,  free space=1020k
Native frames: (J=compiled Java code, j=interpreted, Vv=VM code, C=native code)
V  [libjvm.so+0xabc18a]  VMError::report_and_die()+0x2ba
V  [libjvm.so+0x4fafeb]  report_vm_out_of_memory(char const*, int, unsigned long, VMErrorType, char const*)+0x8b
V  [libjvm.so+0x91cbb3]  os::Linux::commit_memory_impl(char*, unsigned long, bool)+0x103
V  [libjvm.so+0x91d109]  os::pd_commit_memory(char*, unsigned long, unsigned long, bool)+0x29
V  [libjvm.so+0x91740a]  os::commit_memory(char*, unsigned long, unsigned long, bool)+0x2a
V  [libjvm.so+0x98b033]  PSVirtualSpace::expand_by(unsigned long)+0x53
V  [libjvm.so+0x98c438]  PSYoungGen::resize_generation(unsigned long, unsigned long)+0xf8
V  [libjvm.so+0x98b592]  PSYoungGen::resize(unsigned long, unsigned long)+0x22
V  [libjvm.so+0x98886b]  PSScavenge::invoke_no_policy()+0xf3b
V  [libjvm.so+0x988ff1]  PSScavenge::invoke()+0x41
V  [libjvm.so+0x9408b0]  ParallelScavengeHeap::failed_mem_allocate(unsigned long)+0x70
V  [libjvm.so+0xabdba7]  VM_ParallelGCFailedAllocation::doit()+0x97
V  [libjvm.so+0xac55d5]  VM_Operation::evaluate()+0x55
V  [libjvm.so+0xac39aa]  VMThread::evaluate_operation(VM_Operation*)+0xba
V  [libjvm.so+0xac3d2e]  VMThread::loop()+0x1ce
V  [libjvm.so+0xac41a0]  VMThread::run()+0x70
V  [libjvm.so+0x91ef78]  java_start(Thread*)+0x108

VM_Operation (0x00007f57df787690): ParallelGCFailedAllocation, mode: safepoint, requested by thread 0x00007f57d800c800


---------------  P R O C E S S  ---------------

Java Threads: ( => current thread )
  0x00007f57d80d2800 JavaThread "Service Thread" daemon [_thread_blocked, id=8440, stack(0x00007f57bf7f6000,0x00007f57bf8f7000)]
  0x00007f57d80cf000 JavaThread "C1 CompilerThread2" daemon [_thread_blocked, id=8439, stack(0x00007f57bf8f7000,0x00007f57bf9f8000)]
  0x00007f57d80cd000 JavaThread "C2 CompilerThread1" daemon [_thread_blocked, id=8438, stack(0x00007f57bf9f8000,0x00007f57bfaf9000)]
  0x00007f57d80ca800 JavaThread "C2 CompilerThread0" daemon [_thread_blocked, id=8437, stack(0x00007f57bfaf9000,0x00007f57bfbfa000)]
  0x00007f579c001000 JavaThread "JDWP Command Reader" daemon [_thread_in_native, id=8434, stack(0x00007f57bfbfa000,0x00007f57bfcfb000)]
  0x00007f57d80c8000 JavaThread "JDWP Event Helper Thread" daemon [_thread_blocked, id=8432, stack(0x00007f57bfcfb000,0x00007f57bfdfc000)]
  0x00007f57d80c4800 JavaThread "JDWP Transport Listener: dt_socket" daemon [_thread_blocked, id=8431, stack(0x00007f57c400e000,0x00007f57c410f000)]
  0x00007f57d80b8000 JavaThread "Signal Dispatcher" daemon [_thread_blocked, id=8429, stack(0x00007f57c410f000,0x00007f57c4210000)]
  0x00007f57d8086800 JavaThread "Finalizer" daemon [_thread_blocked, id=8428, stack(0x00007f57c4210000,0x00007f57c4311000)]
  0x00007f57d8082000 JavaThread "Reference Handler" daemon [_thread_blocked, id=8427, stack(0x00007f57c4311000,0x00007f57c4412000)]
  0x00007f57d800c800 JavaThread "main" [_thread_blocked, id=8420, stack(0x00007f57df68b000,0x00007f57df78c000)]

Other Threads:
=>0x00007f57d807a000 VMThread [stack: 0x00007f57c4412000,0x00007f57c4513000] [id=8426]
  0x00007f57d80d5800 WatcherThread [stack: 0x00007f57bf6f5000,0x00007f57bf7f6000] [id=8441]

VM state:at safepoint (normal execution)

VM Mutex/Monitor currently owned by a thread:  ([mutex/lock_event])
[0x00007f57d8008990] Threads_lock - owner thread: 0x00007f57d807a000
[0x00007f57d8008e90] Heap_lock - owner thread: 0x00007f57d800c800

Heap:
 PSYoungGen      total 64000K, used 2560K [0x00000000ec000000, 0x00000000f0100000, 0x0000000100000000)
  eden space 61440K, 0% used [0x00000000ec000000,0x00000000ec000000,0x00000000efc00000)
  from space 2560K, 100% used [0x00000000efc00000,0x00000000efe80000,0x00000000efe80000)
  to   space 2560K, 0% used [0x00000000efe80000,0x00000000efe80000,0x00000000f0100000)
 ParOldGen       total 40960K, used 13344K [0x00000000c4000000, 0x00000000c6800000, 0x00000000ec000000)
  object space 40960K, 32% used [0x00000000c4000000,0x00000000c4d08120,0x00000000c6800000)
 Metaspace       used 16237K, capacity 16612K, committed 16896K, reserved 1064960K
  class space    used 1923K, capacity 2022K, committed 2048K, reserved 1048576K

Card table byte_map: [0x00007f57c8426000,0x00007f57c8607000] byte_map_base: 0x00007f57c7e06000

Marking Bits: (ParMarkBitMap*) 0x00007f57deb5cd60
 Begin Bits: [0x00007f57c60e2000, 0x00007f57c6fe2000)
 End Bits:   [0x00007f57c6fe2000, 0x00007f57c7ee2000)

Polling page: 0x00007f57df7ab000

CodeCache: size=245760Kb used=9883Kb max_used=9892Kb free=235876Kb
 bounds [0x00007f57c89c7000, 0x00007f57c9387000, 0x00007f57d79c7000]
 total_blobs=3153 nmethods=2813 adapters=259
 compilation: enabled

Compilation events (10 events):
Event: 11.427 Thread 0x00007f57d80cf000 2823       3       org.eclipse.aether.util.graph.selector.ExclusionDependencySelector::matches (23 bytes)
Event: 11.430 Thread 0x00007f57d80cf000 nmethod 2823 0x00007f57c9365f90 code [0x00007f57c9366120, 0x00007f57c9366498]
Event: 11.431 Thread 0x00007f57d80cf000 2824  s    3       java.io.ExpiringCache::put (70 bytes)
Event: 11.435 Thread 0x00007f57d80cf000 nmethod 2824 0x00007f57c9369a90 code [0x00007f57c9369c60, 0x00007f57c936a3a8]
Event: 11.443 Thread 0x00007f57d80cf000 2825       3       org.eclipse.aether.util.graph.selector.ExclusionDependencySelector::matches (78 bytes)
Event: 11.448 Thread 0x00007f57d80cf000 nmethod 2825 0x00007f57c9368150 code [0x00007f57c93683c0, 0x00007f57c93695b8]
Event: 11.448 Thread 0x00007f57d80cf000 2826       3       org.eclipse.aether.util.graph.selector.ScopeDependencySelector::deriveChildSelector (35 bytes)
Event: 11.449 Thread 0x00007f57d80cf000 nmethod 2826 0x00007f57c9365910 code [0x00007f57c9365aa0, 0x00007f57c9365e30]
Event: 11.449 Thread 0x00007f57d80cf000 2827       3       org.eclipse.aether.util.graph.selector.OptionalDependencySelector::deriveChildSelector (24 bytes)
Event: 11.449 Thread 0x00007f57d80cf000 nmethod 2827 0x00007f57c9367c10 code [0x00007f57c9367d80, 0x00007f57c9368030]

GC Heap History (9 events):
Event: 1.151 GC heap before
{Heap before GC invocations=1 (full 0):
 PSYoungGen      total 17920K, used 15360K [0x00000000ec000000, 0x00000000ed400000, 0x0000000100000000)
  eden space 15360K, 100% used [0x00000000ec000000,0x00000000ecf00000,0x00000000ecf00000)
  from space 2560K, 0% used [0x00000000ed180000,0x00000000ed180000,0x00000000ed400000)
  to   space 2560K, 0% used [0x00000000ecf00000,0x00000000ecf00000,0x00000000ed180000)
 ParOldGen       total 40960K, used 0K [0x00000000c4000000, 0x00000000c6800000, 0x00000000ec000000)
  object space 40960K, 0% used [0x00000000c4000000,0x00000000c4000000,0x00000000c6800000)
 Metaspace       used 6479K, capacity 6620K, committed 6784K, reserved 1056768K
  class space    used 750K, capacity 824K, committed 896K, reserved 1048576K
Event: 1.191 GC heap after
Heap after GC invocations=1 (full 0):
 PSYoungGen      total 17920K, used 2543K [0x00000000ec000000, 0x00000000ee300000, 0x0000000100000000)
  eden space 15360K, 0% used [0x00000000ec000000,0x00000000ec000000,0x00000000ecf00000)
  from space 2560K, 99% used [0x00000000ecf00000,0x00000000ed17bf08,0x00000000ed180000)
  to   space 2560K, 0% used [0x00000000ee080000,0x00000000ee080000,0x00000000ee300000)
 ParOldGen       total 40960K, used 463K [0x00000000c4000000, 0x00000000c6800000, 0x00000000ec000000)
  object space 40960K, 1% used [0x00000000c4000000,0x00000000c4073e08,0x00000000c6800000)
 Metaspace       used 6479K, capacity 6620K, committed 6784K, reserved 1056768K
  class space    used 750K, capacity 824K, committed 896K, reserved 1048576K
}
Event: 1.525 GC heap before
{Heap before GC invocations=2 (full 0):
 PSYoungGen      total 17920K, used 17903K [0x00000000ec000000, 0x00000000ee300000, 0x0000000100000000)
  eden space 15360K, 100% used [0x00000000ec000000,0x00000000ecf00000,0x00000000ecf00000)
  from space 2560K, 99% used [0x00000000ecf00000,0x00000000ed17bf08,0x00000000ed180000)
  to   space 2560K, 0% used [0x00000000ee080000,0x00000000ee080000,0x00000000ee300000)
 ParOldGen       total 40960K, used 463K [0x00000000c4000000, 0x00000000c6800000, 0x00000000ec000000)
  object space 40960K, 1% used [0x00000000c4000000,0x00000000c4073e08,0x00000000c6800000)
 Metaspace       used 7749K, capacity 7836K, committed 7936K, reserved 1056768K
  class space    used 956K, capacity 1016K, committed 1024K, reserved 1048576K
Event: 1.555 GC heap after
Heap after GC invocations=2 (full 0):
 PSYoungGen      total 33280K, used 2556K [0x00000000ec000000, 0x00000000ee300000, 0x0000000100000000)
  eden space 30720K, 0% used [0x00000000ec000000,0x00000000ec000000,0x00000000ede00000)
  from space 2560K, 99% used [0x00000000ee080000,0x00000000ee2ff138,0x00000000ee300000)
  to   space 2560K, 0% used [0x00000000ede00000,0x00000000ede00000,0x00000000ee080000)
 ParOldGen       total 40960K, used 591K [0x00000000c4000000, 0x00000000c6800000, 0x00000000ec000000)
  object space 40960K, 1% used [0x00000000c4000000,0x00000000c4093cb8,0x00000000c6800000)
 Metaspace       used 7749K, capacity 7836K, committed 7936K, reserved 1056768K
  class space    used 956K, capacity 1016K, committed 1024K, reserved 1048576K
}
Event: 2.308 GC heap before
{Heap before GC invocations=3 (full 0):
 PSYoungGen      total 33280K, used 33276K [0x00000000ec000000, 0x00000000ee300000, 0x0000000100000000)
  eden space 30720K, 100% used [0x00000000ec000000,0x00000000ede00000,0x00000000ede00000)
  from space 2560K, 99% used [0x00000000ee080000,0x00000000ee2ff138,0x00000000ee300000)
  to   space 2560K, 0% used [0x00000000ede00000,0x00000000ede00000,0x00000000ee080000)
 ParOldGen       total 40960K, used 591K [0x00000000c4000000, 0x00000000c6800000, 0x00000000ec000000)
  object space 40960K, 1% used [0x00000000c4000000,0x00000000c4093cb8,0x00000000c6800000)
 Metaspace       used 11408K, capacity 11624K, committed 11776K, reserved 1058816K
  class space    used 1416K, capacity 1508K, committed 1536K, reserved 1048576K
Event: 2.327 GC heap after
Heap after GC invocations=3 (full 0):
 PSYoungGen      total 33280K, used 2544K [0x00000000ec000000, 0x00000000f0100000, 0x0000000100000000)
  eden space 30720K, 0% used [0x00000000ec000000,0x00000000ec000000,0x00000000ede00000)
  from space 2560K, 99% used [0x00000000ede00000,0x00000000ee07c030,0x00000000ee080000)
  to   space 2560K, 0% used [0x00000000efe80000,0x00000000efe80000,0x00000000f0100000)
 ParOldGen       total 40960K, used 4648K [0x00000000c4000000, 0x00000000c6800000, 0x00000000ec000000)
  object space 40960K, 11% used [0x00000000c4000000,0x00000000c448a1c0,0x00000000c6800000)
 Metaspace       used 11408K, capacity 11624K, committed 11776K, reserved 1058816K
  class space    used 1416K, capacity 1508K, committed 1536K, reserved 1048576K
}
Event: 3.622 GC heap before
{Heap before GC invocations=4 (full 0):
 PSYoungGen      total 33280K, used 33264K [0x00000000ec000000, 0x00000000f0100000, 0x0000000100000000)
  eden space 30720K, 100% used [0x00000000ec000000,0x00000000ede00000,0x00000000ede00000)
  from space 2560K, 99% used [0x00000000ede00000,0x00000000ee07c030,0x00000000ee080000)
  to   space 2560K, 0% used [0x00000000efe80000,0x00000000efe80000,0x00000000f0100000)
 ParOldGen       total 40960K, used 4648K [0x00000000c4000000, 0x00000000c6800000, 0x00000000ec000000)
  object space 40960K, 11% used [0x00000000c4000000,0x00000000c448a1c0,0x00000000c6800000)
 Metaspace       used 14801K, capacity 15036K, committed 15232K, reserved 1062912K
  class space    used 1800K, capacity 1906K, committed 1920K, reserved 1048576K
Event: 3.644 GC heap after
Heap after GC invocations=4 (full 0):
 PSYoungGen      total 64000K, used 2560K [0x00000000ec000000, 0x00000000f0100000, 0x0000000100000000)
  eden space 61440K, 0% used [0x00000000ec000000,0x00000000ec000000,0x00000000efc00000)
  from space 2560K, 100% used [0x00000000efe80000,0x00000000f0100000,0x00000000f0100000)
  to   space 2560K, 0% used [0x00000000efc00000,0x00000000efc00000,0x00000000efe80000)
 ParOldGen       total 40960K, used 9216K [0x00000000c4000000, 0x00000000c6800000, 0x00000000ec000000)
  object space 40960K, 22% used [0x00000000c4000000,0x00000000c4900058,0x00000000c6800000)
 Metaspace       used 14801K, capacity 15036K, committed 15232K, reserved 1062912K
  class space    used 1800K, capacity 1906K, committed 1920K, reserved 1048576K
}
Event: 11.485 GC heap before
{Heap before GC invocations=5 (full 0):
 PSYoungGen      total 64000K, used 64000K [0x00000000ec000000, 0x00000000f0100000, 0x0000000100000000)
  eden space 61440K, 100% used [0x00000000ec000000,0x00000000efc00000,0x00000000efc00000)
  from space 2560K, 100% used [0x00000000efe80000,0x00000000f0100000,0x00000000f0100000)
  to   space 2560K, 0% used [0x00000000efc00000,0x00000000efc00000,0x00000000efe80000)
 ParOldGen       total 40960K, used 9216K [0x00000000c4000000, 0x00000000c6800000, 0x00000000ec000000)
  object space 40960K, 22% used [0x00000000c4000000,0x00000000c4900058,0x00000000c6800000)
 Metaspace       used 16237K, capacity 16612K, committed 16896K, reserved 1064960K
  class space    used 1923K, capacity 2022K, committed 2048K, reserved 1048576K

Deoptimization events (10 events):
Event: 5.660 Thread 0x00007f57d800c800 Uncommon trap: reason=range_check action=none pc=0x00007f57c8cdeae4 method=sun.reflect.generics.parser.SignatureParser.current()C @ 34
Event: 5.883 Thread 0x00007f57d800c800 Uncommon trap: reason=unstable_if action=reinterpret pc=0x00007f57c8cbedd4 method=java.io.Reader.read()I @ 12
Event: 5.971 Thread 0x00007f57d800c800 Uncommon trap: reason=unstable_if action=reinterpret pc=0x00007f57c8ce04d4 method=java.io.Reader.read()I @ 12
Event: 6.043 Thread 0x00007f57d800c800 Uncommon trap: reason=range_check action=none pc=0x00007f57c8cdeae4 method=sun.reflect.generics.parser.SignatureParser.current()C @ 34
Event: 6.051 Thread 0x00007f57d800c800 Uncommon trap: reason=range_check action=none pc=0x00007f57c8cdeae4 method=sun.reflect.generics.parser.SignatureParser.current()C @ 34
Event: 6.052 Thread 0x00007f57d800c800 Uncommon trap: reason=range_check action=none pc=0x00007f57c8cdeae4 method=sun.reflect.generics.parser.SignatureParser.current()C @ 34
Event: 6.052 Thread 0x00007f57d800c800 Uncommon trap: reason=range_check action=none pc=0x00007f57c8cdeae4 method=sun.reflect.generics.parser.SignatureParser.current()C @ 34
Event: 6.055 Thread 0x00007f57d800c800 Uncommon trap: reason=class_check action=maybe_recompile pc=0x00007f57c8e2c344 method=java.lang.reflect.Executable.getAnnotation(Ljava/lang/Class;)Ljava/lang/annotation/Annotation; @ 19
Event: 6.361 Thread 0x00007f57d800c800 Uncommon trap: reason=bimorphic action=maybe_recompile pc=0x00007f57c9036a24 method=java.util.regex.Pattern$CharProperty.match(Ljava/util/regex/Matcher;ILjava/lang/CharSequence;)Z @ 37
Event: 7.008 Thread 0x00007f57d800c800 Uncommon trap: reason=range_check action=none pc=0x00007f57c8cdeae4 method=sun.reflect.generics.parser.SignatureParser.current()C @ 34

Internal exceptions (10 events):
Event: 5.660 Thread 0x00007f57d800c800 Exception <a 'java/lang/ArrayIndexOutOfBoundsException': 112> (0x00000000ef274698) thrown at [/HUDSON/workspace/8-2-build-linux-amd64/jdk8u91/6644/hotspot/src/share/vm/interpreter/interpreterRuntime.cpp, line 366]
Event: 5.660 Thread 0x00007f57d800c800 Exception <a 'java/lang/ArrayIndexOutOfBoundsException': 86> (0x00000000ef276328) thrown at [/HUDSON/workspace/8-2-build-linux-amd64/jdk8u91/6644/hotspot/src/share/vm/interpreter/interpreterRuntime.cpp, line 366]
Event: 5.660 Thread 0x00007f57d800c800 Exception <a 'java/lang/ArrayIndexOutOfBoundsException': 100> (0x00000000ef277a58) thrown at [/HUDSON/workspace/8-2-build-linux-amd64/jdk8u91/6644/hotspot/src/share/vm/interpreter/interpreterRuntime.cpp, line 366]
Event: 5.660 Thread 0x00007f57d800c800 Exception <a 'java/lang/ArrayIndexOutOfBoundsException': 111> (0x00000000ef279210) thrown at [/HUDSON/workspace/8-2-build-linux-amd64/jdk8u91/6644/hotspot/src/share/vm/interpreter/interpreterRuntime.cpp, line 366]
Event: 5.660 Thread 0x00007f57d800c800 Exception <a 'java/lang/ArrayIndexOutOfBoundsException': 113> (0x00000000ef27af50) thrown at [/HUDSON/workspace/8-2-build-linux-amd64/jdk8u91/6644/hotspot/src/share/vm/interpreter/interpreterRuntime.cpp, line 366]
Event: 6.051 Thread 0x00007f57d800c800 Exception <a 'java/lang/ArrayIndexOutOfBoundsException': 72> (0x00000000ef40fcc8) thrown at [/HUDSON/workspace/8-2-build-linux-amd64/jdk8u91/6644/hotspot/src/share/vm/interpreter/interpreterRuntime.cpp, line 366]
Event: 6.051 Thread 0x00007f57d800c800 Exception <a 'java/lang/ArrayIndexOutOfBoundsException': 37> (0x00000000ef411090) thrown at [/HUDSON/workspace/8-2-build-linux-amd64/jdk8u91/6644/hotspot/src/share/vm/interpreter/interpreterRuntime.cpp, line 366]
Event: 6.052 Thread 0x00007f57d800c800 Exception <a 'java/lang/ArrayIndexOutOfBoundsException': 83> (0x00000000ef412888) thrown at [/HUDSON/workspace/8-2-build-linux-amd64/jdk8u91/6644/hotspot/src/share/vm/interpreter/interpreterRuntime.cpp, line 366]
Event: 6.052 Thread 0x00007f57d800c800 Exception <a 'java/lang/ArrayIndexOutOfBoundsException': 83> (0x00000000ef414260) thrown at [/HUDSON/workspace/8-2-build-linux-amd64/jdk8u91/6644/hotspot/src/share/vm/interpreter/interpreterRuntime.cpp, line 366]
Event: 7.024 Thread 0x00007f57d800c800 Exception <a 'java/lang/ArrayIndexOutOfBoundsException': 54> (0x00000000ef528258) thrown at [/HUDSON/workspace/8-2-build-linux-amd64/jdk8u91/6644/hotspot/src/share/vm/interpreter/interpreterRuntime.cpp, line 366]

Events (10 events):
Event: 11.376 Thread 0x00007f57d800c800 DEOPT UNPACKING pc=0x00007f57c8a0e633 sp=0x00007f57df7867f0 mode 1
Event: 11.376 Thread 0x00007f57d800c800 DEOPT PACKING pc=0x00007f57c8eb8a88 sp=0x00007f57df786b40
Event: 11.376 Thread 0x00007f57d800c800 DEOPT UNPACKING pc=0x00007f57c8a0e633 sp=0x00007f57df7867b8 mode 1
Event: 11.376 Thread 0x00007f57d800c800 DEOPT PACKING pc=0x00007f57c8b64261 sp=0x00007f57df7869c0
Event: 11.376 Thread 0x00007f57d800c800 DEOPT UNPACKING pc=0x00007f57c8a0e633 sp=0x00007f57df786740 mode 1
Event: 11.376 Thread 0x00007f57d800c800 DEOPT PACKING pc=0x00007f57c8bd4e61 sp=0x00007f57df786b10
Event: 11.376 Thread 0x00007f57d800c800 DEOPT UNPACKING pc=0x00007f57c8a0e633 sp=0x00007f57df786870 mode 1
Event: 11.376 Thread 0x00007f57d800c800 DEOPT PACKING pc=0x00007f57c9300f54 sp=0x00007f57df786c30
Event: 11.376 Thread 0x00007f57d800c800 DEOPT UNPACKING pc=0x00007f57c8a0e633 sp=0x00007f57df7868e8 mode 1
Event: 11.467 Executing VM operation: ParallelGCFailedAllocation


Dynamic libraries:
00400000-00401000 r-xp 00000000 08:16 137737                             /usr/lib/jvm/jdk1.8.0_91/bin/java
00600000-00601000 rw-p 00000000 08:16 137737                             /usr/lib/jvm/jdk1.8.0_91/bin/java
01196000-011b7000 rw-p 00000000 00:00 0                                  [heap]
c4000000-c6800000 rw-p 00000000 00:00 0 
c6800000-ec000000 ---p 00000000 00:00 0 
ec000000-f0100000 rw-p 00000000 00:00 0 
f4a00000-100000000 ---p 00000000 00:00 0 
100000000-100200000 rw-p 00000000 00:00 0 
100200000-140000000 ---p 00000000 00:00 0 
7f5778000000-7f5778021000 rw-p 00000000 00:00 0 
7f5778021000-7f577c000000 ---p 00000000 00:00 0 
7f5780000000-7f5780879000 rw-p 00000000 00:00 0 
7f5780879000-7f5784000000 ---p 00000000 00:00 0 
7f5784000000-7f5784021000 rw-p 00000000 00:00 0 
7f5784021000-7f5788000000 ---p 00000000 00:00 0 
7f5788000000-7f57888be000 rw-p 00000000 00:00 0 
7f57888be000-7f578c000000 ---p 00000000 00:00 0 
7f578c000000-7f578cb99000 rw-p 00000000 00:00 0 
7f578cb99000-7f5790000000 ---p 00000000 00:00 0 
7f5790000000-7f5790021000 rw-p 00000000 00:00 0 
7f5790021000-7f5794000000 ---p 00000000 00:00 0 
7f5794000000-7f5794021000 rw-p 00000000 00:00 0 
7f5794021000-7f5798000000 ---p 00000000 00:00 0 
7f5798000000-7f5798021000 rw-p 00000000 00:00 0 
7f5798021000-7f579c000000 ---p 00000000 00:00 0 
7f579c000000-7f579c021000 rw-p 00000000 00:00 0 
7f579c021000-7f57a0000000 ---p 00000000 00:00 0 
7f57a0000000-7f57a0021000 rw-p 00000000 00:00 0 
7f57a0021000-7f57a4000000 ---p 00000000 00:00 0 
7f57a4000000-7f57a4021000 rw-p 00000000 00:00 0 
7f57a4021000-7f57a8000000 ---p 00000000 00:00 0 
7f57a8000000-7f57a8021000 rw-p 00000000 00:00 0 
7f57a8021000-7f57ac000000 ---p 00000000 00:00 0 
7f57ac000000-7f57ac28d000 rw-p 00000000 00:00 0 
7f57ac28d000-7f57b0000000 ---p 00000000 00:00 0 
7f57b0000000-7f57b0021000 rw-p 00000000 00:00 0 
7f57b0021000-7f57b4000000 ---p 00000000 00:00 0 
7f57b8000000-7f57b8021000 rw-p 00000000 00:00 0 
7f57b8021000-7f57bc000000 ---p 00000000 00:00 0 
7f57be72c000-7f57be7ac000 rw-p 00000000 00:00 0 
7f57be7ac000-7f57be92c000 ---p 00000000 00:00 0 
7f57be92c000-7f57be92f000 r--s 0000d000 08:17 1442755                    /home/mbc1996/.m2/repository/org/codehaus/plexus/plexus-interpolation/1.19/plexus-interpolation-1.19.jar
7f57be92f000-7f57be930000 r--s 00001000 08:17 1442735                    /home/mbc1996/.m2/repository/org/sonatype/plexus/plexus-build-api/0.0.4/plexus-build-api-0.0.4.jar
7f57be930000-7f57be932000 r--s 00006000 08:17 1313149                    /home/mbc1996/.m2/repository/com/google/code/findbugs/jsr305/2.0.1/jsr305-2.0.1.jar
7f57be932000-7f57be935000 r--s 00023000 08:17 1442715                    /home/mbc1996/.m2/repository/org/apache/maven/shared/maven-shared-utils/0.3/maven-shared-utils-0.3.jar
7f57be935000-7f57be937000 r--s 00009000 08:17 1442649                    /home/mbc1996/.m2/repository/org/apache/maven/shared/maven-filtering/1.2/maven-filtering-1.2.jar
7f57be937000-7f57be93b000 r--s 00037000 08:17 1442765                    /home/mbc1996/.m2/repository/org/codehaus/plexus/plexus-utils/3.0.15/plexus-utils-3.0.15.jar
7f57be93b000-7f57be93d000 r--s 00002000 08:17 1442736                    /home/mbc1996/.m2/repository/org/sonatype/plexus/plexus-cipher/1.4/plexus-cipher-1.4.jar
7f57be93d000-7f57be93e000 r--s 00006000 08:17 1442760                    /home/mbc1996/.m2/repository/org/sonatype/plexus/plexus-sec-dispatcher/1.3/plexus-sec-dispatcher-1.3.jar
7f57be93e000-7f57be940000 r--s 00002000 08:17 1442752                    /home/mbc1996/.m2/repository/org/codehaus/plexus/plexus-interactivity-api/1.0-alpha-4/plexus-interactivity-api-1.0-alpha-4.jar
7f57be940000-7f57be942000 r--s 00009000 08:17 1313119                    /home/mbc1996/.m2/repository/commons-cli/commons-cli/1.2/commons-cli-1.2.jar
7f57be942000-7f57be943000 r--s 00002000 08:17 1442564                    /home/mbc1996/.m2/repository/org/apache/maven/doxia/doxia-logging-api/1.1/doxia-logging-api-1.1.jar
7f57be943000-7f57be945000 r--s 00002000 08:17 1442567                    /home/mbc1996/.m2/repository/org/apache/maven/doxia/doxia-sink-api/1.1/doxia-sink-api-1.1.jar
7f57be945000-7f57be946000 r--s 00002000 08:17 1442697                    /home/mbc1996/.m2/repository/org/apache/maven/reporting/maven-reporting-api/2.2.1/maven-reporting-api-2.2.1.jar
7f57be946000-7f57be948000 r--s 00003000 08:17 1442588                    /home/mbc1996/.m2/repository/org/slf4j/jcl-over-slf4j/1.5.6/jcl-over-slf4j-1.5.6.jar
7f57be948000-7f57be94a000 r--s 00001000 08:17 1442780                    /home/mbc1996/.m2/repository/org/slf4j/slf4j-jdk14/1.5.6/slf4j-jdk14-1.5.6.jar
7f57be94a000-7f57be94d000 r--s 0001b000 08:17 1442600                    /home/mbc1996/.m2/repository/junit/junit/3.8.1/junit-3.8.1.jar
7f57be94d000-7f57be955000 r--s 00049000 08:17 1313114                    /home/mbc1996/.m2/repository/backport-util-concurrent/backport-util-concurrent/3.1/backport-util-concurrent-3.1.jar
7f57be955000-7f57be956000 r--s 00007000 08:17 1442705                    /home/mbc1996/.m2/repository/org/apache/maven/plugins/maven-resources-plugin/2.7/maven-resources-plugin-2.7.jar
7f57be956000-7f57be95a000 r--s 00034000 08:17 1442769                    /home/mbc1996/.m2/repository/org/codehaus/plexus/plexus-utils/3.0/plexus-utils-3.0.jar
7f57be95a000-7f57be95c000 r--s 00005000 08:17 1442629                    /home/mbc1996/.m2/repository/org/apache/maven/plugins/maven-clean-plugin/2.5/maven-clean-plugin-2.5.jar
7f57be95c000-7f57be96d000 r-xp 00000000 08:16 139658                     /usr/lib/jvm/jdk1.8.0_91/jre/lib/amd64/libnio.so
7f57be96d000-7f57beb6c000 ---p 00011000 08:16 139658                     /usr/lib/jvm/jdk1.8.0_91/jre/lib/amd64/libnio.so
7f57beb6c000-7f57beb6d000 rw-p 00010000 08:16 139658                     /usr/lib/jvm/jdk1.8.0_91/jre/lib/amd64/libnio.so
7f57beb6d000-7f57bee6e000 rw-p 00000000 00:00 0 
7f57bee6e000-7f57bee84000 r-xp 00000000 08:16 139655                     /usr/lib/jvm/jdk1.8.0_91/jre/lib/amd64/libnet.so
7f57bee84000-7f57bf084000 ---p 00016000 08:16 139655                     /usr/lib/jvm/jdk1.8.0_91/jre/lib/amd64/libnet.so
7f57bf084000-7f57bf085000 rw-p 00016000 08:16 139655                     /usr/lib/jvm/jdk1.8.0_91/jre/lib/amd64/libnet.so
7f57bf085000-7f57bf285000 rw-p 00000000 00:00 0 
7f57bf285000-7f57bf289000 r--s 00097000 08:16 139605                     /usr/lib/jvm/jdk1.8.0_91/jre/lib/jsse.jar
7f57bf289000-7f57bf489000 rw-p 00000000 00:00 0 
7f57bf489000-7f57bf689000 rw-p 00000000 00:00 0 
7f57bf689000-7f57bf68a000 r--s 00002000 08:17 1053061                    /home/mbc1996/eclipse/plugins/org.eclipse.m2e.maven.runtime.slf4j.simple_1.7.0.20160603-1931/jars/slf4j-simple-1.7.5.jar
7f57bf68a000-7f57bf68f000 r--s 00041000 08:17 1052573                    /home/mbc1996/eclipse/plugins/org.eclipse.m2e.maven.runtime_1.7.0.20160603-1931/jars/commons-lang-2.6.jar
7f57bf68f000-7f57bf690000 r--s 00002000 08:17 1052585                    /home/mbc1996/eclipse/plugins/org.eclipse.m2e.maven.runtime_1.7.0.20160603-1931/jars/wagon-file-2.10.jar
7f57bf690000-7f57bf692000 r--s 00005000 08:17 1052572                    /home/mbc1996/eclipse/plugins/org.eclipse.m2e.maven.runtime_1.7.0.20160603-1931/jars/aether-transport-wagon-1.0.2.v20150114.jar
7f57bf692000-7f57bf693000 r--s 00008000 08:17 1052587                    /home/mbc1996/eclipse/plugins/org.eclipse.m2e.maven.runtime_1.7.0.20160603-1931/jars/aether-connector-basic-1.0.2.v20150114.jar
7f57bf693000-7f57bf695000 r--s 0000f000 08:17 1052592                    /home/mbc1996/eclipse/plugins/org.eclipse.m2e.maven.runtime_1.7.0.20160603-1931/jars/okio-1.6.0.jar
7f57bf695000-7f57bf69a000 r--s 00049000 08:17 1052602                    /home/mbc1996/eclipse/plugins/org.eclipse.m2e.maven.runtime_1.7.0.20160603-1931/jars/okhttp-2.5.0.jar
7f57bf69a000-7f57bf69c000 r--s 0000b000 08:17 1052583                    /home/mbc1996/eclipse/plugins/org.eclipse.m2e.maven.runtime_1.7.0.20160603-1931/jars/aether-connector-okhttp-0.16.0.jar
7f57bf69c000-7f57bf69e000 r--s 00006000 08:17 1052595                    /home/mbc1996/eclipse/plugins/org.eclipse.m2e.maven.runtime_1.7.0.20160603-1931/jars/aether-spi-1.0.2.v20150114.jar
7f57bf69e000-7f57bf6a2000 r--s 00027000 08:17 1052599                    /home/mbc1996/eclipse/plugins/org.eclipse.m2e.maven.runtime_1.7.0.20160603-1931/jars/aether-impl-1.0.2.v20150114.jar
7f57bf6a2000-7f57bf6cd000 r--s 001fc000 08:17 1052570                    /home/mbc1996/eclipse/plugins/org.eclipse.m2e.maven.runtime_1.7.0.20160603-1931/jars/guava-18.0.jar
7f57bf6cd000-7f57bf6d5000 r--s 00055000 08:17 1052600                    /home/mbc1996/eclipse/plugins/org.eclipse.m2e.maven.runtime_1.7.0.20160603-1931/jars/org.eclipse.sisu.inject-0.3.2.jar
7f57bf6d5000-7f57bf6d8000 r--s 00008000 08:17 1052571                    /home/mbc1996/eclipse/plugins/org.eclipse.m2e.maven.runtime_1.7.0.20160603-1931/jars/cdi-api-1.0.jar
7f57bf6d8000-7f57bf6de000 r--s 0002d000 08:17 1052582                    /home/mbc1996/eclipse/plugins/org.eclipse.m2e.maven.runtime_1.7.0.20160603-1931/jars/org.eclipse.sisu.plexus-0.3.2.jar
7f57bf6de000-7f57bf6e1000 r--s 0000b000 08:17 1052591                    /home/mbc1996/eclipse/plugins/org.eclipse.m2e.maven.runtime_1.7.0.20160603-1931/jars/wagon-provider-api-2.10.jar
7f57bf6e1000-7f57bf6e7000 r--s 00041000 08:17 1052605                    /home/mbc1996/eclipse/plugins/org.eclipse.m2e.maven.runtime_1.7.0.20160603-1931/jars/maven-compat-3.3.9.jar
7f57bf6e7000-7f57bf6e9000 r--s 00009000 08:17 1052598                    /home/mbc1996/eclipse/plugins/org.eclipse.m2e.maven.runtime_1.7.0.20160603-1931/jars/commons-cli-1.2.jar
7f57bf6e9000-7f57bf6eb000 r--s 00002000 08:17 1052581                    /home/mbc1996/eclipse/plugins/org.eclipse.m2e.maven.runtime_1.7.0.20160603-1931/jars/plexus-cipher-1.7.jar
7f57bf6eb000-7f57bf6ee000 r--s 00013000 08:17 1052577                    /home/mbc1996/eclipse/plugins/org.eclipse.m2e.maven.runtime_1.7.0.20160603-1931/jars/maven-embedder-3.3.9.jar
7f57bf6ee000-7f57bf6f5000 r--s 00064000 08:17 1052584                    /home/mbc1996/eclipse/plugins/org.eclipse.m2e.maven.runtime_1.7.0.20160603-1931/jars/commons-lang3-3.4.jar
7f57bf6f5000-7f57bf6f6000 ---p 00000000 00:00 0 
7f57bf6f6000-7f57bf7f6000 rw-p 00000000 00:00 0 
7f57bf7f6000-7f57bf7f9000 ---p 00000000 00:00 0 
7f57bf7f9000-7f57bf8f7000 rw-p 00000000 00:00 0 
7f57bf8f7000-7f57bf8fa000 ---p 00000000 00:00 0 
7f57bf8fa000-7f57bf9f8000 rw-p 00000000 00:00 0 
7f57bf9f8000-7f57bf9fb000 ---p 00000000 00:00 0 
7f57bf9fb000-7f57bfaf9000 rw-p 00000000 00:00 0 
7f57bfaf9000-7f57bfafc000 ---p 00000000 00:00 0 
7f57bfafc000-7f57bfbfa000 rw-p 00000000 00:00 0 
7f57bfbfa000-7f57bfbfd000 ---p 00000000 00:00 0 
7f57bfbfd000-7f57bfcfb000 rw-p 00000000 00:00 0 
7f57bfcfb000-7f57bfcfe000 ---p 00000000 00:00 0 
7f57bfcfe000-7f57bfdfc000 rw-p 00000000 00:00 0 
7f57bfdfc000-7f57bfe00000 r-xp 00000000 08:16 139627                     /usr/lib/jvm/jdk1.8.0_91/jre/lib/amd64/libdt_socket.so
7f57bfe00000-7f57bffff000 ---p 00004000 08:16 139627                     /usr/lib/jvm/jdk1.8.0_91/jre/lib/amd64/libdt_socket.so
7f57bffff000-7f57c0000000 rw-p 00003000 08:16 139627                     /usr/lib/jvm/jdk1.8.0_91/jre/lib/amd64/libdt_socket.so
7f57c0000000-7f57c0021000 rw-p 00000000 00:00 0 
7f57c0021000-7f57c4000000 ---p 00000000 00:00 0 
7f57c4000000-7f57c4001000 r--s 00001000 08:17 1052604                    /home/mbc1996/eclipse/plugins/org.eclipse.m2e.maven.runtime_1.7.0.20160603-1931/jars/jsr250-api-1.0.jar
7f57c4001000-7f57c4005000 r--s 00038000 08:17 1052594                    /home/mbc1996/eclipse/plugins/org.eclipse.m2e.maven.runtime_1.7.0.20160603-1931/jars/plexus-utils-3.0.22.jar
7f57c4005000-7f57c400e000 r--s 0005f000 08:17 1052574                    /home/mbc1996/eclipse/plugins/org.eclipse.m2e.maven.runtime_1.7.0.20160603-1931/jars/guice-4.0-no_aop.jar
7f57c400e000-7f57c4011000 ---p 00000000 00:00 0 
7f57c4011000-7f57c410f000 rw-p 00000000 00:00 0 
7f57c410f000-7f57c4112000 ---p 00000000 00:00 0 
7f57c4112000-7f57c4210000 rw-p 00000000 00:00 0 
7f57c4210000-7f57c4213000 ---p 00000000 00:00 0 
7f57c4213000-7f57c4311000 rw-p 00000000 00:00 0 
7f57c4311000-7f57c4314000 ---p 00000000 00:00 0 
7f57c4314000-7f57c4412000 rw-p 00000000 00:00 0 
7f57c4412000-7f57c4413000 ---p 00000000 00:00 0 
7f57c4413000-7f57c54b3000 rw-p 00000000 00:00 0 
7f57c54b3000-7f57c568c000 r--s 03d1f000 08:16 139595                     /usr/lib/jvm/jdk1.8.0_91/jre/lib/rt.jar
7f57c568c000-7f57c7ee2000 rw-p 00000000 00:00 0 
7f57c7ee2000-7f57c7ee3000 ---p 00000000 00:00 0 
7f57c7ee3000-7f57c7fe3000 rw-p 00000000 00:00 0 
7f57c7fe3000-7f57c7fe4000 ---p 00000000 00:00 0 
7f57c7fe4000-7f57c80e4000 rw-p 00000000 00:00 0 
7f57c80e4000-7f57c80e5000 ---p 00000000 00:00 0 
7f57c80e5000-7f57c81e5000 rw-p 00000000 00:00 0 
7f57c81e5000-7f57c81e6000 ---p 00000000 00:00 0 
7f57c81e6000-7f57c82fa000 rw-p 00000000 00:00 0 
7f57c82fa000-7f57c8426000 ---p 00000000 00:00 0 
7f57c8426000-7f57c843a000 rw-p 00000000 00:00 0 
7f57c843a000-7f57c8566000 ---p 00000000 00:00 0 
7f57c8566000-7f57c8587000 rw-p 00000000 00:00 0 
7f57c8587000-7f57c8606000 ---p 00000000 00:00 0 
7f57c8606000-7f57c862e000 rw-p 00000000 00:00 0 
7f57c862e000-7f57c89c7000 ---p 00000000 00:00 0 
7f57c89c7000-7f57c9387000 rwxp 00000000 00:00 0 
7f57c9387000-7f57d79c7000 ---p 00000000 00:00 0 
7f57d79c7000-7f57d79e1000 r-xp 00000000 08:16 139651                     /usr/lib/jvm/jdk1.8.0_91/jre/lib/amd64/libzip.so
7f57d79e1000-7f57d7be1000 ---p 0001a000 08:16 139651                     /usr/lib/jvm/jdk1.8.0_91/jre/lib/amd64/libzip.so
7f57d7be1000-7f57d7be2000 rw-p 0001a000 08:16 139651                     /usr/lib/jvm/jdk1.8.0_91/jre/lib/amd64/libzip.so
7f57d7be2000-7f57d7bed000 r-xp 00000000 08:16 399402                     /lib/x86_64-linux-gnu/libnss_files-2.23.so
7f57d7bed000-7f57d7dec000 ---p 0000b000 08:16 399402                     /lib/x86_64-linux-gnu/libnss_files-2.23.so
7f57d7dec000-7f57d7ded000 r--p 0000a000 08:16 399402                     /lib/x86_64-linux-gnu/libnss_files-2.23.so
7f57d7ded000-7f57d7dee000 rw-p 0000b000 08:16 399402                     /lib/x86_64-linux-gnu/libnss_files-2.23.so
7f57d7dee000-7f57d7df4000 rw-p 00000000 00:00 0 
7f57d7df4000-7f57d7dff000 r-xp 00000000 08:16 399412                     /lib/x86_64-linux-gnu/libnss_nis-2.23.so
7f57d7dff000-7f57d7ffe000 ---p 0000b000 08:16 399412                     /lib/x86_64-linux-gnu/libnss_nis-2.23.so
7f57d7ffe000-7f57d7fff000 r--p 0000a000 08:16 399412                     /lib/x86_64-linux-gnu/libnss_nis-2.23.so
7f57d7fff000-7f57d8000000 rw-p 0000b000 08:16 399412                     /lib/x86_64-linux-gnu/libnss_nis-2.23.so
7f57d8000000-7f57d8ba1000 rw-p 00000000 00:00 0 
7f57d8ba1000-7f57dc000000 ---p 00000000 00:00 0 
7f57dc000000-7f57dc001000 r--s 00006000 08:17 1052589                    /home/mbc1996/eclipse/plugins/org.eclipse.m2e.maven.runtime_1.7.0.20160603-1931/jars/plexus-sec-dispatcher-1.3.jar
7f57dc001000-7f57dc003000 r--s 00000000 08:17 1052606                    /home/mbc1996/eclipse/plugins/org.eclipse.m2e.maven.runtime_1.7.0.20160603-1931/jars/plexus-component-annotations-1.6.jar
7f57dc003000-7f57dc006000 r--s 0000d000 08:17 1052588                    /home/mbc1996/eclipse/plugins/org.eclipse.m2e.maven.runtime_1.7.0.20160603-1931/jars/plexus-interpolation-1.21.jar
7f57dc006000-7f57dc00a000 r--s 00020000 08:17 1052580                    /home/mbc1996/eclipse/plugins/org.eclipse.m2e.maven.runtime_1.7.0.20160603-1931/jars/aether-util-1.0.2.v20150114.jar
7f57dc00a000-7f57dc00f000 r--s 0001d000 08:17 1052578                    /home/mbc1996/eclipse/plugins/org.eclipse.m2e.maven.runtime_1.7.0.20160603-1931/jars/aether-api-1.0.2.v20150114.jar
7f57dc00f000-7f57dc011000 r--s 0000f000 08:17 1052593                    /home/mbc1996/eclipse/plugins/org.eclipse.m2e.maven.runtime_1.7.0.20160603-1931/jars/maven-aether-provider-3.3.9.jar
7f57dc011000-7f57dc016000 r--s 00027000 08:17 1052575                    /home/mbc1996/eclipse/plugins/org.eclipse.m2e.maven.runtime_1.7.0.20160603-1931/jars/maven-model-builder-3.3.9.jar
7f57dc016000-7f57dc018000 r--s 0000a000 08:17 1052596                    /home/mbc1996/eclipse/plugins/org.eclipse.m2e.maven.runtime_1.7.0.20160603-1931/jars/maven-plugin-api-3.3.9.jar
7f57dc018000-7f57dc01a000 r--s 0000c000 08:17 1052597                    /home/mbc1996/eclipse/plugins/org.eclipse.m2e.maven.runtime_1.7.0.20160603-1931/jars/maven-artifact-3.3.9.jar
7f57dc01a000-7f57dc01b000 r--s 00006000 08:17 1052607                    /home/mbc1996/eclipse/plugins/org.eclipse.m2e.maven.runtime_1.7.0.20160603-1931/jars/maven-repository-metadata-3.3.9.jar
7f57dc01b000-7f57dc03c000 rw-p 00000000 00:00 0 
7f57dc03c000-7f57dc052000 r-xp 00000000 08:16 399396                     /lib/x86_64-linux-gnu/libnsl-2.23.so
7f57dc052000-7f57dc251000 ---p 00016000 08:16 399396                     /lib/x86_64-linux-gnu/libnsl-2.23.so
7f57dc251000-7f57dc252000 r--p 00015000 08:16 399396                     /lib/x86_64-linux-gnu/libnsl-2.23.so
7f57dc252000-7f57dc253000 rw-p 00016000 08:16 399396                     /lib/x86_64-linux-gnu/libnsl-2.23.so
7f57dc253000-7f57dc255000 rw-p 00000000 00:00 0 
7f57dc255000-7f57dc25d000 r-xp 00000000 08:16 399398                     /lib/x86_64-linux-gnu/libnss_compat-2.23.so
7f57dc25d000-7f57dc45c000 ---p 00008000 08:16 399398                     /lib/x86_64-linux-gnu/libnss_compat-2.23.so
7f57dc45c000-7f57dc45d000 r--p 00007000 08:16 399398                     /lib/x86_64-linux-gnu/libnss_compat-2.23.so
7f57dc45d000-7f57dc45e000 rw-p 00008000 08:16 399398                     /lib/x86_64-linux-gnu/libnss_compat-2.23.so
7f57dc45e000-7f57dce1d000 r--p 00000000 08:16 140665                     /usr/lib/locale/locale-archive
7f57dce1d000-7f57dce1f000 r-xp 00000000 08:16 139628                     /usr/lib/jvm/jdk1.8.0_91/jre/lib/amd64/libnpt.so
7f57dce1f000-7f57dd01f000 ---p 00002000 08:16 139628                     /usr/lib/jvm/jdk1.8.0_91/jre/lib/amd64/libnpt.so
7f57dd01f000-7f57dd020000 rw-p 00002000 08:16 139628                     /usr/lib/jvm/jdk1.8.0_91/jre/lib/amd64/libnpt.so
7f57dd020000-7f57dd059000 r-xp 00000000 08:16 139640                     /usr/lib/jvm/jdk1.8.0_91/jre/lib/amd64/libjdwp.so
7f57dd059000-7f57dd258000 ---p 00039000 08:16 139640                     /usr/lib/jvm/jdk1.8.0_91/jre/lib/amd64/libjdwp.so
7f57dd258000-7f57dd25a000 rw-p 00038000 08:16 139640                     /usr/lib/jvm/jdk1.8.0_91/jre/lib/amd64/libjdwp.so
7f57dd25a000-7f57dd284000 r-xp 00000000 08:16 139646                     /usr/lib/jvm/jdk1.8.0_91/jre/lib/amd64/libjava.so
7f57dd284000-7f57dd484000 ---p 0002a000 08:16 139646                     /usr/lib/jvm/jdk1.8.0_91/jre/lib/amd64/libjava.so
7f57dd484000-7f57dd486000 rw-p 0002a000 08:16 139646                     /usr/lib/jvm/jdk1.8.0_91/jre/lib/amd64/libjava.so
7f57dd486000-7f57dd493000 r-xp 00000000 08:16 139650                     /usr/lib/jvm/jdk1.8.0_91/jre/lib/amd64/libverify.so
7f57dd493000-7f57dd693000 ---p 0000d000 08:16 139650                     /usr/lib/jvm/jdk1.8.0_91/jre/lib/amd64/libverify.so
7f57dd693000-7f57dd695000 rw-p 0000d000 08:16 139650                     /usr/lib/jvm/jdk1.8.0_91/jre/lib/amd64/libverify.so
7f57dd695000-7f57dd69c000 r-xp 00000000 08:16 399457                     /lib/x86_64-linux-gnu/librt-2.23.so
7f57dd69c000-7f57dd89b000 ---p 00007000 08:16 399457                     /lib/x86_64-linux-gnu/librt-2.23.so
7f57dd89b000-7f57dd89c000 r--p 00006000 08:16 399457                     /lib/x86_64-linux-gnu/librt-2.23.so
7f57dd89c000-7f57dd89d000 rw-p 00007000 08:16 399457                     /lib/x86_64-linux-gnu/librt-2.23.so
7f57dd89d000-7f57dd9a5000 r-xp 00000000 08:16 399373                     /lib/x86_64-linux-gnu/libm-2.23.so
7f57dd9a5000-7f57ddba4000 ---p 00108000 08:16 399373                     /lib/x86_64-linux-gnu/libm-2.23.so
7f57ddba4000-7f57ddba5000 r--p 00107000 08:16 399373                     /lib/x86_64-linux-gnu/libm-2.23.so
7f57ddba5000-7f57ddba6000 rw-p 00108000 08:16 399373                     /lib/x86_64-linux-gnu/libm-2.23.so
7f57ddba6000-7f57de866000 r-xp 00000000 08:16 139673                     /usr/lib/jvm/jdk1.8.0_91/jre/lib/amd64/server/libjvm.so
7f57de866000-7f57dea66000 ---p 00cc0000 08:16 139673                     /usr/lib/jvm/jdk1.8.0_91/jre/lib/amd64/server/libjvm.so
7f57dea66000-7f57deb3e000 rw-p 00cc0000 08:16 139673                     /usr/lib/jvm/jdk1.8.0_91/jre/lib/amd64/server/libjvm.so
7f57deb3e000-7f57deb89000 rw-p 00000000 00:00 0 
7f57deb89000-7f57ded49000 r-xp 00000000 08:16 399303                     /lib/x86_64-linux-gnu/libc-2.23.so
7f57ded49000-7f57def48000 ---p 001c0000 08:16 399303                     /lib/x86_64-linux-gnu/libc-2.23.so
7f57def48000-7f57def4c000 r--p 001bf000 08:16 399303                     /lib/x86_64-linux-gnu/libc-2.23.so
7f57def4c000-7f57def4e000 rw-p 001c3000 08:16 399303                     /lib/x86_64-linux-gnu/libc-2.23.so
7f57def4e000-7f57def52000 rw-p 00000000 00:00 0 
7f57def52000-7f57def55000 r-xp 00000000 08:16 399327                     /lib/x86_64-linux-gnu/libdl-2.23.so
7f57def55000-7f57df154000 ---p 00003000 08:16 399327                     /lib/x86_64-linux-gnu/libdl-2.23.so
7f57df154000-7f57df155000 r--p 00002000 08:16 399327                     /lib/x86_64-linux-gnu/libdl-2.23.so
7f57df155000-7f57df156000 rw-p 00003000 08:16 399327                     /lib/x86_64-linux-gnu/libdl-2.23.so
7f57df156000-7f57df16b000 r-xp 00000000 08:16 139446                     /usr/lib/jvm/jdk1.8.0_91/lib/amd64/jli/libjli.so
7f57df16b000-7f57df36b000 ---p 00015000 08:16 139446                     /usr/lib/jvm/jdk1.8.0_91/lib/amd64/jli/libjli.so
7f57df36b000-7f57df36c000 rw-p 00015000 08:16 139446                     /usr/lib/jvm/jdk1.8.0_91/lib/amd64/jli/libjli.so
7f57df36c000-7f57df384000 r-xp 00000000 08:16 399449                     /lib/x86_64-linux-gnu/libpthread-2.23.so
7f57df384000-7f57df583000 ---p 00018000 08:16 399449                     /lib/x86_64-linux-gnu/libpthread-2.23.so
7f57df583000-7f57df584000 r--p 00017000 08:16 399449                     /lib/x86_64-linux-gnu/libpthread-2.23.so
7f57df584000-7f57df585000 rw-p 00018000 08:16 399449                     /lib/x86_64-linux-gnu/libpthread-2.23.so
7f57df585000-7f57df589000 rw-p 00000000 00:00 0 
7f57df589000-7f57df5af000 r-xp 00000000 08:16 399275                     /lib/x86_64-linux-gnu/ld-2.23.so
7f57df5af000-7f57df5b0000 r--s 00003000 08:17 1052601                    /home/mbc1996/eclipse/plugins/org.eclipse.m2e.maven.runtime_1.7.0.20160603-1931/jars/maven-builder-support-3.3.9.jar
7f57df5b0000-7f57df5b2000 r--s 00009000 08:17 1052603                    /home/mbc1996/eclipse/plugins/org.eclipse.m2e.maven.runtime_1.7.0.20160603-1931/jars/maven-settings-builder-3.3.9.jar
7f57df5b2000-7f57df5b3000 r--s 0000a000 08:17 1052579                    /home/mbc1996/eclipse/plugins/org.eclipse.m2e.maven.runtime_1.7.0.20160603-1931/jars/maven-settings-3.3.9.jar
7f57df5b3000-7f57df68b000 rw-p 00000000 00:00 0 
7f57df68b000-7f57df68e000 ---p 00000000 00:00 0 
7f57df68e000-7f57df790000 rw-p 00000000 00:00 0 
7f57df790000-7f57df793000 r--s 00026000 08:17 1052586                    /home/mbc1996/eclipse/plugins/org.eclipse.m2e.maven.runtime_1.7.0.20160603-1931/jars/maven-model-3.3.9.jar
7f57df793000-7f57df7a0000 r--s 0008f000 08:17 1052608                    /home/mbc1996/eclipse/plugins/org.eclipse.m2e.maven.runtime_1.7.0.20160603-1931/jars/maven-core-3.3.9.jar
7f57df7a0000-7f57df7a2000 r--s 0000b000 08:17 1052576                    /home/mbc1996/eclipse/plugins/org.eclipse.m2e.maven.runtime_1.7.0.20160603-1931/jars/plexus-classworlds-2.5.2.jar
7f57df7a2000-7f57df7aa000 rw-s 00000000 08:16 975068                     /tmp/hsperfdata_mbc1996/8413
7f57df7aa000-7f57df7ab000 rw-p 00000000 00:00 0 
7f57df7ab000-7f57df7ac000 ---p 00000000 00:00 0 
7f57df7ac000-7f57df7ae000 rw-p 00000000 00:00 0 
7f57df7ae000-7f57df7af000 r--p 00025000 08:16 399275                     /lib/x86_64-linux-gnu/ld-2.23.so
7f57df7af000-7f57df7b0000 rw-p 00026000 08:16 399275                     /lib/x86_64-linux-gnu/ld-2.23.so
7f57df7b0000-7f57df7b1000 rw-p 00000000 00:00 0 
7fffb4807000-7fffb4828000 rw-p 00000000 00:00 0                          [stack]
7fffb49a0000-7fffb49a2000 r--p 00000000 00:00 0                          [vvar]
7fffb49a2000-7fffb49a4000 r-xp 00000000 00:00 0                          [vdso]
ffffffffff600000-ffffffffff601000 r-xp 00000000 00:00 0                  [vsyscall]

VM Arguments:
jvm_args: -agentlib:jdwp=transport=dt_socket,suspend=y,address=localhost:46537 -Dmaven.home=EMBEDDED -Dclassworlds.conf=/home/mbc1996/eclipse_workspace/.metadata/.plugins/org.eclipse.m2e.launching/launches/m2conf8311952867352332139.tmp -Dmaven.multiModuleProjectDirectory=/home/mbc1996/eclipse_workspace/taotao-portal -Dfile.encoding=UTF-8 
java_command: org.codehaus.plexus.classworlds.launcher.Launcher -B clean tomcat7:run
java_class_path (initial): /home/mbc1996/eclipse/plugins/org.eclipse.m2e.maven.runtime_1.7.0.20160603-1931/jars/plexus-classworlds-2.5.2.jar
Launcher Type: SUN_STANDARD

Environment Variables:
JAVA_HOME=/usr/lib/jvm/jdk1.8.0_91
JRE_HOME=/usr/lib/jvm/jdk1.8.0_91/jre
CLASSPATH=.:/usr/lib/jvm/jdk1.8.0_91/lib:/usr/lib/jvm/jdk1.8.0_91/jre/lib
PATH=/opt/apache-maven-3.3.9/bin:/usr/lib/jvm/jdk1.8.0_91/bin:/usr/local/sbin:/usr/local/bin:/usr/sbin:/usr/bin:/sbin:/bin:/usr/games:/usr/local/games:/snap/bin
SHELL=/bin/bash
DISPLAY=:0

Signal Handlers:
SIGSEGV: [libjvm.so+0xabca10], sa_mask[0]=11111111011111111101111111111110, sa_flags=SA_RESTART|SA_SIGINFO
SIGBUS: [libjvm.so+0xabca10], sa_mask[0]=11111111011111111101111111111110, sa_flags=SA_RESTART|SA_SIGINFO
SIGFPE: [libjvm.so+0x919a20], sa_mask[0]=11111111011111111101111111111110, sa_flags=SA_RESTART|SA_SIGINFO
SIGPIPE: [libjvm.so+0x919a20], sa_mask[0]=11111111011111111101111111111110, sa_flags=SA_RESTART|SA_SIGINFO
SIGXFSZ: [libjvm.so+0x919a20], sa_mask[0]=11111111011111111101111111111110, sa_flags=SA_RESTART|SA_SIGINFO
SIGILL: [libjvm.so+0x919a20], sa_mask[0]=11111111011111111101111111111110, sa_flags=SA_RESTART|SA_SIGINFO
SIGUSR1: SIG_DFL, sa_mask[0]=00000000000000000000000000000000, sa_flags=none
SIGUSR2: [libjvm.so+0x91b050], sa_mask[0]=00100000000000000000000000000000, sa_flags=SA_RESTART|SA_SIGINFO
SIGHUP: [libjvm.so+0x91c450], sa_mask[0]=11111111011111111101111111111110, sa_flags=SA_RESTART|SA_SIGINFO
SIGINT: [libjvm.so+0x91c450], sa_mask[0]=11111111011111111101111111111110, sa_flags=SA_RESTART|SA_SIGINFO
SIGTERM: [libjvm.so+0x91c450], sa_mask[0]=11111111011111111101111111111110, sa_flags=SA_RESTART|SA_SIGINFO
SIGQUIT: [libjvm.so+0x91c450], sa_mask[0]=11111111011111111101111111111110, sa_flags=SA_RESTART|SA_SIGINFO


---------------  S Y S T E M  ---------------

OS:DISTRIB_ID=Ubuntu
DISTRIB_RELEASE=16.04
DISTRIB_CODENAME=xenial
DISTRIB_DESCRIPTION="Ubuntu 16.04 LTS"

uname:Linux 4.4.0-47-generic #68-Ubuntu SMP Wed Oct 26 19:39:52 UTC 2016 x86_64
libc:glibc 2.23 NPTL 2.23 
rlimit: STACK 8192k, CORE 0k, NPROC 14498, NOFILE 65536, AS infinity
load average:4.02 4.08 2.36

/proc/meminfo:
MemTotal:        3929788 kB
MemFree:           87892 kB
MemAvailable:      14096 kB
Buffers:             680 kB
Cached:           337356 kB
SwapCached:          572 kB
Active:          2695364 kB
Inactive:         930884 kB
Active(anon):    2674232 kB
Inactive(anon):   900760 kB
Active(file):      21132 kB
Inactive(file):    30124 kB
Unevictable:          92 kB
Mlocked:              92 kB
SwapTotal:       2097148 kB
SwapFree:             16 kB
Dirty:               472 kB
Writeback:             0 kB
AnonPages:       3290216 kB
Mapped:            57896 kB
Shmem:            284060 kB
Slab:              83284 kB
SReclaimable:      39660 kB
SUnreclaim:        43624 kB
KernelStack:       14032 kB
PageTables:        54544 kB
NFS_Unstable:          0 kB
Bounce:                0 kB
WritebackTmp:          0 kB
CommitLimit:     4062040 kB
Committed_AS:    9680676 kB
VmallocTotal:   34359738367 kB
VmallocUsed:           0 kB
VmallocChunk:          0 kB
HardwareCorrupted:     0 kB
AnonHugePages:    966656 kB
CmaTotal:              0 kB
CmaFree:               0 kB
HugePages_Total:       0
HugePages_Free:        0
HugePages_Rsvd:        0
HugePages_Surp:        0
Hugepagesize:       2048 kB
DirectMap4k:      178324 kB
DirectMap2M:     3899392 kB


CPU:total 4 (2 cores per cpu, 2 threads per core) family 6 model 58 stepping 9, cmov, cx8, fxsr, mmx, sse, sse2, sse3, ssse3, sse4.1, sse4.2, popcnt, avx, aes, clmul, erms, ht, tsc, tscinvbit, tscinv

/proc/cpuinfo:
processor	: 0
vendor_id	: GenuineIntel
cpu family	: 6
model		: 58
model name	: Intel(R) Core(TM) i5-3337U CPU @ 1.80GHz
stepping	: 9
microcode	: 0x15
cpu MHz		: 1785.937
cache size	: 3072 KB
physical id	: 0
siblings	: 4
core id		: 0
cpu cores	: 2
apicid		: 0
initial apicid	: 0
fpu		: yes
fpu_exception	: yes
cpuid level	: 13
wp		: yes
flags		: fpu vme de pse tsc msr pae mce cx8 apic sep mtrr pge mca cmov pat pse36 clflush dts acpi mmx fxsr sse sse2 ss ht tm pbe syscall nx rdtscp lm constant_tsc arch_perfmon pebs bts rep_good nopl xtopology nonstop_tsc aperfmperf eagerfpu pni pclmulqdq dtes64 monitor ds_cpl vmx est tm2 ssse3 cx16 xtpr pdcm pcid sse4_1 sse4_2 x2apic popcnt tsc_deadline_timer aes xsave avx f16c rdrand lahf_lm epb tpr_shadow vnmi flexpriority ept vpid fsgsbase smep erms xsaveopt dtherm ida arat pln pts
bugs		:
bogomips	: 3591.77
clflush size	: 64
cache_alignment	: 64
address sizes	: 36 bits physical, 48 bits virtual
power management:

processor	: 1
vendor_id	: GenuineIntel
cpu family	: 6
model		: 58
model name	: Intel(R) Core(TM) i5-3337U CPU @ 1.80GHz
stepping	: 9
microcode	: 0x15
cpu MHz		: 1982.179
cache size	: 3072 KB
physical id	: 0
siblings	: 4
core id		: 1
cpu cores	: 2
apicid		: 2
initial apicid	: 2
fpu		: yes
fpu_exception	: yes
cpuid level	: 13
wp		: yes
flags		: fpu vme de pse tsc msr pae mce cx8 apic sep mtrr pge mca cmov pat pse36 clflush dts acpi mmx fxsr sse sse2 ss ht tm pbe syscall nx rdtscp lm constant_tsc arch_perfmon pebs bts rep_good nopl xtopology nonstop_tsc aperfmperf eagerfpu pni pclmulqdq dtes64 monitor ds_cpl vmx est tm2 ssse3 cx16 xtpr pdcm pcid sse4_1 sse4_2 x2apic popcnt tsc_deadline_timer aes xsave avx f16c rdrand lahf_lm epb tpr_shadow vnmi flexpriority ept vpid fsgsbase smep erms xsaveopt dtherm ida arat pln pts
bugs		:
bogomips	: 3591.77
clflush size	: 64
cache_alignment	: 64
address sizes	: 36 bits physical, 48 bits virtual
power management:

processor	: 2
vendor_id	: GenuineIntel
cpu family	: 6
model		: 58
model name	: Intel(R) Core(TM) i5-3337U CPU @ 1.80GHz
stepping	: 9
microcode	: 0x15
cpu MHz		: 1842.187
cache size	: 3072 KB
physical id	: 0
siblings	: 4
core id		: 0
cpu cores	: 2
apicid		: 1
initial apicid	: 1
fpu		: yes
fpu_exception	: yes
cpuid level	: 13
wp		: yes
flags		: fpu vme de pse tsc msr pae mce cx8 apic sep mtrr pge mca cmov pat pse36 clflush dts acpi mmx fxsr sse sse2 ss ht tm pbe syscall nx rdtscp lm constant_tsc arch_perfmon pebs bts rep_good nopl xtopology nonstop_tsc aperfmperf eagerfpu pni pclmulqdq dtes64 monitor ds_cpl vmx est tm2 ssse3 cx16 xtpr pdcm pcid sse4_1 sse4_2 x2apic popcnt tsc_deadline_timer aes xsave avx f16c rdrand lahf_lm epb tpr_shadow vnmi flexpriority ept vpid fsgsbase smep erms xsaveopt dtherm ida arat pln pts
bugs		:
bogomips	: 3591.77
clflush size	: 64
cache_alignment	: 64
address sizes	: 36 bits physical, 48 bits virtual
power management:

processor	: 3
vendor_id	: GenuineIntel
cpu family	: 6
model		: 58
model name	: Intel(R) Core(TM) i5-3337U CPU @ 1.80GHz
stepping	: 9
microcode	: 0x15
cpu MHz		: 1872.210
cache size	: 3072 KB
physical id	: 0
siblings	: 4
core id		: 1
cpu cores	: 2
apicid		: 3
initial apicid	: 3
fpu		: yes
fpu_exception	: yes
cpuid level	: 13
wp		: yes
flags		: fpu vme de pse tsc msr pae mce cx8 apic sep mtrr pge mca cmov pat pse36 clflush dts acpi mmx fxsr sse sse2 ss ht tm pbe syscall nx rdtscp lm constant_tsc arch_perfmon pebs bts rep_good nopl xtopology nonstop_tsc aperfmperf eagerfpu pni pclmulqdq dtes64 monitor ds_cpl vmx est tm2 ssse3 cx16 xtpr pdcm pcid sse4_1 sse4_2 x2apic popcnt tsc_deadline_timer aes xsave avx f16c rdrand lahf_lm epb tpr_shadow vnmi flexpriority ept vpid fsgsbase smep erms xsaveopt dtherm ida arat pln pts
bugs		:
bogomips	: 3591.77
clflush size	: 64
cache_alignment	: 64
address sizes	: 36 bits physical, 48 bits virtual
power management:



Memory: 4k page, physical 3929788k(88484k free), swap 2097148k(16k free)

vm_info: Java HotSpot(TM) 64-Bit Server VM (25.91-b14) for linux-amd64 JRE (1.8.0_91-b14), built on Apr  1 2016 00:57:21 by "java_re" with gcc 4.3.0 20080428 (Red Hat 4.3.0-8)

time: Wed Feb  8 11:16:55 2017
elapsed time: 11 seconds (0d 0h 0m 11s)

