#
# There is insufficient memory for the Java Runtime Environment to continue.
# Native memory allocation (mmap) failed to map 69730304 bytes for committing reserved memory.
# Possible reasons:
#   The system is out of physical RAM or swap space
#   In 32 bit mode, the process size limit was hit
# Possible solutions:
#   Reduce memory load on the system
#   Increase physical memory or swap space
#   Check if swap backing store is full
#   Use 64 bit Java on a 64 bit OS
#   Decrease Java heap size (-Xmx/-Xms)
#   Decrease number of Java threads
#   Decrease Java thread stack sizes (-Xss)
#   Set larger code cache with -XX:ReservedCodeCacheSize=
# This output file may be truncated or incomplete.
#
#  Out of Memory Error (os_linux.cpp:2627), pid=13508, tid=139626730686208
#
# JRE version: Java(TM) SE Runtime Environment (8.0_91-b14) (build 1.8.0_91-b14)
# Java VM: Java HotSpot(TM) 64-Bit Server VM (25.91-b14 mixed mode linux-amd64 compressed oops)
# Failed to write core dump. Core dumps have been disabled. To enable core dumping, try "ulimit -c unlimited" before starting Java again
#

---------------  T H R E A D  ---------------

Current thread (0x00007efd7407a000):  VMThread [stack: 0x00007efd619f0000,0x00007efd61af1000] [id=13521]

Stack: [0x00007efd619f0000,0x00007efd61af1000],  sp=0x00007efd61aef320,  free space=1020k
Native frames: (J=compiled Java code, j=interpreted, Vv=VM code, C=native code)
V  [libjvm.so+0xabc18a]  VMError::report_and_die()+0x2ba
V  [libjvm.so+0x4fafeb]  report_vm_out_of_memory(char const*, int, unsigned long, VMErrorType, char const*)+0x8b
V  [libjvm.so+0x91cbb3]  os::Linux::commit_memory_impl(char*, unsigned long, bool)+0x103
V  [libjvm.so+0x91d109]  os::pd_commit_memory(char*, unsigned long, unsigned long, bool)+0x29
V  [libjvm.so+0x91740a]  os::commit_memory(char*, unsigned long, unsigned long, bool)+0x2a
V  [libjvm.so+0x98b033]  PSVirtualSpace::expand_by(unsigned long)+0x53
V  [libjvm.so+0x98c438]  PSYoungGen::resize_generation(unsigned long, unsigned long)+0xf8
V  [libjvm.so+0x98b592]  PSYoungGen::resize(unsigned long, unsigned long)+0x22
V  [libjvm.so+0x98886b]  PSScavenge::invoke_no_policy()+0xf3b
V  [libjvm.so+0x988ff1]  PSScavenge::invoke()+0x41
V  [libjvm.so+0x9408b0]  ParallelScavengeHeap::failed_mem_allocate(unsigned long)+0x70
V  [libjvm.so+0xabdba7]  VM_ParallelGCFailedAllocation::doit()+0x97
V  [libjvm.so+0xac55d5]  VM_Operation::evaluate()+0x55
V  [libjvm.so+0xac39aa]  VMThread::evaluate_operation(VM_Operation*)+0xba
V  [libjvm.so+0xac3d2e]  VMThread::loop()+0x1ce
V  [libjvm.so+0xac41a0]  VMThread::run()+0x70
V  [libjvm.so+0x91ef78]  java_start(Thread*)+0x108

VM_Operation (0x00007efd2305c980): ParallelGCFailedAllocation, mode: safepoint, requested by thread 0x00007efd18001800


---------------  P R O C E S S  ---------------

Java Threads: ( => current thread )
  0x00007efd18001800 JavaThread "localhost-startStop-1" daemon [_thread_blocked, id=13545, stack(0x00007efd22f5e000,0x00007efd2305f000)]
  0x00007efd7510c800 JavaThread "Tomcat-startStop-1" daemon [_thread_blocked, id=13544, stack(0x00007efd2305f000,0x00007efd23160000)]
  0x00007efd740da800 JavaThread "Service Thread" daemon [_thread_blocked, id=13535, stack(0x00007efd60de2000,0x00007efd60ee3000)]
  0x00007efd740cf000 JavaThread "C1 CompilerThread2" daemon [_thread_blocked, id=13534, stack(0x00007efd60ee3000,0x00007efd60fe4000)]
  0x00007efd740cd000 JavaThread "C2 CompilerThread1" daemon [_thread_blocked, id=13533, stack(0x00007efd60fe4000,0x00007efd610e5000)]
  0x00007efd740ca800 JavaThread "C2 CompilerThread0" daemon [_thread_blocked, id=13532, stack(0x00007efd610e5000,0x00007efd611e6000)]
  0x00007efd40001000 JavaThread "JDWP Command Reader" daemon [_thread_in_native, id=13530, stack(0x00007efd611e6000,0x00007efd612e7000)]
  0x00007efd740c8000 JavaThread "JDWP Event Helper Thread" daemon [_thread_blocked, id=13527, stack(0x00007efd612e7000,0x00007efd613e8000)]
  0x00007efd740c4800 JavaThread "JDWP Transport Listener: dt_socket" daemon [_thread_blocked, id=13526, stack(0x00007efd613e8000,0x00007efd614e9000)]
  0x00007efd740b8000 JavaThread "Signal Dispatcher" daemon [_thread_blocked, id=13524, stack(0x00007efd616ed000,0x00007efd617ee000)]
  0x00007efd74086800 JavaThread "Finalizer" daemon [_thread_blocked, id=13523, stack(0x00007efd617ee000,0x00007efd618ef000)]
  0x00007efd74082000 JavaThread "Reference Handler" daemon [_thread_blocked, id=13522, stack(0x00007efd618ef000,0x00007efd619f0000)]
  0x00007efd7400c800 JavaThread "main" [_thread_blocked, id=13510, stack(0x00007efd7cc7e000,0x00007efd7cd7f000)]

Other Threads:
=>0x00007efd7407a000 VMThread [stack: 0x00007efd619f0000,0x00007efd61af1000] [id=13521]
  0x00007efd740dd800 WatcherThread [stack: 0x00007efd60ce1000,0x00007efd60de2000] [id=13536]

VM state:at safepoint (normal execution)

VM Mutex/Monitor currently owned by a thread:  ([mutex/lock_event])
[0x00007efd74008990] Threads_lock - owner thread: 0x00007efd7407a000
[0x00007efd74008e90] Heap_lock - owner thread: 0x00007efd18001800

Heap:
 PSYoungGen      total 183296K, used 23016K [0x00000000ec000000, 0x00000000f9200000, 0x0000000100000000)
  eden space 160256K, 0% used [0x00000000ec000000,0x00000000ec000000,0x00000000f5c80000)
  from space 23040K, 99% used [0x00000000f5c80000,0x00000000f72fa138,0x00000000f7300000)
  to   space 16896K, 0% used [0x00000000f7300000,0x00000000f7300000,0x00000000f8380000)
 ParOldGen       total 46592K, used 46201K [0x00000000c4000000, 0x00000000c6d80000, 0x00000000ec000000)
  object space 46592K, 99% used [0x00000000c4000000,0x00000000c6d1e540,0x00000000c6d80000)
 Metaspace       used 28261K, capacity 28902K, committed 29184K, reserved 1075200K
  class space    used 3349K, capacity 3520K, committed 3584K, reserved 1048576K

Card table byte_map: [0x00007efd78a55000,0x00007efd78c36000] byte_map_base: 0x00007efd78435000

Marking Bits: (ParMarkBitMap*) 0x00007efd7c14fd60
 Begin Bits: [0x00007efd63200000, 0x00007efd64100000)
 End Bits:   [0x00007efd64100000, 0x00007efd65000000)

Polling page: 0x00007efd7cd9e000

CodeCache: size=245760Kb used=14057Kb max_used=14057Kb free=231702Kb
 bounds [0x00007efd65000000, 0x00007efd65de0000, 0x00007efd74000000]
 total_blobs=4250 nmethods=3850 adapters=321
 compilation: enabled

Compilation events (10 events):
Event: 21.632 Thread 0x00007efd740cf000 4482       1       org.apache.catalina.deploy.WebXml::getPostConstructMethods (5 bytes)
Event: 21.632 Thread 0x00007efd740cf000 nmethod 4482 0x00007efd65a41d50 code [0x00007efd65a41ea0, 0x00007efd65a41fb0]
Event: 21.632 Thread 0x00007efd740cf000 4479       1       org.apache.catalina.deploy.SessionConfig::getCookieSecure (5 bytes)
Event: 21.632 Thread 0x00007efd740cf000 nmethod 4479 0x00007efd65a419d0 code [0x00007efd65a41b20, 0x00007efd65a41c30]
Event: 21.632 Thread 0x00007efd740cf000 4480       1       org.apache.catalina.deploy.SessionConfig::getCookieMaxAge (5 bytes)
Event: 21.632 Thread 0x00007efd740cf000 nmethod 4480 0x00007efd654735d0 code [0x00007efd65473720, 0x00007efd65473830]
Event: 21.632 Thread 0x00007efd740cf000 4483       1       org.apache.catalina.deploy.WebXml::getPreDestroyMethods (5 bytes)
Event: 21.632 Thread 0x00007efd740cf000 nmethod 4483 0x00007efd65473310 code [0x00007efd65473460, 0x00007efd65473570]
Event: 21.632 Thread 0x00007efd740cf000 4481       1       org.apache.catalina.deploy.WebXml::getTaglibs (5 bytes)
Event: 21.632 Thread 0x00007efd740cf000 nmethod 4481 0x00007efd65473050 code [0x00007efd654731a0, 0x00007efd654732b0]

GC Heap History (10 events):
Event: 12.040 GC heap after
Heap after GC invocations=7 (full 0):
 PSYoungGen      total 68608K, used 7161K [0x00000000ec000000, 0x00000000f4d00000, 0x0000000100000000)
  eden space 61440K, 0% used [0x00000000ec000000,0x00000000ec000000,0x00000000efc00000)
  from space 7168K, 99% used [0x00000000efc00000,0x00000000f02fe738,0x00000000f0300000)
  to   space 10752K, 0% used [0x00000000f4280000,0x00000000f4280000,0x00000000f4d00000)
 ParOldGen       total 40960K, used 13701K [0x00000000c4000000, 0x00000000c6800000, 0x00000000ec000000)
  object space 40960K, 33% used [0x00000000c4000000,0x00000000c4d615a0,0x00000000c6800000)
 Metaspace       used 20644K, capacity 21070K, committed 21296K, reserved 1069056K
  class space    used 2484K, capacity 2615K, committed 2688K, reserved 1048576K
}
Event: 12.327 GC heap before
{Heap before GC invocations=8 (full 0):
 PSYoungGen      total 68608K, used 18267K [0x00000000ec000000, 0x00000000f4d00000, 0x0000000100000000)
  eden space 61440K, 18% used [0x00000000ec000000,0x00000000ecad8558,0x00000000efc00000)
  from space 7168K, 99% used [0x00000000efc00000,0x00000000f02fe738,0x00000000f0300000)
  to   space 10752K, 0% used [0x00000000f4280000,0x00000000f4280000,0x00000000f4d00000)
 ParOldGen       total 40960K, used 13701K [0x00000000c4000000, 0x00000000c6800000, 0x00000000ec000000)
  object space 40960K, 33% used [0x00000000c4000000,0x00000000c4d615a0,0x00000000c6800000)
 Metaspace       used 20739K, capacity 21134K, committed 21296K, reserved 1069056K
  class space    used 2489K, capacity 2615K, committed 2688K, reserved 1048576K
Event: 12.417 GC heap after
Heap after GC invocations=8 (full 0):
 PSYoungGen      total 132608K, used 9528K [0x00000000ec000000, 0x00000000f4f00000, 0x0000000100000000)
  eden space 121856K, 0% used [0x00000000ec000000,0x00000000ec000000,0x00000000f3700000)
  from space 10752K, 88% used [0x00000000f4280000,0x00000000f4bce298,0x00000000f4d00000)
  to   space 11776K, 0% used [0x00000000f3700000,0x00000000f3700000,0x00000000f4280000)
 ParOldGen       total 40960K, used 14261K [0x00000000c4000000, 0x00000000c6800000, 0x00000000ec000000)
  object space 40960K, 34% used [0x00000000c4000000,0x00000000c4ded5b0,0x00000000c6800000)
 Metaspace       used 20739K, capacity 21134K, committed 21296K, reserved 1069056K
  class space    used 2489K, capacity 2615K, committed 2688K, reserved 1048576K
}
Event: 12.613 GC heap before
{Heap before GC invocations=9 (full 1):
 PSYoungGen      total 132608K, used 9528K [0x00000000ec000000, 0x00000000f4f00000, 0x0000000100000000)
  eden space 121856K, 0% used [0x00000000ec000000,0x00000000ec000000,0x00000000f3700000)
  from space 10752K, 88% used [0x00000000f4280000,0x00000000f4bce298,0x00000000f4d00000)
  to   space 11776K, 0% used [0x00000000f3700000,0x00000000f3700000,0x00000000f4280000)
 ParOldGen       total 40960K, used 14261K [0x00000000c4000000, 0x00000000c6800000, 0x00000000ec000000)
  object space 40960K, 34% used [0x00000000c4000000,0x00000000c4ded5b0,0x00000000c6800000)
 Metaspace       used 20739K, capacity 21134K, committed 21296K, reserved 1069056K
  class space    used 2489K, capacity 2615K, committed 2688K, reserved 1048576K
Event: 13.135 GC heap after
Heap after GC invocations=9 (full 1):
 PSYoungGen      total 132608K, used 0K [0x00000000ec000000, 0x00000000f4f00000, 0x0000000100000000)
  eden space 121856K, 0% used [0x00000000ec000000,0x00000000ec000000,0x00000000f3700000)
  from space 10752K, 0% used [0x00000000f4280000,0x00000000f4280000,0x00000000f4d00000)
  to   space 11776K, 0% used [0x00000000f3700000,0x00000000f3700000,0x00000000f4280000)
 ParOldGen       total 43520K, used 16327K [0x00000000c4000000, 0x00000000c6a80000, 0x00000000ec000000)
  object space 43520K, 37% used [0x00000000c4000000,0x00000000c4ff1c98,0x00000000c6a80000)
 Metaspace       used 20739K, capacity 21134K, committed 21296K, reserved 1069056K
  class space    used 2489K, capacity 2615K, committed 2688K, reserved 1048576K
}
Event: 19.043 GC heap before
{Heap before GC invocations=10 (full 1):
 PSYoungGen      total 132608K, used 121856K [0x00000000ec000000, 0x00000000f4f00000, 0x0000000100000000)
  eden space 121856K, 100% used [0x00000000ec000000,0x00000000f3700000,0x00000000f3700000)
  from space 10752K, 0% used [0x00000000f4280000,0x00000000f4280000,0x00000000f4d00000)
  to   space 11776K, 0% used [0x00000000f3700000,0x00000000f3700000,0x00000000f4280000)
 ParOldGen       total 43520K, used 16327K [0x00000000c4000000, 0x00000000c6a80000, 0x00000000ec000000)
  object space 43520K, 37% used [0x00000000c4000000,0x00000000c4ff1c98,0x00000000c6a80000)
 Metaspace       used 28220K, capacity 28834K, committed 28928K, reserved 1075200K
  class space    used 3347K, capacity 3520K, committed 3584K, reserved 1048576K
Event: 19.099 GC heap after
Heap after GC invocations=10 (full 1):
 PSYoungGen      total 133632K, used 11758K [0x00000000ec000000, 0x00000000f8380000, 0x0000000100000000)
  eden space 121856K, 0% used [0x00000000ec000000,0x00000000ec000000,0x00000000f3700000)
  from space 11776K, 99% used [0x00000000f3700000,0x00000000f427b898,0x00000000f4280000)
  to   space 16896K, 0% used [0x00000000f7300000,0x00000000f7300000,0x00000000f8380000)
 ParOldGen       total 43520K, used 24028K [0x00000000c4000000, 0x00000000c6a80000, 0x00000000ec000000)
  object space 43520K, 55% used [0x00000000c4000000,0x00000000c5777148,0x00000000c6a80000)
 Metaspace       used 28220K, capacity 28834K, committed 28928K, reserved 1075200K
  class space    used 3347K, capacity 3520K, committed 3584K, reserved 1048576K
}
Event: 20.161 GC heap before
{Heap before GC invocations=11 (full 1):
 PSYoungGen      total 133632K, used 133614K [0x00000000ec000000, 0x00000000f8380000, 0x0000000100000000)
  eden space 121856K, 100% used [0x00000000ec000000,0x00000000f3700000,0x00000000f3700000)
  from space 11776K, 99% used [0x00000000f3700000,0x00000000f427b898,0x00000000f4280000)
  to   space 16896K, 0% used [0x00000000f7300000,0x00000000f7300000,0x00000000f8380000)
 ParOldGen       total 43520K, used 24028K [0x00000000c4000000, 0x00000000c6a80000, 0x00000000ec000000)
  object space 43520K, 55% used [0x00000000c4000000,0x00000000c5777148,0x00000000c6a80000)
 Metaspace       used 28247K, capacity 28838K, committed 28928K, reserved 1075200K
  class space    used 3348K, capacity 3520K, committed 3584K, reserved 1048576K
Event: 20.285 GC heap after
Heap after GC invocations=11 (full 1):
 PSYoungGen      total 177152K, used 16871K [0x00000000ec000000, 0x00000000f9200000, 0x0000000100000000)
  eden space 160256K, 0% used [0x00000000ec000000,0x00000000ec000000,0x00000000f5c80000)
  from space 16896K, 99% used [0x00000000f7300000,0x00000000f8379d78,0x00000000f8380000)
  to   space 23040K, 0% used [0x00000000f5c80000,0x00000000f5c80000,0x00000000f7300000)
 ParOldGen       total 43520K, used 33702K [0x00000000c4000000, 0x00000000c6a80000, 0x00000000ec000000)
  object space 43520K, 77% used [0x00000000c4000000,0x00000000c60e99d0,0x00000000c6a80000)
 Metaspace       used 28247K, capacity 28838K, committed 28928K, reserved 1075200K
  class space    used 3348K, capacity 3520K, committed 3584K, reserved 1048576K
}
Event: 21.688 GC heap before
{Heap before GC invocations=12 (full 1):
 PSYoungGen      total 177152K, used 177127K [0x00000000ec000000, 0x00000000f9200000, 0x0000000100000000)
  eden space 160256K, 100% used [0x00000000ec000000,0x00000000f5c80000,0x00000000f5c80000)
  from space 16896K, 99% used [0x00000000f7300000,0x00000000f8379d78,0x00000000f8380000)
  to   space 23040K, 0% used [0x00000000f5c80000,0x00000000f5c80000,0x00000000f7300000)
 ParOldGen       total 43520K, used 33702K [0x00000000c4000000, 0x00000000c6a80000, 0x00000000ec000000)
  object space 43520K, 77% used [0x00000000c4000000,0x00000000c60e99d0,0x00000000c6a80000)
 Metaspace       used 28261K, capacity 28902K, committed 29184K, reserved 1075200K
  class space    used 3349K, capacity 3520K, committed 3584K, reserved 1048576K

Deoptimization events (10 events):
Event: 20.622 Thread 0x00007efd18001800 Uncommon trap: reason=unhandled action=none pc=0x00007efd6594b8d0 method=java.net.URLClassLoader.findClass(Ljava/lang/String;)Ljava/lang/Class; @ 44
Event: 20.623 Thread 0x00007efd18001800 Uncommon trap: reason=unhandled action=none pc=0x00007efd6594b8d0 method=java.net.URLClassLoader.findClass(Ljava/lang/String;)Ljava/lang/Class; @ 44
Event: 20.623 Thread 0x00007efd18001800 Uncommon trap: reason=unhandled action=none pc=0x00007efd6594b8d0 method=java.net.URLClassLoader.findClass(Ljava/lang/String;)Ljava/lang/Class; @ 44
Event: 20.624 Thread 0x00007efd18001800 Uncommon trap: reason=unhandled action=none pc=0x00007efd6594b8d0 method=java.net.URLClassLoader.findClass(Ljava/lang/String;)Ljava/lang/Class; @ 44
Event: 20.624 Thread 0x00007efd18001800 Uncommon trap: reason=unhandled action=none pc=0x00007efd6594b8d0 method=java.net.URLClassLoader.findClass(Ljava/lang/String;)Ljava/lang/Class; @ 44
Event: 20.625 Thread 0x00007efd18001800 Uncommon trap: reason=unhandled action=none pc=0x00007efd6594b8d0 method=java.net.URLClassLoader.findClass(Ljava/lang/String;)Ljava/lang/Class; @ 44
Event: 20.625 Thread 0x00007efd18001800 Uncommon trap: reason=unhandled action=none pc=0x00007efd6594b8d0 method=java.net.URLClassLoader.findClass(Ljava/lang/String;)Ljava/lang/Class; @ 44
Event: 20.626 Thread 0x00007efd18001800 Uncommon trap: reason=unhandled action=none pc=0x00007efd6594b8d0 method=java.net.URLClassLoader.findClass(Ljava/lang/String;)Ljava/lang/Class; @ 44
Event: 20.626 Thread 0x00007efd18001800 Uncommon trap: reason=unhandled action=none pc=0x00007efd6594b8d0 method=java.net.URLClassLoader.findClass(Ljava/lang/String;)Ljava/lang/Class; @ 44
Event: 20.731 Thread 0x00007efd18001800 Uncommon trap: reason=unstable_if action=reinterpret pc=0x00007efd655f2dc4 method=java.util.LinkedHashMap.afterNodeAccess(Ljava/util/HashMap$Node;)V @ 41

Internal exceptions (10 events):
Event: 16.134 Thread 0x00007efd7400c800 Exception <a 'java/lang/ArrayIndexOutOfBoundsException': 38> (0x00000000eeeca910) thrown at [/HUDSON/workspace/8-2-build-linux-amd64/jdk8u91/6644/hotspot/src/share/vm/interpreter/interpreterRuntime.cpp, line 366]
Event: 16.179 Thread 0x00007efd7400c800 Exception <a 'java/lang/ArrayIndexOutOfBoundsException': 38> (0x00000000eeef03b0) thrown at [/HUDSON/workspace/8-2-build-linux-amd64/jdk8u91/6644/hotspot/src/share/vm/interpreter/interpreterRuntime.cpp, line 366]
Event: 16.247 Thread 0x00007efd7400c800 Exception <a 'java/lang/ArrayIndexOutOfBoundsException': 49> (0x00000000eeefe5b8) thrown at [/HUDSON/workspace/8-2-build-linux-amd64/jdk8u91/6644/hotspot/src/share/vm/interpreter/interpreterRuntime.cpp, line 366]
Event: 17.341 Thread 0x00007efd18001800 Implicit null exception at 0x00007efd65b09bab to 0x00007efd65b0a32d
Event: 17.342 Thread 0x00007efd18001800 Implicit null exception at 0x00007efd651150e1 to 0x00007efd65115d49
Event: 17.515 Thread 0x00007efd18001800 Implicit null exception at 0x00007efd65309eb9 to 0x00007efd6530a385
Event: 17.515 Thread 0x00007efd18001800 Implicit null exception at 0x00007efd652017f6 to 0x00007efd65201c61
Event: 17.698 Thread 0x00007efd18001800 Implicit null exception at 0x00007efd655bdc2f to 0x00007efd655be2d5
Event: 19.952 Thread 0x00007efd18001800 Implicit null exception at 0x00007efd65a52ba2 to 0x00007efd65a53b3d
Event: 20.731 Thread 0x00007efd18001800 Implicit null exception at 0x00007efd655f265a to 0x00007efd655f2d9d

Events (10 events):
Event: 20.626 Thread 0x00007efd18001800 DEOPT PACKING pc=0x00007efd657bcd8c sp=0x00007efd2305c1b0
Event: 20.626 Thread 0x00007efd18001800 DEOPT UNPACKING pc=0x00007efd65047633 sp=0x00007efd2305bef8 mode 1
Event: 20.731 Thread 0x00007efd18001800 Uncommon trap: trap_request=0xffffff65 fr.pc=0x00007efd655f2dc4
Event: 20.731 Thread 0x00007efd18001800 DEOPT PACKING pc=0x00007efd655f2dc4 sp=0x00007efd2305cc60
Event: 20.731 Thread 0x00007efd18001800 DEOPT UNPACKING pc=0x00007efd65005229 sp=0x00007efd2305cb60 mode 2
Event: 20.955 Executing VM operation: RevokeBias
Event: 20.956 Executing VM operation: RevokeBias done
Event: 21.629 Executing VM operation: RevokeBias
Event: 21.629 Executing VM operation: RevokeBias done
Event: 21.687 Executing VM operation: ParallelGCFailedAllocation


Dynamic libraries:
00400000-00401000 r-xp 00000000 08:16 137737                             /usr/lib/jvm/jdk1.8.0_91/bin/java
00600000-00601000 rw-p 00000000 08:16 137737                             /usr/lib/jvm/jdk1.8.0_91/bin/java
00afa000-00b1b000 rw-p 00000000 00:00 0                                  [heap]
c4000000-c6d80000 rw-p 00000000 00:00 0 
c6d80000-ec000000 ---p 00000000 00:00 0 
ec000000-f9200000 rw-p 00000000 00:00 0 
fd480000-100000000 ---p 00000000 00:00 0 
100000000-100380000 rw-p 00000000 00:00 0 
100380000-140000000 ---p 00000000 00:00 0 
7efd10000000-7efd127c9000 rw-p 00000000 00:00 0 
7efd127c9000-7efd14000000 ---p 00000000 00:00 0 
7efd18000000-7efd18021000 rw-p 00000000 00:00 0 
7efd18021000-7efd1c000000 ---p 00000000 00:00 0 
7efd1c000000-7efd1c021000 rw-p 00000000 00:00 0 
7efd1c021000-7efd20000000 ---p 00000000 00:00 0 
7efd22c54000-7efd22c67000 r--s 00344000 08:16 139604                     /usr/lib/jvm/jdk1.8.0_91/jre/lib/resources.jar
7efd22c67000-7efd22c71000 r--s 0005c000 08:17 1442598                    /home/mbc1996/.m2/repository/jstl/jstl/1.2/jstl-1.2.jar
7efd22c71000-7efd22c8a000 r--s 001ae000 08:17 1442548                    /home/mbc1996/.m2/repository/org/aspectj/aspectjweaver/1.8.4/aspectjweaver-1.8.4.jar
7efd22c8a000-7efd22c8c000 r--s 0000c000 08:17 1442788                    /home/mbc1996/.m2/repository/org/springframework/spring-aspects/4.1.3.RELEASE/spring-aspects-4.1.3.RELEASE.jar
7efd22c8c000-7efd22c93000 r--s 00037000 08:17 1442799                    /home/mbc1996/.m2/repository/org/springframework/spring-tx/4.1.3.RELEASE/spring-tx-4.1.3.RELEASE.jar
7efd22c93000-7efd22c9d000 r--s 0005f000 08:17 1442795                    /home/mbc1996/.m2/repository/org/springframework/spring-jdbc/4.1.3.RELEASE/spring-jdbc-4.1.3.RELEASE.jar
7efd22c9d000-7efd22cad000 r--s 0009f000 08:17 1442801                    /home/mbc1996/.m2/repository/org/springframework/spring-web/4.1.3.RELEASE/spring-web-4.1.3.RELEASE.jar
7efd22cad000-7efd22cbc000 r--s 000b0000 08:17 1442803                    /home/mbc1996/.m2/repository/org/springframework/spring-webmvc/4.1.3.RELEASE/spring-webmvc-4.1.3.RELEASE.jar
7efd22cbc000-7efd22cc9000 r--s 000a0000 08:17 1442790                    /home/mbc1996/.m2/repository/org/springframework/spring-beans/4.1.3.RELEASE/spring-beans-4.1.3.RELEASE.jar
7efd22cc9000-7efd22cce000 r--s 0003b000 08:17 1442794                    /home/mbc1996/.m2/repository/org/springframework/spring-expression/4.1.3.RELEASE/spring-expression-4.1.3.RELEASE.jar
7efd22cce000-7efd22ce2000 r--s 000e2000 08:17 1442793                    /home/mbc1996/.m2/repository/org/springframework/spring-core/4.1.3.RELEASE/spring-core-4.1.3.RELEASE.jar
7efd22ce2000-7efd22ce4000 r--s 00000000 08:17 1313113                    /home/mbc1996/.m2/repository/aopalliance/aopalliance/1.0/aopalliance-1.0.jar
7efd22ce4000-7efd22ced000 r--s 0004f000 08:17 1442787                    /home/mbc1996/.m2/repository/org/springframework/spring-aop/4.1.3.RELEASE/spring-aop-4.1.3.RELEASE.jar
7efd22ced000-7efd22d05000 r--s 000e3000 08:17 1442791                    /home/mbc1996/.m2/repository/org/springframework/spring-context/4.1.3.RELEASE/spring-context-4.1.3.RELEASE.jar
7efd22d05000-7efd22d07000 r--s 00019000 08:17 1450263                    /home/mbc1996/.m2/repository/com/taotao/taotao-manager-pojo/0.0.1-SNAPSHOT/taotao-manager-pojo-0.0.1-SNAPSHOT.jar
7efd22d07000-7efd22d10000 r--s 0006d000 08:17 1442607                    /home/mbc1996/.m2/repository/log4j/log4j/1.2.16/log4j-1.2.16.jar
7efd22d10000-7efd22d12000 r--s 00005000 08:17 1442774                    /home/mbc1996/.m2/repository/org/slf4j/slf4j-api/1.6.4/slf4j-api-1.6.4.jar
7efd22d12000-7efd22d13000 r--s 00002000 08:17 1442781                    /home/mbc1996/.m2/repository/org/slf4j/slf4j-log4j12/1.6.4/slf4j-log4j12-1.6.4.jar
7efd22d13000-7efd22d19000 r--s 0003f000 08:17 1442581                    /home/mbc1996/.m2/repository/org/apache/httpcomponents/httpcore/4.3.2/httpcore-4.3.2.jar
7efd22d19000-7efd22d25000 r--s 00085000 08:17 1442579                    /home/mbc1996/.m2/repository/org/apache/httpcomponents/httpclient/4.3.5/httpclient-4.3.5.jar
7efd22d25000-7efd22d29000 r--s 00034000 08:17 1313145                    /home/mbc1996/.m2/repository/com/fasterxml/jackson/core/jackson-core/2.4.2/jackson-core-2.4.2.jar
7efd22d29000-7efd22d2c000 r--s 00007000 08:17 1313144                    /home/mbc1996/.m2/repository/com/fasterxml/jackson/core/jackson-annotations/2.4.0/jackson-annotations-2.4.0.jar
7efd22d2c000-7efd22d3d000 r--s 000f6000 08:17 1313146                    /home/mbc1996/.m2/repository/com/fasterxml/jackson/core/jackson-databind/2.4.2/jackson-databind-2.4.2.jar
7efd22d3d000-7efd22d43000 r--s 0003f000 08:17 1313135                    /home/mbc1996/.m2/repository/commons-net/commons-net/3.3/commons-net-3.3.jar
7efd22d43000-7efd22d46000 r--s 00013000 08:17 1313124                    /home/mbc1996/.m2/repository/commons-io/commons-io/1.3.2/commons-io-1.3.2.jar
7efd22d46000-7efd22d4d000 r--s 0005e000 08:17 1442558                    /home/mbc1996/.m2/repository/org/apache/commons/commons-lang3/3.3.2/commons-lang3-3.3.2.jar
7efd22d4d000-7efd22d5c000 r--s 00081000 08:17 1442595                    /home/mbc1996/.m2/repository/joda-time/joda-time/2.5/joda-time-2.5.jar
7efd22d5c000-7efd22d5e000 r--s 00002000 08:17 1311153                    /home/mbc1996/.m2/repository/com/taotao/taotao-common/0.0.1-SNAPSHOT/taotao-common-0.0.1-SNAPSHOT.jar
7efd22d5e000-7efd22e5e000 rw-p 00000000 00:00 0 
7efd22e5e000-7efd22f5e000 ---p 00000000 00:00 0 
7efd22f5e000-7efd22f61000 ---p 00000000 00:00 0 
7efd22f61000-7efd2305f000 rw-p 00000000 00:00 0 
7efd2305f000-7efd23062000 ---p 00000000 00:00 0 
7efd23062000-7efd23160000 rw-p 00000000 00:00 0 
7efd23160000-7efd2317c000 r--s 00393000 08:16 139781                     /usr/lib/jvm/jdk1.8.0_91/jre/lib/ext/cldrdata.jar
7efd2317c000-7efd23186000 r--s 00116000 08:16 139788                     /usr/lib/jvm/jdk1.8.0_91/jre/lib/ext/localedata.jar
7efd23186000-7efd23386000 rw-p 00000000 00:00 0 
7efd23386000-7efd2338f000 r-xp 00000000 08:16 139663                     /usr/lib/jvm/jdk1.8.0_91/jre/lib/amd64/libmanagement.so
7efd2338f000-7efd2358e000 ---p 00009000 08:16 139663                     /usr/lib/jvm/jdk1.8.0_91/jre/lib/amd64/libmanagement.so
7efd2358e000-7efd2358f000 rw-p 00008000 08:16 139663                     /usr/lib/jvm/jdk1.8.0_91/jre/lib/amd64/libmanagement.so
7efd2358f000-7efd2378f000 rw-p 00000000 00:00 0 
7efd2378f000-7efd23791000 r--s 00003000 08:17 1442589                    /home/mbc1996/.m2/repository/org/slf4j/jcl-over-slf4j/1.7.5/jcl-over-slf4j-1.7.5.jar
7efd23791000-7efd23793000 r--s 00009000 08:17 1442647                    /home/mbc1996/.m2/repository/org/apache/maven/shared/maven-filtering/1.0/maven-filtering-1.0.jar
7efd23793000-7efd23796000 r--s 0000c000 08:17 1442758                    /home/mbc1996/.m2/repository/org/codehaus/plexus/plexus-io/2.0.3/plexus-io-2.0.3.jar
7efd23796000-7efd23798000 r--s 00011000 08:17 1442572                    /home/mbc1996/.m2/repository/org/hamcrest/hamcrest-core/1.1/hamcrest-core-1.1.jar
7efd23798000-7efd2379f000 r--s 00037000 08:17 1442602                    /home/mbc1996/.m2/repository/junit/junit/4.10/junit-4.10.jar
7efd2379f000-7efd237a4000 r--s 00029000 08:17 1442733                    /home/mbc1996/.m2/repository/org/codehaus/plexus/plexus-archiver/2.1.1/plexus-archiver-2.1.1.jar
7efd237a4000-7efd237a8000 r--s 00014000 08:17 1442841                    /home/mbc1996/.m2/repository/org/tukaani/xz/1.0/xz-1.0.jar
7efd237a8000-7efd237ad000 r--s 00036000 08:17 1442555                    /home/mbc1996/.m2/repository/org/apache/commons/commons-compress/1.4.1/commons-compress-1.4.1.jar
7efd237ad000-7efd237b2000 r--s 00041000 08:17 1313129                    /home/mbc1996/.m2/repository/commons-lang/commons-lang/2.6/commons-lang-2.6.jar
7efd237b2000-7efd237b6000 r--s 00027000 08:17 1313125                    /home/mbc1996/.m2/repository/commons-io/commons-io/2.2/commons-io-2.2.jar
7efd237b6000-7efd237b8000 r--s 0000d000 08:17 1442753                    /home/mbc1996/.m2/repository/org/codehaus/plexus/plexus-interpolation/1.13/plexus-interpolation-1.13.jar
7efd237b8000-7efd237ba000 r--s 00005000 08:17 1442832                    /home/mbc1996/.m2/repository/org/apache/tomcat/maven/tomcat7-war-runner/2.2/tomcat7-war-runner-2.2.jar
7efd237ba000-7efd237c0000 r--s 00033000 08:17 1313122                    /home/mbc1996/.m2/repository/commons-codec/commons-codec/1.6/commons-codec-1.6.jar
7efd237c0000-7efd237c6000 r--s 0003f000 08:17 1442582                    /home/mbc1996/.m2/repository/org/apache/httpcomponents/httpcore/4.3/httpcore-4.3.jar
7efd237c6000-7efd237d1000 r--s 00084000 08:17 1442577                    /home/mbc1996/.m2/repository/org/apache/httpcomponents/httpclient/4.3.1/httpclient-4.3.1.jar
7efd237d1000-7efd237ef000 r--s 00151000 08:17 1313141                    /home/mbc1996/.m2/repository/com/google/guava/guava/10.0.1/guava-10.0.1.jar
7efd237ef000-7efd239ef000 rw-p 00000000 00:00 0 
7efd239ef000-7efd23bef000 rw-p 00000000 00:00 0 
7efd23bef000-7efd23def000 rw-p 00000000 00:00 0 
7efd23def000-7efd23e00000 r-xp 00000000 08:16 139658                     /usr/lib/jvm/jdk1.8.0_91/jre/lib/amd64/libnio.so
7efd23e00000-7efd23fff000 ---p 00011000 08:16 139658                     /usr/lib/jvm/jdk1.8.0_91/jre/lib/amd64/libnio.so
7efd23fff000-7efd24000000 rw-p 00010000 08:16 139658                     /usr/lib/jvm/jdk1.8.0_91/jre/lib/amd64/libnio.so
7efd24000000-7efd24e50000 rw-p 00000000 00:00 0 
7efd24e50000-7efd28000000 ---p 00000000 00:00 0 
7efd28000000-7efd28021000 rw-p 00000000 00:00 0 
7efd28021000-7efd2c000000 ---p 00000000 00:00 0 
7efd2c000000-7efd2f714000 rw-p 00000000 00:00 0 
7efd2f714000-7efd30000000 ---p 00000000 00:00 0 
7efd30000000-7efd3326d000 rw-p 00000000 00:00 0 
7efd3326d000-7efd34000000 ---p 00000000 00:00 0 
7efd34000000-7efd34021000 rw-p 00000000 00:00 0 
7efd34021000-7efd38000000 ---p 00000000 00:00 0 
7efd38000000-7efd38021000 rw-p 00000000 00:00 0 
7efd38021000-7efd3c000000 ---p 00000000 00:00 0 
7efd3c000000-7efd3c021000 rw-p 00000000 00:00 0 
7efd3c021000-7efd40000000 ---p 00000000 00:00 0 
7efd40000000-7efd40021000 rw-p 00000000 00:00 0 
7efd40021000-7efd44000000 ---p 00000000 00:00 0 
7efd44000000-7efd44021000 rw-p 00000000 00:00 0 
7efd44021000-7efd48000000 ---p 00000000 00:00 0 
7efd48000000-7efd48021000 rw-p 00000000 00:00 0 
7efd48021000-7efd4c000000 ---p 00000000 00:00 0 
7efd4c000000-7efd4c021000 rw-p 00000000 00:00 0 
7efd4c021000-7efd50000000 ---p 00000000 00:00 0 
7efd50000000-7efd502c7000 rw-p 00000000 00:00 0 
7efd502c7000-7efd54000000 ---p 00000000 00:00 0 
7efd54000000-7efd54021000 rw-p 00000000 00:00 0 
7efd54021000-7efd58000000 ---p 00000000 00:00 0 
7efd58000000-7efd58021000 rw-p 00000000 00:00 0 
7efd58021000-7efd5c000000 ---p 00000000 00:00 0 
7efd5c000000-7efd5c021000 rw-p 00000000 00:00 0 
7efd5c021000-7efd60000000 ---p 00000000 00:00 0 
7efd60000000-7efd60001000 r--s 00004000 08:17 1442614                    /home/mbc1996/.m2/repository/org/apache/maven/maven-archiver/2.4.2/maven-archiver-2.4.2.jar
7efd60001000-7efd60003000 r--s 0000e000 08:17 1313130                    /home/mbc1996/.m2/repository/commons-logging/commons-logging/1.1.3/commons-logging-1.1.3.jar
7efd60003000-7efd60006000 r--s 00006000 08:17 1313148                    /home/mbc1996/.m2/repository/com/google/code/findbugs/jsr305/1.3.9/jsr305-1.3.9.jar
7efd60006000-7efd60008000 r--s 00008000 08:17 1442554                    /home/mbc1996/.m2/repository/org/apache/tomcat/maven/common-tomcat-maven-plugin/2.2/common-tomcat-maven-plugin-2.2.jar
7efd60008000-7efd60017000 r--s 001a9000 08:17 1442568                    /home/mbc1996/.m2/repository/org/eclipse/jdt/core/compiler/ecj/4.2.2/ecj-4.2.2.jar
7efd60017000-7efd60019000 r--s 00013000 08:17 1442821                    /home/mbc1996/.m2/repository/org/apache/tomcat/embed/tomcat-embed-logging-log4j/7.0.47/tomcat-embed-logging-log4j-7.0.47.jar
7efd60019000-7efd6001b000 r--s 00008000 08:17 1442820                    /home/mbc1996/.m2/repository/org/apache/tomcat/embed/tomcat-embed-logging-juli/7.0.47/tomcat-embed-logging-juli-7.0.47.jar
7efd6001b000-7efd6001d000 r--s 00008000 08:17 1442826                    /home/mbc1996/.m2/repository/org/apache/tomcat/tomcat-juli/7.0.47/tomcat-juli-7.0.47.jar
7efd6001d000-7efd6001e000 r--s 00003000 08:17 1442812                    /home/mbc1996/.m2/repository/org/apache/tomcat/tomcat-annotations-api/7.0.47/tomcat-annotations-api-7.0.47.jar
7efd6001e000-7efd60020000 r--s 0001f000 08:17 1442815                    /home/mbc1996/.m2/repository/org/apache/tomcat/tomcat-catalina-ha/7.0.47/tomcat-catalina-ha-7.0.47.jar
7efd60020000-7efd60024000 r--s 0003b000 08:17 1442829                    /home/mbc1996/.m2/repository/org/apache/tomcat/tomcat-tribes/7.0.47/tomcat-tribes-7.0.47.jar
7efd60024000-7efd60036000 r--s 00171000 08:17 1442814                    /home/mbc1996/.m2/repository/org/apache/tomcat/tomcat-catalina/7.0.47/tomcat-catalina-7.0.47.jar
7efd60036000-7efd60038000 r--s 0000a000 08:17 1442818                    /home/mbc1996/.m2/repository/org/apache/tomcat/tomcat-el-api/7.0.47/tomcat-el-api-7.0.47.jar
7efd60038000-7efd6003b000 r--s 0001c000 08:17 1442823                    /home/mbc1996/.m2/repository/org/apache/tomcat/tomcat-jasper-el/7.0.47/tomcat-jasper-el-7.0.47.jar
7efd6003b000-7efd60043000 r--s 0008b000 08:17 1442822                    /home/mbc1996/.m2/repository/org/apache/tomcat/tomcat-jasper/7.0.47/tomcat-jasper-7.0.47.jar
7efd60043000-7efd60046000 r--s 00013000 08:17 1442825                    /home/mbc1996/.m2/repository/org/apache/tomcat/tomcat-jsp-api/7.0.47/tomcat-jsp-api-7.0.47.jar
7efd60046000-7efd60049000 r--s 00029000 08:17 1442828                    /home/mbc1996/.m2/repository/org/apache/tomcat/tomcat-servlet-api/7.0.47/tomcat-servlet-api-7.0.47.jar
7efd60049000-7efd6004d000 r--s 00036000 08:17 1442817                    /home/mbc1996/.m2/repository/org/apache/tomcat/tomcat-dbcp/7.0.47/tomcat-dbcp-7.0.47.jar
7efd6004d000-7efd6004f000 r--s 0001d000 08:17 1442824                    /home/mbc1996/.m2/repository/org/apache/tomcat/tomcat-jdbc/7.0.47/tomcat-jdbc-7.0.47.jar
7efd6004f000-7efd60050000 r--s 00001000 08:17 1442813                    /home/mbc1996/.m2/repository/org/apache/tomcat/tomcat-api/7.0.47/tomcat-api-7.0.47.jar
7efd60050000-7efd6005e000 r--s 000be000 08:17 1442816                    /home/mbc1996/.m2/repository/org/apache/tomcat/tomcat-coyote/7.0.47/tomcat-coyote-7.0.47.jar
7efd6005e000-7efd6005f000 r--s 00005000 08:17 1442830                    /home/mbc1996/.m2/repository/org/apache/tomcat/tomcat-util/7.0.47/tomcat-util-7.0.47.jar
7efd6005f000-7efd60086000 r--s 00290000 08:17 1442819                    /home/mbc1996/.m2/repository/org/apache/tomcat/embed/tomcat-embed-core/7.0.47/tomcat-embed-core-7.0.47.jar
7efd60086000-7efd60088000 r--s 0001a000 08:17 1442831                    /home/mbc1996/.m2/repository/org/apache/tomcat/maven/tomcat7-maven-plugin/2.2/tomcat7-maven-plugin-2.2.jar
7efd60088000-7efd60101000 r--s 010e3000 08:16 137866                     /usr/lib/jvm/jdk1.8.0_91/lib/tools.jar
7efd60101000-7efd60104000 r--s 0001b000 08:17 1442601                    /home/mbc1996/.m2/repository/junit/junit/3.8.2/junit-3.8.2.jar
7efd60104000-7efd60112000 r--s 0008f000 08:17 1313138                    /home/mbc1996/.m2/repository/com/google/collections/google-collections/1.0/google-collections-1.0.jar
7efd60112000-7efd60113000 r--s 0000a000 08:17 1313132                    /home/mbc1996/.m2/repository/commons-logging/commons-logging-api/1.1/commons-logging-api-1.1.jar
7efd60113000-7efd6011a000 r--s 00051000 08:17 1442606                    /home/mbc1996/.m2/repository/log4j/log4j/1.2.12/log4j-1.2.12.jar
7efd6011a000-7efd6011e000 r--s 0001d000 08:17 1442838                    /home/mbc1996/.m2/repository/org/apache/xbean/xbean-reflect/3.4/xbean-reflect-3.4.jar
7efd6011e000-7efd6011f000 r--s 00004000 08:17 1442743                    /home/mbc1996/.m2/repository/org/codehaus/plexus/plexus-compiler-javac/2.4/plexus-compiler-javac-2.4.jar
7efd6011f000-7efd60121000 r--s 00000000 08:17 1442745                    /home/mbc1996/.m2/repository/org/codehaus/plexus/plexus-compiler-manager/2.4/plexus-compiler-manager-2.4.jar
7efd60121000-7efd60123000 r--s 00005000 08:17 1442741                    /home/mbc1996/.m2/repository/org/codehaus/plexus/plexus-compiler-api/2.4/plexus-compiler-api-2.4.jar
7efd60123000-7efd60125000 r--s 00000000 08:17 1442747                    /home/mbc1996/.m2/repository/org/codehaus/plexus/plexus-component-annotations/1.5.5/plexus-component-annotations-1.5.5.jar
7efd60125000-7efd60127000 r--s 00002000 08:17 1442713                    /home/mbc1996/.m2/repository/org/apache/maven/shared/maven-shared-incremental/1.1/maven-shared-incremental-1.1.jar
7efd60127000-7efd6012a000 r--s 00023000 08:17 1442714                    /home/mbc1996/.m2/repository/org/apache/maven/shared/maven-shared-utils/0.1/maven-shared-utils-0.1.jar
7efd6012a000-7efd6012e000 r--s 00030000 08:17 1442763                    /home/mbc1996/.m2/repository/org/codehaus/plexus/plexus-utils/1.5.1/plexus-utils-1.5.1.jar
7efd6012e000-7efd60130000 r--s 0000a000 08:17 1442633                    /home/mbc1996/.m2/repository/org/apache/maven/plugins/maven-compiler-plugin/3.2/maven-compiler-plugin-3.2.jar
7efd60130000-7efd60133000 r--s 0000d000 08:17 1442755                    /home/mbc1996/.m2/repository/org/codehaus/plexus/plexus-interpolation/1.19/plexus-interpolation-1.19.jar
7efd60133000-7efd60134000 r--s 00001000 08:17 1442735                    /home/mbc1996/.m2/repository/org/sonatype/plexus/plexus-build-api/0.0.4/plexus-build-api-0.0.4.jar
7efd60134000-7efd60136000 r--s 00006000 08:17 1313149                    /home/mbc1996/.m2/repository/com/google/code/findbugs/jsr305/2.0.1/jsr305-2.0.1.jar
7efd60136000-7efd60139000 r--s 00023000 08:17 1442715                    /home/mbc1996/.m2/repository/org/apache/maven/shared/maven-shared-utils/0.3/maven-shared-utils-0.3.jar
7efd60139000-7efd6013b000 r--s 00009000 08:17 1442649                    /home/mbc1996/.m2/repository/org/apache/maven/shared/maven-filtering/1.2/maven-filtering-1.2.jar
7efd6013b000-7efd6013f000 r--s 00037000 08:17 1442765                    /home/mbc1996/.m2/repository/org/codehaus/plexus/plexus-utils/3.0.15/plexus-utils-3.0.15.jar
7efd6013f000-7efd60141000 r--s 00002000 08:17 1442736                    /home/mbc1996/.m2/repository/org/sonatype/plexus/plexus-cipher/1.4/plexus-cipher-1.4.jar
7efd60141000-7efd60142000 r--s 00006000 08:17 1442760                    /home/mbc1996/.m2/repository/org/sonatype/plexus/plexus-sec-dispatcher/1.3/plexus-sec-dispatcher-1.3.jar
7efd60142000-7efd60144000 r--s 00002000 08:17 1442752                    /home/mbc1996/.m2/repository/org/codehaus/plexus/plexus-interactivity-api/1.0-alpha-4/plexus-interactivity-api-1.0-alpha-4.jar
7efd60144000-7efd60146000 r--s 00009000 08:17 1313119                    /home/mbc1996/.m2/repository/commons-cli/commons-cli/1.2/commons-cli-1.2.jar
7efd60146000-7efd60147000 r--s 00002000 08:17 1442564                    /home/mbc1996/.m2/repository/org/apache/maven/doxia/doxia-logging-api/1.1/doxia-logging-api-1.1.jar
7efd60147000-7efd60149000 r--s 00002000 08:17 1442567                    /home/mbc1996/.m2/repository/org/apache/maven/doxia/doxia-sink-api/1.1/doxia-sink-api-1.1.jar
7efd60149000-7efd6014a000 r--s 00002000 08:17 1442697                    /home/mbc1996/.m2/repository/org/apache/maven/reporting/maven-reporting-api/2.2.1/maven-reporting-api-2.2.1.jar
7efd6014a000-7efd6014c000 r--s 00003000 08:17 1442588                    /home/mbc1996/.m2/repository/org/slf4j/jcl-over-slf4j/1.5.6/jcl-over-slf4j-1.5.6.jar
7efd6014c000-7efd6014e000 r--s 00001000 08:17 1442780                    /home/mbc1996/.m2/repository/org/slf4j/slf4j-jdk14/1.5.6/slf4j-jdk14-1.5.6.jar
7efd6014e000-7efd60151000 r--s 0001b000 08:17 1442600                    /home/mbc1996/.m2/repository/junit/junit/3.8.1/junit-3.8.1.jar
7efd60151000-7efd60159000 r--s 00049000 08:17 1313114                    /home/mbc1996/.m2/repository/backport-util-concurrent/backport-util-concurrent/3.1/backport-util-concurrent-3.1.jar
7efd60159000-7efd6015a000 r--s 00007000 08:17 1442705                    /home/mbc1996/.m2/repository/org/apache/maven/plugins/maven-resources-plugin/2.7/maven-resources-plugin-2.7.jar
7efd6015a000-7efd6015e000 r--s 00034000 08:17 1442769                    /home/mbc1996/.m2/repository/org/codehaus/plexus/plexus-utils/3.0/plexus-utils-3.0.jar
7efd6015e000-7efd60160000 r--s 00005000 08:17 1442629                    /home/mbc1996/.m2/repository/org/apache/maven/plugins/maven-clean-plugin/2.5/maven-clean-plugin-2.5.jar
7efd60160000-7efd60461000 rw-p 00000000 00:00 0 
7efd60461000-7efd60477000 r-xp 00000000 08:16 139655                     /usr/lib/jvm/jdk1.8.0_91/jre/lib/amd64/libnet.so
7efd60477000-7efd60677000 ---p 00016000 08:16 139655                     /usr/lib/jvm/jdk1.8.0_91/jre/lib/amd64/libnet.so
7efd60677000-7efd60678000 rw-p 00016000 08:16 139655                     /usr/lib/jvm/jdk1.8.0_91/jre/lib/amd64/libnet.so
7efd60678000-7efd60878000 rw-p 00000000 00:00 0 
7efd60878000-7efd6087c000 r--s 00097000 08:16 139605                     /usr/lib/jvm/jdk1.8.0_91/jre/lib/jsse.jar
7efd6087c000-7efd60a7c000 rw-p 00000000 00:00 0 
7efd60a7c000-7efd60c7c000 rw-p 00000000 00:00 0 
7efd60c7c000-7efd60c7d000 r--s 00002000 08:17 1053061                    /home/mbc1996/eclipse/plugins/org.eclipse.m2e.maven.runtime.slf4j.simple_1.7.0.20160603-1931/jars/slf4j-simple-1.7.5.jar
7efd60c7d000-7efd60c82000 r--s 00041000 08:17 1052573                    /home/mbc1996/eclipse/plugins/org.eclipse.m2e.maven.runtime_1.7.0.20160603-1931/jars/commons-lang-2.6.jar
7efd60c82000-7efd60c83000 r--s 00002000 08:17 1052585                    /home/mbc1996/eclipse/plugins/org.eclipse.m2e.maven.runtime_1.7.0.20160603-1931/jars/wagon-file-2.10.jar
7efd60c83000-7efd60c85000 r--s 00005000 08:17 1052572                    /home/mbc1996/eclipse/plugins/org.eclipse.m2e.maven.runtime_1.7.0.20160603-1931/jars/aether-transport-wagon-1.0.2.v20150114.jar
7efd60c85000-7efd60c86000 r--s 00008000 08:17 1052587                    /home/mbc1996/eclipse/plugins/org.eclipse.m2e.maven.runtime_1.7.0.20160603-1931/jars/aether-connector-basic-1.0.2.v20150114.jar
7efd60c86000-7efd60c88000 r--s 0000f000 08:17 1052592                    /home/mbc1996/eclipse/plugins/org.eclipse.m2e.maven.runtime_1.7.0.20160603-1931/jars/okio-1.6.0.jar
7efd60c88000-7efd60c8d000 r--s 00049000 08:17 1052602                    /home/mbc1996/eclipse/plugins/org.eclipse.m2e.maven.runtime_1.7.0.20160603-1931/jars/okhttp-2.5.0.jar
7efd60c8d000-7efd60c8f000 r--s 0000b000 08:17 1052583                    /home/mbc1996/eclipse/plugins/org.eclipse.m2e.maven.runtime_1.7.0.20160603-1931/jars/aether-connector-okhttp-0.16.0.jar
7efd60c8f000-7efd60c91000 r--s 00006000 08:17 1052595                    /home/mbc1996/eclipse/plugins/org.eclipse.m2e.maven.runtime_1.7.0.20160603-1931/jars/aether-spi-1.0.2.v20150114.jar
7efd60c91000-7efd60c95000 r--s 00027000 08:17 1052599                    /home/mbc1996/eclipse/plugins/org.eclipse.m2e.maven.runtime_1.7.0.20160603-1931/jars/aether-impl-1.0.2.v20150114.jar
7efd60c95000-7efd60cc0000 r--s 001fc000 08:17 1052570                    /home/mbc1996/eclipse/plugins/org.eclipse.m2e.maven.runtime_1.7.0.20160603-1931/jars/guava-18.0.jar
7efd60cc0000-7efd60cc8000 r--s 00055000 08:17 1052600                    /home/mbc1996/eclipse/plugins/org.eclipse.m2e.maven.runtime_1.7.0.20160603-1931/jars/org.eclipse.sisu.inject-0.3.2.jar
7efd60cc8000-7efd60ccb000 r--s 00008000 08:17 1052571                    /home/mbc1996/eclipse/plugins/org.eclipse.m2e.maven.runtime_1.7.0.20160603-1931/jars/cdi-api-1.0.jar
7efd60ccb000-7efd60cd1000 r--s 0002d000 08:17 1052582                    /home/mbc1996/eclipse/plugins/org.eclipse.m2e.maven.runtime_1.7.0.20160603-1931/jars/org.eclipse.sisu.plexus-0.3.2.jar
7efd60cd1000-7efd60cd4000 r--s 0000b000 08:17 1052591                    /home/mbc1996/eclipse/plugins/org.eclipse.m2e.maven.runtime_1.7.0.20160603-1931/jars/wagon-provider-api-2.10.jar
7efd60cd4000-7efd60cda000 r--s 00041000 08:17 1052605                    /home/mbc1996/eclipse/plugins/org.eclipse.m2e.maven.runtime_1.7.0.20160603-1931/jars/maven-compat-3.3.9.jar
7efd60cda000-7efd60cdc000 r--s 00009000 08:17 1052598                    /home/mbc1996/eclipse/plugins/org.eclipse.m2e.maven.runtime_1.7.0.20160603-1931/jars/commons-cli-1.2.jar
7efd60cdc000-7efd60cde000 r--s 00002000 08:17 1052581                    /home/mbc1996/eclipse/plugins/org.eclipse.m2e.maven.runtime_1.7.0.20160603-1931/jars/plexus-cipher-1.7.jar
7efd60cde000-7efd60ce1000 r--s 00013000 08:17 1052577                    /home/mbc1996/eclipse/plugins/org.eclipse.m2e.maven.runtime_1.7.0.20160603-1931/jars/maven-embedder-3.3.9.jar
7efd60ce1000-7efd60ce2000 ---p 00000000 00:00 0 
7efd60ce2000-7efd60de2000 rw-p 00000000 00:00 0 
7efd60de2000-7efd60de5000 ---p 00000000 00:00 0 
7efd60de5000-7efd60ee3000 rw-p 00000000 00:00 0 
7efd60ee3000-7efd60ee6000 ---p 00000000 00:00 0 
7efd60ee6000-7efd60fe4000 rw-p 00000000 00:00 0 
7efd60fe4000-7efd60fe7000 ---p 00000000 00:00 0 
7efd60fe7000-7efd610e5000 rw-p 00000000 00:00 0 
7efd610e5000-7efd610e8000 ---p 00000000 00:00 0 
7efd610e8000-7efd611e6000 rw-p 00000000 00:00 0 
7efd611e6000-7efd611e9000 ---p 00000000 00:00 0 
7efd611e9000-7efd612e7000 rw-p 00000000 00:00 0 
7efd612e7000-7efd612ea000 ---p 00000000 00:00 0 
7efd612ea000-7efd613e8000 rw-p 00000000 00:00 0 
7efd613e8000-7efd613eb000 ---p 00000000 00:00 0 
7efd613eb000-7efd614e9000 rw-p 00000000 00:00 0 
7efd614e9000-7efd614ed000 r-xp 00000000 08:16 139627                     /usr/lib/jvm/jdk1.8.0_91/jre/lib/amd64/libdt_socket.so
7efd614ed000-7efd616ec000 ---p 00004000 08:16 139627                     /usr/lib/jvm/jdk1.8.0_91/jre/lib/amd64/libdt_socket.so
7efd616ec000-7efd616ed000 rw-p 00003000 08:16 139627                     /usr/lib/jvm/jdk1.8.0_91/jre/lib/amd64/libdt_socket.so
7efd616ed000-7efd616f0000 ---p 00000000 00:00 0 
7efd616f0000-7efd617ee000 rw-p 00000000 00:00 0 
7efd617ee000-7efd617f1000 ---p 00000000 00:00 0 
7efd617f1000-7efd618ef000 rw-p 00000000 00:00 0 
7efd618ef000-7efd618f2000 ---p 00000000 00:00 0 
7efd618f2000-7efd619f0000 rw-p 00000000 00:00 0 
7efd619f0000-7efd619f1000 ---p 00000000 00:00 0 
7efd619f1000-7efd65000000 rw-p 00000000 00:00 0 
7efd65000000-7efd65de0000 rwxp 00000000 00:00 0 
7efd65de0000-7efd74000000 ---p 00000000 00:00 0 
7efd74000000-7efd755e0000 rw-p 00000000 00:00 0 
7efd755e0000-7efd78000000 ---p 00000000 00:00 0 
7efd78000000-7efd78001000 r--s 00001000 08:17 1052604                    /home/mbc1996/eclipse/plugins/org.eclipse.m2e.maven.runtime_1.7.0.20160603-1931/jars/jsr250-api-1.0.jar
7efd78001000-7efd78008000 r--s 00064000 08:17 1052584                    /home/mbc1996/eclipse/plugins/org.eclipse.m2e.maven.runtime_1.7.0.20160603-1931/jars/commons-lang3-3.4.jar
7efd78008000-7efd78009000 r--s 00006000 08:17 1052589                    /home/mbc1996/eclipse/plugins/org.eclipse.m2e.maven.runtime_1.7.0.20160603-1931/jars/plexus-sec-dispatcher-1.3.jar
7efd78009000-7efd7800b000 r--s 00000000 08:17 1052606                    /home/mbc1996/eclipse/plugins/org.eclipse.m2e.maven.runtime_1.7.0.20160603-1931/jars/plexus-component-annotations-1.6.jar
7efd7800b000-7efd7800f000 r--s 00038000 08:17 1052594                    /home/mbc1996/eclipse/plugins/org.eclipse.m2e.maven.runtime_1.7.0.20160603-1931/jars/plexus-utils-3.0.22.jar
7efd7800f000-7efd78012000 r--s 0000d000 08:17 1052588                    /home/mbc1996/eclipse/plugins/org.eclipse.m2e.maven.runtime_1.7.0.20160603-1931/jars/plexus-interpolation-1.21.jar
7efd78012000-7efd7801b000 r--s 0005f000 08:17 1052574                    /home/mbc1996/eclipse/plugins/org.eclipse.m2e.maven.runtime_1.7.0.20160603-1931/jars/guice-4.0-no_aop.jar
7efd7801b000-7efd7801f000 r--s 00020000 08:17 1052580                    /home/mbc1996/eclipse/plugins/org.eclipse.m2e.maven.runtime_1.7.0.20160603-1931/jars/aether-util-1.0.2.v20150114.jar
7efd7801f000-7efd78024000 r--s 0001d000 08:17 1052578                    /home/mbc1996/eclipse/plugins/org.eclipse.m2e.maven.runtime_1.7.0.20160603-1931/jars/aether-api-1.0.2.v20150114.jar
7efd78024000-7efd78026000 r--s 0000f000 08:17 1052593                    /home/mbc1996/eclipse/plugins/org.eclipse.m2e.maven.runtime_1.7.0.20160603-1931/jars/maven-aether-provider-3.3.9.jar
7efd78026000-7efd7802b000 r--s 00027000 08:17 1052575                    /home/mbc1996/eclipse/plugins/org.eclipse.m2e.maven.runtime_1.7.0.20160603-1931/jars/maven-model-builder-3.3.9.jar
7efd7802b000-7efd7802d000 r--s 0000a000 08:17 1052596                    /home/mbc1996/eclipse/plugins/org.eclipse.m2e.maven.runtime_1.7.0.20160603-1931/jars/maven-plugin-api-3.3.9.jar
7efd7802d000-7efd7802f000 r--s 0000c000 08:17 1052597                    /home/mbc1996/eclipse/plugins/org.eclipse.m2e.maven.runtime_1.7.0.20160603-1931/jars/maven-artifact-3.3.9.jar
7efd7802f000-7efd78030000 r--s 00006000 08:17 1052607                    /home/mbc1996/eclipse/plugins/org.eclipse.m2e.maven.runtime_1.7.0.20160603-1931/jars/maven-repository-metadata-3.3.9.jar
7efd78030000-7efd780e2000 rw-p 00000000 00:00 0 
7efd780e2000-7efd782bb000 r--s 03d1f000 08:16 139595                     /usr/lib/jvm/jdk1.8.0_91/jre/lib/rt.jar
7efd782bb000-7efd78511000 rw-p 00000000 00:00 0 
7efd78511000-7efd78512000 ---p 00000000 00:00 0 
7efd78512000-7efd78612000 rw-p 00000000 00:00 0 
7efd78612000-7efd78613000 ---p 00000000 00:00 0 
7efd78613000-7efd78713000 rw-p 00000000 00:00 0 
7efd78713000-7efd78714000 ---p 00000000 00:00 0 
7efd78714000-7efd78814000 rw-p 00000000 00:00 0 
7efd78814000-7efd78815000 ---p 00000000 00:00 0 
7efd78815000-7efd7892c000 rw-p 00000000 00:00 0 
7efd7892c000-7efd78a55000 ---p 00000000 00:00 0 
7efd78a55000-7efd78a6c000 rw-p 00000000 00:00 0 
7efd78a6c000-7efd78b95000 ---p 00000000 00:00 0 
7efd78b95000-7efd78bfe000 rw-p 00000000 00:00 0 
7efd78bfe000-7efd78c35000 ---p 00000000 00:00 0 
7efd78c35000-7efd78c6e000 rw-p 00000000 00:00 0 
7efd78c6e000-7efd78ff6000 ---p 00000000 00:00 0 
7efd78ff6000-7efd79010000 r-xp 00000000 08:16 139651                     /usr/lib/jvm/jdk1.8.0_91/jre/lib/amd64/libzip.so
7efd79010000-7efd79210000 ---p 0001a000 08:16 139651                     /usr/lib/jvm/jdk1.8.0_91/jre/lib/amd64/libzip.so
7efd79210000-7efd79211000 rw-p 0001a000 08:16 139651                     /usr/lib/jvm/jdk1.8.0_91/jre/lib/amd64/libzip.so
7efd79211000-7efd7921c000 r-xp 00000000 08:16 399402                     /lib/x86_64-linux-gnu/libnss_files-2.23.so
7efd7921c000-7efd7941b000 ---p 0000b000 08:16 399402                     /lib/x86_64-linux-gnu/libnss_files-2.23.so
7efd7941b000-7efd7941c000 r--p 0000a000 08:16 399402                     /lib/x86_64-linux-gnu/libnss_files-2.23.so
7efd7941c000-7efd7941d000 rw-p 0000b000 08:16 399402                     /lib/x86_64-linux-gnu/libnss_files-2.23.so
7efd7941d000-7efd79423000 rw-p 00000000 00:00 0 
7efd79423000-7efd7942e000 r-xp 00000000 08:16 399412                     /lib/x86_64-linux-gnu/libnss_nis-2.23.so
7efd7942e000-7efd7962d000 ---p 0000b000 08:16 399412                     /lib/x86_64-linux-gnu/libnss_nis-2.23.so
7efd7962d000-7efd7962e000 r--p 0000a000 08:16 399412                     /lib/x86_64-linux-gnu/libnss_nis-2.23.so
7efd7962e000-7efd7962f000 rw-p 0000b000 08:16 399412                     /lib/x86_64-linux-gnu/libnss_nis-2.23.so
7efd7962f000-7efd79645000 r-xp 00000000 08:16 399396                     /lib/x86_64-linux-gnu/libnsl-2.23.so
7efd79645000-7efd79844000 ---p 00016000 08:16 399396                     /lib/x86_64-linux-gnu/libnsl-2.23.so
7efd79844000-7efd79845000 r--p 00015000 08:16 399396                     /lib/x86_64-linux-gnu/libnsl-2.23.so
7efd79845000-7efd79846000 rw-p 00016000 08:16 399396                     /lib/x86_64-linux-gnu/libnsl-2.23.so
7efd79846000-7efd79848000 rw-p 00000000 00:00 0 
7efd79848000-7efd79850000 r-xp 00000000 08:16 399398                     /lib/x86_64-linux-gnu/libnss_compat-2.23.so
7efd79850000-7efd79a4f000 ---p 00008000 08:16 399398                     /lib/x86_64-linux-gnu/libnss_compat-2.23.so
7efd79a4f000-7efd79a50000 r--p 00007000 08:16 399398                     /lib/x86_64-linux-gnu/libnss_compat-2.23.so
7efd79a50000-7efd79a51000 rw-p 00008000 08:16 399398                     /lib/x86_64-linux-gnu/libnss_compat-2.23.so
7efd79a51000-7efd7a410000 r--p 00000000 08:16 140665                     /usr/lib/locale/locale-archive
7efd7a410000-7efd7a412000 r-xp 00000000 08:16 139628                     /usr/lib/jvm/jdk1.8.0_91/jre/lib/amd64/libnpt.so
7efd7a412000-7efd7a612000 ---p 00002000 08:16 139628                     /usr/lib/jvm/jdk1.8.0_91/jre/lib/amd64/libnpt.so
7efd7a612000-7efd7a613000 rw-p 00002000 08:16 139628                     /usr/lib/jvm/jdk1.8.0_91/jre/lib/amd64/libnpt.so
7efd7a613000-7efd7a64c000 r-xp 00000000 08:16 139640                     /usr/lib/jvm/jdk1.8.0_91/jre/lib/amd64/libjdwp.so
7efd7a64c000-7efd7a84b000 ---p 00039000 08:16 139640                     /usr/lib/jvm/jdk1.8.0_91/jre/lib/amd64/libjdwp.so
7efd7a84b000-7efd7a84d000 rw-p 00038000 08:16 139640                     /usr/lib/jvm/jdk1.8.0_91/jre/lib/amd64/libjdwp.so
7efd7a84d000-7efd7a877000 r-xp 00000000 08:16 139646                     /usr/lib/jvm/jdk1.8.0_91/jre/lib/amd64/libjava.so
7efd7a877000-7efd7aa77000 ---p 0002a000 08:16 139646                     /usr/lib/jvm/jdk1.8.0_91/jre/lib/amd64/libjava.so
7efd7aa77000-7efd7aa79000 rw-p 0002a000 08:16 139646                     /usr/lib/jvm/jdk1.8.0_91/jre/lib/amd64/libjava.so
7efd7aa79000-7efd7aa86000 r-xp 00000000 08:16 139650                     /usr/lib/jvm/jdk1.8.0_91/jre/lib/amd64/libverify.so
7efd7aa86000-7efd7ac86000 ---p 0000d000 08:16 139650                     /usr/lib/jvm/jdk1.8.0_91/jre/lib/amd64/libverify.so
7efd7ac86000-7efd7ac88000 rw-p 0000d000 08:16 139650                     /usr/lib/jvm/jdk1.8.0_91/jre/lib/amd64/libverify.so
7efd7ac88000-7efd7ac8f000 r-xp 00000000 08:16 399457                     /lib/x86_64-linux-gnu/librt-2.23.so
7efd7ac8f000-7efd7ae8e000 ---p 00007000 08:16 399457                     /lib/x86_64-linux-gnu/librt-2.23.so
7efd7ae8e000-7efd7ae8f000 r--p 00006000 08:16 399457                     /lib/x86_64-linux-gnu/librt-2.23.so
7efd7ae8f000-7efd7ae90000 rw-p 00007000 08:16 399457                     /lib/x86_64-linux-gnu/librt-2.23.so
7efd7ae90000-7efd7af98000 r-xp 00000000 08:16 399373                     /lib/x86_64-linux-gnu/libm-2.23.so
7efd7af98000-7efd7b197000 ---p 00108000 08:16 399373                     /lib/x86_64-linux-gnu/libm-2.23.so
7efd7b197000-7efd7b198000 r--p 00107000 08:16 399373                     /lib/x86_64-linux-gnu/libm-2.23.so
7efd7b198000-7efd7b199000 rw-p 00108000 08:16 399373                     /lib/x86_64-linux-gnu/libm-2.23.so
7efd7b199000-7efd7be59000 r-xp 00000000 08:16 139673                     /usr/lib/jvm/jdk1.8.0_91/jre/lib/amd64/server/libjvm.so
7efd7be59000-7efd7c059000 ---p 00cc0000 08:16 139673                     /usr/lib/jvm/jdk1.8.0_91/jre/lib/amd64/server/libjvm.so
7efd7c059000-7efd7c131000 rw-p 00cc0000 08:16 139673                     /usr/lib/jvm/jdk1.8.0_91/jre/lib/amd64/server/libjvm.so
7efd7c131000-7efd7c17c000 rw-p 00000000 00:00 0 
7efd7c17c000-7efd7c33c000 r-xp 00000000 08:16 399303                     /lib/x86_64-linux-gnu/libc-2.23.so
7efd7c33c000-7efd7c53b000 ---p 001c0000 08:16 399303                     /lib/x86_64-linux-gnu/libc-2.23.so
7efd7c53b000-7efd7c53f000 r--p 001bf000 08:16 399303                     /lib/x86_64-linux-gnu/libc-2.23.so
7efd7c53f000-7efd7c541000 rw-p 001c3000 08:16 399303                     /lib/x86_64-linux-gnu/libc-2.23.so
7efd7c541000-7efd7c545000 rw-p 00000000 00:00 0 
7efd7c545000-7efd7c548000 r-xp 00000000 08:16 399327                     /lib/x86_64-linux-gnu/libdl-2.23.so
7efd7c548000-7efd7c747000 ---p 00003000 08:16 399327                     /lib/x86_64-linux-gnu/libdl-2.23.so
7efd7c747000-7efd7c748000 r--p 00002000 08:16 399327                     /lib/x86_64-linux-gnu/libdl-2.23.so
7efd7c748000-7efd7c749000 rw-p 00003000 08:16 399327                     /lib/x86_64-linux-gnu/libdl-2.23.so
7efd7c749000-7efd7c75e000 r-xp 00000000 08:16 139446                     /usr/lib/jvm/jdk1.8.0_91/lib/amd64/jli/libjli.so
7efd7c75e000-7efd7c95e000 ---p 00015000 08:16 139446                     /usr/lib/jvm/jdk1.8.0_91/lib/amd64/jli/libjli.so
7efd7c95e000-7efd7c95f000 rw-p 00015000 08:16 139446                     /usr/lib/jvm/jdk1.8.0_91/lib/amd64/jli/libjli.so
7efd7c95f000-7efd7c977000 r-xp 00000000 08:16 399449                     /lib/x86_64-linux-gnu/libpthread-2.23.so
7efd7c977000-7efd7cb76000 ---p 00018000 08:16 399449                     /lib/x86_64-linux-gnu/libpthread-2.23.so
7efd7cb76000-7efd7cb77000 r--p 00017000 08:16 399449                     /lib/x86_64-linux-gnu/libpthread-2.23.so
7efd7cb77000-7efd7cb78000 rw-p 00018000 08:16 399449                     /lib/x86_64-linux-gnu/libpthread-2.23.so
7efd7cb78000-7efd7cb7c000 rw-p 00000000 00:00 0 
7efd7cb7c000-7efd7cba2000 r-xp 00000000 08:16 399275                     /lib/x86_64-linux-gnu/ld-2.23.so
7efd7cba2000-7efd7cba3000 r--s 00003000 08:17 1052601                    /home/mbc1996/eclipse/plugins/org.eclipse.m2e.maven.runtime_1.7.0.20160603-1931/jars/maven-builder-support-3.3.9.jar
7efd7cba3000-7efd7cba5000 r--s 00009000 08:17 1052603                    /home/mbc1996/eclipse/plugins/org.eclipse.m2e.maven.runtime_1.7.0.20160603-1931/jars/maven-settings-builder-3.3.9.jar
7efd7cba5000-7efd7cba6000 r--s 0000a000 08:17 1052579                    /home/mbc1996/eclipse/plugins/org.eclipse.m2e.maven.runtime_1.7.0.20160603-1931/jars/maven-settings-3.3.9.jar
7efd7cba6000-7efd7cc7e000 rw-p 00000000 00:00 0 
7efd7cc7e000-7efd7cc81000 ---p 00000000 00:00 0 
7efd7cc81000-7efd7cd83000 rw-p 00000000 00:00 0 
7efd7cd83000-7efd7cd86000 r--s 00026000 08:17 1052586                    /home/mbc1996/eclipse/plugins/org.eclipse.m2e.maven.runtime_1.7.0.20160603-1931/jars/maven-model-3.3.9.jar
7efd7cd86000-7efd7cd93000 r--s 0008f000 08:17 1052608                    /home/mbc1996/eclipse/plugins/org.eclipse.m2e.maven.runtime_1.7.0.20160603-1931/jars/maven-core-3.3.9.jar
7efd7cd93000-7efd7cd95000 r--s 0000b000 08:17 1052576                    /home/mbc1996/eclipse/plugins/org.eclipse.m2e.maven.runtime_1.7.0.20160603-1931/jars/plexus-classworlds-2.5.2.jar
7efd7cd95000-7efd7cd9d000 rw-s 00000000 08:16 13330                      /tmp/hsperfdata_mbc1996/13508
7efd7cd9d000-7efd7cd9e000 rw-p 00000000 00:00 0 
7efd7cd9e000-7efd7cd9f000 ---p 00000000 00:00 0 
7efd7cd9f000-7efd7cda1000 rw-p 00000000 00:00 0 
7efd7cda1000-7efd7cda2000 r--p 00025000 08:16 399275                     /lib/x86_64-linux-gnu/ld-2.23.so
7efd7cda2000-7efd7cda3000 rw-p 00026000 08:16 399275                     /lib/x86_64-linux-gnu/ld-2.23.so
7efd7cda3000-7efd7cda4000 rw-p 00000000 00:00 0 
7fff17404000-7fff17425000 rw-p 00000000 00:00 0                          [stack]
7fff174d5000-7fff174d7000 r--p 00000000 00:00 0                          [vvar]
7fff174d7000-7fff174d9000 r-xp 00000000 00:00 0                          [vdso]
ffffffffff600000-ffffffffff601000 r-xp 00000000 00:00 0                  [vsyscall]

VM Arguments:
jvm_args: -agentlib:jdwp=transport=dt_socket,suspend=y,address=localhost:45811 -Dmaven.home=EMBEDDED -Dclassworlds.conf=/home/mbc1996/eclipse_workspace/.metadata/.plugins/org.eclipse.m2e.launching/launches/m2conf9117053590223964921.tmp -Dmaven.multiModuleProjectDirectory=/home/mbc1996/eclipse_workspace/taotao-portal -Dfile.encoding=UTF-8 
java_command: org.codehaus.plexus.classworlds.launcher.Launcher -B clean tomcat7:run
java_class_path (initial): /home/mbc1996/eclipse/plugins/org.eclipse.m2e.maven.runtime_1.7.0.20160603-1931/jars/plexus-classworlds-2.5.2.jar
Launcher Type: SUN_STANDARD

Environment Variables:
JAVA_HOME=/usr/lib/jvm/jdk1.8.0_91
JRE_HOME=/usr/lib/jvm/jdk1.8.0_91/jre
CLASSPATH=.:/usr/lib/jvm/jdk1.8.0_91/lib:/usr/lib/jvm/jdk1.8.0_91/jre/lib
PATH=/opt/apache-maven-3.3.9/bin:/usr/lib/jvm/jdk1.8.0_91/bin:/usr/local/sbin:/usr/local/bin:/usr/sbin:/usr/bin:/sbin:/bin:/usr/games:/usr/local/games:/snap/bin
SHELL=/bin/bash
DISPLAY=:0

Signal Handlers:
SIGSEGV: [libjvm.so+0xabca10], sa_mask[0]=11111111011111111101111111111110, sa_flags=SA_RESTART|SA_SIGINFO
SIGBUS: [libjvm.so+0xabca10], sa_mask[0]=11111111011111111101111111111110, sa_flags=SA_RESTART|SA_SIGINFO
SIGFPE: [libjvm.so+0x919a20], sa_mask[0]=11111111011111111101111111111110, sa_flags=SA_RESTART|SA_SIGINFO
SIGPIPE: [libjvm.so+0x919a20], sa_mask[0]=11111111011111111101111111111110, sa_flags=SA_RESTART|SA_SIGINFO
SIGXFSZ: [libjvm.so+0x919a20], sa_mask[0]=11111111011111111101111111111110, sa_flags=SA_RESTART|SA_SIGINFO
SIGILL: [libjvm.so+0x919a20], sa_mask[0]=11111111011111111101111111111110, sa_flags=SA_RESTART|SA_SIGINFO
SIGUSR1: SIG_DFL, sa_mask[0]=00000000000000000000000000000000, sa_flags=none
SIGUSR2: [libjvm.so+0x91b050], sa_mask[0]=00100000000000000000000000000000, sa_flags=SA_RESTART|SA_SIGINFO
SIGHUP: [libjvm.so+0x91c450], sa_mask[0]=11111111011111111101111111111110, sa_flags=SA_RESTART|SA_SIGINFO
SIGINT: [libjvm.so+0x91c450], sa_mask[0]=11111111011111111101111111111110, sa_flags=SA_RESTART|SA_SIGINFO
SIGTERM: [libjvm.so+0x91c450], sa_mask[0]=11111111011111111101111111111110, sa_flags=SA_RESTART|SA_SIGINFO
SIGQUIT: [libjvm.so+0x91c450], sa_mask[0]=11111111011111111101111111111110, sa_flags=SA_RESTART|SA_SIGINFO


---------------  S Y S T E M  ---------------

OS:DISTRIB_ID=Ubuntu
DISTRIB_RELEASE=16.04
DISTRIB_CODENAME=xenial
DISTRIB_DESCRIPTION="Ubuntu 16.04 LTS"

uname:Linux 4.4.0-47-generic #68-Ubuntu SMP Wed Oct 26 19:39:52 UTC 2016 x86_64
libc:glibc 2.23 NPTL 2.23 
rlimit: STACK 8192k, CORE 0k, NPROC 14498, NOFILE 65536, AS infinity
load average:2.38 0.93 0.66

/proc/meminfo:
MemTotal:        3929788 kB
MemFree:          111852 kB
MemAvailable:      23876 kB
Buffers:             316 kB
Cached:           285332 kB
SwapCached:        10120 kB
Active:          2678768 kB
Inactive:         913724 kB
Active(anon):    2670404 kB
Inactive(anon):   902348 kB
Active(file):       8364 kB
Inactive(file):    11376 kB
Unevictable:          92 kB
Mlocked:              92 kB
SwapTotal:       2097148 kB
SwapFree:              0 kB
Dirty:              1096 kB
Writeback:            52 kB
AnonPages:       3299984 kB
Mapped:           150608 kB
Shmem:            263360 kB
Slab:              87080 kB
SReclaimable:      42816 kB
SUnreclaim:        44264 kB
KernelStack:       15200 kB
PageTables:        58952 kB
NFS_Unstable:          0 kB
Bounce:                0 kB
WritebackTmp:          0 kB
CommitLimit:     4062040 kB
Committed_AS:   10661736 kB
VmallocTotal:   34359738367 kB
VmallocUsed:           0 kB
VmallocChunk:          0 kB
HardwareCorrupted:     0 kB
AnonHugePages:    624640 kB
CmaTotal:              0 kB
CmaFree:               0 kB
HugePages_Total:       0
HugePages_Free:        0
HugePages_Rsvd:        0
HugePages_Surp:        0
Hugepagesize:       2048 kB
DirectMap4k:      182420 kB
DirectMap2M:     3895296 kB


CPU:total 4 (2 cores per cpu, 2 threads per core) family 6 model 58 stepping 9, cmov, cx8, fxsr, mmx, sse, sse2, sse3, ssse3, sse4.1, sse4.2, popcnt, avx, aes, clmul, erms, ht, tsc, tscinvbit, tscinv

/proc/cpuinfo:
processor	: 0
vendor_id	: GenuineIntel
cpu family	: 6
model		: 58
model name	: Intel(R) Core(TM) i5-3337U CPU @ 1.80GHz
stepping	: 9
microcode	: 0x15
cpu MHz		: 1611.140
cache size	: 3072 KB
physical id	: 0
siblings	: 4
core id		: 0
cpu cores	: 2
apicid		: 0
initial apicid	: 0
fpu		: yes
fpu_exception	: yes
cpuid level	: 13
wp		: yes
flags		: fpu vme de pse tsc msr pae mce cx8 apic sep mtrr pge mca cmov pat pse36 clflush dts acpi mmx fxsr sse sse2 ss ht tm pbe syscall nx rdtscp lm constant_tsc arch_perfmon pebs bts rep_good nopl xtopology nonstop_tsc aperfmperf eagerfpu pni pclmulqdq dtes64 monitor ds_cpl vmx est tm2 ssse3 cx16 xtpr pdcm pcid sse4_1 sse4_2 x2apic popcnt tsc_deadline_timer aes xsave avx f16c rdrand lahf_lm epb tpr_shadow vnmi flexpriority ept vpid fsgsbase smep erms xsaveopt dtherm ida arat pln pts
bugs		:
bogomips	: 3592.09
clflush size	: 64
cache_alignment	: 64
address sizes	: 36 bits physical, 48 bits virtual
power management:

processor	: 1
vendor_id	: GenuineIntel
cpu family	: 6
model		: 58
model name	: Intel(R) Core(TM) i5-3337U CPU @ 1.80GHz
stepping	: 9
microcode	: 0x15
cpu MHz		: 2170.054
cache size	: 3072 KB
physical id	: 0
siblings	: 4
core id		: 1
cpu cores	: 2
apicid		: 2
initial apicid	: 2
fpu		: yes
fpu_exception	: yes
cpuid level	: 13
wp		: yes
flags		: fpu vme de pse tsc msr pae mce cx8 apic sep mtrr pge mca cmov pat pse36 clflush dts acpi mmx fxsr sse sse2 ss ht tm pbe syscall nx rdtscp lm constant_tsc arch_perfmon pebs bts rep_good nopl xtopology nonstop_tsc aperfmperf eagerfpu pni pclmulqdq dtes64 monitor ds_cpl vmx est tm2 ssse3 cx16 xtpr pdcm pcid sse4_1 sse4_2 x2apic popcnt tsc_deadline_timer aes xsave avx f16c rdrand lahf_lm epb tpr_shadow vnmi flexpriority ept vpid fsgsbase smep erms xsaveopt dtherm ida arat pln pts
bugs		:
bogomips	: 3592.09
clflush size	: 64
cache_alignment	: 64
address sizes	: 36 bits physical, 48 bits virtual
power management:

processor	: 2
vendor_id	: GenuineIntel
cpu family	: 6
model		: 58
model name	: Intel(R) Core(TM) i5-3337U CPU @ 1.80GHz
stepping	: 9
microcode	: 0x15
cpu MHz		: 1430.437
cache size	: 3072 KB
physical id	: 0
siblings	: 4
core id		: 0
cpu cores	: 2
apicid		: 1
initial apicid	: 1
fpu		: yes
fpu_exception	: yes
cpuid level	: 13
wp		: yes
flags		: fpu vme de pse tsc msr pae mce cx8 apic sep mtrr pge mca cmov pat pse36 clflush dts acpi mmx fxsr sse sse2 ss ht tm pbe syscall nx rdtscp lm constant_tsc arch_perfmon pebs bts rep_good nopl xtopology nonstop_tsc aperfmperf eagerfpu pni pclmulqdq dtes64 monitor ds_cpl vmx est tm2 ssse3 cx16 xtpr pdcm pcid sse4_1 sse4_2 x2apic popcnt tsc_deadline_timer aes xsave avx f16c rdrand lahf_lm epb tpr_shadow vnmi flexpriority ept vpid fsgsbase smep erms xsaveopt dtherm ida arat pln pts
bugs		:
bogomips	: 3592.09
clflush size	: 64
cache_alignment	: 64
address sizes	: 36 bits physical, 48 bits virtual
power management:

processor	: 3
vendor_id	: GenuineIntel
cpu family	: 6
model		: 58
model name	: Intel(R) Core(TM) i5-3337U CPU @ 1.80GHz
stepping	: 9
microcode	: 0x15
cpu MHz		: 1594.406
cache size	: 3072 KB
physical id	: 0
siblings	: 4
core id		: 1
cpu cores	: 2
apicid		: 3
initial apicid	: 3
fpu		: yes
fpu_exception	: yes
cpuid level	: 13
wp		: yes
flags		: fpu vme de pse tsc msr pae mce cx8 apic sep mtrr pge mca cmov pat pse36 clflush dts acpi mmx fxsr sse sse2 ss ht tm pbe syscall nx rdtscp lm constant_tsc arch_perfmon pebs bts rep_good nopl xtopology nonstop_tsc aperfmperf eagerfpu pni pclmulqdq dtes64 monitor ds_cpl vmx est tm2 ssse3 cx16 xtpr pdcm pcid sse4_1 sse4_2 x2apic popcnt tsc_deadline_timer aes xsave avx f16c rdrand lahf_lm epb tpr_shadow vnmi flexpriority ept vpid fsgsbase smep erms xsaveopt dtherm ida arat pln pts
bugs		:
bogomips	: 3592.09
clflush size	: 64
cache_alignment	: 64
address sizes	: 36 bits physical, 48 bits virtual
power management:



Memory: 4k page, physical 3929788k(106892k free), swap 2097148k(4k free)

vm_info: Java HotSpot(TM) 64-Bit Server VM (25.91-b14) for linux-amd64 JRE (1.8.0_91-b14), built on Apr  1 2016 00:57:21 by "java_re" with gcc 4.3.0 20080428 (Red Hat 4.3.0-8)

time: Sat Feb  4 15:51:15 2017
elapsed time: 22 seconds (0d 0h 0m 22s)

