#
# There is insufficient memory for the Java Runtime Environment to continue.
# Native memory allocation (mmap) failed to map 57671680 bytes for committing reserved memory.
# Possible reasons:
#   The system is out of physical RAM or swap space
#   In 32 bit mode, the process size limit was hit
# Possible solutions:
#   Reduce memory load on the system
#   Increase physical memory or swap space
#   Check if swap backing store is full
#   Use 64 bit Java on a 64 bit OS
#   Decrease Java heap size (-Xmx/-Xms)
#   Decrease number of Java threads
#   Decrease Java thread stack sizes (-Xss)
#   Set larger code cache with -XX:ReservedCodeCacheSize=
# This output file may be truncated or incomplete.
#
#  Out of Memory Error (os_linux.cpp:2627), pid=9485, tid=139726587655936
#
# JRE version: Java(TM) SE Runtime Environment (8.0_91-b14) (build 1.8.0_91-b14)
# Java VM: Java HotSpot(TM) 64-Bit Server VM (25.91-b14 mixed mode linux-amd64 compressed oops)
# Failed to write core dump. Core dumps have been disabled. To enable core dumping, try "ulimit -c unlimited" before starting Java again
#

---------------  T H R E A D  ---------------

Current thread (0x00007f14b807a000):  VMThread [stack: 0x00007f14a18f7000,0x00007f14a19f8000] [id=9497]

Stack: [0x00007f14a18f7000,0x00007f14a19f8000],  sp=0x00007f14a19f62a0,  free space=1020k
Native frames: (J=compiled Java code, j=interpreted, Vv=VM code, C=native code)
V  [libjvm.so+0xabc18a]  VMError::report_and_die()+0x2ba
V  [libjvm.so+0x4fafeb]  report_vm_out_of_memory(char const*, int, unsigned long, VMErrorType, char const*)+0x8b
V  [libjvm.so+0x91cbb3]  os::Linux::commit_memory_impl(char*, unsigned long, bool)+0x103
V  [libjvm.so+0x91d109]  os::pd_commit_memory(char*, unsigned long, unsigned long, bool)+0x29
V  [libjvm.so+0x91740a]  os::commit_memory(char*, unsigned long, unsigned long, bool)+0x2a
V  [libjvm.so+0x98b033]  PSVirtualSpace::expand_by(unsigned long)+0x53
V  [libjvm.so+0x98c438]  PSYoungGen::resize_generation(unsigned long, unsigned long)+0xf8
V  [libjvm.so+0x98b592]  PSYoungGen::resize(unsigned long, unsigned long)+0x22
V  [libjvm.so+0x98886b]  PSScavenge::invoke_no_policy()+0xf3b
V  [libjvm.so+0x988ff1]  PSScavenge::invoke()+0x41
V  [libjvm.so+0x9408b0]  ParallelScavengeHeap::failed_mem_allocate(unsigned long)+0x70
V  [libjvm.so+0xabdba7]  VM_ParallelGCFailedAllocation::doit()+0x97
V  [libjvm.so+0xac55d5]  VM_Operation::evaluate()+0x55
V  [libjvm.so+0xac39aa]  VMThread::evaluate_operation(VM_Operation*)+0xba
V  [libjvm.so+0xac3d2e]  VMThread::loop()+0x1ce
V  [libjvm.so+0xac41a0]  VMThread::run()+0x70
V  [libjvm.so+0x91ef78]  java_start(Thread*)+0x108

VM_Operation (0x00007f14631ba860): ParallelGCFailedAllocation, mode: safepoint, requested by thread 0x00007f145c001800


---------------  P R O C E S S  ---------------

Java Threads: ( => current thread )
  0x00007f145c001800 JavaThread "localhost-startStop-1" daemon [_thread_blocked, id=9553, stack(0x00007f14630bc000,0x00007f14631bd000)]
  0x00007f14b94c6000 JavaThread "Tomcat-startStop-1" daemon [_thread_blocked, id=9552, stack(0x00007f14631bd000,0x00007f14632be000)]
  0x00007f14b80ec800 JavaThread "Service Thread" daemon [_thread_blocked, id=9511, stack(0x00007f14a0ce9000,0x00007f14a0dea000)]
  0x00007f14b80cf000 JavaThread "C1 CompilerThread2" daemon [_thread_blocked, id=9510, stack(0x00007f14a0dea000,0x00007f14a0eeb000)]
  0x00007f14b80cd000 JavaThread "C2 CompilerThread1" daemon [_thread_blocked, id=9509, stack(0x00007f14a0eeb000,0x00007f14a0fec000)]
  0x00007f14b80ca800 JavaThread "C2 CompilerThread0" daemon [_thread_blocked, id=9508, stack(0x00007f14a0fec000,0x00007f14a10ed000)]
  0x00007f147c001000 JavaThread "JDWP Command Reader" daemon [_thread_in_native, id=9506, stack(0x00007f14a10ed000,0x00007f14a11ee000)]
  0x00007f14b80c8000 JavaThread "JDWP Event Helper Thread" daemon [_thread_blocked, id=9505, stack(0x00007f14a11ee000,0x00007f14a12ef000)]
  0x00007f14b80c4800 JavaThread "JDWP Transport Listener: dt_socket" daemon [_thread_blocked, id=9502, stack(0x00007f14a12ef000,0x00007f14a13f0000)]
  0x00007f14b80b8000 JavaThread "Signal Dispatcher" daemon [_thread_blocked, id=9500, stack(0x00007f14a15f4000,0x00007f14a16f5000)]
  0x00007f14b8086800 JavaThread "Finalizer" daemon [_thread_blocked, id=9499, stack(0x00007f14a16f5000,0x00007f14a17f6000)]
  0x00007f14b8082000 JavaThread "Reference Handler" daemon [_thread_blocked, id=9498, stack(0x00007f14a17f6000,0x00007f14a18f7000)]
  0x00007f14b800c800 JavaThread "main" [_thread_blocked, id=9492, stack(0x00007f14c0bdc000,0x00007f14c0cdd000)]

Other Threads:
=>0x00007f14b807a000 VMThread [stack: 0x00007f14a18f7000,0x00007f14a19f8000] [id=9497]
  0x00007f14b80f0000 WatcherThread [stack: 0x00007f14a0be8000,0x00007f14a0ce9000] [id=9512]

VM state:at safepoint (normal execution)

VM Mutex/Monitor currently owned by a thread:  ([mutex/lock_event])
[0x00007f14b8008990] Threads_lock - owner thread: 0x00007f14b807a000
[0x00007f14b8008e90] Heap_lock - owner thread: 0x00007f145c001800

Heap:
 PSYoungGen      total 132096K, used 12782K [0x00000000ec000000, 0x00000000f5100000, 0x0000000100000000)
  eden space 119296K, 0% used [0x00000000ec000000,0x00000000ec000000,0x00000000f3480000)
  from space 12800K, 99% used [0x00000000f3480000,0x00000000f40fbb68,0x00000000f4100000)
  to   space 9216K, 0% used [0x00000000f4100000,0x00000000f4100000,0x00000000f4a00000)
 ParOldGen       total 45056K, used 26150K [0x00000000c4000000, 0x00000000c6c00000, 0x00000000ec000000)
  object space 45056K, 58% used [0x00000000c4000000,0x00000000c5989b40,0x00000000c6c00000)
 Metaspace       used 28378K, capacity 28968K, committed 29184K, reserved 1075200K
  class space    used 3337K, capacity 3521K, committed 3584K, reserved 1048576K

Card table byte_map: [0x00007f14bc9b3000,0x00007f14bcb94000] byte_map_base: 0x00007f14bc393000

Marking Bits: (ParMarkBitMap*) 0x00007f14c00add60
 Begin Bits: [0x00007f14a2200000, 0x00007f14a3100000)
 End Bits:   [0x00007f14a3100000, 0x00007f14a4000000)

Polling page: 0x00007f14c0cfc000

CodeCache: size=245760Kb used=14662Kb max_used=14689Kb free=231097Kb
 bounds [0x00007f14a9000000, 0x00007f14a9e70000, 0x00007f14b8000000]
 total_blobs=4460 nmethods=4062 adapters=318
 compilation: enabled

Compilation events (10 events):
Event: 30.790 Thread 0x00007f14b80cd000 nmethod 4551 0x00007f14a9e4fb90 code [0x00007f14a9e4fd00, 0x00007f14a9e501c8]
Event: 30.796 Thread 0x00007f14b80ca800 nmethod 4543 0x00007f14a9e4edd0 code [0x00007f14a9e4ef80, 0x00007f14a9e4f698]
Event: 30.799 Thread 0x00007f14b80cf000 4553       3       org.apache.tomcat.util.bcel.classfile.Annotations::<init> (60 bytes)
Event: 30.800 Thread 0x00007f14b80cf000 nmethod 4553 0x00007f14a9e44f10 code [0x00007f14a9e450e0, 0x00007f14a9e45898]
Event: 30.800 Thread 0x00007f14b80cd000 4554   !   4       java.net.URL::<init> (543 bytes)
Event: 30.807 Thread 0x00007f14b80ca800 4555       4       org.apache.tomcat.util.bcel.classfile.Constant::readConstant (241 bytes)
Event: 30.854 Thread 0x00007f14b80ca800 nmethod 4555 0x00007f14a9e65510 code [0x00007f14a9e658e0, 0x00007f14a9e66760]
Event: 30.860 Thread 0x00007f14b80ca800 4556       4       org.apache.tomcat.util.bcel.classfile.Attribute::readAttribute (527 bytes)
Event: 30.926 Thread 0x00007f14b80cf000 4558       3       sun.net.www.protocol.jar.JarURLConnection::getJarFile (9 bytes)
Event: 30.927 Thread 0x00007f14b80cf000 nmethod 4558 0x00007f14a9108190 code [0x00007f14a9108300, 0x00007f14a91084a8]

GC Heap History (10 events):
Event: 11.035 GC heap after
Heap after GC invocations=5 (full 0):
 PSYoungGen      total 33280K, used 2544K [0x00000000ec000000, 0x00000000f0a00000, 0x0000000100000000)
  eden space 30720K, 0% used [0x00000000ec000000,0x00000000ec000000,0x00000000ede00000)
  from space 2560K, 99% used [0x00000000ede00000,0x00000000ee07c010,0x00000000ee080000)
  to   space 7168K, 0% used [0x00000000f0300000,0x00000000f0300000,0x00000000f0a00000)
 ParOldGen       total 40960K, used 8754K [0x00000000c4000000, 0x00000000c6800000, 0x00000000ec000000)
  object space 40960K, 21% used [0x00000000c4000000,0x00000000c488c908,0x00000000c6800000)
 Metaspace       used 14816K, capacity 15036K, committed 15232K, reserved 1062912K
  class space    used 1801K, capacity 1906K, committed 1920K, reserved 1048576K
}
Event: 13.962 GC heap before
{Heap before GC invocations=6 (full 0):
 PSYoungGen      total 33280K, used 33264K [0x00000000ec000000, 0x00000000f0a00000, 0x0000000100000000)
  eden space 30720K, 100% used [0x00000000ec000000,0x00000000ede00000,0x00000000ede00000)
  from space 2560K, 99% used [0x00000000ede00000,0x00000000ee07c010,0x00000000ee080000)
  to   space 7168K, 0% used [0x00000000f0300000,0x00000000f0300000,0x00000000f0a00000)
 ParOldGen       total 40960K, used 8754K [0x00000000c4000000, 0x00000000c6800000, 0x00000000ec000000)
  object space 40960K, 21% used [0x00000000c4000000,0x00000000c488c908,0x00000000c6800000)
 Metaspace       used 15550K, capacity 15864K, committed 16128K, reserved 1062912K
  class space    used 1877K, capacity 1984K, committed 2048K, reserved 1048576K
Event: 14.001 GC heap after
Heap after GC invocations=6 (full 0):
 PSYoungGen      total 68608K, used 4848K [0x00000000ec000000, 0x00000000f0a00000, 0x0000000100000000)
  eden space 61440K, 0% used [0x00000000ec000000,0x00000000ec000000,0x00000000efc00000)
  from space 7168K, 67% used [0x00000000f0300000,0x00000000f07bc010,0x00000000f0a00000)
  to   space 7168K, 0% used [0x00000000efc00000,0x00000000efc00000,0x00000000f0300000)
 ParOldGen       total 40960K, used 8754K [0x00000000c4000000, 0x00000000c6800000, 0x00000000ec000000)
  object space 40960K, 21% used [0x00000000c4000000,0x00000000c488c908,0x00000000c6800000)
 Metaspace       used 15550K, capacity 15864K, committed 16128K, reserved 1062912K
  class space    used 1877K, capacity 1984K, committed 2048K, reserved 1048576K
}
Event: 18.913 GC heap before
{Heap before GC invocations=7 (full 0):
 PSYoungGen      total 68608K, used 66288K [0x00000000ec000000, 0x00000000f0a00000, 0x0000000100000000)
  eden space 61440K, 100% used [0x00000000ec000000,0x00000000efc00000,0x00000000efc00000)
  from space 7168K, 67% used [0x00000000f0300000,0x00000000f07bc010,0x00000000f0a00000)
  to   space 7168K, 0% used [0x00000000efc00000,0x00000000efc00000,0x00000000f0300000)
 ParOldGen       total 40960K, used 8754K [0x00000000c4000000, 0x00000000c6800000, 0x00000000ec000000)
  object space 40960K, 21% used [0x00000000c4000000,0x00000000c488c908,0x00000000c6800000)
 Metaspace       used 20033K, capacity 20404K, committed 20480K, reserved 1067008K
  class space    used 2411K, capacity 2520K, committed 2560K, reserved 1048576K
Event: 19.145 GC heap after
Heap after GC invocations=7 (full 0):
 PSYoungGen      total 68608K, used 7154K [0x00000000ec000000, 0x00000000f4a00000, 0x0000000100000000)
  eden space 61440K, 0% used [0x00000000ec000000,0x00000000ec000000,0x00000000efc00000)
  from space 7168K, 99% used [0x00000000efc00000,0x00000000f02fcb90,0x00000000f0300000)
  to   space 9216K, 0% used [0x00000000f4100000,0x00000000f4100000,0x00000000f4a00000)
 ParOldGen       total 40960K, used 10211K [0x00000000c4000000, 0x00000000c6800000, 0x00000000ec000000)
  object space 40960K, 24% used [0x00000000c4000000,0x00000000c49f8f68,0x00000000c6800000)
 Metaspace       used 20033K, capacity 20404K, committed 20480K, reserved 1067008K
  class space    used 2411K, capacity 2520K, committed 2560K, reserved 1048576K
}
Event: 20.525 GC heap before
{Heap before GC invocations=8 (full 0):
 PSYoungGen      total 68608K, used 25420K [0x00000000ec000000, 0x00000000f4a00000, 0x0000000100000000)
  eden space 61440K, 29% used [0x00000000ec000000,0x00000000ed1d67b8,0x00000000efc00000)
  from space 7168K, 99% used [0x00000000efc00000,0x00000000f02fcb90,0x00000000f0300000)
  to   space 9216K, 0% used [0x00000000f4100000,0x00000000f4100000,0x00000000f4a00000)
 ParOldGen       total 40960K, used 10211K [0x00000000c4000000, 0x00000000c6800000, 0x00000000ec000000)
  object space 40960K, 24% used [0x00000000c4000000,0x00000000c49f8f68,0x00000000c6800000)
 Metaspace       used 20756K, capacity 21140K, committed 21296K, reserved 1069056K
  class space    used 2487K, capacity 2616K, committed 2688K, reserved 1048576K
Event: 20.669 GC heap after
Heap after GC invocations=8 (full 0):
 PSYoungGen      total 128512K, used 9212K [0x00000000ec000000, 0x00000000f5100000, 0x0000000100000000)
  eden space 119296K, 0% used [0x00000000ec000000,0x00000000ec000000,0x00000000f3480000)
  from space 9216K, 99% used [0x00000000f4100000,0x00000000f49ff338,0x00000000f4a00000)
  to   space 12800K, 0% used [0x00000000f3480000,0x00000000f3480000,0x00000000f4100000)
 ParOldGen       total 40960K, used 15960K [0x00000000c4000000, 0x00000000c6800000, 0x00000000ec000000)
  object space 40960K, 38% used [0x00000000c4000000,0x00000000c4f961d0,0x00000000c6800000)
 Metaspace       used 20756K, capacity 21140K, committed 21296K, reserved 1069056K
  class space    used 2487K, capacity 2616K, committed 2688K, reserved 1048576K
}
Event: 20.669 GC heap before
{Heap before GC invocations=9 (full 1):
 PSYoungGen      total 128512K, used 9212K [0x00000000ec000000, 0x00000000f5100000, 0x0000000100000000)
  eden space 119296K, 0% used [0x00000000ec000000,0x00000000ec000000,0x00000000f3480000)
  from space 9216K, 99% used [0x00000000f4100000,0x00000000f49ff338,0x00000000f4a00000)
  to   space 12800K, 0% used [0x00000000f3480000,0x00000000f3480000,0x00000000f4100000)
 ParOldGen       total 40960K, used 15960K [0x00000000c4000000, 0x00000000c6800000, 0x00000000ec000000)
  object space 40960K, 38% used [0x00000000c4000000,0x00000000c4f961d0,0x00000000c6800000)
 Metaspace       used 20756K, capacity 21140K, committed 21296K, reserved 1069056K
  class space    used 2487K, capacity 2616K, committed 2688K, reserved 1048576K
Event: 21.008 GC heap after
Heap after GC invocations=9 (full 1):
 PSYoungGen      total 128512K, used 0K [0x00000000ec000000, 0x00000000f5100000, 0x0000000100000000)
  eden space 119296K, 0% used [0x00000000ec000000,0x00000000ec000000,0x00000000f3480000)
  from space 9216K, 0% used [0x00000000f4100000,0x00000000f4100000,0x00000000f4a00000)
  to   space 12800K, 0% used [0x00000000f3480000,0x00000000f3480000,0x00000000f4100000)
 ParOldGen       total 45056K, used 19957K [0x00000000c4000000, 0x00000000c6c00000, 0x00000000ec000000)
  object space 45056K, 44% used [0x00000000c4000000,0x00000000c537d7c0,0x00000000c6c00000)
 Metaspace       used 20756K, capacity 21140K, committed 21296K, reserved 1069056K
  class space    used 2487K, capacity 2616K, committed 2688K, reserved 1048576K
}
Event: 30.967 GC heap before
{Heap before GC invocations=10 (full 1):
 PSYoungGen      total 128512K, used 119296K [0x00000000ec000000, 0x00000000f5100000, 0x0000000100000000)
  eden space 119296K, 100% used [0x00000000ec000000,0x00000000f3480000,0x00000000f3480000)
  from space 9216K, 0% used [0x00000000f4100000,0x00000000f4100000,0x00000000f4a00000)
  to   space 12800K, 0% used [0x00000000f3480000,0x00000000f3480000,0x00000000f4100000)
 ParOldGen       total 45056K, used 19957K [0x00000000c4000000, 0x00000000c6c00000, 0x00000000ec000000)
  object space 45056K, 44% used [0x00000000c4000000,0x00000000c537d7c0,0x00000000c6c00000)
 Metaspace       used 28378K, capacity 28968K, committed 29184K, reserved 1075200K
  class space    used 3337K, capacity 3521K, committed 3584K, reserved 1048576K

Deoptimization events (10 events):
Event: 29.257 Thread 0x00007f145c001800 Uncommon trap: reason=unhandled action=none pc=0x00007f14a9a70c50 method=java.net.URLClassLoader.findClass(Ljava/lang/String;)Ljava/lang/Class; @ 44
Event: 29.257 Thread 0x00007f145c001800 Uncommon trap: reason=unhandled action=none pc=0x00007f14a9a70c50 method=java.net.URLClassLoader.findClass(Ljava/lang/String;)Ljava/lang/Class; @ 44
Event: 29.258 Thread 0x00007f145c001800 Uncommon trap: reason=unhandled action=none pc=0x00007f14a9a70c50 method=java.net.URLClassLoader.findClass(Ljava/lang/String;)Ljava/lang/Class; @ 44
Event: 29.260 Thread 0x00007f145c001800 Uncommon trap: reason=unhandled action=none pc=0x00007f14a9a70c50 method=java.net.URLClassLoader.findClass(Ljava/lang/String;)Ljava/lang/Class; @ 44
Event: 29.278 Thread 0x00007f145c001800 Uncommon trap: reason=unhandled action=none pc=0x00007f14a9a70c50 method=java.net.URLClassLoader.findClass(Ljava/lang/String;)Ljava/lang/Class; @ 44
Event: 29.280 Thread 0x00007f145c001800 Uncommon trap: reason=unhandled action=none pc=0x00007f14a9a70c50 method=java.net.URLClassLoader.findClass(Ljava/lang/String;)Ljava/lang/Class; @ 44
Event: 29.631 Thread 0x00007f145c001800 Uncommon trap: reason=unloaded action=reinterpret pc=0x00007f14a9708f28 method=org.apache.tomcat.util.bcel.classfile.Constant.readConstant(Ljava/io/DataInputStream;)Lorg/apache/tomcat/util/bcel/classfile/Constant; @ 146
Event: 30.368 Thread 0x00007f145c001800 Uncommon trap: reason=unloaded action=reinterpret pc=0x00007f14a9e1b5d4 method=org.apache.tomcat.util.bcel.classfile.Attribute.readAttribute(Ljava/io/DataInputStream;Lorg/apache/tomcat/util/bcel/classfile/ConstantPool;)Lorg/apache/tomcat/util/bcel/classfi
Event: 30.731 Thread 0x00007f145c001800 Uncommon trap: reason=unloaded action=reinterpret pc=0x00007f14a9e53c68 method=org.apache.tomcat.util.bcel.classfile.Attribute.readAttribute(Ljava/io/DataInputStream;Lorg/apache/tomcat/util/bcel/classfile/ConstantPool;)Lorg/apache/tomcat/util/bcel/classfi
Event: 30.770 Thread 0x00007f145c001800 Uncommon trap: reason=unloaded action=reinterpret pc=0x00007f14a9735970 method=org.apache.tomcat.util.bcel.classfile.Constant.readConstant(Ljava/io/DataInputStream;)Lorg/apache/tomcat/util/bcel/classfile/Constant; @ 205

Internal exceptions (10 events):
Event: 26.569 Thread 0x00007f14b800c800 Exception <a 'java/lang/ArrayIndexOutOfBoundsException': 71> (0x00000000ef47cc10) thrown at [/HUDSON/workspace/8-2-build-linux-amd64/jdk8u91/6644/hotspot/src/share/vm/interpreter/interpreterRuntime.cpp, line 366]
Event: 26.615 Thread 0x00007f14b800c800 Exception <a 'java/lang/ArrayIndexOutOfBoundsException': 55> (0x00000000ef4a47f8) thrown at [/HUDSON/workspace/8-2-build-linux-amd64/jdk8u91/6644/hotspot/src/share/vm/interpreter/interpreterRuntime.cpp, line 366]
Event: 26.615 Thread 0x00007f14b800c800 Exception <a 'java/lang/ArrayIndexOutOfBoundsException': 38> (0x00000000ef4a5fa0) thrown at [/HUDSON/workspace/8-2-build-linux-amd64/jdk8u91/6644/hotspot/src/share/vm/interpreter/interpreterRuntime.cpp, line 366]
Event: 26.655 Thread 0x00007f14b800c800 Exception <a 'java/lang/ArrayIndexOutOfBoundsException': 38> (0x00000000ef4cb9e0) thrown at [/HUDSON/workspace/8-2-build-linux-amd64/jdk8u91/6644/hotspot/src/share/vm/interpreter/interpreterRuntime.cpp, line 366]
Event: 26.679 Thread 0x00007f14b800c800 Exception <a 'java/lang/ArrayIndexOutOfBoundsException': 49> (0x00000000ef4d9be8) thrown at [/HUDSON/workspace/8-2-build-linux-amd64/jdk8u91/6644/hotspot/src/share/vm/interpreter/interpreterRuntime.cpp, line 366]
Event: 28.048 Thread 0x00007f145c001800 Implicit null exception at 0x00007f14a9a554ab to 0x00007f14a9a55c2d
Event: 28.048 Thread 0x00007f145c001800 Implicit null exception at 0x00007f14a9c7c8eb to 0x00007f14a9c7d1c9
Event: 28.389 Thread 0x00007f145c001800 Implicit null exception at 0x00007f14a9262676 to 0x00007f14a9262b21
Event: 28.389 Thread 0x00007f145c001800 Implicit null exception at 0x00007f14a921d636 to 0x00007f14a921daa1
Event: 28.888 Thread 0x00007f145c001800 Implicit null exception at 0x00007f14a9bf54af to 0x00007f14a9bf5b55

Events (10 events):
Event: 30.770 Thread 0x00007f145c001800 DEOPT UNPACKING pc=0x00007f14a9005229 sp=0x00007f14631ba9e0 mode 2
Event: 30.854 Thread 0x00007f14b80ca800 flushing nmethod 0x00007f14a9108090
Event: 30.854 Thread 0x00007f14b80ca800 flushing nmethod 0x00007f14a9117790
Event: 30.860 Thread 0x00007f14b80ca800 flushing nmethod 0x00007f14a912b750
Event: 30.860 Thread 0x00007f14b80ca800 flushing nmethod 0x00007f14a914b890
Event: 30.860 Thread 0x00007f14b80ca800 flushing nmethod 0x00007f14a9178310
Event: 30.927 Thread 0x00007f14b80cf000 flushing nmethod 0x00007f14a91a33d0
Event: 30.927 Thread 0x00007f14b80cf000 flushing nmethod 0x00007f14a91cb650
Event: 30.927 Thread 0x00007f14b80cf000 flushing nmethod 0x00007f14a91cdad0
Event: 30.959 Executing VM operation: ParallelGCFailedAllocation


Dynamic libraries:
00400000-00401000 r-xp 00000000 08:16 137737                             /usr/lib/jvm/jdk1.8.0_91/bin/java
00600000-00601000 rw-p 00000000 08:16 137737                             /usr/lib/jvm/jdk1.8.0_91/bin/java
025db000-025fc000 rw-p 00000000 00:00 0                                  [heap]
c4000000-c6c00000 rw-p 00000000 00:00 0 
c6c00000-ec000000 ---p 00000000 00:00 0 
ec000000-f5100000 rw-p 00000000 00:00 0 
f8800000-100000000 ---p 00000000 00:00 0 
100000000-100380000 rw-p 00000000 00:00 0 
100380000-140000000 ---p 00000000 00:00 0 
7f1454000000-7f1454732000 rw-p 00000000 00:00 0 
7f1454732000-7f1458000000 ---p 00000000 00:00 0 
7f145c000000-7f145c021000 rw-p 00000000 00:00 0 
7f145c021000-7f1460000000 ---p 00000000 00:00 0 
7f1462aee000-7f1462b01000 r--s 00344000 08:16 139604                     /usr/lib/jvm/jdk1.8.0_91/jre/lib/resources.jar
7f1462b01000-7f1462d01000 rw-p 00000000 00:00 0 
7f1462d04000-7f1462d07000 r--s 00018000 08:17 1442560                    /home/mbc1996/.m2/repository/org/apache/commons/commons-pool2/2.3/commons-pool2-2.3.jar
7f1462d07000-7f1462d0d000 r--s 00049000 08:17 1442592                    /home/mbc1996/.m2/repository/redis/clients/jedis/2.7.2/jedis-2.7.2.jar
7f1462d0d000-7f1462d26000 r--s 001ae000 08:17 1442548                    /home/mbc1996/.m2/repository/org/aspectj/aspectjweaver/1.8.4/aspectjweaver-1.8.4.jar
7f1462d26000-7f1462d28000 r--s 0000c000 08:17 1442788                    /home/mbc1996/.m2/repository/org/springframework/spring-aspects/4.1.3.RELEASE/spring-aspects-4.1.3.RELEASE.jar
7f1462d28000-7f1462d2f000 r--s 00037000 08:17 1442799                    /home/mbc1996/.m2/repository/org/springframework/spring-tx/4.1.3.RELEASE/spring-tx-4.1.3.RELEASE.jar
7f1462d2f000-7f1462d39000 r--s 0005f000 08:17 1442795                    /home/mbc1996/.m2/repository/org/springframework/spring-jdbc/4.1.3.RELEASE/spring-jdbc-4.1.3.RELEASE.jar
7f1462d39000-7f1462d49000 r--s 0009f000 08:17 1442801                    /home/mbc1996/.m2/repository/org/springframework/spring-web/4.1.3.RELEASE/spring-web-4.1.3.RELEASE.jar
7f1462d49000-7f1462d58000 r--s 000b0000 08:17 1442803                    /home/mbc1996/.m2/repository/org/springframework/spring-webmvc/4.1.3.RELEASE/spring-webmvc-4.1.3.RELEASE.jar
7f1462d58000-7f1462d65000 r--s 000a0000 08:17 1442790                    /home/mbc1996/.m2/repository/org/springframework/spring-beans/4.1.3.RELEASE/spring-beans-4.1.3.RELEASE.jar
7f1462d65000-7f1462d6a000 r--s 0003b000 08:17 1442794                    /home/mbc1996/.m2/repository/org/springframework/spring-expression/4.1.3.RELEASE/spring-expression-4.1.3.RELEASE.jar
7f1462d6a000-7f1462d6c000 r--s 0000e000 08:17 1313131                    /home/mbc1996/.m2/repository/commons-logging/commons-logging/1.2/commons-logging-1.2.jar
7f1462d6c000-7f1462d80000 r--s 000e2000 08:17 1442793                    /home/mbc1996/.m2/repository/org/springframework/spring-core/4.1.3.RELEASE/spring-core-4.1.3.RELEASE.jar
7f1462d80000-7f1462d82000 r--s 00000000 08:17 1313113                    /home/mbc1996/.m2/repository/aopalliance/aopalliance/1.0/aopalliance-1.0.jar
7f1462d82000-7f1462d8b000 r--s 0004f000 08:17 1442787                    /home/mbc1996/.m2/repository/org/springframework/spring-aop/4.1.3.RELEASE/spring-aop-4.1.3.RELEASE.jar
7f1462d8b000-7f1462da3000 r--s 000e3000 08:17 1442791                    /home/mbc1996/.m2/repository/org/springframework/spring-context/4.1.3.RELEASE/spring-context-4.1.3.RELEASE.jar
7f1462da3000-7f1462dac000 r--s 0006d000 08:17 1442607                    /home/mbc1996/.m2/repository/log4j/log4j/1.2.16/log4j-1.2.16.jar
7f1462dac000-7f1462dad000 r--s 00002000 08:17 1442781                    /home/mbc1996/.m2/repository/org/slf4j/slf4j-log4j12/1.6.4/slf4j-log4j12-1.6.4.jar
7f1462dad000-7f1462db3000 r--s 0003f000 08:17 1442581                    /home/mbc1996/.m2/repository/org/apache/httpcomponents/httpcore/4.3.2/httpcore-4.3.2.jar
7f1462db3000-7f1462dbf000 r--s 00085000 08:17 1442579                    /home/mbc1996/.m2/repository/org/apache/httpcomponents/httpclient/4.3.5/httpclient-4.3.5.jar
7f1462dbf000-7f1462dc3000 r--s 00034000 08:17 1313145                    /home/mbc1996/.m2/repository/com/fasterxml/jackson/core/jackson-core/2.4.2/jackson-core-2.4.2.jar
7f1462dc3000-7f1462dc6000 r--s 00007000 08:17 1313144                    /home/mbc1996/.m2/repository/com/fasterxml/jackson/core/jackson-annotations/2.4.0/jackson-annotations-2.4.0.jar
7f1462dc6000-7f1462dd7000 r--s 000f6000 08:17 1313146                    /home/mbc1996/.m2/repository/com/fasterxml/jackson/core/jackson-databind/2.4.2/jackson-databind-2.4.2.jar
7f1462dd7000-7f1462ddd000 r--s 0003f000 08:17 1313135                    /home/mbc1996/.m2/repository/commons-net/commons-net/3.3/commons-net-3.3.jar
7f1462ddd000-7f1462de0000 r--s 00013000 08:17 1313124                    /home/mbc1996/.m2/repository/commons-io/commons-io/1.3.2/commons-io-1.3.2.jar
7f1462de0000-7f1462de7000 r--s 0005e000 08:17 1442558                    /home/mbc1996/.m2/repository/org/apache/commons/commons-lang3/3.3.2/commons-lang3-3.3.2.jar
7f1462de7000-7f1462df6000 r--s 00081000 08:17 1442595                    /home/mbc1996/.m2/repository/joda-time/joda-time/2.5/joda-time-2.5.jar
7f1462df6000-7f1462df7000 r--s 00003000 08:17 1311153                    /home/mbc1996/.m2/repository/com/taotao/taotao-common/0.0.1-SNAPSHOT/taotao-common-0.0.1-SNAPSHOT.jar
7f1462df7000-7f1462e70000 r--s 010e3000 08:16 137866                     /usr/lib/jvm/jdk1.8.0_91/lib/tools.jar
7f1462e70000-7f1462e76000 r--s 0005e000 08:16 137864                     /usr/lib/jvm/jdk1.8.0_91/lib/jconsole.jar
7f1462e76000-7f1462e94000 r--s 001a6000 08:17 1313137                    /home/mbc1996/.m2/repository/com/alibaba/druid/1.0.9/druid-1.0.9.jar
7f1462e94000-7f1462e9d000 r--s 000e4000 08:17 1442728                    /home/mbc1996/.m2/repository/mysql/mysql-connector-java/5.1.32/mysql-connector-java-5.1.32.jar
7f1462e9d000-7f1462ea3000 r--s 00036000 08:17 1313147                    /home/mbc1996/.m2/repository/com/github/jsqlparser/jsqlparser/0.9/jsqlparser-0.9.jar
7f1462ea3000-7f1462ea4000 r--s 00007000 08:17 1313153                    /home/mbc1996/.m2/repository/com/github/pagehelper/pagehelper/3.4.2-fix/pagehelper-3.4.2-fix.jar
7f1462ea4000-7f1462ea6000 r--s 00005000 08:17 1442776                    /home/mbc1996/.m2/repository/org/slf4j/slf4j-api/1.7.2/slf4j-api-1.7.2.jar
7f1462ea6000-7f1462ea8000 r--s 0000a000 08:17 1313150                    /home/mbc1996/.m2/repository/com/github/miemiedev/mybatis-paginator/1.2.15/mybatis-paginator-1.2.15.jar
7f1462ea8000-7f1462eaa000 r--s 0000a000 08:17 1442727                    /home/mbc1996/.m2/repository/org/mybatis/mybatis-spring/1.2.2/mybatis-spring-1.2.2.jar
7f1462eaa000-7f1462eb8000 r--s 000a1000 08:17 1442725                    /home/mbc1996/.m2/repository/org/mybatis/mybatis/3.2.8/mybatis-3.2.8.jar
7f1462eb8000-7f1462eba000 r--s 00019000 08:17 1450263                    /home/mbc1996/.m2/repository/com/taotao/taotao-manager-pojo/0.0.1-SNAPSHOT/taotao-manager-pojo-0.0.1-SNAPSHOT.jar
7f1462eba000-7f1462ebc000 r--s 00005000 08:17 1575656                    /home/mbc1996/.m2/repository/com/taotao/taotao-manager-mapper/0.0.1-SNAPSHOT/taotao-manager-mapper-0.0.1-SNAPSHOT.jar
7f1462ebc000-7f1462fbc000 rw-p 00000000 00:00 0 
7f1462fbc000-7f14630bc000 ---p 00000000 00:00 0 
7f14630bc000-7f14630bf000 ---p 00000000 00:00 0 
7f14630bf000-7f14631bd000 rw-p 00000000 00:00 0 
7f14631bd000-7f14631c0000 ---p 00000000 00:00 0 
7f14631c0000-7f14632be000 rw-p 00000000 00:00 0 
7f14632be000-7f14632da000 r--s 00393000 08:16 139781                     /usr/lib/jvm/jdk1.8.0_91/jre/lib/ext/cldrdata.jar
7f14632da000-7f14632e4000 r--s 00116000 08:16 139788                     /usr/lib/jvm/jdk1.8.0_91/jre/lib/ext/localedata.jar
7f14632e4000-7f14634e4000 rw-p 00000000 00:00 0 
7f14634e4000-7f14634ed000 r-xp 00000000 08:16 139663                     /usr/lib/jvm/jdk1.8.0_91/jre/lib/amd64/libmanagement.so
7f14634ed000-7f14636ec000 ---p 00009000 08:16 139663                     /usr/lib/jvm/jdk1.8.0_91/jre/lib/amd64/libmanagement.so
7f14636ec000-7f14636ed000 rw-p 00008000 08:16 139663                     /usr/lib/jvm/jdk1.8.0_91/jre/lib/amd64/libmanagement.so
7f14636ed000-7f14638ed000 rw-p 00000000 00:00 0 
7f14638ed000-7f14638ef000 r--s 00003000 08:17 1442589                    /home/mbc1996/.m2/repository/org/slf4j/jcl-over-slf4j/1.7.5/jcl-over-slf4j-1.7.5.jar
7f14638ef000-7f14638f1000 r--s 00009000 08:17 1442647                    /home/mbc1996/.m2/repository/org/apache/maven/shared/maven-filtering/1.0/maven-filtering-1.0.jar
7f14638f1000-7f14638f4000 r--s 0000c000 08:17 1442758                    /home/mbc1996/.m2/repository/org/codehaus/plexus/plexus-io/2.0.3/plexus-io-2.0.3.jar
7f14638f4000-7f14638f6000 r--s 00011000 08:17 1442572                    /home/mbc1996/.m2/repository/org/hamcrest/hamcrest-core/1.1/hamcrest-core-1.1.jar
7f14638f6000-7f14638fd000 r--s 00037000 08:17 1442602                    /home/mbc1996/.m2/repository/junit/junit/4.10/junit-4.10.jar
7f14638fd000-7f1463902000 r--s 00029000 08:17 1442733                    /home/mbc1996/.m2/repository/org/codehaus/plexus/plexus-archiver/2.1.1/plexus-archiver-2.1.1.jar
7f1463902000-7f1463906000 r--s 00014000 08:17 1442841                    /home/mbc1996/.m2/repository/org/tukaani/xz/1.0/xz-1.0.jar
7f1463906000-7f146390b000 r--s 00036000 08:17 1442555                    /home/mbc1996/.m2/repository/org/apache/commons/commons-compress/1.4.1/commons-compress-1.4.1.jar
7f146390b000-7f1463910000 r--s 00041000 08:17 1313129                    /home/mbc1996/.m2/repository/commons-lang/commons-lang/2.6/commons-lang-2.6.jar
7f1463910000-7f1463914000 r--s 00027000 08:17 1313125                    /home/mbc1996/.m2/repository/commons-io/commons-io/2.2/commons-io-2.2.jar
7f1463914000-7f1463916000 r--s 0000d000 08:17 1442753                    /home/mbc1996/.m2/repository/org/codehaus/plexus/plexus-interpolation/1.13/plexus-interpolation-1.13.jar
7f1463916000-7f1463917000 r--s 00004000 08:17 1442614                    /home/mbc1996/.m2/repository/org/apache/maven/maven-archiver/2.4.2/maven-archiver-2.4.2.jar
7f1463917000-7f1463919000 r--s 00005000 08:17 1442832                    /home/mbc1996/.m2/repository/org/apache/tomcat/maven/tomcat7-war-runner/2.2/tomcat7-war-runner-2.2.jar
7f1463919000-7f146391f000 r--s 00033000 08:17 1313122                    /home/mbc1996/.m2/repository/commons-codec/commons-codec/1.6/commons-codec-1.6.jar
7f146391f000-7f1463921000 r--s 0000e000 08:17 1313130                    /home/mbc1996/.m2/repository/commons-logging/commons-logging/1.1.3/commons-logging-1.1.3.jar
7f1463921000-7f1463927000 r--s 0003f000 08:17 1442582                    /home/mbc1996/.m2/repository/org/apache/httpcomponents/httpcore/4.3/httpcore-4.3.jar
7f1463927000-7f1463932000 r--s 00084000 08:17 1442577                    /home/mbc1996/.m2/repository/org/apache/httpcomponents/httpclient/4.3.1/httpclient-4.3.1.jar
7f1463932000-7f1463935000 r--s 00006000 08:17 1313148                    /home/mbc1996/.m2/repository/com/google/code/findbugs/jsr305/1.3.9/jsr305-1.3.9.jar
7f1463935000-7f1463953000 r--s 00151000 08:17 1313141                    /home/mbc1996/.m2/repository/com/google/guava/guava/10.0.1/guava-10.0.1.jar
7f1463953000-7f1463955000 r--s 00008000 08:17 1442554                    /home/mbc1996/.m2/repository/org/apache/tomcat/maven/common-tomcat-maven-plugin/2.2/common-tomcat-maven-plugin-2.2.jar
7f1463955000-7f1463964000 r--s 001a9000 08:17 1442568                    /home/mbc1996/.m2/repository/org/eclipse/jdt/core/compiler/ecj/4.2.2/ecj-4.2.2.jar
7f1463964000-7f1463976000 r--s 00171000 08:17 1442814                    /home/mbc1996/.m2/repository/org/apache/tomcat/tomcat-catalina/7.0.47/tomcat-catalina-7.0.47.jar
7f1463976000-7f1463b76000 rw-p 00000000 00:00 0 
7f1463b76000-7f1463bef000 r--s 010e3000 08:16 137866                     /usr/lib/jvm/jdk1.8.0_91/lib/tools.jar
7f1463bef000-7f1463def000 rw-p 00000000 00:00 0 
7f1463def000-7f1463e00000 r-xp 00000000 08:16 139658                     /usr/lib/jvm/jdk1.8.0_91/jre/lib/amd64/libnio.so
7f1463e00000-7f1463fff000 ---p 00011000 08:16 139658                     /usr/lib/jvm/jdk1.8.0_91/jre/lib/amd64/libnio.so
7f1463fff000-7f1464000000 rw-p 00010000 08:16 139658                     /usr/lib/jvm/jdk1.8.0_91/jre/lib/amd64/libnio.so
7f1464000000-7f1464021000 rw-p 00000000 00:00 0 
7f1464021000-7f1468000000 ---p 00000000 00:00 0 
7f1468000000-7f1468021000 rw-p 00000000 00:00 0 
7f1468021000-7f146c000000 ---p 00000000 00:00 0 
7f146c000000-7f146f780000 rw-p 00000000 00:00 0 
7f146f780000-7f1470000000 ---p 00000000 00:00 0 
7f1470000000-7f14712fc000 rw-p 00000000 00:00 0 
7f14712fc000-7f1474000000 ---p 00000000 00:00 0 
7f1474000000-7f1474021000 rw-p 00000000 00:00 0 
7f1474021000-7f1478000000 ---p 00000000 00:00 0 
7f1478000000-7f147b140000 rw-p 00000000 00:00 0 
7f147b140000-7f147c000000 ---p 00000000 00:00 0 
7f147c000000-7f147c021000 rw-p 00000000 00:00 0 
7f147c021000-7f1480000000 ---p 00000000 00:00 0 
7f1480000000-7f1480021000 rw-p 00000000 00:00 0 
7f1480021000-7f1484000000 ---p 00000000 00:00 0 
7f1484000000-7f1484021000 rw-p 00000000 00:00 0 
7f1484021000-7f1488000000 ---p 00000000 00:00 0 
7f1488000000-7f1488021000 rw-p 00000000 00:00 0 
7f1488021000-7f148c000000 ---p 00000000 00:00 0 
7f148c000000-7f148c2ff000 rw-p 00000000 00:00 0 
7f148c2ff000-7f1490000000 ---p 00000000 00:00 0 
7f1490000000-7f1490021000 rw-p 00000000 00:00 0 
7f1490021000-7f1494000000 ---p 00000000 00:00 0 
7f1494000000-7f1494021000 rw-p 00000000 00:00 0 
7f1494021000-7f1498000000 ---p 00000000 00:00 0 
7f1498000000-7f1498021000 rw-p 00000000 00:00 0 
7f1498021000-7f149c000000 ---p 00000000 00:00 0 
7f149c000000-7f149c021000 rw-p 00000000 00:00 0 
7f149c021000-7f14a0000000 ---p 00000000 00:00 0 
7f14a0000000-7f14a0002000 r--s 00013000 08:17 1442821                    /home/mbc1996/.m2/repository/org/apache/tomcat/embed/tomcat-embed-logging-log4j/7.0.47/tomcat-embed-logging-log4j-7.0.47.jar
7f14a0002000-7f14a0004000 r--s 00008000 08:17 1442820                    /home/mbc1996/.m2/repository/org/apache/tomcat/embed/tomcat-embed-logging-juli/7.0.47/tomcat-embed-logging-juli-7.0.47.jar
7f14a0004000-7f14a0006000 r--s 00008000 08:17 1442826                    /home/mbc1996/.m2/repository/org/apache/tomcat/tomcat-juli/7.0.47/tomcat-juli-7.0.47.jar
7f14a0006000-7f14a0007000 r--s 00003000 08:17 1442812                    /home/mbc1996/.m2/repository/org/apache/tomcat/tomcat-annotations-api/7.0.47/tomcat-annotations-api-7.0.47.jar
7f14a0007000-7f14a0009000 r--s 0001f000 08:17 1442815                    /home/mbc1996/.m2/repository/org/apache/tomcat/tomcat-catalina-ha/7.0.47/tomcat-catalina-ha-7.0.47.jar
7f14a0009000-7f14a000d000 r--s 0003b000 08:17 1442829                    /home/mbc1996/.m2/repository/org/apache/tomcat/tomcat-tribes/7.0.47/tomcat-tribes-7.0.47.jar
7f14a000d000-7f14a000f000 r--s 0000a000 08:17 1442818                    /home/mbc1996/.m2/repository/org/apache/tomcat/tomcat-el-api/7.0.47/tomcat-el-api-7.0.47.jar
7f14a000f000-7f14a0012000 r--s 0001c000 08:17 1442823                    /home/mbc1996/.m2/repository/org/apache/tomcat/tomcat-jasper-el/7.0.47/tomcat-jasper-el-7.0.47.jar
7f14a0012000-7f14a001a000 r--s 0008b000 08:17 1442822                    /home/mbc1996/.m2/repository/org/apache/tomcat/tomcat-jasper/7.0.47/tomcat-jasper-7.0.47.jar
7f14a001a000-7f14a001d000 r--s 00013000 08:17 1442825                    /home/mbc1996/.m2/repository/org/apache/tomcat/tomcat-jsp-api/7.0.47/tomcat-jsp-api-7.0.47.jar
7f14a001d000-7f14a0020000 r--s 00029000 08:17 1442828                    /home/mbc1996/.m2/repository/org/apache/tomcat/tomcat-servlet-api/7.0.47/tomcat-servlet-api-7.0.47.jar
7f14a0020000-7f14a0024000 r--s 00036000 08:17 1442817                    /home/mbc1996/.m2/repository/org/apache/tomcat/tomcat-dbcp/7.0.47/tomcat-dbcp-7.0.47.jar
7f14a0024000-7f14a0026000 r--s 0001d000 08:17 1442824                    /home/mbc1996/.m2/repository/org/apache/tomcat/tomcat-jdbc/7.0.47/tomcat-jdbc-7.0.47.jar
7f14a0026000-7f14a0027000 r--s 00001000 08:17 1442813                    /home/mbc1996/.m2/repository/org/apache/tomcat/tomcat-api/7.0.47/tomcat-api-7.0.47.jar
7f14a0027000-7f14a0035000 r--s 000be000 08:17 1442816                    /home/mbc1996/.m2/repository/org/apache/tomcat/tomcat-coyote/7.0.47/tomcat-coyote-7.0.47.jar
7f14a0035000-7f14a0036000 r--s 00005000 08:17 1442830                    /home/mbc1996/.m2/repository/org/apache/tomcat/tomcat-util/7.0.47/tomcat-util-7.0.47.jar
7f14a0036000-7f14a005d000 r--s 00290000 08:17 1442819                    /home/mbc1996/.m2/repository/org/apache/tomcat/embed/tomcat-embed-core/7.0.47/tomcat-embed-core-7.0.47.jar
7f14a005d000-7f14a005f000 r--s 0001a000 08:17 1442831                    /home/mbc1996/.m2/repository/org/apache/tomcat/maven/tomcat7-maven-plugin/2.2/tomcat7-maven-plugin-2.2.jar
7f14a005f000-7f14a0062000 r--s 0001b000 08:17 1442601                    /home/mbc1996/.m2/repository/junit/junit/3.8.2/junit-3.8.2.jar
7f14a0062000-7f14a0070000 r--s 0008f000 08:17 1313138                    /home/mbc1996/.m2/repository/com/google/collections/google-collections/1.0/google-collections-1.0.jar
7f14a0070000-7f14a0071000 r--s 0000a000 08:17 1313132                    /home/mbc1996/.m2/repository/commons-logging/commons-logging-api/1.1/commons-logging-api-1.1.jar
7f14a0071000-7f14a0078000 r--s 00051000 08:17 1442606                    /home/mbc1996/.m2/repository/log4j/log4j/1.2.12/log4j-1.2.12.jar
7f14a0078000-7f14a007c000 r--s 0001d000 08:17 1442838                    /home/mbc1996/.m2/repository/org/apache/xbean/xbean-reflect/3.4/xbean-reflect-3.4.jar
7f14a007c000-7f14a007d000 r--s 00004000 08:17 1442743                    /home/mbc1996/.m2/repository/org/codehaus/plexus/plexus-compiler-javac/2.4/plexus-compiler-javac-2.4.jar
7f14a007d000-7f14a007f000 r--s 00000000 08:17 1442745                    /home/mbc1996/.m2/repository/org/codehaus/plexus/plexus-compiler-manager/2.4/plexus-compiler-manager-2.4.jar
7f14a007f000-7f14a0081000 r--s 00005000 08:17 1442741                    /home/mbc1996/.m2/repository/org/codehaus/plexus/plexus-compiler-api/2.4/plexus-compiler-api-2.4.jar
7f14a0081000-7f14a0083000 r--s 00000000 08:17 1442747                    /home/mbc1996/.m2/repository/org/codehaus/plexus/plexus-component-annotations/1.5.5/plexus-component-annotations-1.5.5.jar
7f14a0083000-7f14a0085000 r--s 00002000 08:17 1442713                    /home/mbc1996/.m2/repository/org/apache/maven/shared/maven-shared-incremental/1.1/maven-shared-incremental-1.1.jar
7f14a0085000-7f14a0088000 r--s 00023000 08:17 1442714                    /home/mbc1996/.m2/repository/org/apache/maven/shared/maven-shared-utils/0.1/maven-shared-utils-0.1.jar
7f14a0088000-7f14a008c000 r--s 00030000 08:17 1442763                    /home/mbc1996/.m2/repository/org/codehaus/plexus/plexus-utils/1.5.1/plexus-utils-1.5.1.jar
7f14a008c000-7f14a008e000 r--s 0000a000 08:17 1442633                    /home/mbc1996/.m2/repository/org/apache/maven/plugins/maven-compiler-plugin/3.2/maven-compiler-plugin-3.2.jar
7f14a008e000-7f14a0091000 r--s 0000d000 08:17 1442755                    /home/mbc1996/.m2/repository/org/codehaus/plexus/plexus-interpolation/1.19/plexus-interpolation-1.19.jar
7f14a0091000-7f14a0092000 r--s 00001000 08:17 1442735                    /home/mbc1996/.m2/repository/org/sonatype/plexus/plexus-build-api/0.0.4/plexus-build-api-0.0.4.jar
7f14a0092000-7f14a0094000 r--s 00006000 08:17 1313149                    /home/mbc1996/.m2/repository/com/google/code/findbugs/jsr305/2.0.1/jsr305-2.0.1.jar
7f14a0094000-7f14a0097000 r--s 00023000 08:17 1442715                    /home/mbc1996/.m2/repository/org/apache/maven/shared/maven-shared-utils/0.3/maven-shared-utils-0.3.jar
7f14a0097000-7f14a0099000 r--s 00009000 08:17 1442649                    /home/mbc1996/.m2/repository/org/apache/maven/shared/maven-filtering/1.2/maven-filtering-1.2.jar
7f14a0099000-7f14a009d000 r--s 00037000 08:17 1442765                    /home/mbc1996/.m2/repository/org/codehaus/plexus/plexus-utils/3.0.15/plexus-utils-3.0.15.jar
7f14a009d000-7f14a009f000 r--s 00002000 08:17 1442736                    /home/mbc1996/.m2/repository/org/sonatype/plexus/plexus-cipher/1.4/plexus-cipher-1.4.jar
7f14a009f000-7f14a00a0000 r--s 00006000 08:17 1442760                    /home/mbc1996/.m2/repository/org/sonatype/plexus/plexus-sec-dispatcher/1.3/plexus-sec-dispatcher-1.3.jar
7f14a00a0000-7f14a00a2000 r--s 00002000 08:17 1442752                    /home/mbc1996/.m2/repository/org/codehaus/plexus/plexus-interactivity-api/1.0-alpha-4/plexus-interactivity-api-1.0-alpha-4.jar
7f14a00a2000-7f14a00a4000 r--s 00009000 08:17 1313119                    /home/mbc1996/.m2/repository/commons-cli/commons-cli/1.2/commons-cli-1.2.jar
7f14a00a4000-7f14a00a5000 r--s 00002000 08:17 1442564                    /home/mbc1996/.m2/repository/org/apache/maven/doxia/doxia-logging-api/1.1/doxia-logging-api-1.1.jar
7f14a00a5000-7f14a00a7000 r--s 00002000 08:17 1442567                    /home/mbc1996/.m2/repository/org/apache/maven/doxia/doxia-sink-api/1.1/doxia-sink-api-1.1.jar
7f14a00a7000-7f14a00a8000 r--s 00002000 08:17 1442697                    /home/mbc1996/.m2/repository/org/apache/maven/reporting/maven-reporting-api/2.2.1/maven-reporting-api-2.2.1.jar
7f14a00a8000-7f14a00aa000 r--s 00003000 08:17 1442588                    /home/mbc1996/.m2/repository/org/slf4j/jcl-over-slf4j/1.5.6/jcl-over-slf4j-1.5.6.jar
7f14a00aa000-7f14a00ac000 r--s 00001000 08:17 1442780                    /home/mbc1996/.m2/repository/org/slf4j/slf4j-jdk14/1.5.6/slf4j-jdk14-1.5.6.jar
7f14a00ac000-7f14a00af000 r--s 0001b000 08:17 1442600                    /home/mbc1996/.m2/repository/junit/junit/3.8.1/junit-3.8.1.jar
7f14a00af000-7f14a00b7000 r--s 00049000 08:17 1313114                    /home/mbc1996/.m2/repository/backport-util-concurrent/backport-util-concurrent/3.1/backport-util-concurrent-3.1.jar
7f14a00b7000-7f14a00b8000 r--s 00007000 08:17 1442705                    /home/mbc1996/.m2/repository/org/apache/maven/plugins/maven-resources-plugin/2.7/maven-resources-plugin-2.7.jar
7f14a00b8000-7f14a00bc000 r--s 00034000 08:17 1442769                    /home/mbc1996/.m2/repository/org/codehaus/plexus/plexus-utils/3.0/plexus-utils-3.0.jar
7f14a00bc000-7f14a00be000 r--s 00005000 08:17 1442629                    /home/mbc1996/.m2/repository/org/apache/maven/plugins/maven-clean-plugin/2.5/maven-clean-plugin-2.5.jar
7f14a00be000-7f14a03bf000 rw-p 00000000 00:00 0 
7f14a03bf000-7f14a03d5000 r-xp 00000000 08:16 139655                     /usr/lib/jvm/jdk1.8.0_91/jre/lib/amd64/libnet.so
7f14a03d5000-7f14a05d5000 ---p 00016000 08:16 139655                     /usr/lib/jvm/jdk1.8.0_91/jre/lib/amd64/libnet.so
7f14a05d5000-7f14a05d6000 rw-p 00016000 08:16 139655                     /usr/lib/jvm/jdk1.8.0_91/jre/lib/amd64/libnet.so
7f14a05d6000-7f14a07d6000 rw-p 00000000 00:00 0 
7f14a07d6000-7f14a07da000 r--s 00097000 08:16 139605                     /usr/lib/jvm/jdk1.8.0_91/jre/lib/jsse.jar
7f14a07da000-7f14a09da000 rw-p 00000000 00:00 0 
7f14a09da000-7f14a0bda000 rw-p 00000000 00:00 0 
7f14a0bda000-7f14a0bdb000 r--s 00002000 08:17 1053061                    /home/mbc1996/eclipse/plugins/org.eclipse.m2e.maven.runtime.slf4j.simple_1.7.0.20160603-1931/jars/slf4j-simple-1.7.5.jar
7f14a0bdb000-7f14a0be0000 r--s 00041000 08:17 1052573                    /home/mbc1996/eclipse/plugins/org.eclipse.m2e.maven.runtime_1.7.0.20160603-1931/jars/commons-lang-2.6.jar
7f14a0be0000-7f14a0be1000 r--s 00002000 08:17 1052585                    /home/mbc1996/eclipse/plugins/org.eclipse.m2e.maven.runtime_1.7.0.20160603-1931/jars/wagon-file-2.10.jar
7f14a0be1000-7f14a0be3000 r--s 00005000 08:17 1052572                    /home/mbc1996/eclipse/plugins/org.eclipse.m2e.maven.runtime_1.7.0.20160603-1931/jars/aether-transport-wagon-1.0.2.v20150114.jar
7f14a0be3000-7f14a0be8000 r--s 00049000 08:17 1052602                    /home/mbc1996/eclipse/plugins/org.eclipse.m2e.maven.runtime_1.7.0.20160603-1931/jars/okhttp-2.5.0.jar
7f14a0be8000-7f14a0be9000 ---p 00000000 00:00 0 
7f14a0be9000-7f14a0ce9000 rw-p 00000000 00:00 0 
7f14a0ce9000-7f14a0cec000 ---p 00000000 00:00 0 
7f14a0cec000-7f14a0dea000 rw-p 00000000 00:00 0 
7f14a0dea000-7f14a0ded000 ---p 00000000 00:00 0 
7f14a0ded000-7f14a0eeb000 rw-p 00000000 00:00 0 
7f14a0eeb000-7f14a0eee000 ---p 00000000 00:00 0 
7f14a0eee000-7f14a0fec000 rw-p 00000000 00:00 0 
7f14a0fec000-7f14a0fef000 ---p 00000000 00:00 0 
7f14a0fef000-7f14a10ed000 rw-p 00000000 00:00 0 
7f14a10ed000-7f14a10f0000 ---p 00000000 00:00 0 
7f14a10f0000-7f14a11ee000 rw-p 00000000 00:00 0 
7f14a11ee000-7f14a11f1000 ---p 00000000 00:00 0 
7f14a11f1000-7f14a12ef000 rw-p 00000000 00:00 0 
7f14a12ef000-7f14a12f2000 ---p 00000000 00:00 0 
7f14a12f2000-7f14a13f0000 rw-p 00000000 00:00 0 
7f14a13f0000-7f14a13f4000 r-xp 00000000 08:16 139627                     /usr/lib/jvm/jdk1.8.0_91/jre/lib/amd64/libdt_socket.so
7f14a13f4000-7f14a15f3000 ---p 00004000 08:16 139627                     /usr/lib/jvm/jdk1.8.0_91/jre/lib/amd64/libdt_socket.so
7f14a15f3000-7f14a15f4000 rw-p 00003000 08:16 139627                     /usr/lib/jvm/jdk1.8.0_91/jre/lib/amd64/libdt_socket.so
7f14a15f4000-7f14a15f7000 ---p 00000000 00:00 0 
7f14a15f7000-7f14a16f5000 rw-p 00000000 00:00 0 
7f14a16f5000-7f14a16f8000 ---p 00000000 00:00 0 
7f14a16f8000-7f14a17f6000 rw-p 00000000 00:00 0 
7f14a17f6000-7f14a17f9000 ---p 00000000 00:00 0 
7f14a17f9000-7f14a18f7000 rw-p 00000000 00:00 0 
7f14a18f7000-7f14a18f8000 ---p 00000000 00:00 0 
7f14a18f8000-7f14a4000000 rw-p 00000000 00:00 0 
7f14a4000000-7f14a4021000 rw-p 00000000 00:00 0 
7f14a4021000-7f14a8000000 ---p 00000000 00:00 0 
7f14a8000000-7f14a8001000 r--s 00008000 08:17 1052587                    /home/mbc1996/eclipse/plugins/org.eclipse.m2e.maven.runtime_1.7.0.20160603-1931/jars/aether-connector-basic-1.0.2.v20150114.jar
7f14a8001000-7f14a8003000 r--s 0000f000 08:17 1052592                    /home/mbc1996/eclipse/plugins/org.eclipse.m2e.maven.runtime_1.7.0.20160603-1931/jars/okio-1.6.0.jar
7f14a8003000-7f14a8005000 r--s 0000b000 08:17 1052583                    /home/mbc1996/eclipse/plugins/org.eclipse.m2e.maven.runtime_1.7.0.20160603-1931/jars/aether-connector-okhttp-0.16.0.jar
7f14a8005000-7f14a8007000 r--s 00006000 08:17 1052595                    /home/mbc1996/eclipse/plugins/org.eclipse.m2e.maven.runtime_1.7.0.20160603-1931/jars/aether-spi-1.0.2.v20150114.jar
7f14a8007000-7f14a800b000 r--s 00027000 08:17 1052599                    /home/mbc1996/eclipse/plugins/org.eclipse.m2e.maven.runtime_1.7.0.20160603-1931/jars/aether-impl-1.0.2.v20150114.jar
7f14a800b000-7f14a8036000 r--s 001fc000 08:17 1052570                    /home/mbc1996/eclipse/plugins/org.eclipse.m2e.maven.runtime_1.7.0.20160603-1931/jars/guava-18.0.jar
7f14a8036000-7f14a803e000 r--s 00055000 08:17 1052600                    /home/mbc1996/eclipse/plugins/org.eclipse.m2e.maven.runtime_1.7.0.20160603-1931/jars/org.eclipse.sisu.inject-0.3.2.jar
7f14a803e000-7f14a803f000 r--s 00001000 08:17 1052604                    /home/mbc1996/eclipse/plugins/org.eclipse.m2e.maven.runtime_1.7.0.20160603-1931/jars/jsr250-api-1.0.jar
7f14a803f000-7f14a8042000 r--s 00008000 08:17 1052571                    /home/mbc1996/eclipse/plugins/org.eclipse.m2e.maven.runtime_1.7.0.20160603-1931/jars/cdi-api-1.0.jar
7f14a8042000-7f14a8048000 r--s 0002d000 08:17 1052582                    /home/mbc1996/eclipse/plugins/org.eclipse.m2e.maven.runtime_1.7.0.20160603-1931/jars/org.eclipse.sisu.plexus-0.3.2.jar
7f14a8048000-7f14a804b000 r--s 0000b000 08:17 1052591                    /home/mbc1996/eclipse/plugins/org.eclipse.m2e.maven.runtime_1.7.0.20160603-1931/jars/wagon-provider-api-2.10.jar
7f14a804b000-7f14a8051000 r--s 00041000 08:17 1052605                    /home/mbc1996/eclipse/plugins/org.eclipse.m2e.maven.runtime_1.7.0.20160603-1931/jars/maven-compat-3.3.9.jar
7f14a8051000-7f14a8053000 r--s 00009000 08:17 1052598                    /home/mbc1996/eclipse/plugins/org.eclipse.m2e.maven.runtime_1.7.0.20160603-1931/jars/commons-cli-1.2.jar
7f14a8053000-7f14a8055000 r--s 00002000 08:17 1052581                    /home/mbc1996/eclipse/plugins/org.eclipse.m2e.maven.runtime_1.7.0.20160603-1931/jars/plexus-cipher-1.7.jar
7f14a8055000-7f14a8058000 r--s 00013000 08:17 1052577                    /home/mbc1996/eclipse/plugins/org.eclipse.m2e.maven.runtime_1.7.0.20160603-1931/jars/maven-embedder-3.3.9.jar
7f14a8058000-7f14a805f000 r--s 00064000 08:17 1052584                    /home/mbc1996/eclipse/plugins/org.eclipse.m2e.maven.runtime_1.7.0.20160603-1931/jars/commons-lang3-3.4.jar
7f14a805f000-7f14a8061000 r--s 00000000 08:17 1052606                    /home/mbc1996/eclipse/plugins/org.eclipse.m2e.maven.runtime_1.7.0.20160603-1931/jars/plexus-component-annotations-1.6.jar
7f14a8061000-7f14a8065000 r--s 00038000 08:17 1052594                    /home/mbc1996/eclipse/plugins/org.eclipse.m2e.maven.runtime_1.7.0.20160603-1931/jars/plexus-utils-3.0.22.jar
7f14a8065000-7f14a8068000 r--s 0000d000 08:17 1052588                    /home/mbc1996/eclipse/plugins/org.eclipse.m2e.maven.runtime_1.7.0.20160603-1931/jars/plexus-interpolation-1.21.jar
7f14a8068000-7f14a9000000 rw-p 00000000 00:00 0 
7f14a9000000-7f14a9e70000 rwxp 00000000 00:00 0 
7f14a9e70000-7f14b8000000 ---p 00000000 00:00 0 
7f14b8000000-7f14b94cc000 rw-p 00000000 00:00 0 
7f14b94cc000-7f14bc000000 ---p 00000000 00:00 0 
7f14bc000000-7f14bc001000 r--s 00006000 08:17 1052589                    /home/mbc1996/eclipse/plugins/org.eclipse.m2e.maven.runtime_1.7.0.20160603-1931/jars/plexus-sec-dispatcher-1.3.jar
7f14bc001000-7f14bc00a000 r--s 0005f000 08:17 1052574                    /home/mbc1996/eclipse/plugins/org.eclipse.m2e.maven.runtime_1.7.0.20160603-1931/jars/guice-4.0-no_aop.jar
7f14bc00a000-7f14bc00e000 r--s 00020000 08:17 1052580                    /home/mbc1996/eclipse/plugins/org.eclipse.m2e.maven.runtime_1.7.0.20160603-1931/jars/aether-util-1.0.2.v20150114.jar
7f14bc00e000-7f14bc013000 r--s 0001d000 08:17 1052578                    /home/mbc1996/eclipse/plugins/org.eclipse.m2e.maven.runtime_1.7.0.20160603-1931/jars/aether-api-1.0.2.v20150114.jar
7f14bc013000-7f14bc015000 r--s 0000f000 08:17 1052593                    /home/mbc1996/eclipse/plugins/org.eclipse.m2e.maven.runtime_1.7.0.20160603-1931/jars/maven-aether-provider-3.3.9.jar
7f14bc015000-7f14bc01a000 r--s 00027000 08:17 1052575                    /home/mbc1996/eclipse/plugins/org.eclipse.m2e.maven.runtime_1.7.0.20160603-1931/jars/maven-model-builder-3.3.9.jar
7f14bc01a000-7f14bc01c000 r--s 0000a000 08:17 1052596                    /home/mbc1996/eclipse/plugins/org.eclipse.m2e.maven.runtime_1.7.0.20160603-1931/jars/maven-plugin-api-3.3.9.jar
7f14bc01c000-7f14bc01e000 r--s 0000c000 08:17 1052597                    /home/mbc1996/eclipse/plugins/org.eclipse.m2e.maven.runtime_1.7.0.20160603-1931/jars/maven-artifact-3.3.9.jar
7f14bc01e000-7f14bc01f000 r--s 00006000 08:17 1052607                    /home/mbc1996/eclipse/plugins/org.eclipse.m2e.maven.runtime_1.7.0.20160603-1931/jars/maven-repository-metadata-3.3.9.jar
7f14bc01f000-7f14bc040000 rw-p 00000000 00:00 0 
7f14bc040000-7f14bc219000 r--s 03d1f000 08:16 139595                     /usr/lib/jvm/jdk1.8.0_91/jre/lib/rt.jar
7f14bc219000-7f14bc46f000 rw-p 00000000 00:00 0 
7f14bc46f000-7f14bc470000 ---p 00000000 00:00 0 
7f14bc470000-7f14bc570000 rw-p 00000000 00:00 0 
7f14bc570000-7f14bc571000 ---p 00000000 00:00 0 
7f14bc571000-7f14bc671000 rw-p 00000000 00:00 0 
7f14bc671000-7f14bc672000 ---p 00000000 00:00 0 
7f14bc672000-7f14bc772000 rw-p 00000000 00:00 0 
7f14bc772000-7f14bc773000 ---p 00000000 00:00 0 
7f14bc773000-7f14bc889000 rw-p 00000000 00:00 0 
7f14bc889000-7f14bc9b3000 ---p 00000000 00:00 0 
7f14bc9b3000-7f14bc9c9000 rw-p 00000000 00:00 0 
7f14bc9c9000-7f14bcaf3000 ---p 00000000 00:00 0 
7f14bcaf3000-7f14bcb3c000 rw-p 00000000 00:00 0 
7f14bcb3c000-7f14bcb93000 ---p 00000000 00:00 0 
7f14bcb93000-7f14bcbce000 rw-p 00000000 00:00 0 
7f14bcbce000-7f14bcf54000 ---p 00000000 00:00 0 
7f14bcf54000-7f14bcf6e000 r-xp 00000000 08:16 139651                     /usr/lib/jvm/jdk1.8.0_91/jre/lib/amd64/libzip.so
7f14bcf6e000-7f14bd16e000 ---p 0001a000 08:16 139651                     /usr/lib/jvm/jdk1.8.0_91/jre/lib/amd64/libzip.so
7f14bd16e000-7f14bd16f000 rw-p 0001a000 08:16 139651                     /usr/lib/jvm/jdk1.8.0_91/jre/lib/amd64/libzip.so
7f14bd16f000-7f14bd17a000 r-xp 00000000 08:16 399402                     /lib/x86_64-linux-gnu/libnss_files-2.23.so
7f14bd17a000-7f14bd379000 ---p 0000b000 08:16 399402                     /lib/x86_64-linux-gnu/libnss_files-2.23.so
7f14bd379000-7f14bd37a000 r--p 0000a000 08:16 399402                     /lib/x86_64-linux-gnu/libnss_files-2.23.so
7f14bd37a000-7f14bd37b000 rw-p 0000b000 08:16 399402                     /lib/x86_64-linux-gnu/libnss_files-2.23.so
7f14bd37b000-7f14bd381000 rw-p 00000000 00:00 0 
7f14bd381000-7f14bd38c000 r-xp 00000000 08:16 399412                     /lib/x86_64-linux-gnu/libnss_nis-2.23.so
7f14bd38c000-7f14bd58b000 ---p 0000b000 08:16 399412                     /lib/x86_64-linux-gnu/libnss_nis-2.23.so
7f14bd58b000-7f14bd58c000 r--p 0000a000 08:16 399412                     /lib/x86_64-linux-gnu/libnss_nis-2.23.so
7f14bd58c000-7f14bd58d000 rw-p 0000b000 08:16 399412                     /lib/x86_64-linux-gnu/libnss_nis-2.23.so
7f14bd58d000-7f14bd5a3000 r-xp 00000000 08:16 399396                     /lib/x86_64-linux-gnu/libnsl-2.23.so
7f14bd5a3000-7f14bd7a2000 ---p 00016000 08:16 399396                     /lib/x86_64-linux-gnu/libnsl-2.23.so
7f14bd7a2000-7f14bd7a3000 r--p 00015000 08:16 399396                     /lib/x86_64-linux-gnu/libnsl-2.23.so
7f14bd7a3000-7f14bd7a4000 rw-p 00016000 08:16 399396                     /lib/x86_64-linux-gnu/libnsl-2.23.so
7f14bd7a4000-7f14bd7a6000 rw-p 00000000 00:00 0 
7f14bd7a6000-7f14bd7ae000 r-xp 00000000 08:16 399398                     /lib/x86_64-linux-gnu/libnss_compat-2.23.so
7f14bd7ae000-7f14bd9ad000 ---p 00008000 08:16 399398                     /lib/x86_64-linux-gnu/libnss_compat-2.23.so
7f14bd9ad000-7f14bd9ae000 r--p 00007000 08:16 399398                     /lib/x86_64-linux-gnu/libnss_compat-2.23.so
7f14bd9ae000-7f14bd9af000 rw-p 00008000 08:16 399398                     /lib/x86_64-linux-gnu/libnss_compat-2.23.so
7f14bd9af000-7f14be36e000 r--p 00000000 08:16 140665                     /usr/lib/locale/locale-archive
7f14be36e000-7f14be370000 r-xp 00000000 08:16 139628                     /usr/lib/jvm/jdk1.8.0_91/jre/lib/amd64/libnpt.so
7f14be370000-7f14be570000 ---p 00002000 08:16 139628                     /usr/lib/jvm/jdk1.8.0_91/jre/lib/amd64/libnpt.so
7f14be570000-7f14be571000 rw-p 00002000 08:16 139628                     /usr/lib/jvm/jdk1.8.0_91/jre/lib/amd64/libnpt.so
7f14be571000-7f14be5aa000 r-xp 00000000 08:16 139640                     /usr/lib/jvm/jdk1.8.0_91/jre/lib/amd64/libjdwp.so
7f14be5aa000-7f14be7a9000 ---p 00039000 08:16 139640                     /usr/lib/jvm/jdk1.8.0_91/jre/lib/amd64/libjdwp.so
7f14be7a9000-7f14be7ab000 rw-p 00038000 08:16 139640                     /usr/lib/jvm/jdk1.8.0_91/jre/lib/amd64/libjdwp.so
7f14be7ab000-7f14be7d5000 r-xp 00000000 08:16 139646                     /usr/lib/jvm/jdk1.8.0_91/jre/lib/amd64/libjava.so
7f14be7d5000-7f14be9d5000 ---p 0002a000 08:16 139646                     /usr/lib/jvm/jdk1.8.0_91/jre/lib/amd64/libjava.so
7f14be9d5000-7f14be9d7000 rw-p 0002a000 08:16 139646                     /usr/lib/jvm/jdk1.8.0_91/jre/lib/amd64/libjava.so
7f14be9d7000-7f14be9e4000 r-xp 00000000 08:16 139650                     /usr/lib/jvm/jdk1.8.0_91/jre/lib/amd64/libverify.so
7f14be9e4000-7f14bebe4000 ---p 0000d000 08:16 139650                     /usr/lib/jvm/jdk1.8.0_91/jre/lib/amd64/libverify.so
7f14bebe4000-7f14bebe6000 rw-p 0000d000 08:16 139650                     /usr/lib/jvm/jdk1.8.0_91/jre/lib/amd64/libverify.so
7f14bebe6000-7f14bebed000 r-xp 00000000 08:16 399457                     /lib/x86_64-linux-gnu/librt-2.23.so
7f14bebed000-7f14bedec000 ---p 00007000 08:16 399457                     /lib/x86_64-linux-gnu/librt-2.23.so
7f14bedec000-7f14beded000 r--p 00006000 08:16 399457                     /lib/x86_64-linux-gnu/librt-2.23.so
7f14beded000-7f14bedee000 rw-p 00007000 08:16 399457                     /lib/x86_64-linux-gnu/librt-2.23.so
7f14bedee000-7f14beef6000 r-xp 00000000 08:16 399373                     /lib/x86_64-linux-gnu/libm-2.23.so
7f14beef6000-7f14bf0f5000 ---p 00108000 08:16 399373                     /lib/x86_64-linux-gnu/libm-2.23.so
7f14bf0f5000-7f14bf0f6000 r--p 00107000 08:16 399373                     /lib/x86_64-linux-gnu/libm-2.23.so
7f14bf0f6000-7f14bf0f7000 rw-p 00108000 08:16 399373                     /lib/x86_64-linux-gnu/libm-2.23.so
7f14bf0f7000-7f14bfdb7000 r-xp 00000000 08:16 139673                     /usr/lib/jvm/jdk1.8.0_91/jre/lib/amd64/server/libjvm.so
7f14bfdb7000-7f14bffb7000 ---p 00cc0000 08:16 139673                     /usr/lib/jvm/jdk1.8.0_91/jre/lib/amd64/server/libjvm.so
7f14bffb7000-7f14c008f000 rw-p 00cc0000 08:16 139673                     /usr/lib/jvm/jdk1.8.0_91/jre/lib/amd64/server/libjvm.so
7f14c008f000-7f14c00da000 rw-p 00000000 00:00 0 
7f14c00da000-7f14c029a000 r-xp 00000000 08:16 399303                     /lib/x86_64-linux-gnu/libc-2.23.so
7f14c029a000-7f14c0499000 ---p 001c0000 08:16 399303                     /lib/x86_64-linux-gnu/libc-2.23.so
7f14c0499000-7f14c049d000 r--p 001bf000 08:16 399303                     /lib/x86_64-linux-gnu/libc-2.23.so
7f14c049d000-7f14c049f000 rw-p 001c3000 08:16 399303                     /lib/x86_64-linux-gnu/libc-2.23.so
7f14c049f000-7f14c04a3000 rw-p 00000000 00:00 0 
7f14c04a3000-7f14c04a6000 r-xp 00000000 08:16 399327                     /lib/x86_64-linux-gnu/libdl-2.23.so
7f14c04a6000-7f14c06a5000 ---p 00003000 08:16 399327                     /lib/x86_64-linux-gnu/libdl-2.23.so
7f14c06a5000-7f14c06a6000 r--p 00002000 08:16 399327                     /lib/x86_64-linux-gnu/libdl-2.23.so
7f14c06a6000-7f14c06a7000 rw-p 00003000 08:16 399327                     /lib/x86_64-linux-gnu/libdl-2.23.so
7f14c06a7000-7f14c06bc000 r-xp 00000000 08:16 139446                     /usr/lib/jvm/jdk1.8.0_91/lib/amd64/jli/libjli.so
7f14c06bc000-7f14c08bc000 ---p 00015000 08:16 139446                     /usr/lib/jvm/jdk1.8.0_91/lib/amd64/jli/libjli.so
7f14c08bc000-7f14c08bd000 rw-p 00015000 08:16 139446                     /usr/lib/jvm/jdk1.8.0_91/lib/amd64/jli/libjli.so
7f14c08bd000-7f14c08d5000 r-xp 00000000 08:16 399449                     /lib/x86_64-linux-gnu/libpthread-2.23.so
7f14c08d5000-7f14c0ad4000 ---p 00018000 08:16 399449                     /lib/x86_64-linux-gnu/libpthread-2.23.so
7f14c0ad4000-7f14c0ad5000 r--p 00017000 08:16 399449                     /lib/x86_64-linux-gnu/libpthread-2.23.so
7f14c0ad5000-7f14c0ad6000 rw-p 00018000 08:16 399449                     /lib/x86_64-linux-gnu/libpthread-2.23.so
7f14c0ad6000-7f14c0ada000 rw-p 00000000 00:00 0 
7f14c0ada000-7f14c0b00000 r-xp 00000000 08:16 399275                     /lib/x86_64-linux-gnu/ld-2.23.so
7f14c0b00000-7f14c0b01000 r--s 00003000 08:17 1052601                    /home/mbc1996/eclipse/plugins/org.eclipse.m2e.maven.runtime_1.7.0.20160603-1931/jars/maven-builder-support-3.3.9.jar
7f14c0b01000-7f14c0b03000 r--s 00009000 08:17 1052603                    /home/mbc1996/eclipse/plugins/org.eclipse.m2e.maven.runtime_1.7.0.20160603-1931/jars/maven-settings-builder-3.3.9.jar
7f14c0b03000-7f14c0b04000 r--s 0000a000 08:17 1052579                    /home/mbc1996/eclipse/plugins/org.eclipse.m2e.maven.runtime_1.7.0.20160603-1931/jars/maven-settings-3.3.9.jar
7f14c0b04000-7f14c0bdc000 rw-p 00000000 00:00 0 
7f14c0bdc000-7f14c0bdf000 ---p 00000000 00:00 0 
7f14c0bdf000-7f14c0ce1000 rw-p 00000000 00:00 0 
7f14c0ce1000-7f14c0ce4000 r--s 00026000 08:17 1052586                    /home/mbc1996/eclipse/plugins/org.eclipse.m2e.maven.runtime_1.7.0.20160603-1931/jars/maven-model-3.3.9.jar
7f14c0ce4000-7f14c0cf1000 r--s 0008f000 08:17 1052608                    /home/mbc1996/eclipse/plugins/org.eclipse.m2e.maven.runtime_1.7.0.20160603-1931/jars/maven-core-3.3.9.jar
7f14c0cf1000-7f14c0cf3000 r--s 0000b000 08:17 1052576                    /home/mbc1996/eclipse/plugins/org.eclipse.m2e.maven.runtime_1.7.0.20160603-1931/jars/plexus-classworlds-2.5.2.jar
7f14c0cf3000-7f14c0cfb000 rw-s 00000000 08:16 814717                     /tmp/hsperfdata_mbc1996/9485
7f14c0cfb000-7f14c0cfc000 rw-p 00000000 00:00 0 
7f14c0cfc000-7f14c0cfd000 ---p 00000000 00:00 0 
7f14c0cfd000-7f14c0cff000 rw-p 00000000 00:00 0 
7f14c0cff000-7f14c0d00000 r--p 00025000 08:16 399275                     /lib/x86_64-linux-gnu/ld-2.23.so
7f14c0d00000-7f14c0d01000 rw-p 00026000 08:16 399275                     /lib/x86_64-linux-gnu/ld-2.23.so
7f14c0d01000-7f14c0d02000 rw-p 00000000 00:00 0 
7ffcc0e65000-7ffcc0e86000 rw-p 00000000 00:00 0                          [stack]
7ffcc0eeb000-7ffcc0eed000 r--p 00000000 00:00 0                          [vvar]
7ffcc0eed000-7ffcc0eef000 r-xp 00000000 00:00 0                          [vdso]
ffffffffff600000-ffffffffff601000 r-xp 00000000 00:00 0                  [vsyscall]

VM Arguments:
jvm_args: -agentlib:jdwp=transport=dt_socket,suspend=y,address=localhost:46028 -Dmaven.home=EMBEDDED -Dclassworlds.conf=/home/mbc1996/eclipse_workspace/.metadata/.plugins/org.eclipse.m2e.launching/launches/m2conf3574420046279333780.tmp -Dmaven.multiModuleProjectDirectory=/home/mbc1996/eclipse_workspace/taotao-sso -Dfile.encoding=UTF-8 
java_command: org.codehaus.plexus.classworlds.launcher.Launcher -B clean tomcat7:run
java_class_path (initial): /home/mbc1996/eclipse/plugins/org.eclipse.m2e.maven.runtime_1.7.0.20160603-1931/jars/plexus-classworlds-2.5.2.jar
Launcher Type: SUN_STANDARD

Environment Variables:
JAVA_HOME=/usr/lib/jvm/jdk1.8.0_91
JRE_HOME=/usr/lib/jvm/jdk1.8.0_91/jre
CLASSPATH=.:/usr/lib/jvm/jdk1.8.0_91/lib:/usr/lib/jvm/jdk1.8.0_91/jre/lib
PATH=/opt/apache-maven-3.3.9/bin:/usr/lib/jvm/jdk1.8.0_91/bin:/usr/local/sbin:/usr/local/bin:/usr/sbin:/usr/bin:/sbin:/bin:/usr/games:/usr/local/games:/snap/bin
SHELL=/bin/bash
DISPLAY=:0

Signal Handlers:
SIGSEGV: [libjvm.so+0xabca10], sa_mask[0]=11111111011111111101111111111110, sa_flags=SA_RESTART|SA_SIGINFO
SIGBUS: [libjvm.so+0xabca10], sa_mask[0]=11111111011111111101111111111110, sa_flags=SA_RESTART|SA_SIGINFO
SIGFPE: [libjvm.so+0x919a20], sa_mask[0]=11111111011111111101111111111110, sa_flags=SA_RESTART|SA_SIGINFO
SIGPIPE: [libjvm.so+0x919a20], sa_mask[0]=11111111011111111101111111111110, sa_flags=SA_RESTART|SA_SIGINFO
SIGXFSZ: [libjvm.so+0x919a20], sa_mask[0]=11111111011111111101111111111110, sa_flags=SA_RESTART|SA_SIGINFO
SIGILL: [libjvm.so+0x919a20], sa_mask[0]=11111111011111111101111111111110, sa_flags=SA_RESTART|SA_SIGINFO
SIGUSR1: SIG_DFL, sa_mask[0]=00000000000000000000000000000000, sa_flags=none
SIGUSR2: [libjvm.so+0x91b050], sa_mask[0]=00100000000000000000000000000000, sa_flags=SA_RESTART|SA_SIGINFO
SIGHUP: [libjvm.so+0x91c450], sa_mask[0]=11111111011111111101111111111110, sa_flags=SA_RESTART|SA_SIGINFO
SIGINT: [libjvm.so+0x91c450], sa_mask[0]=11111111011111111101111111111110, sa_flags=SA_RESTART|SA_SIGINFO
SIGTERM: [libjvm.so+0x91c450], sa_mask[0]=11111111011111111101111111111110, sa_flags=SA_RESTART|SA_SIGINFO
SIGQUIT: [libjvm.so+0x91c450], sa_mask[0]=11111111011111111101111111111110, sa_flags=SA_RESTART|SA_SIGINFO


---------------  S Y S T E M  ---------------

OS:DISTRIB_ID=Ubuntu
DISTRIB_RELEASE=16.04
DISTRIB_CODENAME=xenial
DISTRIB_DESCRIPTION="Ubuntu 16.04 LTS"

uname:Linux 4.4.0-47-generic #68-Ubuntu SMP Wed Oct 26 19:39:52 UTC 2016 x86_64
libc:glibc 2.23 NPTL 2.23 
rlimit: STACK 8192k, CORE 0k, NPROC 14498, NOFILE 65536, AS infinity
load average:6.04 2.15 1.32

/proc/meminfo:
MemTotal:        3929788 kB
MemFree:           85976 kB
MemAvailable:       4928 kB
Buffers:             612 kB
Cached:           312380 kB
SwapCached:         5152 kB
Active:          2707024 kB
Inactive:         929392 kB
Active(anon):    2688652 kB
Inactive(anon):   911084 kB
Active(file):      18372 kB
Inactive(file):    18308 kB
Unevictable:          72 kB
Mlocked:              72 kB
SwapTotal:       2097148 kB
SwapFree:              0 kB
Dirty:              1364 kB
Writeback:            32 kB
AnonPages:       3319484 kB
Mapped:           134976 kB
Shmem:            275200 kB
Slab:              82508 kB
SReclaimable:      39732 kB
SUnreclaim:        42776 kB
KernelStack:       13536 kB
PageTables:        51772 kB
NFS_Unstable:          0 kB
Bounce:                0 kB
WritebackTmp:          0 kB
CommitLimit:     4062040 kB
Committed_AS:    9426860 kB
VmallocTotal:   34359738367 kB
VmallocUsed:           0 kB
VmallocChunk:          0 kB
HardwareCorrupted:     0 kB
AnonHugePages:    473088 kB
CmaTotal:              0 kB
CmaFree:               0 kB
HugePages_Total:       0
HugePages_Free:        0
HugePages_Rsvd:        0
HugePages_Surp:        0
Hugepagesize:       2048 kB
DirectMap4k:      178324 kB
DirectMap2M:     3899392 kB


CPU:total 4 (2 cores per cpu, 2 threads per core) family 6 model 58 stepping 9, cmov, cx8, fxsr, mmx, sse, sse2, sse3, ssse3, sse4.1, sse4.2, popcnt, avx, aes, clmul, erms, ht, tsc, tscinvbit, tscinv

/proc/cpuinfo:
processor	: 0
vendor_id	: GenuineIntel
cpu family	: 6
model		: 58
model name	: Intel(R) Core(TM) i5-3337U CPU @ 1.80GHz
stepping	: 9
microcode	: 0x15
cpu MHz		: 2499.960
cache size	: 3072 KB
physical id	: 0
siblings	: 4
core id		: 0
cpu cores	: 2
apicid		: 0
initial apicid	: 0
fpu		: yes
fpu_exception	: yes
cpuid level	: 13
wp		: yes
flags		: fpu vme de pse tsc msr pae mce cx8 apic sep mtrr pge mca cmov pat pse36 clflush dts acpi mmx fxsr sse sse2 ss ht tm pbe syscall nx rdtscp lm constant_tsc arch_perfmon pebs bts rep_good nopl xtopology nonstop_tsc aperfmperf eagerfpu pni pclmulqdq dtes64 monitor ds_cpl vmx est tm2 ssse3 cx16 xtpr pdcm pcid sse4_1 sse4_2 x2apic popcnt tsc_deadline_timer aes xsave avx f16c rdrand lahf_lm epb tpr_shadow vnmi flexpriority ept vpid fsgsbase smep erms xsaveopt dtherm ida arat pln pts
bugs		:
bogomips	: 3592.10
clflush size	: 64
cache_alignment	: 64
address sizes	: 36 bits physical, 48 bits virtual
power management:

processor	: 1
vendor_id	: GenuineIntel
cpu family	: 6
model		: 58
model name	: Intel(R) Core(TM) i5-3337U CPU @ 1.80GHz
stepping	: 9
microcode	: 0x15
cpu MHz		: 2499.960
cache size	: 3072 KB
physical id	: 0
siblings	: 4
core id		: 1
cpu cores	: 2
apicid		: 2
initial apicid	: 2
fpu		: yes
fpu_exception	: yes
cpuid level	: 13
wp		: yes
flags		: fpu vme de pse tsc msr pae mce cx8 apic sep mtrr pge mca cmov pat pse36 clflush dts acpi mmx fxsr sse sse2 ss ht tm pbe syscall nx rdtscp lm constant_tsc arch_perfmon pebs bts rep_good nopl xtopology nonstop_tsc aperfmperf eagerfpu pni pclmulqdq dtes64 monitor ds_cpl vmx est tm2 ssse3 cx16 xtpr pdcm pcid sse4_1 sse4_2 x2apic popcnt tsc_deadline_timer aes xsave avx f16c rdrand lahf_lm epb tpr_shadow vnmi flexpriority ept vpid fsgsbase smep erms xsaveopt dtherm ida arat pln pts
bugs		:
bogomips	: 3592.10
clflush size	: 64
cache_alignment	: 64
address sizes	: 36 bits physical, 48 bits virtual
power management:

processor	: 2
vendor_id	: GenuineIntel
cpu family	: 6
model		: 58
model name	: Intel(R) Core(TM) i5-3337U CPU @ 1.80GHz
stepping	: 9
microcode	: 0x15
cpu MHz		: 2499.960
cache size	: 3072 KB
physical id	: 0
siblings	: 4
core id		: 0
cpu cores	: 2
apicid		: 1
initial apicid	: 1
fpu		: yes
fpu_exception	: yes
cpuid level	: 13
wp		: yes
flags		: fpu vme de pse tsc msr pae mce cx8 apic sep mtrr pge mca cmov pat pse36 clflush dts acpi mmx fxsr sse sse2 ss ht tm pbe syscall nx rdtscp lm constant_tsc arch_perfmon pebs bts rep_good nopl xtopology nonstop_tsc aperfmperf eagerfpu pni pclmulqdq dtes64 monitor ds_cpl vmx est tm2 ssse3 cx16 xtpr pdcm pcid sse4_1 sse4_2 x2apic popcnt tsc_deadline_timer aes xsave avx f16c rdrand lahf_lm epb tpr_shadow vnmi flexpriority ept vpid fsgsbase smep erms xsaveopt dtherm ida arat pln pts
bugs		:
bogomips	: 3592.10
clflush size	: 64
cache_alignment	: 64
address sizes	: 36 bits physical, 48 bits virtual
power management:

processor	: 3
vendor_id	: GenuineIntel
cpu family	: 6
model		: 58
model name	: Intel(R) Core(TM) i5-3337U CPU @ 1.80GHz
stepping	: 9
microcode	: 0x15
cpu MHz		: 2499.960
cache size	: 3072 KB
physical id	: 0
siblings	: 4
core id		: 1
cpu cores	: 2
apicid		: 3
initial apicid	: 3
fpu		: yes
fpu_exception	: yes
cpuid level	: 13
wp		: yes
flags		: fpu vme de pse tsc msr pae mce cx8 apic sep mtrr pge mca cmov pat pse36 clflush dts acpi mmx fxsr sse sse2 ss ht tm pbe syscall nx rdtscp lm constant_tsc arch_perfmon pebs bts rep_good nopl xtopology nonstop_tsc aperfmperf eagerfpu pni pclmulqdq dtes64 monitor ds_cpl vmx est tm2 ssse3 cx16 xtpr pdcm pcid sse4_1 sse4_2 x2apic popcnt tsc_deadline_timer aes xsave avx f16c rdrand lahf_lm epb tpr_shadow vnmi flexpriority ept vpid fsgsbase smep erms xsaveopt dtherm ida arat pln pts
bugs		:
bogomips	: 3592.10
clflush size	: 64
cache_alignment	: 64
address sizes	: 36 bits physical, 48 bits virtual
power management:



Memory: 4k page, physical 3929788k(85976k free), swap 2097148k(0k free)

vm_info: Java HotSpot(TM) 64-Bit Server VM (25.91-b14) for linux-amd64 JRE (1.8.0_91-b14), built on Apr  1 2016 00:57:21 by "java_re" with gcc 4.3.0 20080428 (Red Hat 4.3.0-8)

time: Wed Feb  8 15:41:50 2017
elapsed time: 33 seconds (0d 0h 0m 33s)

